[2022-05-02 16:01:19,453] {taskinstance.py:1032} INFO - Dependencies all met for <TaskInstance: data_ingestion_gcp_dag.format_xl_to_pq_task scheduled__2018-01-01T00:00:00+00:00 [queued]>
[2022-05-02 16:01:19,497] {taskinstance.py:1032} INFO - Dependencies all met for <TaskInstance: data_ingestion_gcp_dag.format_xl_to_pq_task scheduled__2018-01-01T00:00:00+00:00 [queued]>
[2022-05-02 16:01:19,499] {taskinstance.py:1238} INFO - 
--------------------------------------------------------------------------------
[2022-05-02 16:01:19,501] {taskinstance.py:1239} INFO - Starting attempt 1 of 2
[2022-05-02 16:01:19,502] {taskinstance.py:1240} INFO - 
--------------------------------------------------------------------------------
[2022-05-02 16:01:19,550] {taskinstance.py:1259} INFO - Executing <Task(PythonOperator): format_xl_to_pq_task> on 2018-01-01 00:00:00+00:00
[2022-05-02 16:01:19,561] {standard_task_runner.py:52} INFO - Started process 2561 to run task
[2022-05-02 16:01:19,579] {standard_task_runner.py:76} INFO - Running: ['***', 'tasks', 'run', 'data_ingestion_gcp_dag', 'format_xl_to_pq_task', 'scheduled__2018-01-01T00:00:00+00:00', '--job-id', '1127', '--raw', '--subdir', 'DAGS_FOLDER/ingest_to_gcs_dag.py', '--cfg-path', '/tmp/tmpsnjskbme', '--error-file', '/tmp/tmpi2julx1p']
[2022-05-02 16:01:19,582] {standard_task_runner.py:77} INFO - Job 1127: Subtask format_xl_to_pq_task
[2022-05-02 16:01:20,225] {logging_mixin.py:109} INFO - Running <TaskInstance: data_ingestion_gcp_dag.format_xl_to_pq_task scheduled__2018-01-01T00:00:00+00:00 [running]> on host 9f5021834e17
[2022-05-02 16:01:20,771] {logging_mixin.py:109} WARNING - /home/***/.local/lib/python3.7/site-packages/***/utils/context.py:152 AirflowContextDeprecationWarning: Accessing 'execution_date' from the template is deprecated and will be removed in a future version. Please use 'data_interval_start' or 'logical_date' instead.
[2022-05-02 16:01:21,077] {taskinstance.py:1426} INFO - Exporting the following env vars:
AIRFLOW_CTX_DAG_OWNER=***
AIRFLOW_CTX_DAG_ID=data_ingestion_gcp_dag
AIRFLOW_CTX_TASK_ID=format_xl_to_pq_task
AIRFLOW_CTX_EXECUTION_DATE=2018-01-01T00:00:00+00:00
AIRFLOW_CTX_DAG_RUN_ID=scheduled__2018-01-01T00:00:00+00:00
[2022-05-02 16:01:27,836] {python.py:175} INFO - Done. Returned value was: None
[2022-05-02 16:01:27,949] {taskinstance.py:1277} INFO - Marking task as SUCCESS. dag_id=data_ingestion_gcp_dag, task_id=format_xl_to_pq_task, execution_date=20180101T000000, start_date=20220502T160119, end_date=20220502T160127
[2022-05-02 16:01:28,034] {local_task_job.py:154} INFO - Task exited with return code 0
[2022-05-02 16:01:28,295] {local_task_job.py:264} INFO - 1 downstream tasks scheduled from follow-on schedule check
[2022-05-02 16:36:55,440] {taskinstance.py:1032} INFO - Dependencies all met for <TaskInstance: data_ingestion_gcp_dag.format_xl_to_pq_task scheduled__2018-01-01T00:00:00+00:00 [queued]>
[2022-05-02 16:36:55,496] {taskinstance.py:1032} INFO - Dependencies all met for <TaskInstance: data_ingestion_gcp_dag.format_xl_to_pq_task scheduled__2018-01-01T00:00:00+00:00 [queued]>
[2022-05-02 16:36:55,498] {taskinstance.py:1238} INFO - 
--------------------------------------------------------------------------------
[2022-05-02 16:36:55,501] {taskinstance.py:1239} INFO - Starting attempt 1 of 2
[2022-05-02 16:36:55,502] {taskinstance.py:1240} INFO - 
--------------------------------------------------------------------------------
[2022-05-02 16:36:55,562] {taskinstance.py:1259} INFO - Executing <Task(PythonOperator): format_xl_to_pq_task> on 2018-01-01 00:00:00+00:00
[2022-05-02 16:36:55,576] {standard_task_runner.py:52} INFO - Started process 7221 to run task
[2022-05-02 16:36:55,594] {standard_task_runner.py:76} INFO - Running: ['***', 'tasks', 'run', 'data_ingestion_gcp_dag', 'format_xl_to_pq_task', 'scheduled__2018-01-01T00:00:00+00:00', '--job-id', '1238', '--raw', '--subdir', 'DAGS_FOLDER/ingest_to_gcs_dag.py', '--cfg-path', '/tmp/tmpgzl91qa5', '--error-file', '/tmp/tmp5bz9zxmu']
[2022-05-02 16:36:55,598] {standard_task_runner.py:77} INFO - Job 1238: Subtask format_xl_to_pq_task
[2022-05-02 16:36:56,088] {logging_mixin.py:109} INFO - Running <TaskInstance: data_ingestion_gcp_dag.format_xl_to_pq_task scheduled__2018-01-01T00:00:00+00:00 [running]> on host 9f5021834e17
[2022-05-02 16:36:56,503] {logging_mixin.py:109} WARNING - /home/***/.local/lib/python3.7/site-packages/***/utils/context.py:152 AirflowContextDeprecationWarning: Accessing 'execution_date' from the template is deprecated and will be removed in a future version. Please use 'data_interval_start' or 'logical_date' instead.
[2022-05-02 16:36:56,762] {taskinstance.py:1426} INFO - Exporting the following env vars:
AIRFLOW_CTX_DAG_OWNER=***
AIRFLOW_CTX_DAG_ID=data_ingestion_gcp_dag
AIRFLOW_CTX_TASK_ID=format_xl_to_pq_task
AIRFLOW_CTX_EXECUTION_DATE=2018-01-01T00:00:00+00:00
AIRFLOW_CTX_DAG_RUN_ID=scheduled__2018-01-01T00:00:00+00:00
[2022-05-02 16:37:07,556] {python.py:175} INFO - Done. Returned value was: None
[2022-05-02 16:37:08,037] {taskinstance.py:1277} INFO - Marking task as SUCCESS. dag_id=data_ingestion_gcp_dag, task_id=format_xl_to_pq_task, execution_date=20180101T000000, start_date=20220502T163655, end_date=20220502T163708
[2022-05-02 16:37:08,139] {local_task_job.py:154} INFO - Task exited with return code 0
[2022-05-02 16:37:08,788] {local_task_job.py:264} INFO - 0 downstream tasks scheduled from follow-on schedule check
[2022-05-02 16:52:05,119] {taskinstance.py:1032} INFO - Dependencies all met for <TaskInstance: data_ingestion_gcp_dag.format_xl_to_pq_task scheduled__2018-01-01T00:00:00+00:00 [queued]>
[2022-05-02 16:52:05,169] {taskinstance.py:1032} INFO - Dependencies all met for <TaskInstance: data_ingestion_gcp_dag.format_xl_to_pq_task scheduled__2018-01-01T00:00:00+00:00 [queued]>
[2022-05-02 16:52:05,171] {taskinstance.py:1238} INFO - 
--------------------------------------------------------------------------------
[2022-05-02 16:52:05,172] {taskinstance.py:1239} INFO - Starting attempt 1 of 2
[2022-05-02 16:52:05,173] {taskinstance.py:1240} INFO - 
--------------------------------------------------------------------------------
[2022-05-02 16:52:05,225] {taskinstance.py:1259} INFO - Executing <Task(PythonOperator): format_xl_to_pq_task> on 2018-01-01 00:00:00+00:00
[2022-05-02 16:52:05,243] {standard_task_runner.py:52} INFO - Started process 9928 to run task
[2022-05-02 16:52:05,276] {standard_task_runner.py:76} INFO - Running: ['***', 'tasks', 'run', 'data_ingestion_gcp_dag', 'format_xl_to_pq_task', 'scheduled__2018-01-01T00:00:00+00:00', '--job-id', '1337', '--raw', '--subdir', 'DAGS_FOLDER/ingest_to_gcs_dag.py', '--cfg-path', '/tmp/tmpiln4886q', '--error-file', '/tmp/tmpzam6mzla']
[2022-05-02 16:52:05,281] {standard_task_runner.py:77} INFO - Job 1337: Subtask format_xl_to_pq_task
[2022-05-02 16:52:05,768] {logging_mixin.py:109} INFO - Running <TaskInstance: data_ingestion_gcp_dag.format_xl_to_pq_task scheduled__2018-01-01T00:00:00+00:00 [running]> on host 9f5021834e17
[2022-05-02 16:52:06,098] {logging_mixin.py:109} WARNING - /home/***/.local/lib/python3.7/site-packages/***/utils/context.py:152 AirflowContextDeprecationWarning: Accessing 'execution_date' from the template is deprecated and will be removed in a future version. Please use 'data_interval_start' or 'logical_date' instead.
[2022-05-02 16:52:06,385] {taskinstance.py:1426} INFO - Exporting the following env vars:
AIRFLOW_CTX_DAG_OWNER=***
AIRFLOW_CTX_DAG_ID=data_ingestion_gcp_dag
AIRFLOW_CTX_TASK_ID=format_xl_to_pq_task
AIRFLOW_CTX_EXECUTION_DATE=2018-01-01T00:00:00+00:00
AIRFLOW_CTX_DAG_RUN_ID=scheduled__2018-01-01T00:00:00+00:00
[2022-05-02 16:52:13,959] {python.py:175} INFO - Done. Returned value was: None
[2022-05-02 16:52:14,069] {taskinstance.py:1277} INFO - Marking task as SUCCESS. dag_id=data_ingestion_gcp_dag, task_id=format_xl_to_pq_task, execution_date=20180101T000000, start_date=20220502T165205, end_date=20220502T165214
[2022-05-02 16:52:14,148] {local_task_job.py:154} INFO - Task exited with return code 0
[2022-05-02 16:52:14,648] {local_task_job.py:264} INFO - 0 downstream tasks scheduled from follow-on schedule check
