[2022-04-28 06:08:04,418] {taskinstance.py:1043} INFO - Dependencies all met for <TaskInstance: data_ingestion_gcp_dag.local_to_gcs_task scheduled__2008-01-01T00:00:00+00:00 [queued]>
[2022-04-28 06:08:04,464] {taskinstance.py:1043} INFO - Dependencies all met for <TaskInstance: data_ingestion_gcp_dag.local_to_gcs_task scheduled__2008-01-01T00:00:00+00:00 [queued]>
[2022-04-28 06:08:04,465] {taskinstance.py:1249} INFO - 
--------------------------------------------------------------------------------
[2022-04-28 06:08:04,466] {taskinstance.py:1250} INFO - Starting attempt 1 of 2
[2022-04-28 06:08:04,467] {taskinstance.py:1251} INFO - 
--------------------------------------------------------------------------------
[2022-04-28 06:08:04,511] {taskinstance.py:1270} INFO - Executing <Task(PythonOperator): local_to_gcs_task> on 2008-01-01 00:00:00+00:00
[2022-04-28 06:08:04,522] {standard_task_runner.py:52} INFO - Started process 2306 to run task
[2022-04-28 06:08:04,530] {standard_task_runner.py:79} INFO - Running: ['***', 'tasks', 'run', 'data_ingestion_gcp_dag', 'local_to_gcs_task', 'scheduled__2008-01-01T00:00:00+00:00', '--job-id', '560', '--raw', '--subdir', 'DAGS_FOLDER/ingest_to_gcs_dag.py', '--cfg-path', '/tmp/tmp9f4dhv8t', '--error-file', '/tmp/tmpcn8e5sam']
[2022-04-28 06:08:04,533] {standard_task_runner.py:80} INFO - Job 560: Subtask local_to_gcs_task
[2022-04-28 06:08:04,969] {logging_mixin.py:109} INFO - Running <TaskInstance: data_ingestion_gcp_dag.local_to_gcs_task scheduled__2008-01-01T00:00:00+00:00 [running]> on host d4721d223bdd
[2022-04-28 06:08:05,242] {logging_mixin.py:109} WARNING - /home/***/.local/lib/python3.7/site-packages/***/utils/context.py:156 AirflowContextDeprecationWarning: Accessing 'execution_date' from the template is deprecated and will be removed in a future version. Please use 'data_interval_start' or 'logical_date' instead.
[2022-04-28 06:08:05,423] {taskinstance.py:1448} INFO - Exporting the following env vars:
AIRFLOW_CTX_DAG_OWNER=***
AIRFLOW_CTX_DAG_ID=data_ingestion_gcp_dag
AIRFLOW_CTX_TASK_ID=local_to_gcs_task
AIRFLOW_CTX_EXECUTION_DATE=2008-01-01T00:00:00+00:00
AIRFLOW_CTX_DAG_RUN_ID=scheduled__2008-01-01T00:00:00+00:00
[2022-04-28 06:08:06,857] {python.py:175} INFO - Done. Returned value was: None
[2022-04-28 06:08:07,323] {taskinstance.py:1288} INFO - Marking task as SUCCESS. dag_id=data_ingestion_gcp_dag, task_id=local_to_gcs_task, execution_date=20080101T000000, start_date=20220428T060804, end_date=20220428T060807
[2022-04-28 06:08:07,411] {local_task_job.py:154} INFO - Task exited with return code 0
[2022-04-28 06:08:07,639] {local_task_job.py:264} INFO - 1 downstream tasks scheduled from follow-on schedule check
[2022-04-29 02:38:03,384] {taskinstance.py:1043} INFO - Dependencies all met for <TaskInstance: data_ingestion_gcp_dag.local_to_gcs_task scheduled__2008-01-01T00:00:00+00:00 [queued]>
[2022-04-29 02:38:03,438] {taskinstance.py:1043} INFO - Dependencies all met for <TaskInstance: data_ingestion_gcp_dag.local_to_gcs_task scheduled__2008-01-01T00:00:00+00:00 [queued]>
[2022-04-29 02:38:03,440] {taskinstance.py:1249} INFO - 
--------------------------------------------------------------------------------
[2022-04-29 02:38:03,441] {taskinstance.py:1250} INFO - Starting attempt 1 of 2
[2022-04-29 02:38:03,443] {taskinstance.py:1251} INFO - 
--------------------------------------------------------------------------------
[2022-04-29 02:38:03,494] {taskinstance.py:1270} INFO - Executing <Task(PythonOperator): local_to_gcs_task> on 2008-01-01 00:00:00+00:00
[2022-04-29 02:38:03,511] {standard_task_runner.py:52} INFO - Started process 5898 to run task
[2022-04-29 02:38:03,523] {standard_task_runner.py:79} INFO - Running: ['***', 'tasks', 'run', 'data_ingestion_gcp_dag', 'local_to_gcs_task', 'scheduled__2008-01-01T00:00:00+00:00', '--job-id', '741', '--raw', '--subdir', 'DAGS_FOLDER/ingest_to_gcs_dag.py', '--cfg-path', '/tmp/tmpupz72jv1', '--error-file', '/tmp/tmp9olujn5i']
[2022-04-29 02:38:03,526] {standard_task_runner.py:80} INFO - Job 741: Subtask local_to_gcs_task
[2022-04-29 02:38:03,954] {logging_mixin.py:109} INFO - Running <TaskInstance: data_ingestion_gcp_dag.local_to_gcs_task scheduled__2008-01-01T00:00:00+00:00 [running]> on host 6fd0ba274d58
[2022-04-29 02:38:04,257] {logging_mixin.py:109} WARNING - /home/***/.local/lib/python3.7/site-packages/***/utils/context.py:156 AirflowContextDeprecationWarning: Accessing 'execution_date' from the template is deprecated and will be removed in a future version. Please use 'data_interval_start' or 'logical_date' instead.
[2022-04-29 02:38:04,485] {taskinstance.py:1448} INFO - Exporting the following env vars:
AIRFLOW_CTX_DAG_OWNER=***
AIRFLOW_CTX_DAG_ID=data_ingestion_gcp_dag
AIRFLOW_CTX_TASK_ID=local_to_gcs_task
AIRFLOW_CTX_EXECUTION_DATE=2008-01-01T00:00:00+00:00
AIRFLOW_CTX_DAG_RUN_ID=scheduled__2008-01-01T00:00:00+00:00
[2022-04-29 02:38:05,845] {python.py:175} INFO - Done. Returned value was: None
[2022-04-29 02:38:06,066] {taskinstance.py:1288} INFO - Marking task as SUCCESS. dag_id=data_ingestion_gcp_dag, task_id=local_to_gcs_task, execution_date=20080101T000000, start_date=20220429T023803, end_date=20220429T023806
[2022-04-29 02:38:06,203] {local_task_job.py:154} INFO - Task exited with return code 0
[2022-04-29 02:38:06,830] {local_task_job.py:264} INFO - 0 downstream tasks scheduled from follow-on schedule check
[2022-05-02 07:56:46,116] {taskinstance.py:1032} INFO - Dependencies all met for <TaskInstance: data_ingestion_gcp_dag.local_to_gcs_task scheduled__2008-01-01T00:00:00+00:00 [queued]>
[2022-05-02 07:56:46,160] {taskinstance.py:1032} INFO - Dependencies all met for <TaskInstance: data_ingestion_gcp_dag.local_to_gcs_task scheduled__2008-01-01T00:00:00+00:00 [queued]>
[2022-05-02 07:56:46,162] {taskinstance.py:1238} INFO - 
--------------------------------------------------------------------------------
[2022-05-02 07:56:46,163] {taskinstance.py:1239} INFO - Starting attempt 1 of 2
[2022-05-02 07:56:46,165] {taskinstance.py:1240} INFO - 
--------------------------------------------------------------------------------
[2022-05-02 07:56:46,233] {taskinstance.py:1259} INFO - Executing <Task(PythonOperator): local_to_gcs_task> on 2008-01-01 00:00:00+00:00
[2022-05-02 07:56:46,246] {standard_task_runner.py:52} INFO - Started process 9710 to run task
[2022-05-02 07:56:46,257] {standard_task_runner.py:76} INFO - Running: ['***', 'tasks', 'run', 'data_ingestion_gcp_dag', 'local_to_gcs_task', 'scheduled__2008-01-01T00:00:00+00:00', '--job-id', '881', '--raw', '--subdir', 'DAGS_FOLDER/ingest_to_gcs_dag.py', '--cfg-path', '/tmp/tmpa889hc9e', '--error-file', '/tmp/tmp5y4v6k00']
[2022-05-02 07:56:46,262] {standard_task_runner.py:77} INFO - Job 881: Subtask local_to_gcs_task
[2022-05-02 07:56:46,651] {logging_mixin.py:109} INFO - Running <TaskInstance: data_ingestion_gcp_dag.local_to_gcs_task scheduled__2008-01-01T00:00:00+00:00 [running]> on host ae42322ae538
[2022-05-02 07:56:46,912] {logging_mixin.py:109} WARNING - /home/***/.local/lib/python3.7/site-packages/***/utils/context.py:152 AirflowContextDeprecationWarning: Accessing 'execution_date' from the template is deprecated and will be removed in a future version. Please use 'data_interval_start' or 'logical_date' instead.
[2022-05-02 07:56:47,113] {taskinstance.py:1426} INFO - Exporting the following env vars:
AIRFLOW_CTX_DAG_OWNER=***
AIRFLOW_CTX_DAG_ID=data_ingestion_gcp_dag
AIRFLOW_CTX_TASK_ID=local_to_gcs_task
AIRFLOW_CTX_EXECUTION_DATE=2008-01-01T00:00:00+00:00
AIRFLOW_CTX_DAG_RUN_ID=scheduled__2008-01-01T00:00:00+00:00
[2022-05-02 07:56:48,001] {python.py:175} INFO - Done. Returned value was: None
[2022-05-02 07:56:48,097] {taskinstance.py:1277} INFO - Marking task as SUCCESS. dag_id=data_ingestion_gcp_dag, task_id=local_to_gcs_task, execution_date=20080101T000000, start_date=20220502T075646, end_date=20220502T075648
[2022-05-02 07:56:48,153] {local_task_job.py:154} INFO - Task exited with return code 0
[2022-05-02 07:56:48,369] {local_task_job.py:264} INFO - 0 downstream tasks scheduled from follow-on schedule check
[2022-05-02 09:18:53,449] {taskinstance.py:1032} INFO - Dependencies all met for <TaskInstance: data_ingestion_gcp_dag.local_to_gcs_task scheduled__2008-01-01T00:00:00+00:00 [queued]>
[2022-05-02 09:18:53,560] {taskinstance.py:1032} INFO - Dependencies all met for <TaskInstance: data_ingestion_gcp_dag.local_to_gcs_task scheduled__2008-01-01T00:00:00+00:00 [queued]>
[2022-05-02 09:18:53,561] {taskinstance.py:1238} INFO - 
--------------------------------------------------------------------------------
[2022-05-02 09:18:53,563] {taskinstance.py:1239} INFO - Starting attempt 1 of 2
[2022-05-02 09:18:53,564] {taskinstance.py:1240} INFO - 
--------------------------------------------------------------------------------
[2022-05-02 09:18:53,640] {taskinstance.py:1259} INFO - Executing <Task(PythonOperator): local_to_gcs_task> on 2008-01-01 00:00:00+00:00
[2022-05-02 09:18:53,659] {standard_task_runner.py:52} INFO - Started process 3022 to run task
[2022-05-02 09:18:53,683] {standard_task_runner.py:76} INFO - Running: ['***', 'tasks', 'run', 'data_ingestion_gcp_dag', 'local_to_gcs_task', 'scheduled__2008-01-01T00:00:00+00:00', '--job-id', '1004', '--raw', '--subdir', 'DAGS_FOLDER/ingest_to_gcs_dag.py', '--cfg-path', '/tmp/tmpo_m0ey55', '--error-file', '/tmp/tmpkpzzsgay']
[2022-05-02 09:18:53,687] {standard_task_runner.py:77} INFO - Job 1004: Subtask local_to_gcs_task
[2022-05-02 09:18:54,266] {logging_mixin.py:109} INFO - Running <TaskInstance: data_ingestion_gcp_dag.local_to_gcs_task scheduled__2008-01-01T00:00:00+00:00 [running]> on host 98c324cf1bb6
[2022-05-02 09:18:54,610] {logging_mixin.py:109} WARNING - /home/***/.local/lib/python3.7/site-packages/***/utils/context.py:152 AirflowContextDeprecationWarning: Accessing 'execution_date' from the template is deprecated and will be removed in a future version. Please use 'data_interval_start' or 'logical_date' instead.
[2022-05-02 09:18:54,813] {taskinstance.py:1426} INFO - Exporting the following env vars:
AIRFLOW_CTX_DAG_OWNER=***
AIRFLOW_CTX_DAG_ID=data_ingestion_gcp_dag
AIRFLOW_CTX_TASK_ID=local_to_gcs_task
AIRFLOW_CTX_EXECUTION_DATE=2008-01-01T00:00:00+00:00
AIRFLOW_CTX_DAG_RUN_ID=scheduled__2008-01-01T00:00:00+00:00
[2022-05-02 09:18:55,712] {python.py:175} INFO - Done. Returned value was: None
[2022-05-02 09:18:55,828] {taskinstance.py:1277} INFO - Marking task as SUCCESS. dag_id=data_ingestion_gcp_dag, task_id=local_to_gcs_task, execution_date=20080101T000000, start_date=20220502T091853, end_date=20220502T091855
[2022-05-02 09:18:55,892] {local_task_job.py:154} INFO - Task exited with return code 0
[2022-05-02 09:18:56,307] {local_task_job.py:264} INFO - 0 downstream tasks scheduled from follow-on schedule check
[2022-05-02 15:59:59,407] {taskinstance.py:1032} INFO - Dependencies all met for <TaskInstance: data_ingestion_gcp_dag.local_to_gcs_task scheduled__2008-01-01T00:00:00+00:00 [queued]>
[2022-05-02 15:59:59,476] {taskinstance.py:1032} INFO - Dependencies all met for <TaskInstance: data_ingestion_gcp_dag.local_to_gcs_task scheduled__2008-01-01T00:00:00+00:00 [queued]>
[2022-05-02 15:59:59,478] {taskinstance.py:1238} INFO - 
--------------------------------------------------------------------------------
[2022-05-02 15:59:59,480] {taskinstance.py:1239} INFO - Starting attempt 1 of 2
[2022-05-02 15:59:59,482] {taskinstance.py:1240} INFO - 
--------------------------------------------------------------------------------
[2022-05-02 15:59:59,536] {taskinstance.py:1259} INFO - Executing <Task(PythonOperator): local_to_gcs_task> on 2008-01-01 00:00:00+00:00
[2022-05-02 15:59:59,555] {standard_task_runner.py:52} INFO - Started process 2162 to run task
[2022-05-02 15:59:59,577] {standard_task_runner.py:76} INFO - Running: ['***', 'tasks', 'run', 'data_ingestion_gcp_dag', 'local_to_gcs_task', 'scheduled__2008-01-01T00:00:00+00:00', '--job-id', '1103', '--raw', '--subdir', 'DAGS_FOLDER/ingest_to_gcs_dag.py', '--cfg-path', '/tmp/tmp4jc66h9f', '--error-file', '/tmp/tmp0i81du1c']
[2022-05-02 15:59:59,585] {standard_task_runner.py:77} INFO - Job 1103: Subtask local_to_gcs_task
[2022-05-02 16:00:00,000] {logging_mixin.py:109} INFO - Running <TaskInstance: data_ingestion_gcp_dag.local_to_gcs_task scheduled__2008-01-01T00:00:00+00:00 [running]> on host 9f5021834e17
[2022-05-02 16:00:00,305] {logging_mixin.py:109} WARNING - /home/***/.local/lib/python3.7/site-packages/***/utils/context.py:152 AirflowContextDeprecationWarning: Accessing 'execution_date' from the template is deprecated and will be removed in a future version. Please use 'data_interval_start' or 'logical_date' instead.
[2022-05-02 16:00:00,519] {taskinstance.py:1426} INFO - Exporting the following env vars:
AIRFLOW_CTX_DAG_OWNER=***
AIRFLOW_CTX_DAG_ID=data_ingestion_gcp_dag
AIRFLOW_CTX_TASK_ID=local_to_gcs_task
AIRFLOW_CTX_EXECUTION_DATE=2008-01-01T00:00:00+00:00
AIRFLOW_CTX_DAG_RUN_ID=scheduled__2008-01-01T00:00:00+00:00
[2022-05-02 16:00:01,473] {python.py:175} INFO - Done. Returned value was: None
[2022-05-02 16:00:01,596] {taskinstance.py:1277} INFO - Marking task as SUCCESS. dag_id=data_ingestion_gcp_dag, task_id=local_to_gcs_task, execution_date=20080101T000000, start_date=20220502T155959, end_date=20220502T160001
[2022-05-02 16:00:01,684] {local_task_job.py:154} INFO - Task exited with return code 0
[2022-05-02 16:00:02,272] {local_task_job.py:264} INFO - 0 downstream tasks scheduled from follow-on schedule check
[2022-05-02 16:35:02,971] {taskinstance.py:1032} INFO - Dependencies all met for <TaskInstance: data_ingestion_gcp_dag.local_to_gcs_task scheduled__2008-01-01T00:00:00+00:00 [queued]>
[2022-05-02 16:35:03,036] {taskinstance.py:1032} INFO - Dependencies all met for <TaskInstance: data_ingestion_gcp_dag.local_to_gcs_task scheduled__2008-01-01T00:00:00+00:00 [queued]>
[2022-05-02 16:35:03,038] {taskinstance.py:1238} INFO - 
--------------------------------------------------------------------------------
[2022-05-02 16:35:03,040] {taskinstance.py:1239} INFO - Starting attempt 1 of 2
[2022-05-02 16:35:03,042] {taskinstance.py:1240} INFO - 
--------------------------------------------------------------------------------
[2022-05-02 16:35:03,105] {taskinstance.py:1259} INFO - Executing <Task(PythonOperator): local_to_gcs_task> on 2008-01-01 00:00:00+00:00
[2022-05-02 16:35:03,118] {standard_task_runner.py:52} INFO - Started process 6728 to run task
[2022-05-02 16:35:03,153] {standard_task_runner.py:76} INFO - Running: ['***', 'tasks', 'run', 'data_ingestion_gcp_dag', 'local_to_gcs_task', 'scheduled__2008-01-01T00:00:00+00:00', '--job-id', '1210', '--raw', '--subdir', 'DAGS_FOLDER/ingest_to_gcs_dag.py', '--cfg-path', '/tmp/tmpsbeyl30u', '--error-file', '/tmp/tmp3ewu0sh2']
[2022-05-02 16:35:03,168] {standard_task_runner.py:77} INFO - Job 1210: Subtask local_to_gcs_task
[2022-05-02 16:35:03,725] {logging_mixin.py:109} INFO - Running <TaskInstance: data_ingestion_gcp_dag.local_to_gcs_task scheduled__2008-01-01T00:00:00+00:00 [running]> on host 9f5021834e17
[2022-05-02 16:35:04,064] {logging_mixin.py:109} WARNING - /home/***/.local/lib/python3.7/site-packages/***/utils/context.py:152 AirflowContextDeprecationWarning: Accessing 'execution_date' from the template is deprecated and will be removed in a future version. Please use 'data_interval_start' or 'logical_date' instead.
[2022-05-02 16:35:04,517] {taskinstance.py:1426} INFO - Exporting the following env vars:
AIRFLOW_CTX_DAG_OWNER=***
AIRFLOW_CTX_DAG_ID=data_ingestion_gcp_dag
AIRFLOW_CTX_TASK_ID=local_to_gcs_task
AIRFLOW_CTX_EXECUTION_DATE=2008-01-01T00:00:00+00:00
AIRFLOW_CTX_DAG_RUN_ID=scheduled__2008-01-01T00:00:00+00:00
[2022-05-02 16:35:05,587] {python.py:175} INFO - Done. Returned value was: None
[2022-05-02 16:35:05,719] {taskinstance.py:1277} INFO - Marking task as SUCCESS. dag_id=data_ingestion_gcp_dag, task_id=local_to_gcs_task, execution_date=20080101T000000, start_date=20220502T163502, end_date=20220502T163505
[2022-05-02 16:35:05,802] {local_task_job.py:154} INFO - Task exited with return code 0
[2022-05-02 16:35:06,193] {local_task_job.py:264} INFO - 0 downstream tasks scheduled from follow-on schedule check
[2022-05-02 16:50:25,320] {taskinstance.py:1032} INFO - Dependencies all met for <TaskInstance: data_ingestion_gcp_dag.local_to_gcs_task scheduled__2008-01-01T00:00:00+00:00 [queued]>
[2022-05-02 16:50:25,403] {taskinstance.py:1032} INFO - Dependencies all met for <TaskInstance: data_ingestion_gcp_dag.local_to_gcs_task scheduled__2008-01-01T00:00:00+00:00 [queued]>
[2022-05-02 16:50:25,405] {taskinstance.py:1238} INFO - 
--------------------------------------------------------------------------------
[2022-05-02 16:50:25,406] {taskinstance.py:1239} INFO - Starting attempt 1 of 2
[2022-05-02 16:50:25,408] {taskinstance.py:1240} INFO - 
--------------------------------------------------------------------------------
[2022-05-02 16:50:25,452] {taskinstance.py:1259} INFO - Executing <Task(PythonOperator): local_to_gcs_task> on 2008-01-01 00:00:00+00:00
[2022-05-02 16:50:25,463] {standard_task_runner.py:52} INFO - Started process 9503 to run task
[2022-05-02 16:50:25,471] {standard_task_runner.py:76} INFO - Running: ['***', 'tasks', 'run', 'data_ingestion_gcp_dag', 'local_to_gcs_task', 'scheduled__2008-01-01T00:00:00+00:00', '--job-id', '1313', '--raw', '--subdir', 'DAGS_FOLDER/ingest_to_gcs_dag.py', '--cfg-path', '/tmp/tmp6he9bbrf', '--error-file', '/tmp/tmpyr447431']
[2022-05-02 16:50:25,474] {standard_task_runner.py:77} INFO - Job 1313: Subtask local_to_gcs_task
[2022-05-02 16:50:25,853] {logging_mixin.py:109} INFO - Running <TaskInstance: data_ingestion_gcp_dag.local_to_gcs_task scheduled__2008-01-01T00:00:00+00:00 [running]> on host 9f5021834e17
[2022-05-02 16:50:26,125] {logging_mixin.py:109} WARNING - /home/***/.local/lib/python3.7/site-packages/***/utils/context.py:152 AirflowContextDeprecationWarning: Accessing 'execution_date' from the template is deprecated and will be removed in a future version. Please use 'data_interval_start' or 'logical_date' instead.
[2022-05-02 16:50:26,320] {taskinstance.py:1426} INFO - Exporting the following env vars:
AIRFLOW_CTX_DAG_OWNER=***
AIRFLOW_CTX_DAG_ID=data_ingestion_gcp_dag
AIRFLOW_CTX_TASK_ID=local_to_gcs_task
AIRFLOW_CTX_EXECUTION_DATE=2008-01-01T00:00:00+00:00
AIRFLOW_CTX_DAG_RUN_ID=scheduled__2008-01-01T00:00:00+00:00
[2022-05-02 16:50:27,068] {python.py:175} INFO - Done. Returned value was: None
[2022-05-02 16:50:27,233] {taskinstance.py:1277} INFO - Marking task as SUCCESS. dag_id=data_ingestion_gcp_dag, task_id=local_to_gcs_task, execution_date=20080101T000000, start_date=20220502T165025, end_date=20220502T165027
[2022-05-02 16:50:27,302] {local_task_job.py:154} INFO - Task exited with return code 0
[2022-05-02 16:50:27,535] {local_task_job.py:264} INFO - 0 downstream tasks scheduled from follow-on schedule check
