[2022-05-02 16:40:56,641] {taskinstance.py:1032} INFO - Dependencies all met for <TaskInstance: gcs_to_bq_dag.bq_external_table_task manual__2022-05-02T16:38:29.679858+00:00 [queued]>
[2022-05-02 16:40:56,686] {taskinstance.py:1032} INFO - Dependencies all met for <TaskInstance: gcs_to_bq_dag.bq_external_table_task manual__2022-05-02T16:38:29.679858+00:00 [queued]>
[2022-05-02 16:40:56,688] {taskinstance.py:1238} INFO - 
--------------------------------------------------------------------------------
[2022-05-02 16:40:56,689] {taskinstance.py:1239} INFO - Starting attempt 1 of 2
[2022-05-02 16:40:56,690] {taskinstance.py:1240} INFO - 
--------------------------------------------------------------------------------
[2022-05-02 16:40:56,735] {taskinstance.py:1259} INFO - Executing <Task(BigQueryCreateExternalTableOperator): bq_external_table_task> on 2022-05-02 16:38:29.679858+00:00
[2022-05-02 16:40:56,745] {standard_task_runner.py:52} INFO - Started process 7939 to run task
[2022-05-02 16:40:56,753] {standard_task_runner.py:76} INFO - Running: ['***', 'tasks', 'run', 'gcs_to_bq_dag', 'bq_external_table_task', 'manual__2022-05-02T16:38:29.679858+00:00', '--job-id', '1249', '--raw', '--subdir', 'DAGS_FOLDER/gcs_to_bq_task.py', '--cfg-path', '/tmp/tmpmd11cg_3', '--error-file', '/tmp/tmpw565ar1e']
[2022-05-02 16:40:56,756] {standard_task_runner.py:77} INFO - Job 1249: Subtask bq_external_table_task
[2022-05-02 16:40:57,100] {logging_mixin.py:109} INFO - Running <TaskInstance: gcs_to_bq_dag.bq_external_table_task manual__2022-05-02T16:38:29.679858+00:00 [running]> on host 9f5021834e17
[2022-05-02 16:40:57,533] {taskinstance.py:1426} INFO - Exporting the following env vars:
AIRFLOW_CTX_DAG_OWNER=***
AIRFLOW_CTX_DAG_ID=gcs_to_bq_dag
AIRFLOW_CTX_TASK_ID=bq_external_table_task
AIRFLOW_CTX_EXECUTION_DATE=2022-05-02T16:38:29.679858+00:00
AIRFLOW_CTX_DAG_RUN_ID=manual__2022-05-02T16:38:29.679858+00:00
[2022-05-02 16:40:57,539] {crypto.py:82} WARNING - empty cryptography key - values will not be stored encrypted.
[2022-05-02 16:40:58,819] {taskinstance.py:1277} INFO - Marking task as SUCCESS. dag_id=gcs_to_bq_dag, task_id=bq_external_table_task, execution_date=20220502T163829, start_date=20220502T164056, end_date=20220502T164058
[2022-05-02 16:40:58,897] {local_task_job.py:154} INFO - Task exited with return code 0
[2022-05-02 16:40:59,203] {local_task_job.py:264} INFO - 0 downstream tasks scheduled from follow-on schedule check
