[2022-05-02 08:44:26,992] {taskinstance.py:1032} INFO - Dependencies all met for <TaskInstance: gcs_to_bq_dag.processed_to_gcs_task manual__2022-05-02T08:42:07.091401+00:00 [queued]>
[2022-05-02 08:44:27,029] {taskinstance.py:1032} INFO - Dependencies all met for <TaskInstance: gcs_to_bq_dag.processed_to_gcs_task manual__2022-05-02T08:42:07.091401+00:00 [queued]>
[2022-05-02 08:44:27,031] {taskinstance.py:1238} INFO - 
--------------------------------------------------------------------------------
[2022-05-02 08:44:27,032] {taskinstance.py:1239} INFO - Starting attempt 1 of 2
[2022-05-02 08:44:27,033] {taskinstance.py:1240} INFO - 
--------------------------------------------------------------------------------
[2022-05-02 08:44:27,071] {taskinstance.py:1259} INFO - Executing <Task(PythonOperator): processed_to_gcs_task> on 2022-05-02 08:42:07.091401+00:00
[2022-05-02 08:44:27,082] {standard_task_runner.py:52} INFO - Started process 15423 to run task
[2022-05-02 08:44:27,090] {standard_task_runner.py:76} INFO - Running: ['***', 'tasks', 'run', 'gcs_to_bq_dag', 'processed_to_gcs_task', 'manual__2022-05-02T08:42:07.091401+00:00', '--job-id', '930', '--raw', '--subdir', 'DAGS_FOLDER/gcs_to_bq_task.py', '--cfg-path', '/tmp/tmpo848w5t6', '--error-file', '/tmp/tmplutdmr9r']
[2022-05-02 08:44:27,093] {standard_task_runner.py:77} INFO - Job 930: Subtask processed_to_gcs_task
[2022-05-02 08:44:27,494] {logging_mixin.py:109} INFO - Running <TaskInstance: gcs_to_bq_dag.processed_to_gcs_task manual__2022-05-02T08:42:07.091401+00:00 [running]> on host ae42322ae538
[2022-05-02 08:44:27,870] {taskinstance.py:1426} INFO - Exporting the following env vars:
AIRFLOW_CTX_DAG_OWNER=***
AIRFLOW_CTX_DAG_ID=gcs_to_bq_dag
AIRFLOW_CTX_TASK_ID=processed_to_gcs_task
AIRFLOW_CTX_EXECUTION_DATE=2022-05-02T08:42:07.091401+00:00
AIRFLOW_CTX_DAG_RUN_ID=manual__2022-05-02T08:42:07.091401+00:00
[2022-05-02 08:44:28,916] {python.py:175} INFO - Done. Returned value was: None
[2022-05-02 08:44:29,018] {taskinstance.py:1277} INFO - Marking task as SUCCESS. dag_id=gcs_to_bq_dag, task_id=processed_to_gcs_task, execution_date=20220502T084207, start_date=20220502T084426, end_date=20220502T084429
[2022-05-02 08:44:29,100] {local_task_job.py:154} INFO - Task exited with return code 0
[2022-05-02 08:44:29,353] {local_task_job.py:264} INFO - 1 downstream tasks scheduled from follow-on schedule check
