[2022-05-02 15:57:33,462] {taskinstance.py:1032} INFO - Dependencies all met for <TaskInstance: data_ingestion_gcp_dag.format_xl_to_pq_task scheduled__2001-01-01T00:00:00+00:00 [queued]>
[2022-05-02 15:57:33,508] {taskinstance.py:1032} INFO - Dependencies all met for <TaskInstance: data_ingestion_gcp_dag.format_xl_to_pq_task scheduled__2001-01-01T00:00:00+00:00 [queued]>
[2022-05-02 15:57:33,510] {taskinstance.py:1238} INFO - 
--------------------------------------------------------------------------------
[2022-05-02 15:57:33,512] {taskinstance.py:1239} INFO - Starting attempt 1 of 2
[2022-05-02 15:57:33,513] {taskinstance.py:1240} INFO - 
--------------------------------------------------------------------------------
[2022-05-02 15:57:33,561] {taskinstance.py:1259} INFO - Executing <Task(PythonOperator): format_xl_to_pq_task> on 2001-01-01 00:00:00+00:00
[2022-05-02 15:57:33,573] {standard_task_runner.py:52} INFO - Started process 1619 to run task
[2022-05-02 15:57:33,583] {standard_task_runner.py:76} INFO - Running: ['***', 'tasks', 'run', 'data_ingestion_gcp_dag', 'format_xl_to_pq_task', 'scheduled__2001-01-01T00:00:00+00:00', '--job-id', '1074', '--raw', '--subdir', 'DAGS_FOLDER/ingest_to_gcs_dag.py', '--cfg-path', '/tmp/tmpv4lwl0st', '--error-file', '/tmp/tmp73gi27b9']
[2022-05-02 15:57:33,586] {standard_task_runner.py:77} INFO - Job 1074: Subtask format_xl_to_pq_task
[2022-05-02 15:57:34,053] {logging_mixin.py:109} INFO - Running <TaskInstance: data_ingestion_gcp_dag.format_xl_to_pq_task scheduled__2001-01-01T00:00:00+00:00 [running]> on host 9f5021834e17
[2022-05-02 15:57:34,473] {logging_mixin.py:109} WARNING - /home/***/.local/lib/python3.7/site-packages/***/utils/context.py:152 AirflowContextDeprecationWarning: Accessing 'execution_date' from the template is deprecated and will be removed in a future version. Please use 'data_interval_start' or 'logical_date' instead.
[2022-05-02 15:57:34,672] {taskinstance.py:1426} INFO - Exporting the following env vars:
AIRFLOW_CTX_DAG_OWNER=***
AIRFLOW_CTX_DAG_ID=data_ingestion_gcp_dag
AIRFLOW_CTX_TASK_ID=format_xl_to_pq_task
AIRFLOW_CTX_EXECUTION_DATE=2001-01-01T00:00:00+00:00
AIRFLOW_CTX_DAG_RUN_ID=scheduled__2001-01-01T00:00:00+00:00
[2022-05-02 15:57:40,835] {python.py:175} INFO - Done. Returned value was: None
[2022-05-02 15:57:40,963] {taskinstance.py:1277} INFO - Marking task as SUCCESS. dag_id=data_ingestion_gcp_dag, task_id=format_xl_to_pq_task, execution_date=20010101T000000, start_date=20220502T155733, end_date=20220502T155740
[2022-05-02 15:57:41,077] {local_task_job.py:154} INFO - Task exited with return code 0
[2022-05-02 15:57:41,315] {local_task_job.py:264} INFO - 1 downstream tasks scheduled from follow-on schedule check
[2022-05-02 16:32:33,452] {taskinstance.py:1032} INFO - Dependencies all met for <TaskInstance: data_ingestion_gcp_dag.format_xl_to_pq_task scheduled__2001-01-01T00:00:00+00:00 [queued]>
[2022-05-02 16:32:33,504] {taskinstance.py:1032} INFO - Dependencies all met for <TaskInstance: data_ingestion_gcp_dag.format_xl_to_pq_task scheduled__2001-01-01T00:00:00+00:00 [queued]>
[2022-05-02 16:32:33,507] {taskinstance.py:1238} INFO - 
--------------------------------------------------------------------------------
[2022-05-02 16:32:33,509] {taskinstance.py:1239} INFO - Starting attempt 1 of 2
[2022-05-02 16:32:33,510] {taskinstance.py:1240} INFO - 
--------------------------------------------------------------------------------
[2022-05-02 16:32:33,560] {taskinstance.py:1259} INFO - Executing <Task(PythonOperator): format_xl_to_pq_task> on 2001-01-01 00:00:00+00:00
[2022-05-02 16:32:33,572] {standard_task_runner.py:52} INFO - Started process 6184 to run task
[2022-05-02 16:32:33,583] {standard_task_runner.py:76} INFO - Running: ['***', 'tasks', 'run', 'data_ingestion_gcp_dag', 'format_xl_to_pq_task', 'scheduled__2001-01-01T00:00:00+00:00', '--job-id', '1182', '--raw', '--subdir', 'DAGS_FOLDER/ingest_to_gcs_dag.py', '--cfg-path', '/tmp/tmpfrjwz6jv', '--error-file', '/tmp/tmpw8u7uhqt']
[2022-05-02 16:32:33,587] {standard_task_runner.py:77} INFO - Job 1182: Subtask format_xl_to_pq_task
[2022-05-02 16:32:34,056] {logging_mixin.py:109} INFO - Running <TaskInstance: data_ingestion_gcp_dag.format_xl_to_pq_task scheduled__2001-01-01T00:00:00+00:00 [running]> on host 9f5021834e17
[2022-05-02 16:32:34,387] {logging_mixin.py:109} WARNING - /home/***/.local/lib/python3.7/site-packages/***/utils/context.py:152 AirflowContextDeprecationWarning: Accessing 'execution_date' from the template is deprecated and will be removed in a future version. Please use 'data_interval_start' or 'logical_date' instead.
[2022-05-02 16:32:34,594] {taskinstance.py:1426} INFO - Exporting the following env vars:
AIRFLOW_CTX_DAG_OWNER=***
AIRFLOW_CTX_DAG_ID=data_ingestion_gcp_dag
AIRFLOW_CTX_TASK_ID=format_xl_to_pq_task
AIRFLOW_CTX_EXECUTION_DATE=2001-01-01T00:00:00+00:00
AIRFLOW_CTX_DAG_RUN_ID=scheduled__2001-01-01T00:00:00+00:00
[2022-05-02 16:32:41,638] {python.py:175} INFO - Done. Returned value was: None
[2022-05-02 16:32:41,753] {taskinstance.py:1277} INFO - Marking task as SUCCESS. dag_id=data_ingestion_gcp_dag, task_id=format_xl_to_pq_task, execution_date=20010101T000000, start_date=20220502T163233, end_date=20220502T163241
[2022-05-02 16:32:41,838] {local_task_job.py:154} INFO - Task exited with return code 0
[2022-05-02 16:32:42,249] {local_task_job.py:264} INFO - 0 downstream tasks scheduled from follow-on schedule check
[2022-05-02 16:48:08,987] {taskinstance.py:1032} INFO - Dependencies all met for <TaskInstance: data_ingestion_gcp_dag.format_xl_to_pq_task scheduled__2001-01-01T00:00:00+00:00 [queued]>
[2022-05-02 16:48:09,040] {taskinstance.py:1032} INFO - Dependencies all met for <TaskInstance: data_ingestion_gcp_dag.format_xl_to_pq_task scheduled__2001-01-01T00:00:00+00:00 [queued]>
[2022-05-02 16:48:09,042] {taskinstance.py:1238} INFO - 
--------------------------------------------------------------------------------
[2022-05-02 16:48:09,044] {taskinstance.py:1239} INFO - Starting attempt 1 of 2
[2022-05-02 16:48:09,050] {taskinstance.py:1240} INFO - 
--------------------------------------------------------------------------------
[2022-05-02 16:48:09,135] {taskinstance.py:1259} INFO - Executing <Task(PythonOperator): format_xl_to_pq_task> on 2001-01-01 00:00:00+00:00
[2022-05-02 16:48:09,145] {standard_task_runner.py:52} INFO - Started process 9003 to run task
[2022-05-02 16:48:09,161] {standard_task_runner.py:76} INFO - Running: ['***', 'tasks', 'run', 'data_ingestion_gcp_dag', 'format_xl_to_pq_task', 'scheduled__2001-01-01T00:00:00+00:00', '--job-id', '1286', '--raw', '--subdir', 'DAGS_FOLDER/ingest_to_gcs_dag.py', '--cfg-path', '/tmp/tmp72ugaonn', '--error-file', '/tmp/tmp8y7f0q3t']
[2022-05-02 16:48:09,164] {standard_task_runner.py:77} INFO - Job 1286: Subtask format_xl_to_pq_task
[2022-05-02 16:48:09,670] {logging_mixin.py:109} INFO - Running <TaskInstance: data_ingestion_gcp_dag.format_xl_to_pq_task scheduled__2001-01-01T00:00:00+00:00 [running]> on host 9f5021834e17
[2022-05-02 16:48:09,997] {logging_mixin.py:109} WARNING - /home/***/.local/lib/python3.7/site-packages/***/utils/context.py:152 AirflowContextDeprecationWarning: Accessing 'execution_date' from the template is deprecated and will be removed in a future version. Please use 'data_interval_start' or 'logical_date' instead.
[2022-05-02 16:48:10,244] {taskinstance.py:1426} INFO - Exporting the following env vars:
AIRFLOW_CTX_DAG_OWNER=***
AIRFLOW_CTX_DAG_ID=data_ingestion_gcp_dag
AIRFLOW_CTX_TASK_ID=format_xl_to_pq_task
AIRFLOW_CTX_EXECUTION_DATE=2001-01-01T00:00:00+00:00
AIRFLOW_CTX_DAG_RUN_ID=scheduled__2001-01-01T00:00:00+00:00
[2022-05-02 16:48:16,702] {python.py:175} INFO - Done. Returned value was: None
[2022-05-02 16:48:16,811] {taskinstance.py:1277} INFO - Marking task as SUCCESS. dag_id=data_ingestion_gcp_dag, task_id=format_xl_to_pq_task, execution_date=20010101T000000, start_date=20220502T164808, end_date=20220502T164816
[2022-05-02 16:48:16,904] {local_task_job.py:154} INFO - Task exited with return code 0
[2022-05-02 16:48:17,151] {local_task_job.py:264} INFO - 1 downstream tasks scheduled from follow-on schedule check
