[2022-05-02 15:59:00,640] {taskinstance.py:1032} INFO - Dependencies all met for <TaskInstance: data_ingestion_gcp_dag.format_xl_to_pq_task scheduled__2006-01-01T00:00:00+00:00 [queued]>
[2022-05-02 15:59:00,709] {taskinstance.py:1032} INFO - Dependencies all met for <TaskInstance: data_ingestion_gcp_dag.format_xl_to_pq_task scheduled__2006-01-01T00:00:00+00:00 [queued]>
[2022-05-02 15:59:00,719] {taskinstance.py:1238} INFO - 
--------------------------------------------------------------------------------
[2022-05-02 15:59:00,721] {taskinstance.py:1239} INFO - Starting attempt 1 of 2
[2022-05-02 15:59:00,722] {taskinstance.py:1240} INFO - 
--------------------------------------------------------------------------------
[2022-05-02 15:59:00,799] {taskinstance.py:1259} INFO - Executing <Task(PythonOperator): format_xl_to_pq_task> on 2006-01-01 00:00:00+00:00
[2022-05-02 15:59:00,813] {standard_task_runner.py:52} INFO - Started process 1949 to run task
[2022-05-02 15:59:00,839] {standard_task_runner.py:76} INFO - Running: ['***', 'tasks', 'run', 'data_ingestion_gcp_dag', 'format_xl_to_pq_task', 'scheduled__2006-01-01T00:00:00+00:00', '--job-id', '1093', '--raw', '--subdir', 'DAGS_FOLDER/ingest_to_gcs_dag.py', '--cfg-path', '/tmp/tmpbuofqgeu', '--error-file', '/tmp/tmppxa9v3np']
[2022-05-02 15:59:00,843] {standard_task_runner.py:77} INFO - Job 1093: Subtask format_xl_to_pq_task
[2022-05-02 15:59:01,376] {logging_mixin.py:109} INFO - Running <TaskInstance: data_ingestion_gcp_dag.format_xl_to_pq_task scheduled__2006-01-01T00:00:00+00:00 [running]> on host 9f5021834e17
[2022-05-02 15:59:01,763] {logging_mixin.py:109} WARNING - /home/***/.local/lib/python3.7/site-packages/***/utils/context.py:152 AirflowContextDeprecationWarning: Accessing 'execution_date' from the template is deprecated and will be removed in a future version. Please use 'data_interval_start' or 'logical_date' instead.
[2022-05-02 15:59:02,034] {taskinstance.py:1426} INFO - Exporting the following env vars:
AIRFLOW_CTX_DAG_OWNER=***
AIRFLOW_CTX_DAG_ID=data_ingestion_gcp_dag
AIRFLOW_CTX_TASK_ID=format_xl_to_pq_task
AIRFLOW_CTX_EXECUTION_DATE=2006-01-01T00:00:00+00:00
AIRFLOW_CTX_DAG_RUN_ID=scheduled__2006-01-01T00:00:00+00:00
[2022-05-02 15:59:08,168] {python.py:175} INFO - Done. Returned value was: None
[2022-05-02 15:59:08,272] {taskinstance.py:1277} INFO - Marking task as SUCCESS. dag_id=data_ingestion_gcp_dag, task_id=format_xl_to_pq_task, execution_date=20060101T000000, start_date=20220502T155900, end_date=20220502T155908
[2022-05-02 15:59:08,357] {local_task_job.py:154} INFO - Task exited with return code 0
[2022-05-02 15:59:08,595] {local_task_job.py:264} INFO - 1 downstream tasks scheduled from follow-on schedule check
[2022-05-02 16:34:11,997] {taskinstance.py:1032} INFO - Dependencies all met for <TaskInstance: data_ingestion_gcp_dag.format_xl_to_pq_task scheduled__2006-01-01T00:00:00+00:00 [queued]>
[2022-05-02 16:34:12,062] {taskinstance.py:1032} INFO - Dependencies all met for <TaskInstance: data_ingestion_gcp_dag.format_xl_to_pq_task scheduled__2006-01-01T00:00:00+00:00 [queued]>
[2022-05-02 16:34:12,064] {taskinstance.py:1238} INFO - 
--------------------------------------------------------------------------------
[2022-05-02 16:34:12,066] {taskinstance.py:1239} INFO - Starting attempt 1 of 2
[2022-05-02 16:34:12,067] {taskinstance.py:1240} INFO - 
--------------------------------------------------------------------------------
[2022-05-02 16:34:12,116] {taskinstance.py:1259} INFO - Executing <Task(PythonOperator): format_xl_to_pq_task> on 2006-01-01 00:00:00+00:00
[2022-05-02 16:34:12,127] {standard_task_runner.py:52} INFO - Started process 6542 to run task
[2022-05-02 16:34:12,138] {standard_task_runner.py:76} INFO - Running: ['***', 'tasks', 'run', 'data_ingestion_gcp_dag', 'format_xl_to_pq_task', 'scheduled__2006-01-01T00:00:00+00:00', '--job-id', '1199', '--raw', '--subdir', 'DAGS_FOLDER/ingest_to_gcs_dag.py', '--cfg-path', '/tmp/tmp7480d9yh', '--error-file', '/tmp/tmpgp720dbc']
[2022-05-02 16:34:12,142] {standard_task_runner.py:77} INFO - Job 1199: Subtask format_xl_to_pq_task
[2022-05-02 16:34:12,561] {logging_mixin.py:109} INFO - Running <TaskInstance: data_ingestion_gcp_dag.format_xl_to_pq_task scheduled__2006-01-01T00:00:00+00:00 [running]> on host 9f5021834e17
[2022-05-02 16:34:12,903] {logging_mixin.py:109} WARNING - /home/***/.local/lib/python3.7/site-packages/***/utils/context.py:152 AirflowContextDeprecationWarning: Accessing 'execution_date' from the template is deprecated and will be removed in a future version. Please use 'data_interval_start' or 'logical_date' instead.
[2022-05-02 16:34:13,156] {taskinstance.py:1426} INFO - Exporting the following env vars:
AIRFLOW_CTX_DAG_OWNER=***
AIRFLOW_CTX_DAG_ID=data_ingestion_gcp_dag
AIRFLOW_CTX_TASK_ID=format_xl_to_pq_task
AIRFLOW_CTX_EXECUTION_DATE=2006-01-01T00:00:00+00:00
AIRFLOW_CTX_DAG_RUN_ID=scheduled__2006-01-01T00:00:00+00:00
[2022-05-02 16:34:20,144] {python.py:175} INFO - Done. Returned value was: None
[2022-05-02 16:34:20,270] {taskinstance.py:1277} INFO - Marking task as SUCCESS. dag_id=data_ingestion_gcp_dag, task_id=format_xl_to_pq_task, execution_date=20060101T000000, start_date=20220502T163412, end_date=20220502T163420
[2022-05-02 16:34:20,365] {local_task_job.py:154} INFO - Task exited with return code 0
[2022-05-02 16:34:20,625] {local_task_job.py:264} INFO - 1 downstream tasks scheduled from follow-on schedule check
[2022-05-02 16:49:45,369] {taskinstance.py:1032} INFO - Dependencies all met for <TaskInstance: data_ingestion_gcp_dag.format_xl_to_pq_task scheduled__2006-01-01T00:00:00+00:00 [queued]>
[2022-05-02 16:49:45,412] {taskinstance.py:1032} INFO - Dependencies all met for <TaskInstance: data_ingestion_gcp_dag.format_xl_to_pq_task scheduled__2006-01-01T00:00:00+00:00 [queued]>
[2022-05-02 16:49:45,414] {taskinstance.py:1238} INFO - 
--------------------------------------------------------------------------------
[2022-05-02 16:49:45,415] {taskinstance.py:1239} INFO - Starting attempt 1 of 2
[2022-05-02 16:49:45,416] {taskinstance.py:1240} INFO - 
--------------------------------------------------------------------------------
[2022-05-02 16:49:45,457] {taskinstance.py:1259} INFO - Executing <Task(PythonOperator): format_xl_to_pq_task> on 2006-01-01 00:00:00+00:00
[2022-05-02 16:49:45,467] {standard_task_runner.py:52} INFO - Started process 9334 to run task
[2022-05-02 16:49:45,474] {standard_task_runner.py:76} INFO - Running: ['***', 'tasks', 'run', 'data_ingestion_gcp_dag', 'format_xl_to_pq_task', 'scheduled__2006-01-01T00:00:00+00:00', '--job-id', '1303', '--raw', '--subdir', 'DAGS_FOLDER/ingest_to_gcs_dag.py', '--cfg-path', '/tmp/tmpryvja4lk', '--error-file', '/tmp/tmpc6m_hmjd']
[2022-05-02 16:49:45,477] {standard_task_runner.py:77} INFO - Job 1303: Subtask format_xl_to_pq_task
[2022-05-02 16:49:45,925] {logging_mixin.py:109} INFO - Running <TaskInstance: data_ingestion_gcp_dag.format_xl_to_pq_task scheduled__2006-01-01T00:00:00+00:00 [running]> on host 9f5021834e17
[2022-05-02 16:49:46,186] {logging_mixin.py:109} WARNING - /home/***/.local/lib/python3.7/site-packages/***/utils/context.py:152 AirflowContextDeprecationWarning: Accessing 'execution_date' from the template is deprecated and will be removed in a future version. Please use 'data_interval_start' or 'logical_date' instead.
[2022-05-02 16:49:46,374] {taskinstance.py:1426} INFO - Exporting the following env vars:
AIRFLOW_CTX_DAG_OWNER=***
AIRFLOW_CTX_DAG_ID=data_ingestion_gcp_dag
AIRFLOW_CTX_TASK_ID=format_xl_to_pq_task
AIRFLOW_CTX_EXECUTION_DATE=2006-01-01T00:00:00+00:00
AIRFLOW_CTX_DAG_RUN_ID=scheduled__2006-01-01T00:00:00+00:00
[2022-05-02 16:49:53,580] {python.py:175} INFO - Done. Returned value was: None
[2022-05-02 16:49:53,701] {taskinstance.py:1277} INFO - Marking task as SUCCESS. dag_id=data_ingestion_gcp_dag, task_id=format_xl_to_pq_task, execution_date=20060101T000000, start_date=20220502T164945, end_date=20220502T164953
[2022-05-02 16:49:53,796] {local_task_job.py:154} INFO - Task exited with return code 0
[2022-05-02 16:49:54,050] {local_task_job.py:264} INFO - 1 downstream tasks scheduled from follow-on schedule check
