[2022-04-28 06:12:25,494] {taskinstance.py:1043} INFO - Dependencies all met for <TaskInstance: data_ingestion_gcp_dag.rm_files_task scheduled__2015-01-01T00:00:00+00:00 [queued]>
[2022-04-28 06:12:25,543] {taskinstance.py:1043} INFO - Dependencies all met for <TaskInstance: data_ingestion_gcp_dag.rm_files_task scheduled__2015-01-01T00:00:00+00:00 [queued]>
[2022-04-28 06:12:25,546] {taskinstance.py:1249} INFO - 
--------------------------------------------------------------------------------
[2022-04-28 06:12:25,547] {taskinstance.py:1250} INFO - Starting attempt 1 of 2
[2022-04-28 06:12:25,548] {taskinstance.py:1251} INFO - 
--------------------------------------------------------------------------------
[2022-04-28 06:12:25,602] {taskinstance.py:1270} INFO - Executing <Task(BashOperator): rm_files_task> on 2015-01-01 00:00:00+00:00
[2022-04-28 06:12:25,625] {standard_task_runner.py:52} INFO - Started process 3064 to run task
[2022-04-28 06:12:25,639] {standard_task_runner.py:79} INFO - Running: ['***', 'tasks', 'run', 'data_ingestion_gcp_dag', 'rm_files_task', 'scheduled__2015-01-01T00:00:00+00:00', '--job-id', '599', '--raw', '--subdir', 'DAGS_FOLDER/ingest_to_gcs_dag.py', '--cfg-path', '/tmp/tmpnizswlow', '--error-file', '/tmp/tmp8nte1nwt']
[2022-04-28 06:12:25,643] {standard_task_runner.py:80} INFO - Job 599: Subtask rm_files_task
[2022-04-28 06:12:26,322] {logging_mixin.py:109} INFO - Running <TaskInstance: data_ingestion_gcp_dag.rm_files_task scheduled__2015-01-01T00:00:00+00:00 [running]> on host d4721d223bdd
[2022-04-28 06:12:26,735] {logging_mixin.py:109} WARNING - /home/***/.local/lib/python3.7/site-packages/***/utils/context.py:156 AirflowContextDeprecationWarning: Accessing 'execution_date' from the template is deprecated and will be removed in a future version. Please use 'data_interval_start' or 'logical_date' instead.
[2022-04-28 06:12:26,938] {taskinstance.py:1448} INFO - Exporting the following env vars:
AIRFLOW_CTX_DAG_OWNER=***
AIRFLOW_CTX_DAG_ID=data_ingestion_gcp_dag
AIRFLOW_CTX_TASK_ID=rm_files_task
AIRFLOW_CTX_EXECUTION_DATE=2015-01-01T00:00:00+00:00
AIRFLOW_CTX_DAG_RUN_ID=scheduled__2015-01-01T00:00:00+00:00
[2022-04-28 06:12:26,943] {subprocess.py:62} INFO - Tmp dir root location: 
 /tmp
[2022-04-28 06:12:26,947] {subprocess.py:74} INFO - Running command: ['bash', '-c', 'rm /opt/***/laucnty15.xlsx /opt/***/us_employment_15.parquet']
[2022-04-28 06:12:26,965] {subprocess.py:85} INFO - Output:
[2022-04-28 06:12:27,038] {subprocess.py:93} INFO - Command exited with return code 0
[2022-04-28 06:12:27,260] {taskinstance.py:1288} INFO - Marking task as SUCCESS. dag_id=data_ingestion_gcp_dag, task_id=rm_files_task, execution_date=20150101T000000, start_date=20220428T061225, end_date=20220428T061227
[2022-04-28 06:12:27,342] {local_task_job.py:154} INFO - Task exited with return code 0
[2022-04-28 06:12:27,584] {local_task_job.py:264} INFO - 0 downstream tasks scheduled from follow-on schedule check
[2022-04-29 02:39:58,403] {taskinstance.py:1043} INFO - Dependencies all met for <TaskInstance: data_ingestion_gcp_dag.rm_files_task scheduled__2015-01-01T00:00:00+00:00 [queued]>
[2022-04-29 02:39:58,451] {taskinstance.py:1043} INFO - Dependencies all met for <TaskInstance: data_ingestion_gcp_dag.rm_files_task scheduled__2015-01-01T00:00:00+00:00 [queued]>
[2022-04-29 02:39:58,452] {taskinstance.py:1249} INFO - 
--------------------------------------------------------------------------------
[2022-04-29 02:39:58,453] {taskinstance.py:1250} INFO - Starting attempt 1 of 2
[2022-04-29 02:39:58,454] {taskinstance.py:1251} INFO - 
--------------------------------------------------------------------------------
[2022-04-29 02:39:58,509] {taskinstance.py:1270} INFO - Executing <Task(BashOperator): rm_files_task> on 2015-01-01 00:00:00+00:00
[2022-04-29 02:39:58,521] {standard_task_runner.py:52} INFO - Started process 6409 to run task
[2022-04-29 02:39:58,529] {standard_task_runner.py:79} INFO - Running: ['***', 'tasks', 'run', 'data_ingestion_gcp_dag', 'rm_files_task', 'scheduled__2015-01-01T00:00:00+00:00', '--job-id', '773', '--raw', '--subdir', 'DAGS_FOLDER/ingest_to_gcs_dag.py', '--cfg-path', '/tmp/tmpddhqhp35', '--error-file', '/tmp/tmp_eupyr_6']
[2022-04-29 02:39:58,534] {standard_task_runner.py:80} INFO - Job 773: Subtask rm_files_task
[2022-04-29 02:39:58,931] {logging_mixin.py:109} INFO - Running <TaskInstance: data_ingestion_gcp_dag.rm_files_task scheduled__2015-01-01T00:00:00+00:00 [running]> on host 6fd0ba274d58
[2022-04-29 02:39:59,188] {logging_mixin.py:109} WARNING - /home/***/.local/lib/python3.7/site-packages/***/utils/context.py:156 AirflowContextDeprecationWarning: Accessing 'execution_date' from the template is deprecated and will be removed in a future version. Please use 'data_interval_start' or 'logical_date' instead.
[2022-04-29 02:39:59,373] {taskinstance.py:1448} INFO - Exporting the following env vars:
AIRFLOW_CTX_DAG_OWNER=***
AIRFLOW_CTX_DAG_ID=data_ingestion_gcp_dag
AIRFLOW_CTX_TASK_ID=rm_files_task
AIRFLOW_CTX_EXECUTION_DATE=2015-01-01T00:00:00+00:00
AIRFLOW_CTX_DAG_RUN_ID=scheduled__2015-01-01T00:00:00+00:00
[2022-04-29 02:39:59,378] {subprocess.py:62} INFO - Tmp dir root location: 
 /tmp
[2022-04-29 02:39:59,381] {subprocess.py:74} INFO - Running command: ['bash', '-c', 'rm /opt/***/laucnty15.xlsx /opt/***/us_employment_2015.parquet']
[2022-04-29 02:39:59,400] {subprocess.py:85} INFO - Output:
[2022-04-29 02:39:59,469] {subprocess.py:93} INFO - Command exited with return code 0
[2022-04-29 02:39:59,679] {taskinstance.py:1288} INFO - Marking task as SUCCESS. dag_id=data_ingestion_gcp_dag, task_id=rm_files_task, execution_date=20150101T000000, start_date=20220429T023958, end_date=20220429T023959
[2022-04-29 02:39:59,749] {local_task_job.py:154} INFO - Task exited with return code 0
[2022-04-29 02:39:59,986] {local_task_job.py:264} INFO - 0 downstream tasks scheduled from follow-on schedule check
