[2022-04-25 07:27:00,050] {taskinstance.py:1043} INFO - Dependencies all met for <TaskInstance: data_ingestion_gcp_dag.format_xl_to_pq_task scheduled__1997-01-01T00:00:00+00:00 [queued]>
[2022-04-25 07:27:00,102] {taskinstance.py:1043} INFO - Dependencies all met for <TaskInstance: data_ingestion_gcp_dag.format_xl_to_pq_task scheduled__1997-01-01T00:00:00+00:00 [queued]>
[2022-04-25 07:27:00,104] {taskinstance.py:1249} INFO - 
--------------------------------------------------------------------------------
[2022-04-25 07:27:00,107] {taskinstance.py:1250} INFO - Starting attempt 12 of 13
[2022-04-25 07:27:00,109] {taskinstance.py:1251} INFO - 
--------------------------------------------------------------------------------
[2022-04-25 07:27:00,162] {taskinstance.py:1270} INFO - Executing <Task(PythonOperator): format_xl_to_pq_task> on 1997-01-01 00:00:00+00:00
[2022-04-25 07:27:00,173] {standard_task_runner.py:52} INFO - Started process 3118 to run task
[2022-04-25 07:27:00,182] {standard_task_runner.py:79} INFO - Running: ['***', 'tasks', 'run', 'data_ingestion_gcp_dag', 'format_xl_to_pq_task', 'scheduled__1997-01-01T00:00:00+00:00', '--job-id', '336', '--raw', '--subdir', 'DAGS_FOLDER/ingest_to_gcs_dag.py', '--cfg-path', '/tmp/tmp26v9zflv', '--error-file', '/tmp/tmp9pqcsi_4']
[2022-04-25 07:27:00,185] {standard_task_runner.py:80} INFO - Job 336: Subtask format_xl_to_pq_task
[2022-04-25 07:27:00,544] {logging_mixin.py:109} INFO - Running <TaskInstance: data_ingestion_gcp_dag.format_xl_to_pq_task scheduled__1997-01-01T00:00:00+00:00 [running]> on host 64c7187bd08f
[2022-04-25 07:27:00,790] {logging_mixin.py:109} WARNING - /home/***/.local/lib/python3.7/site-packages/***/utils/context.py:156 AirflowContextDeprecationWarning: Accessing 'execution_date' from the template is deprecated and will be removed in a future version. Please use 'data_interval_start' or 'logical_date' instead.
[2022-04-25 07:27:00,965] {taskinstance.py:1448} INFO - Exporting the following env vars:
AIRFLOW_CTX_DAG_OWNER=***
AIRFLOW_CTX_DAG_ID=data_ingestion_gcp_dag
AIRFLOW_CTX_TASK_ID=format_xl_to_pq_task
AIRFLOW_CTX_EXECUTION_DATE=1997-01-01T00:00:00+00:00
AIRFLOW_CTX_DAG_RUN_ID=scheduled__1997-01-01T00:00:00+00:00
[2022-04-25 07:27:05,948] {python.py:175} INFO - Done. Returned value was: None
[2022-04-25 07:27:06,045] {taskinstance.py:1288} INFO - Marking task as SUCCESS. dag_id=data_ingestion_gcp_dag, task_id=format_xl_to_pq_task, execution_date=19970101T000000, start_date=20220425T072700, end_date=20220425T072706
[2022-04-25 07:27:06,098] {local_task_job.py:154} INFO - Task exited with return code 0
[2022-04-25 07:27:06,311] {local_task_job.py:264} INFO - 1 downstream tasks scheduled from follow-on schedule check
