[2022-04-25 07:30:59,964] {taskinstance.py:1043} INFO - Dependencies all met for <TaskInstance: data_ingestion_gcp_dag.format_xl_to_pq_task scheduled__1997-01-01T00:00:00+00:00 [queued]>
[2022-04-25 07:31:00,003] {taskinstance.py:1043} INFO - Dependencies all met for <TaskInstance: data_ingestion_gcp_dag.format_xl_to_pq_task scheduled__1997-01-01T00:00:00+00:00 [queued]>
[2022-04-25 07:31:00,004] {taskinstance.py:1249} INFO - 
--------------------------------------------------------------------------------
[2022-04-25 07:31:00,005] {taskinstance.py:1250} INFO - Starting attempt 13 of 14
[2022-04-25 07:31:00,006] {taskinstance.py:1251} INFO - 
--------------------------------------------------------------------------------
[2022-04-25 07:31:00,046] {taskinstance.py:1270} INFO - Executing <Task(PythonOperator): format_xl_to_pq_task> on 1997-01-01 00:00:00+00:00
[2022-04-25 07:31:00,055] {standard_task_runner.py:52} INFO - Started process 3479 to run task
[2022-04-25 07:31:00,063] {standard_task_runner.py:79} INFO - Running: ['***', 'tasks', 'run', 'data_ingestion_gcp_dag', 'format_xl_to_pq_task', 'scheduled__1997-01-01T00:00:00+00:00', '--job-id', '339', '--raw', '--subdir', 'DAGS_FOLDER/ingest_to_gcs_dag.py', '--cfg-path', '/tmp/tmpyw0c2iwy', '--error-file', '/tmp/tmpl6udlz_n']
[2022-04-25 07:31:00,066] {standard_task_runner.py:80} INFO - Job 339: Subtask format_xl_to_pq_task
[2022-04-25 07:31:00,412] {logging_mixin.py:109} INFO - Running <TaskInstance: data_ingestion_gcp_dag.format_xl_to_pq_task scheduled__1997-01-01T00:00:00+00:00 [running]> on host 64c7187bd08f
[2022-04-25 07:31:00,635] {logging_mixin.py:109} WARNING - /home/***/.local/lib/python3.7/site-packages/***/utils/context.py:156 AirflowContextDeprecationWarning: Accessing 'execution_date' from the template is deprecated and will be removed in a future version. Please use 'data_interval_start' or 'logical_date' instead.
[2022-04-25 07:31:00,802] {taskinstance.py:1448} INFO - Exporting the following env vars:
AIRFLOW_CTX_DAG_OWNER=***
AIRFLOW_CTX_DAG_ID=data_ingestion_gcp_dag
AIRFLOW_CTX_TASK_ID=format_xl_to_pq_task
AIRFLOW_CTX_EXECUTION_DATE=1997-01-01T00:00:00+00:00
AIRFLOW_CTX_DAG_RUN_ID=scheduled__1997-01-01T00:00:00+00:00
[2022-04-25 07:31:06,106] {python.py:175} INFO - Done. Returned value was: None
[2022-04-25 07:31:06,212] {taskinstance.py:1288} INFO - Marking task as SUCCESS. dag_id=data_ingestion_gcp_dag, task_id=format_xl_to_pq_task, execution_date=19970101T000000, start_date=20220425T073059, end_date=20220425T073106
[2022-04-25 07:31:06,306] {local_task_job.py:154} INFO - Task exited with return code 0
[2022-04-25 07:31:06,530] {local_task_job.py:264} INFO - 1 downstream tasks scheduled from follow-on schedule check
