[2022-04-28 06:12:25,422] {taskinstance.py:1043} INFO - Dependencies all met for <TaskInstance: data_ingestion_gcp_dag.rm_files_task scheduled__2014-01-01T00:00:00+00:00 [queued]>
[2022-04-28 06:12:25,468] {taskinstance.py:1043} INFO - Dependencies all met for <TaskInstance: data_ingestion_gcp_dag.rm_files_task scheduled__2014-01-01T00:00:00+00:00 [queued]>
[2022-04-28 06:12:25,470] {taskinstance.py:1249} INFO - 
--------------------------------------------------------------------------------
[2022-04-28 06:12:25,471] {taskinstance.py:1250} INFO - Starting attempt 1 of 2
[2022-04-28 06:12:25,473] {taskinstance.py:1251} INFO - 
--------------------------------------------------------------------------------
[2022-04-28 06:12:25,523] {taskinstance.py:1270} INFO - Executing <Task(BashOperator): rm_files_task> on 2014-01-01 00:00:00+00:00
[2022-04-28 06:12:25,533] {standard_task_runner.py:52} INFO - Started process 3056 to run task
[2022-04-28 06:12:25,541] {standard_task_runner.py:79} INFO - Running: ['***', 'tasks', 'run', 'data_ingestion_gcp_dag', 'rm_files_task', 'scheduled__2014-01-01T00:00:00+00:00', '--job-id', '598', '--raw', '--subdir', 'DAGS_FOLDER/ingest_to_gcs_dag.py', '--cfg-path', '/tmp/tmprjmlh0v_', '--error-file', '/tmp/tmp5u6h4ng2']
[2022-04-28 06:12:25,545] {standard_task_runner.py:80} INFO - Job 598: Subtask rm_files_task
[2022-04-28 06:12:26,066] {logging_mixin.py:109} INFO - Running <TaskInstance: data_ingestion_gcp_dag.rm_files_task scheduled__2014-01-01T00:00:00+00:00 [running]> on host d4721d223bdd
[2022-04-28 06:12:26,494] {logging_mixin.py:109} WARNING - /home/***/.local/lib/python3.7/site-packages/***/utils/context.py:156 AirflowContextDeprecationWarning: Accessing 'execution_date' from the template is deprecated and will be removed in a future version. Please use 'data_interval_start' or 'logical_date' instead.
[2022-04-28 06:12:26,739] {taskinstance.py:1448} INFO - Exporting the following env vars:
AIRFLOW_CTX_DAG_OWNER=***
AIRFLOW_CTX_DAG_ID=data_ingestion_gcp_dag
AIRFLOW_CTX_TASK_ID=rm_files_task
AIRFLOW_CTX_EXECUTION_DATE=2014-01-01T00:00:00+00:00
AIRFLOW_CTX_DAG_RUN_ID=scheduled__2014-01-01T00:00:00+00:00
[2022-04-28 06:12:26,744] {subprocess.py:62} INFO - Tmp dir root location: 
 /tmp
[2022-04-28 06:12:26,747] {subprocess.py:74} INFO - Running command: ['bash', '-c', 'rm /opt/***/laucnty14.xlsx /opt/***/us_employment_14.parquet']
[2022-04-28 06:12:26,768] {subprocess.py:85} INFO - Output:
[2022-04-28 06:12:26,841] {subprocess.py:93} INFO - Command exited with return code 0
[2022-04-28 06:12:27,064] {taskinstance.py:1288} INFO - Marking task as SUCCESS. dag_id=data_ingestion_gcp_dag, task_id=rm_files_task, execution_date=20140101T000000, start_date=20220428T061225, end_date=20220428T061227
[2022-04-28 06:12:27,135] {local_task_job.py:154} INFO - Task exited with return code 0
[2022-04-28 06:12:27,378] {local_task_job.py:264} INFO - 0 downstream tasks scheduled from follow-on schedule check
[2022-04-29 02:39:37,233] {taskinstance.py:1043} INFO - Dependencies all met for <TaskInstance: data_ingestion_gcp_dag.rm_files_task scheduled__2014-01-01T00:00:00+00:00 [queued]>
[2022-04-29 02:39:37,281] {taskinstance.py:1043} INFO - Dependencies all met for <TaskInstance: data_ingestion_gcp_dag.rm_files_task scheduled__2014-01-01T00:00:00+00:00 [queued]>
[2022-04-29 02:39:37,283] {taskinstance.py:1249} INFO - 
--------------------------------------------------------------------------------
[2022-04-29 02:39:37,284] {taskinstance.py:1250} INFO - Starting attempt 1 of 2
[2022-04-29 02:39:37,286] {taskinstance.py:1251} INFO - 
--------------------------------------------------------------------------------
[2022-04-29 02:39:37,337] {taskinstance.py:1270} INFO - Executing <Task(BashOperator): rm_files_task> on 2014-01-01 00:00:00+00:00
[2022-04-29 02:39:37,347] {standard_task_runner.py:52} INFO - Started process 6318 to run task
[2022-04-29 02:39:37,355] {standard_task_runner.py:79} INFO - Running: ['***', 'tasks', 'run', 'data_ingestion_gcp_dag', 'rm_files_task', 'scheduled__2014-01-01T00:00:00+00:00', '--job-id', '768', '--raw', '--subdir', 'DAGS_FOLDER/ingest_to_gcs_dag.py', '--cfg-path', '/tmp/tmp59uv5mh7', '--error-file', '/tmp/tmphlypoqbo']
[2022-04-29 02:39:37,359] {standard_task_runner.py:80} INFO - Job 768: Subtask rm_files_task
[2022-04-29 02:39:37,736] {logging_mixin.py:109} INFO - Running <TaskInstance: data_ingestion_gcp_dag.rm_files_task scheduled__2014-01-01T00:00:00+00:00 [running]> on host 6fd0ba274d58
[2022-04-29 02:39:37,991] {logging_mixin.py:109} WARNING - /home/***/.local/lib/python3.7/site-packages/***/utils/context.py:156 AirflowContextDeprecationWarning: Accessing 'execution_date' from the template is deprecated and will be removed in a future version. Please use 'data_interval_start' or 'logical_date' instead.
[2022-04-29 02:39:38,176] {taskinstance.py:1448} INFO - Exporting the following env vars:
AIRFLOW_CTX_DAG_OWNER=***
AIRFLOW_CTX_DAG_ID=data_ingestion_gcp_dag
AIRFLOW_CTX_TASK_ID=rm_files_task
AIRFLOW_CTX_EXECUTION_DATE=2014-01-01T00:00:00+00:00
AIRFLOW_CTX_DAG_RUN_ID=scheduled__2014-01-01T00:00:00+00:00
[2022-04-29 02:39:38,181] {subprocess.py:62} INFO - Tmp dir root location: 
 /tmp
[2022-04-29 02:39:38,183] {subprocess.py:74} INFO - Running command: ['bash', '-c', 'rm /opt/***/laucnty14.xlsx /opt/***/us_employment_2014.parquet']
[2022-04-29 02:39:38,201] {subprocess.py:85} INFO - Output:
[2022-04-29 02:39:38,270] {subprocess.py:93} INFO - Command exited with return code 0
[2022-04-29 02:39:38,596] {taskinstance.py:1288} INFO - Marking task as SUCCESS. dag_id=data_ingestion_gcp_dag, task_id=rm_files_task, execution_date=20140101T000000, start_date=20220429T023937, end_date=20220429T023938
[2022-04-29 02:39:38,696] {local_task_job.py:154} INFO - Task exited with return code 0
[2022-04-29 02:39:38,926] {local_task_job.py:264} INFO - 0 downstream tasks scheduled from follow-on schedule check
