[2022-04-28 06:08:27,283] {taskinstance.py:1043} INFO - Dependencies all met for <TaskInstance: data_ingestion_gcp_dag.format_xl_to_csv_task scheduled__2009-01-01T00:00:00+00:00 [queued]>
[2022-04-28 06:08:27,324] {taskinstance.py:1043} INFO - Dependencies all met for <TaskInstance: data_ingestion_gcp_dag.format_xl_to_csv_task scheduled__2009-01-01T00:00:00+00:00 [queued]>
[2022-04-28 06:08:27,326] {taskinstance.py:1249} INFO - 
--------------------------------------------------------------------------------
[2022-04-28 06:08:27,327] {taskinstance.py:1250} INFO - Starting attempt 1 of 2
[2022-04-28 06:08:27,329] {taskinstance.py:1251} INFO - 
--------------------------------------------------------------------------------
[2022-04-28 06:08:27,370] {taskinstance.py:1270} INFO - Executing <Task(PythonOperator): format_xl_to_csv_task> on 2009-01-01 00:00:00+00:00
[2022-04-28 06:08:27,380] {standard_task_runner.py:52} INFO - Started process 2368 to run task
[2022-04-28 06:08:27,389] {standard_task_runner.py:79} INFO - Running: ['***', 'tasks', 'run', 'data_ingestion_gcp_dag', 'format_xl_to_csv_task', 'scheduled__2009-01-01T00:00:00+00:00', '--job-id', '563', '--raw', '--subdir', 'DAGS_FOLDER/ingest_to_gcs_dag.py', '--cfg-path', '/tmp/tmp21sdcesb', '--error-file', '/tmp/tmp1xrl196v']
[2022-04-28 06:08:27,392] {standard_task_runner.py:80} INFO - Job 563: Subtask format_xl_to_csv_task
[2022-04-28 06:08:27,830] {logging_mixin.py:109} INFO - Running <TaskInstance: data_ingestion_gcp_dag.format_xl_to_csv_task scheduled__2009-01-01T00:00:00+00:00 [running]> on host d4721d223bdd
[2022-04-28 06:08:28,124] {logging_mixin.py:109} WARNING - /home/***/.local/lib/python3.7/site-packages/***/utils/context.py:156 AirflowContextDeprecationWarning: Accessing 'execution_date' from the template is deprecated and will be removed in a future version. Please use 'data_interval_start' or 'logical_date' instead.
[2022-04-28 06:08:28,299] {taskinstance.py:1448} INFO - Exporting the following env vars:
AIRFLOW_CTX_DAG_OWNER=***
AIRFLOW_CTX_DAG_ID=data_ingestion_gcp_dag
AIRFLOW_CTX_TASK_ID=format_xl_to_csv_task
AIRFLOW_CTX_EXECUTION_DATE=2009-01-01T00:00:00+00:00
AIRFLOW_CTX_DAG_RUN_ID=scheduled__2009-01-01T00:00:00+00:00
[2022-04-28 06:08:33,538] {python.py:175} INFO - Done. Returned value was: None
[2022-04-28 06:08:33,641] {taskinstance.py:1288} INFO - Marking task as SUCCESS. dag_id=data_ingestion_gcp_dag, task_id=format_xl_to_csv_task, execution_date=20090101T000000, start_date=20220428T060827, end_date=20220428T060833
[2022-04-28 06:08:33,734] {local_task_job.py:154} INFO - Task exited with return code 0
[2022-04-28 06:08:33,988] {local_task_job.py:264} INFO - 1 downstream tasks scheduled from follow-on schedule check
[2022-04-29 02:38:11,096] {taskinstance.py:1043} INFO - Dependencies all met for <TaskInstance: data_ingestion_gcp_dag.format_xl_to_csv_task scheduled__2009-01-01T00:00:00+00:00 [queued]>
[2022-04-29 02:38:11,149] {taskinstance.py:1043} INFO - Dependencies all met for <TaskInstance: data_ingestion_gcp_dag.format_xl_to_csv_task scheduled__2009-01-01T00:00:00+00:00 [queued]>
[2022-04-29 02:38:11,152] {taskinstance.py:1249} INFO - 
--------------------------------------------------------------------------------
[2022-04-29 02:38:11,154] {taskinstance.py:1250} INFO - Starting attempt 1 of 2
[2022-04-29 02:38:11,156] {taskinstance.py:1251} INFO - 
--------------------------------------------------------------------------------
[2022-04-29 02:38:11,214] {taskinstance.py:1270} INFO - Executing <Task(PythonOperator): format_xl_to_csv_task> on 2009-01-01 00:00:00+00:00
[2022-04-29 02:38:11,226] {standard_task_runner.py:52} INFO - Started process 5948 to run task
[2022-04-29 02:38:11,242] {standard_task_runner.py:79} INFO - Running: ['***', 'tasks', 'run', 'data_ingestion_gcp_dag', 'format_xl_to_csv_task', 'scheduled__2009-01-01T00:00:00+00:00', '--job-id', '742', '--raw', '--subdir', 'DAGS_FOLDER/ingest_to_gcs_dag.py', '--cfg-path', '/tmp/tmpxw8uege6', '--error-file', '/tmp/tmpdhyvm50j']
[2022-04-29 02:38:11,245] {standard_task_runner.py:80} INFO - Job 742: Subtask format_xl_to_csv_task
[2022-04-29 02:38:11,692] {logging_mixin.py:109} INFO - Running <TaskInstance: data_ingestion_gcp_dag.format_xl_to_csv_task scheduled__2009-01-01T00:00:00+00:00 [running]> on host 6fd0ba274d58
[2022-04-29 02:38:11,971] {logging_mixin.py:109} WARNING - /home/***/.local/lib/python3.7/site-packages/***/utils/context.py:156 AirflowContextDeprecationWarning: Accessing 'execution_date' from the template is deprecated and will be removed in a future version. Please use 'data_interval_start' or 'logical_date' instead.
[2022-04-29 02:38:12,187] {taskinstance.py:1448} INFO - Exporting the following env vars:
AIRFLOW_CTX_DAG_OWNER=***
AIRFLOW_CTX_DAG_ID=data_ingestion_gcp_dag
AIRFLOW_CTX_TASK_ID=format_xl_to_csv_task
AIRFLOW_CTX_EXECUTION_DATE=2009-01-01T00:00:00+00:00
AIRFLOW_CTX_DAG_RUN_ID=scheduled__2009-01-01T00:00:00+00:00
[2022-04-29 02:38:18,128] {python.py:175} INFO - Done. Returned value was: None
[2022-04-29 02:38:18,478] {taskinstance.py:1288} INFO - Marking task as SUCCESS. dag_id=data_ingestion_gcp_dag, task_id=format_xl_to_csv_task, execution_date=20090101T000000, start_date=20220429T023811, end_date=20220429T023818
[2022-04-29 02:38:18,589] {local_task_job.py:154} INFO - Task exited with return code 0
[2022-04-29 02:38:19,063] {local_task_job.py:264} INFO - 0 downstream tasks scheduled from follow-on schedule check
[2022-05-02 07:56:34,776] {taskinstance.py:1032} INFO - Dependencies all met for <TaskInstance: data_ingestion_gcp_dag.format_xl_to_csv_task scheduled__2009-01-01T00:00:00+00:00 [queued]>
[2022-05-02 07:56:34,828] {taskinstance.py:1032} INFO - Dependencies all met for <TaskInstance: data_ingestion_gcp_dag.format_xl_to_csv_task scheduled__2009-01-01T00:00:00+00:00 [queued]>
[2022-05-02 07:56:34,830] {taskinstance.py:1238} INFO - 
--------------------------------------------------------------------------------
[2022-05-02 07:56:34,836] {taskinstance.py:1239} INFO - Starting attempt 1 of 2
[2022-05-02 07:56:34,837] {taskinstance.py:1240} INFO - 
--------------------------------------------------------------------------------
[2022-05-02 07:56:34,889] {taskinstance.py:1259} INFO - Executing <Task(PythonOperator): format_xl_to_csv_task> on 2009-01-01 00:00:00+00:00
[2022-05-02 07:56:34,903] {standard_task_runner.py:52} INFO - Started process 9680 to run task
[2022-05-02 07:56:34,918] {standard_task_runner.py:76} INFO - Running: ['***', 'tasks', 'run', 'data_ingestion_gcp_dag', 'format_xl_to_csv_task', 'scheduled__2009-01-01T00:00:00+00:00', '--job-id', '879', '--raw', '--subdir', 'DAGS_FOLDER/ingest_to_gcs_dag.py', '--cfg-path', '/tmp/tmpepxt5lih', '--error-file', '/tmp/tmpq41bdesx']
[2022-05-02 07:56:34,922] {standard_task_runner.py:77} INFO - Job 879: Subtask format_xl_to_csv_task
[2022-05-02 07:56:35,461] {logging_mixin.py:109} INFO - Running <TaskInstance: data_ingestion_gcp_dag.format_xl_to_csv_task scheduled__2009-01-01T00:00:00+00:00 [running]> on host ae42322ae538
[2022-05-02 07:56:35,719] {logging_mixin.py:109} WARNING - /home/***/.local/lib/python3.7/site-packages/***/utils/context.py:152 AirflowContextDeprecationWarning: Accessing 'execution_date' from the template is deprecated and will be removed in a future version. Please use 'data_interval_start' or 'logical_date' instead.
[2022-05-02 07:56:35,913] {taskinstance.py:1426} INFO - Exporting the following env vars:
AIRFLOW_CTX_DAG_OWNER=***
AIRFLOW_CTX_DAG_ID=data_ingestion_gcp_dag
AIRFLOW_CTX_TASK_ID=format_xl_to_csv_task
AIRFLOW_CTX_EXECUTION_DATE=2009-01-01T00:00:00+00:00
AIRFLOW_CTX_DAG_RUN_ID=scheduled__2009-01-01T00:00:00+00:00
[2022-05-02 07:56:42,364] {python.py:175} INFO - Done. Returned value was: None
[2022-05-02 07:56:42,528] {taskinstance.py:1277} INFO - Marking task as SUCCESS. dag_id=data_ingestion_gcp_dag, task_id=format_xl_to_csv_task, execution_date=20090101T000000, start_date=20220502T075634, end_date=20220502T075642
[2022-05-02 07:56:42,633] {local_task_job.py:154} INFO - Task exited with return code 0
[2022-05-02 07:56:43,044] {local_task_job.py:264} INFO - 0 downstream tasks scheduled from follow-on schedule check
[2022-05-02 09:18:40,195] {taskinstance.py:1032} INFO - Dependencies all met for <TaskInstance: data_ingestion_gcp_dag.format_xl_to_csv_task scheduled__2009-01-01T00:00:00+00:00 [queued]>
[2022-05-02 09:18:40,245] {taskinstance.py:1032} INFO - Dependencies all met for <TaskInstance: data_ingestion_gcp_dag.format_xl_to_csv_task scheduled__2009-01-01T00:00:00+00:00 [queued]>
[2022-05-02 09:18:40,247] {taskinstance.py:1238} INFO - 
--------------------------------------------------------------------------------
[2022-05-02 09:18:40,249] {taskinstance.py:1239} INFO - Starting attempt 1 of 2
[2022-05-02 09:18:40,250] {taskinstance.py:1240} INFO - 
--------------------------------------------------------------------------------
[2022-05-02 09:18:40,301] {taskinstance.py:1259} INFO - Executing <Task(PythonOperator): format_xl_to_csv_task> on 2009-01-01 00:00:00+00:00
[2022-05-02 09:18:40,311] {standard_task_runner.py:52} INFO - Started process 2960 to run task
[2022-05-02 09:18:40,327] {standard_task_runner.py:76} INFO - Running: ['***', 'tasks', 'run', 'data_ingestion_gcp_dag', 'format_xl_to_csv_task', 'scheduled__2009-01-01T00:00:00+00:00', '--job-id', '1000', '--raw', '--subdir', 'DAGS_FOLDER/ingest_to_gcs_dag.py', '--cfg-path', '/tmp/tmp0s1tkjmj', '--error-file', '/tmp/tmpc5grr5nr']
[2022-05-02 09:18:40,329] {standard_task_runner.py:77} INFO - Job 1000: Subtask format_xl_to_csv_task
[2022-05-02 09:18:40,734] {logging_mixin.py:109} INFO - Running <TaskInstance: data_ingestion_gcp_dag.format_xl_to_csv_task scheduled__2009-01-01T00:00:00+00:00 [running]> on host 98c324cf1bb6
[2022-05-02 09:18:40,984] {logging_mixin.py:109} WARNING - /home/***/.local/lib/python3.7/site-packages/***/utils/context.py:152 AirflowContextDeprecationWarning: Accessing 'execution_date' from the template is deprecated and will be removed in a future version. Please use 'data_interval_start' or 'logical_date' instead.
[2022-05-02 09:18:41,173] {taskinstance.py:1426} INFO - Exporting the following env vars:
AIRFLOW_CTX_DAG_OWNER=***
AIRFLOW_CTX_DAG_ID=data_ingestion_gcp_dag
AIRFLOW_CTX_TASK_ID=format_xl_to_csv_task
AIRFLOW_CTX_EXECUTION_DATE=2009-01-01T00:00:00+00:00
AIRFLOW_CTX_DAG_RUN_ID=scheduled__2009-01-01T00:00:00+00:00
[2022-05-02 09:18:47,943] {python.py:175} INFO - Done. Returned value was: None
[2022-05-02 09:18:48,071] {taskinstance.py:1277} INFO - Marking task as SUCCESS. dag_id=data_ingestion_gcp_dag, task_id=format_xl_to_csv_task, execution_date=20090101T000000, start_date=20220502T091840, end_date=20220502T091848
[2022-05-02 09:18:48,216] {local_task_job.py:154} INFO - Task exited with return code 0
[2022-05-02 09:18:48,479] {local_task_job.py:264} INFO - 1 downstream tasks scheduled from follow-on schedule check
