[2022-04-25 05:58:46,877] {taskinstance.py:1043} INFO - Dependencies all met for <TaskInstance: data_ingestion_gcp_dag.download_dataset_task scheduled__1995-01-01T00:00:00+00:00 [queued]>
[2022-04-25 05:58:46,945] {taskinstance.py:1043} INFO - Dependencies all met for <TaskInstance: data_ingestion_gcp_dag.download_dataset_task scheduled__1995-01-01T00:00:00+00:00 [queued]>
[2022-04-25 05:58:46,949] {taskinstance.py:1249} INFO - 
--------------------------------------------------------------------------------
[2022-04-25 05:58:46,951] {taskinstance.py:1250} INFO - Starting attempt 1 of 2
[2022-04-25 05:58:46,954] {taskinstance.py:1251} INFO - 
--------------------------------------------------------------------------------
[2022-04-25 05:58:47,035] {taskinstance.py:1270} INFO - Executing <Task(BashOperator): download_dataset_task> on 1995-01-01 00:00:00+00:00
[2022-04-25 05:58:47,062] {standard_task_runner.py:52} INFO - Started process 674 to run task
[2022-04-25 05:58:47,106] {standard_task_runner.py:79} INFO - Running: ['***', 'tasks', 'run', 'data_ingestion_gcp_dag', 'download_dataset_task', 'scheduled__1995-01-01T00:00:00+00:00', '--job-id', '284', '--raw', '--subdir', 'DAGS_FOLDER/ingest_to_gcs_dag.py', '--cfg-path', '/tmp/tmpz3zsbt76', '--error-file', '/tmp/tmpijgtyz15']
[2022-04-25 05:58:47,119] {standard_task_runner.py:80} INFO - Job 284: Subtask download_dataset_task
[2022-04-25 05:58:47,711] {logging_mixin.py:109} INFO - Running <TaskInstance: data_ingestion_gcp_dag.download_dataset_task scheduled__1995-01-01T00:00:00+00:00 [running]> on host d74937eb3452
[2022-04-25 05:58:47,980] {logging_mixin.py:109} WARNING - /home/***/.local/lib/python3.7/site-packages/***/utils/context.py:156 AirflowContextDeprecationWarning: Accessing 'execution_date' from the template is deprecated and will be removed in a future version. Please use 'data_interval_start' or 'logical_date' instead.
[2022-04-25 05:58:48,191] {taskinstance.py:1448} INFO - Exporting the following env vars:
AIRFLOW_CTX_DAG_OWNER=***
AIRFLOW_CTX_DAG_ID=data_ingestion_gcp_dag
AIRFLOW_CTX_TASK_ID=download_dataset_task
AIRFLOW_CTX_EXECUTION_DATE=1995-01-01T00:00:00+00:00
AIRFLOW_CTX_DAG_RUN_ID=scheduled__1995-01-01T00:00:00+00:00
[2022-04-25 05:58:48,197] {subprocess.py:62} INFO - Tmp dir root location: 
 /tmp
[2022-04-25 05:58:48,200] {subprocess.py:74} INFO - Running command: ['bash', '-c', 'curl -sSLf https://www.bls.gov/lau/laucnty95.xlsx > /opt/***//laucnty95.xlsx']
[2022-04-25 05:58:48,218] {subprocess.py:85} INFO - Output:
[2022-04-25 05:58:48,661] {subprocess.py:93} INFO - Command exited with return code 0
[2022-04-25 05:58:48,871] {taskinstance.py:1288} INFO - Marking task as SUCCESS. dag_id=data_ingestion_gcp_dag, task_id=download_dataset_task, execution_date=19950101T000000, start_date=20220425T055846, end_date=20220425T055848
[2022-04-25 05:58:48,949] {local_task_job.py:154} INFO - Task exited with return code 0
[2022-04-25 05:58:49,177] {local_task_job.py:264} INFO - 0 downstream tasks scheduled from follow-on schedule check
[2022-04-28 03:49:41,600] {taskinstance.py:1043} INFO - Dependencies all met for <TaskInstance: data_ingestion_gcp_dag.download_dataset_task scheduled__1995-01-01T00:00:00+00:00 [queued]>
[2022-04-28 03:49:41,657] {taskinstance.py:1043} INFO - Dependencies all met for <TaskInstance: data_ingestion_gcp_dag.download_dataset_task scheduled__1995-01-01T00:00:00+00:00 [queued]>
[2022-04-28 03:49:41,659] {taskinstance.py:1249} INFO - 
--------------------------------------------------------------------------------
[2022-04-28 03:49:41,660] {taskinstance.py:1250} INFO - Starting attempt 1 of 2
[2022-04-28 03:49:41,663] {taskinstance.py:1251} INFO - 
--------------------------------------------------------------------------------
[2022-04-28 03:49:41,718] {taskinstance.py:1270} INFO - Executing <Task(BashOperator): download_dataset_task> on 1995-01-01 00:00:00+00:00
[2022-04-28 03:49:41,730] {standard_task_runner.py:52} INFO - Started process 1007 to run task
[2022-04-28 03:49:41,746] {standard_task_runner.py:79} INFO - Running: ['***', 'tasks', 'run', 'data_ingestion_gcp_dag', 'download_dataset_task', 'scheduled__1995-01-01T00:00:00+00:00', '--job-id', '365', '--raw', '--subdir', 'DAGS_FOLDER/ingest_to_gcs_dag.py', '--cfg-path', '/tmp/tmp0ijjyk5l', '--error-file', '/tmp/tmpczxreiyw']
[2022-04-28 03:49:41,752] {standard_task_runner.py:80} INFO - Job 365: Subtask download_dataset_task
[2022-04-28 03:49:42,161] {logging_mixin.py:109} INFO - Running <TaskInstance: data_ingestion_gcp_dag.download_dataset_task scheduled__1995-01-01T00:00:00+00:00 [running]> on host 65f5b8b3c17c
[2022-04-28 03:49:42,476] {logging_mixin.py:109} WARNING - /home/***/.local/lib/python3.7/site-packages/***/utils/context.py:156 AirflowContextDeprecationWarning: Accessing 'execution_date' from the template is deprecated and will be removed in a future version. Please use 'data_interval_start' or 'logical_date' instead.
[2022-04-28 03:49:42,697] {taskinstance.py:1448} INFO - Exporting the following env vars:
AIRFLOW_CTX_DAG_OWNER=***
AIRFLOW_CTX_DAG_ID=data_ingestion_gcp_dag
AIRFLOW_CTX_TASK_ID=download_dataset_task
AIRFLOW_CTX_EXECUTION_DATE=1995-01-01T00:00:00+00:00
AIRFLOW_CTX_DAG_RUN_ID=scheduled__1995-01-01T00:00:00+00:00
[2022-04-28 03:49:42,702] {subprocess.py:62} INFO - Tmp dir root location: 
 /tmp
[2022-04-28 03:49:42,705] {subprocess.py:74} INFO - Running command: ['bash', '-c', 'curl -sSLf https://www.bls.gov/lau/laucnty95.xlsx > /opt/***/laucnty95.xlsx']
[2022-04-28 03:49:42,724] {subprocess.py:85} INFO - Output:
[2022-04-28 03:49:43,538] {subprocess.py:93} INFO - Command exited with return code 0
[2022-04-28 03:49:43,774] {taskinstance.py:1288} INFO - Marking task as SUCCESS. dag_id=data_ingestion_gcp_dag, task_id=download_dataset_task, execution_date=19950101T000000, start_date=20220428T034941, end_date=20220428T034943
[2022-04-28 03:49:43,857] {local_task_job.py:154} INFO - Task exited with return code 0
[2022-04-28 03:49:44,254] {local_task_job.py:264} INFO - 0 downstream tasks scheduled from follow-on schedule check
[2022-04-28 05:15:20,359] {taskinstance.py:1043} INFO - Dependencies all met for <TaskInstance: data_ingestion_gcp_dag.download_dataset_task scheduled__1995-01-01T00:00:00+00:00 [queued]>
[2022-04-28 05:15:20,507] {taskinstance.py:1043} INFO - Dependencies all met for <TaskInstance: data_ingestion_gcp_dag.download_dataset_task scheduled__1995-01-01T00:00:00+00:00 [queued]>
[2022-04-28 05:15:20,537] {taskinstance.py:1249} INFO - 
--------------------------------------------------------------------------------
[2022-04-28 05:15:20,555] {taskinstance.py:1250} INFO - Starting attempt 1 of 2
[2022-04-28 05:15:20,591] {taskinstance.py:1251} INFO - 
--------------------------------------------------------------------------------
[2022-04-28 05:15:20,746] {taskinstance.py:1270} INFO - Executing <Task(BashOperator): download_dataset_task> on 1995-01-01 00:00:00+00:00
[2022-04-28 05:15:20,761] {standard_task_runner.py:52} INFO - Started process 4134 to run task
[2022-04-28 05:15:20,794] {standard_task_runner.py:79} INFO - Running: ['***', 'tasks', 'run', 'data_ingestion_gcp_dag', 'download_dataset_task', 'scheduled__1995-01-01T00:00:00+00:00', '--job-id', '416', '--raw', '--subdir', 'DAGS_FOLDER/ingest_to_gcs_dag.py', '--cfg-path', '/tmp/tmpmynzv1nx', '--error-file', '/tmp/tmppyuomzd2']
[2022-04-28 05:15:20,812] {standard_task_runner.py:80} INFO - Job 416: Subtask download_dataset_task
[2022-04-28 05:15:21,599] {logging_mixin.py:109} INFO - Running <TaskInstance: data_ingestion_gcp_dag.download_dataset_task scheduled__1995-01-01T00:00:00+00:00 [running]> on host 65f5b8b3c17c
[2022-04-28 05:15:22,291] {logging_mixin.py:109} WARNING - /home/***/.local/lib/python3.7/site-packages/***/utils/context.py:156 AirflowContextDeprecationWarning: Accessing 'execution_date' from the template is deprecated and will be removed in a future version. Please use 'data_interval_start' or 'logical_date' instead.
[2022-04-28 05:15:22,667] {taskinstance.py:1448} INFO - Exporting the following env vars:
AIRFLOW_CTX_DAG_OWNER=***
AIRFLOW_CTX_DAG_ID=data_ingestion_gcp_dag
AIRFLOW_CTX_TASK_ID=download_dataset_task
AIRFLOW_CTX_EXECUTION_DATE=1995-01-01T00:00:00+00:00
AIRFLOW_CTX_DAG_RUN_ID=scheduled__1995-01-01T00:00:00+00:00
[2022-04-28 05:15:22,677] {subprocess.py:62} INFO - Tmp dir root location: 
 /tmp
[2022-04-28 05:15:22,680] {subprocess.py:74} INFO - Running command: ['bash', '-c', 'curl -sSLf https://www.bls.gov/lau/laucnty95.xlsx > /opt/***/laucnty95.xlsx']
[2022-04-28 05:15:22,707] {subprocess.py:85} INFO - Output:
[2022-04-28 05:15:24,334] {subprocess.py:93} INFO - Command exited with return code 0
[2022-04-28 05:15:24,888] {taskinstance.py:1288} INFO - Marking task as SUCCESS. dag_id=data_ingestion_gcp_dag, task_id=download_dataset_task, execution_date=19950101T000000, start_date=20220428T051520, end_date=20220428T051524
[2022-04-28 05:15:25,075] {local_task_job.py:154} INFO - Task exited with return code 0
[2022-04-28 05:15:26,592] {local_task_job.py:264} INFO - 0 downstream tasks scheduled from follow-on schedule check
[2022-04-28 06:02:25,612] {taskinstance.py:1043} INFO - Dependencies all met for <TaskInstance: data_ingestion_gcp_dag.download_dataset_task scheduled__1995-01-01T00:00:00+00:00 [queued]>
[2022-04-28 06:02:25,666] {taskinstance.py:1043} INFO - Dependencies all met for <TaskInstance: data_ingestion_gcp_dag.download_dataset_task scheduled__1995-01-01T00:00:00+00:00 [queued]>
[2022-04-28 06:02:25,668] {taskinstance.py:1249} INFO - 
--------------------------------------------------------------------------------
[2022-04-28 06:02:25,670] {taskinstance.py:1250} INFO - Starting attempt 1 of 2
[2022-04-28 06:02:25,671] {taskinstance.py:1251} INFO - 
--------------------------------------------------------------------------------
[2022-04-28 06:02:25,723] {taskinstance.py:1270} INFO - Executing <Task(BashOperator): download_dataset_task> on 1995-01-01 00:00:00+00:00
[2022-04-28 06:02:25,735] {standard_task_runner.py:52} INFO - Started process 1156 to run task
[2022-04-28 06:02:25,751] {standard_task_runner.py:79} INFO - Running: ['***', 'tasks', 'run', 'data_ingestion_gcp_dag', 'download_dataset_task', 'scheduled__1995-01-01T00:00:00+00:00', '--job-id', '493', '--raw', '--subdir', 'DAGS_FOLDER/ingest_to_gcs_dag.py', '--cfg-path', '/tmp/tmpv6y6sknh', '--error-file', '/tmp/tmp79i_4rx5']
[2022-04-28 06:02:25,754] {standard_task_runner.py:80} INFO - Job 493: Subtask download_dataset_task
[2022-04-28 06:02:26,172] {logging_mixin.py:109} INFO - Running <TaskInstance: data_ingestion_gcp_dag.download_dataset_task scheduled__1995-01-01T00:00:00+00:00 [running]> on host d4721d223bdd
[2022-04-28 06:02:26,488] {logging_mixin.py:109} WARNING - /home/***/.local/lib/python3.7/site-packages/***/utils/context.py:156 AirflowContextDeprecationWarning: Accessing 'execution_date' from the template is deprecated and will be removed in a future version. Please use 'data_interval_start' or 'logical_date' instead.
[2022-04-28 06:02:26,706] {taskinstance.py:1448} INFO - Exporting the following env vars:
AIRFLOW_CTX_DAG_OWNER=***
AIRFLOW_CTX_DAG_ID=data_ingestion_gcp_dag
AIRFLOW_CTX_TASK_ID=download_dataset_task
AIRFLOW_CTX_EXECUTION_DATE=1995-01-01T00:00:00+00:00
AIRFLOW_CTX_DAG_RUN_ID=scheduled__1995-01-01T00:00:00+00:00
[2022-04-28 06:02:26,711] {subprocess.py:62} INFO - Tmp dir root location: 
 /tmp
[2022-04-28 06:02:26,713] {subprocess.py:74} INFO - Running command: ['bash', '-c', 'curl -sSLf https://www.bls.gov/lau/laucnty95.xlsx > /opt/***/laucnty95.xlsx']
[2022-04-28 06:02:26,730] {subprocess.py:85} INFO - Output:
[2022-04-28 06:02:27,120] {subprocess.py:93} INFO - Command exited with return code 0
[2022-04-28 06:02:27,345] {taskinstance.py:1288} INFO - Marking task as SUCCESS. dag_id=data_ingestion_gcp_dag, task_id=download_dataset_task, execution_date=19950101T000000, start_date=20220428T060225, end_date=20220428T060227
[2022-04-28 06:02:27,405] {local_task_job.py:154} INFO - Task exited with return code 0
[2022-04-28 06:02:27,670] {local_task_job.py:264} INFO - 1 downstream tasks scheduled from follow-on schedule check
[2022-04-29 02:32:07,911] {taskinstance.py:1043} INFO - Dependencies all met for <TaskInstance: data_ingestion_gcp_dag.download_dataset_task scheduled__1995-01-01T00:00:00+00:00 [queued]>
[2022-04-29 02:32:07,957] {taskinstance.py:1043} INFO - Dependencies all met for <TaskInstance: data_ingestion_gcp_dag.download_dataset_task scheduled__1995-01-01T00:00:00+00:00 [queued]>
[2022-04-29 02:32:07,958] {taskinstance.py:1249} INFO - 
--------------------------------------------------------------------------------
[2022-04-29 02:32:07,961] {taskinstance.py:1250} INFO - Starting attempt 1 of 2
[2022-04-29 02:32:07,963] {taskinstance.py:1251} INFO - 
--------------------------------------------------------------------------------
[2022-04-29 02:32:08,006] {taskinstance.py:1270} INFO - Executing <Task(BashOperator): download_dataset_task> on 1995-01-01 00:00:00+00:00
[2022-04-29 02:32:08,016] {standard_task_runner.py:52} INFO - Started process 4759 to run task
[2022-04-29 02:32:08,024] {standard_task_runner.py:79} INFO - Running: ['***', 'tasks', 'run', 'data_ingestion_gcp_dag', 'download_dataset_task', 'scheduled__1995-01-01T00:00:00+00:00', '--job-id', '680', '--raw', '--subdir', 'DAGS_FOLDER/ingest_to_gcs_dag.py', '--cfg-path', '/tmp/tmps41yb2u1', '--error-file', '/tmp/tmpa5qi6997']
[2022-04-29 02:32:08,027] {standard_task_runner.py:80} INFO - Job 680: Subtask download_dataset_task
[2022-04-29 02:32:08,389] {logging_mixin.py:109} INFO - Running <TaskInstance: data_ingestion_gcp_dag.download_dataset_task scheduled__1995-01-01T00:00:00+00:00 [running]> on host 6fd0ba274d58
[2022-04-29 02:32:08,632] {logging_mixin.py:109} WARNING - /home/***/.local/lib/python3.7/site-packages/***/utils/context.py:156 AirflowContextDeprecationWarning: Accessing 'execution_date' from the template is deprecated and will be removed in a future version. Please use 'data_interval_start' or 'logical_date' instead.
[2022-04-29 02:32:08,803] {taskinstance.py:1448} INFO - Exporting the following env vars:
AIRFLOW_CTX_DAG_OWNER=***
AIRFLOW_CTX_DAG_ID=data_ingestion_gcp_dag
AIRFLOW_CTX_TASK_ID=download_dataset_task
AIRFLOW_CTX_EXECUTION_DATE=1995-01-01T00:00:00+00:00
AIRFLOW_CTX_DAG_RUN_ID=scheduled__1995-01-01T00:00:00+00:00
[2022-04-29 02:32:08,808] {subprocess.py:62} INFO - Tmp dir root location: 
 /tmp
[2022-04-29 02:32:08,810] {subprocess.py:74} INFO - Running command: ['bash', '-c', 'curl -sSLf https://www.bls.gov/lau/laucnty95.xlsx > /opt/***/laucnty95.xlsx']
[2022-04-29 02:32:08,827] {subprocess.py:85} INFO - Output:
[2022-04-29 02:32:09,502] {subprocess.py:93} INFO - Command exited with return code 0
[2022-04-29 02:32:09,697] {taskinstance.py:1288} INFO - Marking task as SUCCESS. dag_id=data_ingestion_gcp_dag, task_id=download_dataset_task, execution_date=19950101T000000, start_date=20220429T023207, end_date=20220429T023209
[2022-04-29 02:32:09,767] {local_task_job.py:154} INFO - Task exited with return code 0
[2022-04-29 02:32:10,023] {local_task_job.py:264} INFO - 1 downstream tasks scheduled from follow-on schedule check
[2022-05-02 07:52:40,387] {taskinstance.py:1032} INFO - Dependencies all met for <TaskInstance: data_ingestion_gcp_dag.download_dataset_task scheduled__1995-01-01T00:00:00+00:00 [queued]>
[2022-05-02 07:52:40,467] {taskinstance.py:1032} INFO - Dependencies all met for <TaskInstance: data_ingestion_gcp_dag.download_dataset_task scheduled__1995-01-01T00:00:00+00:00 [queued]>
[2022-05-02 07:52:40,469] {taskinstance.py:1238} INFO - 
--------------------------------------------------------------------------------
[2022-05-02 07:52:40,471] {taskinstance.py:1239} INFO - Starting attempt 1 of 2
[2022-05-02 07:52:40,473] {taskinstance.py:1240} INFO - 
--------------------------------------------------------------------------------
[2022-05-02 07:52:40,528] {taskinstance.py:1259} INFO - Executing <Task(BashOperator): download_dataset_task> on 1995-01-01 00:00:00+00:00
[2022-05-02 07:52:40,538] {standard_task_runner.py:52} INFO - Started process 8804 to run task
[2022-05-02 07:52:40,545] {standard_task_runner.py:76} INFO - Running: ['***', 'tasks', 'run', 'data_ingestion_gcp_dag', 'download_dataset_task', 'scheduled__1995-01-01T00:00:00+00:00', '--job-id', '835', '--raw', '--subdir', 'DAGS_FOLDER/ingest_to_gcs_dag.py', '--cfg-path', '/tmp/tmp39cj0k2x', '--error-file', '/tmp/tmpi0nlelwb']
[2022-05-02 07:52:40,549] {standard_task_runner.py:77} INFO - Job 835: Subtask download_dataset_task
[2022-05-02 07:52:40,925] {logging_mixin.py:109} INFO - Running <TaskInstance: data_ingestion_gcp_dag.download_dataset_task scheduled__1995-01-01T00:00:00+00:00 [running]> on host ae42322ae538
[2022-05-02 07:52:41,213] {logging_mixin.py:109} WARNING - /home/***/.local/lib/python3.7/site-packages/***/utils/context.py:152 AirflowContextDeprecationWarning: Accessing 'execution_date' from the template is deprecated and will be removed in a future version. Please use 'data_interval_start' or 'logical_date' instead.
[2022-05-02 07:52:41,403] {taskinstance.py:1426} INFO - Exporting the following env vars:
AIRFLOW_CTX_DAG_OWNER=***
AIRFLOW_CTX_DAG_ID=data_ingestion_gcp_dag
AIRFLOW_CTX_TASK_ID=download_dataset_task
AIRFLOW_CTX_EXECUTION_DATE=1995-01-01T00:00:00+00:00
AIRFLOW_CTX_DAG_RUN_ID=scheduled__1995-01-01T00:00:00+00:00
[2022-05-02 07:52:41,410] {subprocess.py:62} INFO - Tmp dir root location: 
 /tmp
[2022-05-02 07:52:41,415] {subprocess.py:74} INFO - Running command: ['bash', '-c', 'curl -sSLf https://www.bls.gov/lau/laucnty95.xlsx > /opt/***/laucnty95.xlsx']
[2022-05-02 07:52:41,456] {subprocess.py:85} INFO - Output:
[2022-05-02 07:52:41,843] {subprocess.py:93} INFO - Command exited with return code 0
[2022-05-02 07:52:42,051] {taskinstance.py:1277} INFO - Marking task as SUCCESS. dag_id=data_ingestion_gcp_dag, task_id=download_dataset_task, execution_date=19950101T000000, start_date=20220502T075240, end_date=20220502T075242
[2022-05-02 07:52:42,128] {local_task_job.py:154} INFO - Task exited with return code 0
[2022-05-02 07:52:42,379] {local_task_job.py:264} INFO - 1 downstream tasks scheduled from follow-on schedule check
[2022-05-02 09:14:43,700] {taskinstance.py:1032} INFO - Dependencies all met for <TaskInstance: data_ingestion_gcp_dag.download_dataset_task scheduled__1995-01-01T00:00:00+00:00 [queued]>
[2022-05-02 09:14:43,745] {taskinstance.py:1032} INFO - Dependencies all met for <TaskInstance: data_ingestion_gcp_dag.download_dataset_task scheduled__1995-01-01T00:00:00+00:00 [queued]>
[2022-05-02 09:14:43,747] {taskinstance.py:1238} INFO - 
--------------------------------------------------------------------------------
[2022-05-02 09:14:43,748] {taskinstance.py:1239} INFO - Starting attempt 1 of 2
[2022-05-02 09:14:43,750] {taskinstance.py:1240} INFO - 
--------------------------------------------------------------------------------
[2022-05-02 09:14:43,797] {taskinstance.py:1259} INFO - Executing <Task(BashOperator): download_dataset_task> on 1995-01-01 00:00:00+00:00
[2022-05-02 09:14:43,807] {standard_task_runner.py:52} INFO - Started process 2083 to run task
[2022-05-02 09:14:43,814] {standard_task_runner.py:76} INFO - Running: ['***', 'tasks', 'run', 'data_ingestion_gcp_dag', 'download_dataset_task', 'scheduled__1995-01-01T00:00:00+00:00', '--job-id', '954', '--raw', '--subdir', 'DAGS_FOLDER/ingest_to_gcs_dag.py', '--cfg-path', '/tmp/tmpf3ix6j85', '--error-file', '/tmp/tmpbwntcaxo']
[2022-05-02 09:14:43,817] {standard_task_runner.py:77} INFO - Job 954: Subtask download_dataset_task
[2022-05-02 09:14:44,219] {logging_mixin.py:109} INFO - Running <TaskInstance: data_ingestion_gcp_dag.download_dataset_task scheduled__1995-01-01T00:00:00+00:00 [running]> on host 98c324cf1bb6
[2022-05-02 09:14:44,479] {logging_mixin.py:109} WARNING - /home/***/.local/lib/python3.7/site-packages/***/utils/context.py:152 AirflowContextDeprecationWarning: Accessing 'execution_date' from the template is deprecated and will be removed in a future version. Please use 'data_interval_start' or 'logical_date' instead.
[2022-05-02 09:14:44,663] {taskinstance.py:1426} INFO - Exporting the following env vars:
AIRFLOW_CTX_DAG_OWNER=***
AIRFLOW_CTX_DAG_ID=data_ingestion_gcp_dag
AIRFLOW_CTX_TASK_ID=download_dataset_task
AIRFLOW_CTX_EXECUTION_DATE=1995-01-01T00:00:00+00:00
AIRFLOW_CTX_DAG_RUN_ID=scheduled__1995-01-01T00:00:00+00:00
[2022-05-02 09:14:44,669] {subprocess.py:62} INFO - Tmp dir root location: 
 /tmp
[2022-05-02 09:14:44,671] {subprocess.py:74} INFO - Running command: ['bash', '-c', 'curl -sSLf https://www.bls.gov/lau/laucnty95.xlsx > /opt/***/laucnty95.xlsx']
[2022-05-02 09:14:44,686] {subprocess.py:85} INFO - Output:
[2022-05-02 09:14:45,089] {subprocess.py:93} INFO - Command exited with return code 0
[2022-05-02 09:14:45,325] {taskinstance.py:1277} INFO - Marking task as SUCCESS. dag_id=data_ingestion_gcp_dag, task_id=download_dataset_task, execution_date=19950101T000000, start_date=20220502T091443, end_date=20220502T091445
[2022-05-02 09:14:45,442] {local_task_job.py:154} INFO - Task exited with return code 0
[2022-05-02 09:14:45,715] {local_task_job.py:264} INFO - 1 downstream tasks scheduled from follow-on schedule check
[2022-05-02 15:55:38,854] {taskinstance.py:1032} INFO - Dependencies all met for <TaskInstance: data_ingestion_gcp_dag.download_dataset_task scheduled__1995-01-01T00:00:00+00:00 [queued]>
[2022-05-02 15:55:38,907] {taskinstance.py:1032} INFO - Dependencies all met for <TaskInstance: data_ingestion_gcp_dag.download_dataset_task scheduled__1995-01-01T00:00:00+00:00 [queued]>
[2022-05-02 15:55:38,911] {taskinstance.py:1238} INFO - 
--------------------------------------------------------------------------------
[2022-05-02 15:55:38,913] {taskinstance.py:1239} INFO - Starting attempt 1 of 2
[2022-05-02 15:55:38,915] {taskinstance.py:1240} INFO - 
--------------------------------------------------------------------------------
[2022-05-02 15:55:38,976] {taskinstance.py:1259} INFO - Executing <Task(BashOperator): download_dataset_task> on 1995-01-01 00:00:00+00:00
[2022-05-02 15:55:38,986] {standard_task_runner.py:52} INFO - Started process 1196 to run task
[2022-05-02 15:55:39,002] {standard_task_runner.py:76} INFO - Running: ['***', 'tasks', 'run', 'data_ingestion_gcp_dag', 'download_dataset_task', 'scheduled__1995-01-01T00:00:00+00:00', '--job-id', '1055', '--raw', '--subdir', 'DAGS_FOLDER/ingest_to_gcs_dag.py', '--cfg-path', '/tmp/tmpl48th9wd', '--error-file', '/tmp/tmpsb0th7gj']
[2022-05-02 15:55:39,006] {standard_task_runner.py:77} INFO - Job 1055: Subtask download_dataset_task
[2022-05-02 15:55:39,390] {logging_mixin.py:109} INFO - Running <TaskInstance: data_ingestion_gcp_dag.download_dataset_task scheduled__1995-01-01T00:00:00+00:00 [running]> on host 9f5021834e17
[2022-05-02 15:55:39,659] {logging_mixin.py:109} WARNING - /home/***/.local/lib/python3.7/site-packages/***/utils/context.py:152 AirflowContextDeprecationWarning: Accessing 'execution_date' from the template is deprecated and will be removed in a future version. Please use 'data_interval_start' or 'logical_date' instead.
[2022-05-02 15:55:39,871] {taskinstance.py:1426} INFO - Exporting the following env vars:
AIRFLOW_CTX_DAG_OWNER=***
AIRFLOW_CTX_DAG_ID=data_ingestion_gcp_dag
AIRFLOW_CTX_TASK_ID=download_dataset_task
AIRFLOW_CTX_EXECUTION_DATE=1995-01-01T00:00:00+00:00
AIRFLOW_CTX_DAG_RUN_ID=scheduled__1995-01-01T00:00:00+00:00
[2022-05-02 15:55:39,877] {subprocess.py:62} INFO - Tmp dir root location: 
 /tmp
[2022-05-02 15:55:39,879] {subprocess.py:74} INFO - Running command: ['bash', '-c', 'curl -sSLf https://www.bls.gov/lau/laucnty95.xlsx > /opt/***/laucnty95.xlsx']
[2022-05-02 15:55:39,899] {subprocess.py:85} INFO - Output:
[2022-05-02 15:55:40,344] {subprocess.py:93} INFO - Command exited with return code 0
[2022-05-02 15:55:40,554] {taskinstance.py:1277} INFO - Marking task as SUCCESS. dag_id=data_ingestion_gcp_dag, task_id=download_dataset_task, execution_date=19950101T000000, start_date=20220502T155538, end_date=20220502T155540
[2022-05-02 15:55:40,614] {local_task_job.py:154} INFO - Task exited with return code 0
[2022-05-02 15:55:40,869] {local_task_job.py:264} INFO - 1 downstream tasks scheduled from follow-on schedule check
[2022-05-02 16:30:46,145] {taskinstance.py:1032} INFO - Dependencies all met for <TaskInstance: data_ingestion_gcp_dag.download_dataset_task scheduled__1995-01-01T00:00:00+00:00 [queued]>
[2022-05-02 16:30:46,190] {taskinstance.py:1032} INFO - Dependencies all met for <TaskInstance: data_ingestion_gcp_dag.download_dataset_task scheduled__1995-01-01T00:00:00+00:00 [queued]>
[2022-05-02 16:30:46,192] {taskinstance.py:1238} INFO - 
--------------------------------------------------------------------------------
[2022-05-02 16:30:46,194] {taskinstance.py:1239} INFO - Starting attempt 1 of 2
[2022-05-02 16:30:46,195] {taskinstance.py:1240} INFO - 
--------------------------------------------------------------------------------
[2022-05-02 16:30:46,241] {taskinstance.py:1259} INFO - Executing <Task(BashOperator): download_dataset_task> on 1995-01-01 00:00:00+00:00
[2022-05-02 16:30:46,251] {standard_task_runner.py:52} INFO - Started process 5781 to run task
[2022-05-02 16:30:46,260] {standard_task_runner.py:76} INFO - Running: ['***', 'tasks', 'run', 'data_ingestion_gcp_dag', 'download_dataset_task', 'scheduled__1995-01-01T00:00:00+00:00', '--job-id', '1162', '--raw', '--subdir', 'DAGS_FOLDER/ingest_to_gcs_dag.py', '--cfg-path', '/tmp/tmpm39todrv', '--error-file', '/tmp/tmp37gkes5s']
[2022-05-02 16:30:46,263] {standard_task_runner.py:77} INFO - Job 1162: Subtask download_dataset_task
[2022-05-02 16:30:46,635] {logging_mixin.py:109} INFO - Running <TaskInstance: data_ingestion_gcp_dag.download_dataset_task scheduled__1995-01-01T00:00:00+00:00 [running]> on host 9f5021834e17
[2022-05-02 16:30:46,880] {logging_mixin.py:109} WARNING - /home/***/.local/lib/python3.7/site-packages/***/utils/context.py:152 AirflowContextDeprecationWarning: Accessing 'execution_date' from the template is deprecated and will be removed in a future version. Please use 'data_interval_start' or 'logical_date' instead.
[2022-05-02 16:30:47,064] {taskinstance.py:1426} INFO - Exporting the following env vars:
AIRFLOW_CTX_DAG_OWNER=***
AIRFLOW_CTX_DAG_ID=data_ingestion_gcp_dag
AIRFLOW_CTX_TASK_ID=download_dataset_task
AIRFLOW_CTX_EXECUTION_DATE=1995-01-01T00:00:00+00:00
AIRFLOW_CTX_DAG_RUN_ID=scheduled__1995-01-01T00:00:00+00:00
[2022-05-02 16:30:47,070] {subprocess.py:62} INFO - Tmp dir root location: 
 /tmp
[2022-05-02 16:30:47,073] {subprocess.py:74} INFO - Running command: ['bash', '-c', 'curl -sSLf https://www.bls.gov/lau/laucnty95.xlsx > /opt/***/laucnty95.xlsx']
[2022-05-02 16:30:47,090] {subprocess.py:85} INFO - Output:
[2022-05-02 16:30:47,762] {subprocess.py:93} INFO - Command exited with return code 0
[2022-05-02 16:30:47,970] {taskinstance.py:1277} INFO - Marking task as SUCCESS. dag_id=data_ingestion_gcp_dag, task_id=download_dataset_task, execution_date=19950101T000000, start_date=20220502T163046, end_date=20220502T163047
[2022-05-02 16:30:48,055] {local_task_job.py:154} INFO - Task exited with return code 0
[2022-05-02 16:30:48,297] {local_task_job.py:264} INFO - 1 downstream tasks scheduled from follow-on schedule check
[2022-05-02 16:46:23,326] {taskinstance.py:1032} INFO - Dependencies all met for <TaskInstance: data_ingestion_gcp_dag.download_dataset_task scheduled__1995-01-01T00:00:00+00:00 [queued]>
[2022-05-02 16:46:23,365] {taskinstance.py:1032} INFO - Dependencies all met for <TaskInstance: data_ingestion_gcp_dag.download_dataset_task scheduled__1995-01-01T00:00:00+00:00 [queued]>
[2022-05-02 16:46:23,367] {taskinstance.py:1238} INFO - 
--------------------------------------------------------------------------------
[2022-05-02 16:46:23,368] {taskinstance.py:1239} INFO - Starting attempt 1 of 2
[2022-05-02 16:46:23,369] {taskinstance.py:1240} INFO - 
--------------------------------------------------------------------------------
[2022-05-02 16:46:23,409] {taskinstance.py:1259} INFO - Executing <Task(BashOperator): download_dataset_task> on 1995-01-01 00:00:00+00:00
[2022-05-02 16:46:23,418] {standard_task_runner.py:52} INFO - Started process 8600 to run task
[2022-05-02 16:46:23,426] {standard_task_runner.py:76} INFO - Running: ['***', 'tasks', 'run', 'data_ingestion_gcp_dag', 'download_dataset_task', 'scheduled__1995-01-01T00:00:00+00:00', '--job-id', '1266', '--raw', '--subdir', 'DAGS_FOLDER/ingest_to_gcs_dag.py', '--cfg-path', '/tmp/tmpzskziomu', '--error-file', '/tmp/tmp1wbbia7x']
[2022-05-02 16:46:23,430] {standard_task_runner.py:77} INFO - Job 1266: Subtask download_dataset_task
[2022-05-02 16:46:23,801] {logging_mixin.py:109} INFO - Running <TaskInstance: data_ingestion_gcp_dag.download_dataset_task scheduled__1995-01-01T00:00:00+00:00 [running]> on host 9f5021834e17
[2022-05-02 16:46:24,049] {logging_mixin.py:109} WARNING - /home/***/.local/lib/python3.7/site-packages/***/utils/context.py:152 AirflowContextDeprecationWarning: Accessing 'execution_date' from the template is deprecated and will be removed in a future version. Please use 'data_interval_start' or 'logical_date' instead.
[2022-05-02 16:46:24,224] {taskinstance.py:1426} INFO - Exporting the following env vars:
AIRFLOW_CTX_DAG_OWNER=***
AIRFLOW_CTX_DAG_ID=data_ingestion_gcp_dag
AIRFLOW_CTX_TASK_ID=download_dataset_task
AIRFLOW_CTX_EXECUTION_DATE=1995-01-01T00:00:00+00:00
AIRFLOW_CTX_DAG_RUN_ID=scheduled__1995-01-01T00:00:00+00:00
[2022-05-02 16:46:24,229] {subprocess.py:62} INFO - Tmp dir root location: 
 /tmp
[2022-05-02 16:46:24,231] {subprocess.py:74} INFO - Running command: ['bash', '-c', 'curl -sSLf https://www.bls.gov/lau/laucnty95.xlsx > /opt/***/laucnty95.xlsx']
[2022-05-02 16:46:24,247] {subprocess.py:85} INFO - Output:
[2022-05-02 16:46:24,591] {subprocess.py:93} INFO - Command exited with return code 0
[2022-05-02 16:46:24,787] {taskinstance.py:1277} INFO - Marking task as SUCCESS. dag_id=data_ingestion_gcp_dag, task_id=download_dataset_task, execution_date=19950101T000000, start_date=20220502T164623, end_date=20220502T164624
[2022-05-02 16:46:24,854] {local_task_job.py:154} INFO - Task exited with return code 0
[2022-05-02 16:46:25,316] {local_task_job.py:264} INFO - 0 downstream tasks scheduled from follow-on schedule check
