[2022-05-02 08:42:12,406] {taskinstance.py:1032} INFO - Dependencies all met for <TaskInstance: gcs_to_bq_dag.process_data_from_gcs_task manual__2022-05-02T08:42:07.091401+00:00 [queued]>
[2022-05-02 08:42:12,445] {taskinstance.py:1032} INFO - Dependencies all met for <TaskInstance: gcs_to_bq_dag.process_data_from_gcs_task manual__2022-05-02T08:42:07.091401+00:00 [queued]>
[2022-05-02 08:42:12,447] {taskinstance.py:1238} INFO - 
--------------------------------------------------------------------------------
[2022-05-02 08:42:12,448] {taskinstance.py:1239} INFO - Starting attempt 1 of 2
[2022-05-02 08:42:12,449] {taskinstance.py:1240} INFO - 
--------------------------------------------------------------------------------
[2022-05-02 08:42:12,493] {taskinstance.py:1259} INFO - Executing <Task(PythonOperator): process_data_from_gcs_task> on 2022-05-02 08:42:07.091401+00:00
[2022-05-02 08:42:12,503] {standard_task_runner.py:52} INFO - Started process 14952 to run task
[2022-05-02 08:42:12,511] {standard_task_runner.py:76} INFO - Running: ['***', 'tasks', 'run', 'gcs_to_bq_dag', 'process_data_from_gcs_task', 'manual__2022-05-02T08:42:07.091401+00:00', '--job-id', '928', '--raw', '--subdir', 'DAGS_FOLDER/gcs_to_bq_task.py', '--cfg-path', '/tmp/tmplavylpuj', '--error-file', '/tmp/tmp1nssyntp']
[2022-05-02 08:42:12,514] {standard_task_runner.py:77} INFO - Job 928: Subtask process_data_from_gcs_task
[2022-05-02 08:42:12,847] {logging_mixin.py:109} INFO - Running <TaskInstance: gcs_to_bq_dag.process_data_from_gcs_task manual__2022-05-02T08:42:07.091401+00:00 [running]> on host ae42322ae538
[2022-05-02 08:42:13,234] {taskinstance.py:1426} INFO - Exporting the following env vars:
AIRFLOW_CTX_DAG_OWNER=***
AIRFLOW_CTX_DAG_ID=gcs_to_bq_dag
AIRFLOW_CTX_TASK_ID=process_data_from_gcs_task
AIRFLOW_CTX_EXECUTION_DATE=2022-05-02T08:42:07.091401+00:00
AIRFLOW_CTX_DAG_RUN_ID=manual__2022-05-02T08:42:07.091401+00:00
[2022-05-02 08:44:17,035] {python.py:175} INFO - Done. Returned value was: None
[2022-05-02 08:44:17,170] {taskinstance.py:1277} INFO - Marking task as SUCCESS. dag_id=gcs_to_bq_dag, task_id=process_data_from_gcs_task, execution_date=20220502T084207, start_date=20220502T084212, end_date=20220502T084417
[2022-05-02 08:44:17,249] {local_task_job.py:154} INFO - Task exited with return code 0
[2022-05-02 08:44:17,560] {local_task_job.py:264} INFO - 1 downstream tasks scheduled from follow-on schedule check
