[2022-05-02 16:54:08,349] {taskinstance.py:1032} INFO - Dependencies all met for <TaskInstance: gcs_to_bq_dag.process_data_from_gcs_task manual__2022-05-02T16:54:02.970723+00:00 [queued]>
[2022-05-02 16:54:08,404] {taskinstance.py:1032} INFO - Dependencies all met for <TaskInstance: gcs_to_bq_dag.process_data_from_gcs_task manual__2022-05-02T16:54:02.970723+00:00 [queued]>
[2022-05-02 16:54:08,406] {taskinstance.py:1238} INFO - 
--------------------------------------------------------------------------------
[2022-05-02 16:54:08,409] {taskinstance.py:1239} INFO - Starting attempt 1 of 2
[2022-05-02 16:54:08,412] {taskinstance.py:1240} INFO - 
--------------------------------------------------------------------------------
[2022-05-02 16:54:08,474] {taskinstance.py:1259} INFO - Executing <Task(PythonOperator): process_data_from_gcs_task> on 2022-05-02 16:54:02.970723+00:00
[2022-05-02 16:54:08,490] {standard_task_runner.py:52} INFO - Started process 10259 to run task
[2022-05-02 16:54:08,503] {standard_task_runner.py:76} INFO - Running: ['***', 'tasks', 'run', 'gcs_to_bq_dag', 'process_data_from_gcs_task', 'manual__2022-05-02T16:54:02.970723+00:00', '--job-id', '1350', '--raw', '--subdir', 'DAGS_FOLDER/gcs_to_bq_task.py', '--cfg-path', '/tmp/tmpikqdj8qt', '--error-file', '/tmp/tmpk26cq0ik']
[2022-05-02 16:54:08,509] {standard_task_runner.py:77} INFO - Job 1350: Subtask process_data_from_gcs_task
[2022-05-02 16:54:09,382] {logging_mixin.py:109} INFO - Running <TaskInstance: gcs_to_bq_dag.process_data_from_gcs_task manual__2022-05-02T16:54:02.970723+00:00 [running]> on host 9f5021834e17
[2022-05-02 16:54:10,109] {taskinstance.py:1426} INFO - Exporting the following env vars:
AIRFLOW_CTX_DAG_OWNER=***
AIRFLOW_CTX_DAG_ID=gcs_to_bq_dag
AIRFLOW_CTX_TASK_ID=process_data_from_gcs_task
AIRFLOW_CTX_EXECUTION_DATE=2022-05-02T16:54:02.970723+00:00
AIRFLOW_CTX_DAG_RUN_ID=manual__2022-05-02T16:54:02.970723+00:00
[2022-05-02 16:56:12,223] {python.py:175} INFO - Done. Returned value was: None
[2022-05-02 16:56:12,357] {taskinstance.py:1277} INFO - Marking task as SUCCESS. dag_id=gcs_to_bq_dag, task_id=process_data_from_gcs_task, execution_date=20220502T165402, start_date=20220502T165408, end_date=20220502T165612
[2022-05-02 16:56:12,465] {local_task_job.py:154} INFO - Task exited with return code 0
[2022-05-02 16:56:12,849] {local_task_job.py:264} INFO - 1 downstream tasks scheduled from follow-on schedule check
