[2022-04-28 06:11:57,769] {taskinstance.py:1043} INFO - Dependencies all met for <TaskInstance: data_ingestion_gcp_dag.format_xl_to_csv_task scheduled__2006-01-01T00:00:00+00:00 [queued]>
[2022-04-28 06:11:57,824] {taskinstance.py:1043} INFO - Dependencies all met for <TaskInstance: data_ingestion_gcp_dag.format_xl_to_csv_task scheduled__2006-01-01T00:00:00+00:00 [queued]>
[2022-04-28 06:11:57,826] {taskinstance.py:1249} INFO - 
--------------------------------------------------------------------------------
[2022-04-28 06:11:57,827] {taskinstance.py:1250} INFO - Starting attempt 2 of 2
[2022-04-28 06:11:57,828] {taskinstance.py:1251} INFO - 
--------------------------------------------------------------------------------
[2022-04-28 06:11:57,886] {taskinstance.py:1270} INFO - Executing <Task(PythonOperator): format_xl_to_csv_task> on 2006-01-01 00:00:00+00:00
[2022-04-28 06:11:57,895] {standard_task_runner.py:52} INFO - Started process 2951 to run task
[2022-04-28 06:11:57,919] {standard_task_runner.py:79} INFO - Running: ['***', 'tasks', 'run', 'data_ingestion_gcp_dag', 'format_xl_to_csv_task', 'scheduled__2006-01-01T00:00:00+00:00', '--job-id', '592', '--raw', '--subdir', 'DAGS_FOLDER/ingest_to_gcs_dag.py', '--cfg-path', '/tmp/tmps5ppqgdl', '--error-file', '/tmp/tmp4qxhp65a']
[2022-04-28 06:11:57,924] {standard_task_runner.py:80} INFO - Job 592: Subtask format_xl_to_csv_task
[2022-04-28 06:11:58,323] {logging_mixin.py:109} INFO - Running <TaskInstance: data_ingestion_gcp_dag.format_xl_to_csv_task scheduled__2006-01-01T00:00:00+00:00 [running]> on host d4721d223bdd
[2022-04-28 06:11:58,599] {logging_mixin.py:109} WARNING - /home/***/.local/lib/python3.7/site-packages/***/utils/context.py:156 AirflowContextDeprecationWarning: Accessing 'execution_date' from the template is deprecated and will be removed in a future version. Please use 'data_interval_start' or 'logical_date' instead.
[2022-04-28 06:11:58,794] {taskinstance.py:1448} INFO - Exporting the following env vars:
AIRFLOW_CTX_DAG_OWNER=***
AIRFLOW_CTX_DAG_ID=data_ingestion_gcp_dag
AIRFLOW_CTX_TASK_ID=format_xl_to_csv_task
AIRFLOW_CTX_EXECUTION_DATE=2006-01-01T00:00:00+00:00
AIRFLOW_CTX_DAG_RUN_ID=scheduled__2006-01-01T00:00:00+00:00
[2022-04-28 06:12:04,600] {taskinstance.py:1774} ERROR - Task failed with exception
Traceback (most recent call last):
  File "pandas/_libs/lib.pyx", line 2305, in pandas._libs.lib.maybe_convert_numeric
ValueError: Unable to parse string "N.A."

During handling of the above exception, another exception occurred:

Traceback (most recent call last):
  File "/home/airflow/.local/lib/python3.7/site-packages/airflow/operators/python.py", line 174, in execute
    return_value = self.execute_callable()
  File "/home/airflow/.local/lib/python3.7/site-packages/airflow/operators/python.py", line 188, in execute_callable
    return self.python_callable(*self.op_args, **self.op_kwargs)
  File "/opt/airflow/dags/ingest_to_gcs_dag.py", line 55, in format_xl_to_csv
    df.unemployment_rate = pd.to_numeric(df.unemployment_rate)
  File "/home/airflow/.local/lib/python3.7/site-packages/pandas/core/tools/numeric.py", line 184, in to_numeric
    values, set(), coerce_numeric=coerce_numeric
  File "pandas/_libs/lib.pyx", line 2347, in pandas._libs.lib.maybe_convert_numeric
ValueError: Unable to parse string "N.A." at position 1135
[2022-04-28 06:12:04,722] {taskinstance.py:1288} INFO - Marking task as FAILED. dag_id=data_ingestion_gcp_dag, task_id=format_xl_to_csv_task, execution_date=20060101T000000, start_date=20220428T061157, end_date=20220428T061204
[2022-04-28 06:12:04,783] {standard_task_runner.py:98} ERROR - Failed to execute job 592 for task format_xl_to_csv_task (Unable to parse string "N.A." at position 1135; 2951)
[2022-04-28 06:12:04,802] {local_task_job.py:154} INFO - Task exited with return code 1
[2022-04-28 06:12:05,146] {local_task_job.py:264} INFO - 0 downstream tasks scheduled from follow-on schedule check
