[2022-04-29 02:22:00,491] {taskinstance.py:1043} INFO - Dependencies all met for <TaskInstance: data_ingestion_gcp_dag.format_xl_to_csv_task scheduled__2006-01-01T00:00:00+00:00 [queued]>
[2022-04-29 02:22:00,536] {taskinstance.py:1043} INFO - Dependencies all met for <TaskInstance: data_ingestion_gcp_dag.format_xl_to_csv_task scheduled__2006-01-01T00:00:00+00:00 [queued]>
[2022-04-29 02:22:00,538] {taskinstance.py:1249} INFO - 
--------------------------------------------------------------------------------
[2022-04-29 02:22:00,540] {taskinstance.py:1250} INFO - Starting attempt 4 of 5
[2022-04-29 02:22:00,541] {taskinstance.py:1251} INFO - 
--------------------------------------------------------------------------------
[2022-04-29 02:22:00,592] {taskinstance.py:1270} INFO - Executing <Task(PythonOperator): format_xl_to_csv_task> on 2006-01-01 00:00:00+00:00
[2022-04-29 02:22:00,602] {standard_task_runner.py:52} INFO - Started process 3451 to run task
[2022-04-29 02:22:00,616] {standard_task_runner.py:79} INFO - Running: ['***', 'tasks', 'run', 'data_ingestion_gcp_dag', 'format_xl_to_csv_task', 'scheduled__2006-01-01T00:00:00+00:00', '--job-id', '634', '--raw', '--subdir', 'DAGS_FOLDER/ingest_to_gcs_dag.py', '--cfg-path', '/tmp/tmpkzhmopnm', '--error-file', '/tmp/tmphda8_ch8']
[2022-04-29 02:22:00,618] {standard_task_runner.py:80} INFO - Job 634: Subtask format_xl_to_csv_task
[2022-04-29 02:22:01,007] {logging_mixin.py:109} INFO - Running <TaskInstance: data_ingestion_gcp_dag.format_xl_to_csv_task scheduled__2006-01-01T00:00:00+00:00 [running]> on host 6fd0ba274d58
[2022-04-29 02:22:01,256] {logging_mixin.py:109} WARNING - /home/***/.local/lib/python3.7/site-packages/***/utils/context.py:156 AirflowContextDeprecationWarning: Accessing 'execution_date' from the template is deprecated and will be removed in a future version. Please use 'data_interval_start' or 'logical_date' instead.
[2022-04-29 02:22:01,448] {taskinstance.py:1448} INFO - Exporting the following env vars:
AIRFLOW_CTX_DAG_OWNER=***
AIRFLOW_CTX_DAG_ID=data_ingestion_gcp_dag
AIRFLOW_CTX_TASK_ID=format_xl_to_csv_task
AIRFLOW_CTX_EXECUTION_DATE=2006-01-01T00:00:00+00:00
AIRFLOW_CTX_DAG_RUN_ID=scheduled__2006-01-01T00:00:00+00:00
[2022-04-29 02:22:07,582] {python.py:175} INFO - Done. Returned value was: None
[2022-04-29 02:22:07,687] {taskinstance.py:1288} INFO - Marking task as SUCCESS. dag_id=data_ingestion_gcp_dag, task_id=format_xl_to_csv_task, execution_date=20060101T000000, start_date=20220429T022200, end_date=20220429T022207
[2022-04-29 02:22:07,765] {local_task_job.py:154} INFO - Task exited with return code 0
[2022-04-29 02:22:08,028] {local_task_job.py:264} INFO - 1 downstream tasks scheduled from follow-on schedule check
