[2022-04-28 06:09:27,065] {taskinstance.py:1043} INFO - Dependencies all met for <TaskInstance: data_ingestion_gcp_dag.local_to_gcs_task scheduled__2010-01-01T00:00:00+00:00 [queued]>
[2022-04-28 06:09:27,109] {taskinstance.py:1043} INFO - Dependencies all met for <TaskInstance: data_ingestion_gcp_dag.local_to_gcs_task scheduled__2010-01-01T00:00:00+00:00 [queued]>
[2022-04-28 06:09:27,111] {taskinstance.py:1249} INFO - 
--------------------------------------------------------------------------------
[2022-04-28 06:09:27,113] {taskinstance.py:1250} INFO - Starting attempt 1 of 2
[2022-04-28 06:09:27,114] {taskinstance.py:1251} INFO - 
--------------------------------------------------------------------------------
[2022-04-28 06:09:27,164] {taskinstance.py:1270} INFO - Executing <Task(PythonOperator): local_to_gcs_task> on 2010-01-01 00:00:00+00:00
[2022-04-28 06:09:27,174] {standard_task_runner.py:52} INFO - Started process 2532 to run task
[2022-04-28 06:09:27,182] {standard_task_runner.py:79} INFO - Running: ['***', 'tasks', 'run', 'data_ingestion_gcp_dag', 'local_to_gcs_task', 'scheduled__2010-01-01T00:00:00+00:00', '--job-id', '570', '--raw', '--subdir', 'DAGS_FOLDER/ingest_to_gcs_dag.py', '--cfg-path', '/tmp/tmpwy_9ss9a', '--error-file', '/tmp/tmpp7p5zosq']
[2022-04-28 06:09:27,185] {standard_task_runner.py:80} INFO - Job 570: Subtask local_to_gcs_task
[2022-04-28 06:09:27,559] {logging_mixin.py:109} INFO - Running <TaskInstance: data_ingestion_gcp_dag.local_to_gcs_task scheduled__2010-01-01T00:00:00+00:00 [running]> on host d4721d223bdd
[2022-04-28 06:09:27,844] {logging_mixin.py:109} WARNING - /home/***/.local/lib/python3.7/site-packages/***/utils/context.py:156 AirflowContextDeprecationWarning: Accessing 'execution_date' from the template is deprecated and will be removed in a future version. Please use 'data_interval_start' or 'logical_date' instead.
[2022-04-28 06:09:28,039] {taskinstance.py:1448} INFO - Exporting the following env vars:
AIRFLOW_CTX_DAG_OWNER=***
AIRFLOW_CTX_DAG_ID=data_ingestion_gcp_dag
AIRFLOW_CTX_TASK_ID=local_to_gcs_task
AIRFLOW_CTX_EXECUTION_DATE=2010-01-01T00:00:00+00:00
AIRFLOW_CTX_DAG_RUN_ID=scheduled__2010-01-01T00:00:00+00:00
[2022-04-28 06:09:29,483] {python.py:175} INFO - Done. Returned value was: None
[2022-04-28 06:09:29,590] {taskinstance.py:1288} INFO - Marking task as SUCCESS. dag_id=data_ingestion_gcp_dag, task_id=local_to_gcs_task, execution_date=20100101T000000, start_date=20220428T060927, end_date=20220428T060929
[2022-04-28 06:09:29,645] {local_task_job.py:154} INFO - Task exited with return code 0
[2022-04-28 06:09:29,901] {local_task_job.py:264} INFO - 1 downstream tasks scheduled from follow-on schedule check
[2022-04-29 02:38:24,298] {taskinstance.py:1043} INFO - Dependencies all met for <TaskInstance: data_ingestion_gcp_dag.local_to_gcs_task scheduled__2010-01-01T00:00:00+00:00 [queued]>
[2022-04-29 02:38:24,393] {taskinstance.py:1043} INFO - Dependencies all met for <TaskInstance: data_ingestion_gcp_dag.local_to_gcs_task scheduled__2010-01-01T00:00:00+00:00 [queued]>
[2022-04-29 02:38:24,395] {taskinstance.py:1249} INFO - 
--------------------------------------------------------------------------------
[2022-04-29 02:38:24,397] {taskinstance.py:1250} INFO - Starting attempt 1 of 2
[2022-04-29 02:38:24,398] {taskinstance.py:1251} INFO - 
--------------------------------------------------------------------------------
[2022-04-29 02:38:24,465] {taskinstance.py:1270} INFO - Executing <Task(PythonOperator): local_to_gcs_task> on 2010-01-01 00:00:00+00:00
[2022-04-29 02:38:24,480] {standard_task_runner.py:52} INFO - Started process 6005 to run task
[2022-04-29 02:38:24,505] {standard_task_runner.py:79} INFO - Running: ['***', 'tasks', 'run', 'data_ingestion_gcp_dag', 'local_to_gcs_task', 'scheduled__2010-01-01T00:00:00+00:00', '--job-id', '747', '--raw', '--subdir', 'DAGS_FOLDER/ingest_to_gcs_dag.py', '--cfg-path', '/tmp/tmpaehfi5xo', '--error-file', '/tmp/tmpz79ilr2a']
[2022-04-29 02:38:24,509] {standard_task_runner.py:80} INFO - Job 747: Subtask local_to_gcs_task
[2022-04-29 02:38:24,925] {logging_mixin.py:109} INFO - Running <TaskInstance: data_ingestion_gcp_dag.local_to_gcs_task scheduled__2010-01-01T00:00:00+00:00 [running]> on host 6fd0ba274d58
[2022-04-29 02:38:25,208] {logging_mixin.py:109} WARNING - /home/***/.local/lib/python3.7/site-packages/***/utils/context.py:156 AirflowContextDeprecationWarning: Accessing 'execution_date' from the template is deprecated and will be removed in a future version. Please use 'data_interval_start' or 'logical_date' instead.
[2022-04-29 02:38:25,410] {taskinstance.py:1448} INFO - Exporting the following env vars:
AIRFLOW_CTX_DAG_OWNER=***
AIRFLOW_CTX_DAG_ID=data_ingestion_gcp_dag
AIRFLOW_CTX_TASK_ID=local_to_gcs_task
AIRFLOW_CTX_EXECUTION_DATE=2010-01-01T00:00:00+00:00
AIRFLOW_CTX_DAG_RUN_ID=scheduled__2010-01-01T00:00:00+00:00
[2022-04-29 02:38:26,816] {python.py:175} INFO - Done. Returned value was: None
[2022-04-29 02:38:27,008] {taskinstance.py:1288} INFO - Marking task as SUCCESS. dag_id=data_ingestion_gcp_dag, task_id=local_to_gcs_task, execution_date=20100101T000000, start_date=20220429T023824, end_date=20220429T023827
[2022-04-29 02:38:27,162] {local_task_job.py:154} INFO - Task exited with return code 0
[2022-04-29 02:38:27,645] {local_task_job.py:264} INFO - 1 downstream tasks scheduled from follow-on schedule check
[2022-05-02 07:57:14,228] {taskinstance.py:1032} INFO - Dependencies all met for <TaskInstance: data_ingestion_gcp_dag.local_to_gcs_task scheduled__2010-01-01T00:00:00+00:00 [queued]>
[2022-05-02 07:57:14,302] {taskinstance.py:1032} INFO - Dependencies all met for <TaskInstance: data_ingestion_gcp_dag.local_to_gcs_task scheduled__2010-01-01T00:00:00+00:00 [queued]>
[2022-05-02 07:57:14,304] {taskinstance.py:1238} INFO - 
--------------------------------------------------------------------------------
[2022-05-02 07:57:14,306] {taskinstance.py:1239} INFO - Starting attempt 1 of 2
[2022-05-02 07:57:14,308] {taskinstance.py:1240} INFO - 
--------------------------------------------------------------------------------
[2022-05-02 07:57:14,359] {taskinstance.py:1259} INFO - Executing <Task(PythonOperator): local_to_gcs_task> on 2010-01-01 00:00:00+00:00
[2022-05-02 07:57:14,369] {standard_task_runner.py:52} INFO - Started process 9857 to run task
[2022-05-02 07:57:14,401] {standard_task_runner.py:76} INFO - Running: ['***', 'tasks', 'run', 'data_ingestion_gcp_dag', 'local_to_gcs_task', 'scheduled__2010-01-01T00:00:00+00:00', '--job-id', '890', '--raw', '--subdir', 'DAGS_FOLDER/ingest_to_gcs_dag.py', '--cfg-path', '/tmp/tmp4ksp0dja', '--error-file', '/tmp/tmp5w5ttgx2']
[2022-05-02 07:57:14,404] {standard_task_runner.py:77} INFO - Job 890: Subtask local_to_gcs_task
[2022-05-02 07:57:14,781] {logging_mixin.py:109} INFO - Running <TaskInstance: data_ingestion_gcp_dag.local_to_gcs_task scheduled__2010-01-01T00:00:00+00:00 [running]> on host ae42322ae538
[2022-05-02 07:57:15,043] {logging_mixin.py:109} WARNING - /home/***/.local/lib/python3.7/site-packages/***/utils/context.py:152 AirflowContextDeprecationWarning: Accessing 'execution_date' from the template is deprecated and will be removed in a future version. Please use 'data_interval_start' or 'logical_date' instead.
[2022-05-02 07:57:15,246] {taskinstance.py:1426} INFO - Exporting the following env vars:
AIRFLOW_CTX_DAG_OWNER=***
AIRFLOW_CTX_DAG_ID=data_ingestion_gcp_dag
AIRFLOW_CTX_TASK_ID=local_to_gcs_task
AIRFLOW_CTX_EXECUTION_DATE=2010-01-01T00:00:00+00:00
AIRFLOW_CTX_DAG_RUN_ID=scheduled__2010-01-01T00:00:00+00:00
[2022-05-02 07:57:16,165] {python.py:175} INFO - Done. Returned value was: None
[2022-05-02 07:57:16,352] {taskinstance.py:1277} INFO - Marking task as SUCCESS. dag_id=data_ingestion_gcp_dag, task_id=local_to_gcs_task, execution_date=20100101T000000, start_date=20220502T075714, end_date=20220502T075716
[2022-05-02 07:57:16,565] {local_task_job.py:154} INFO - Task exited with return code 0
[2022-05-02 07:57:16,941] {local_task_job.py:264} INFO - 0 downstream tasks scheduled from follow-on schedule check
[2022-05-02 09:18:53,193] {taskinstance.py:1032} INFO - Dependencies all met for <TaskInstance: data_ingestion_gcp_dag.local_to_gcs_task scheduled__2010-01-01T00:00:00+00:00 [queued]>
[2022-05-02 09:18:53,299] {taskinstance.py:1032} INFO - Dependencies all met for <TaskInstance: data_ingestion_gcp_dag.local_to_gcs_task scheduled__2010-01-01T00:00:00+00:00 [queued]>
[2022-05-02 09:18:53,301] {taskinstance.py:1238} INFO - 
--------------------------------------------------------------------------------
[2022-05-02 09:18:53,302] {taskinstance.py:1239} INFO - Starting attempt 1 of 2
[2022-05-02 09:18:53,304] {taskinstance.py:1240} INFO - 
--------------------------------------------------------------------------------
[2022-05-02 09:18:53,415] {taskinstance.py:1259} INFO - Executing <Task(PythonOperator): local_to_gcs_task> on 2010-01-01 00:00:00+00:00
[2022-05-02 09:18:53,435] {standard_task_runner.py:52} INFO - Started process 3018 to run task
[2022-05-02 09:18:53,473] {standard_task_runner.py:76} INFO - Running: ['***', 'tasks', 'run', 'data_ingestion_gcp_dag', 'local_to_gcs_task', 'scheduled__2010-01-01T00:00:00+00:00', '--job-id', '1002', '--raw', '--subdir', 'DAGS_FOLDER/ingest_to_gcs_dag.py', '--cfg-path', '/tmp/tmpoq465cmx', '--error-file', '/tmp/tmpaouuk2q1']
[2022-05-02 09:18:53,484] {standard_task_runner.py:77} INFO - Job 1002: Subtask local_to_gcs_task
[2022-05-02 09:18:53,932] {logging_mixin.py:109} INFO - Running <TaskInstance: data_ingestion_gcp_dag.local_to_gcs_task scheduled__2010-01-01T00:00:00+00:00 [running]> on host 98c324cf1bb6
[2022-05-02 09:18:54,297] {logging_mixin.py:109} WARNING - /home/***/.local/lib/python3.7/site-packages/***/utils/context.py:152 AirflowContextDeprecationWarning: Accessing 'execution_date' from the template is deprecated and will be removed in a future version. Please use 'data_interval_start' or 'logical_date' instead.
[2022-05-02 09:18:54,720] {taskinstance.py:1426} INFO - Exporting the following env vars:
AIRFLOW_CTX_DAG_OWNER=***
AIRFLOW_CTX_DAG_ID=data_ingestion_gcp_dag
AIRFLOW_CTX_TASK_ID=local_to_gcs_task
AIRFLOW_CTX_EXECUTION_DATE=2010-01-01T00:00:00+00:00
AIRFLOW_CTX_DAG_RUN_ID=scheduled__2010-01-01T00:00:00+00:00
[2022-05-02 09:18:55,674] {python.py:175} INFO - Done. Returned value was: None
[2022-05-02 09:18:55,781] {taskinstance.py:1277} INFO - Marking task as SUCCESS. dag_id=data_ingestion_gcp_dag, task_id=local_to_gcs_task, execution_date=20100101T000000, start_date=20220502T091853, end_date=20220502T091855
[2022-05-02 09:18:55,923] {local_task_job.py:154} INFO - Task exited with return code 0
[2022-05-02 09:18:56,327] {local_task_job.py:264} INFO - 0 downstream tasks scheduled from follow-on schedule check
[2022-05-02 16:00:03,179] {taskinstance.py:1032} INFO - Dependencies all met for <TaskInstance: data_ingestion_gcp_dag.local_to_gcs_task scheduled__2010-01-01T00:00:00+00:00 [queued]>
[2022-05-02 16:00:03,223] {taskinstance.py:1032} INFO - Dependencies all met for <TaskInstance: data_ingestion_gcp_dag.local_to_gcs_task scheduled__2010-01-01T00:00:00+00:00 [queued]>
[2022-05-02 16:00:03,225] {taskinstance.py:1238} INFO - 
--------------------------------------------------------------------------------
[2022-05-02 16:00:03,227] {taskinstance.py:1239} INFO - Starting attempt 1 of 2
[2022-05-02 16:00:03,228] {taskinstance.py:1240} INFO - 
--------------------------------------------------------------------------------
[2022-05-02 16:00:03,271] {taskinstance.py:1259} INFO - Executing <Task(PythonOperator): local_to_gcs_task> on 2010-01-01 00:00:00+00:00
[2022-05-02 16:00:03,282] {standard_task_runner.py:52} INFO - Started process 2167 to run task
[2022-05-02 16:00:03,292] {standard_task_runner.py:76} INFO - Running: ['***', 'tasks', 'run', 'data_ingestion_gcp_dag', 'local_to_gcs_task', 'scheduled__2010-01-01T00:00:00+00:00', '--job-id', '1105', '--raw', '--subdir', 'DAGS_FOLDER/ingest_to_gcs_dag.py', '--cfg-path', '/tmp/tmp1daofwnl', '--error-file', '/tmp/tmpzy9fgp7p']
[2022-05-02 16:00:03,296] {standard_task_runner.py:77} INFO - Job 1105: Subtask local_to_gcs_task
[2022-05-02 16:00:03,674] {logging_mixin.py:109} INFO - Running <TaskInstance: data_ingestion_gcp_dag.local_to_gcs_task scheduled__2010-01-01T00:00:00+00:00 [running]> on host 9f5021834e17
[2022-05-02 16:00:03,918] {logging_mixin.py:109} WARNING - /home/***/.local/lib/python3.7/site-packages/***/utils/context.py:152 AirflowContextDeprecationWarning: Accessing 'execution_date' from the template is deprecated and will be removed in a future version. Please use 'data_interval_start' or 'logical_date' instead.
[2022-05-02 16:00:04,106] {taskinstance.py:1426} INFO - Exporting the following env vars:
AIRFLOW_CTX_DAG_OWNER=***
AIRFLOW_CTX_DAG_ID=data_ingestion_gcp_dag
AIRFLOW_CTX_TASK_ID=local_to_gcs_task
AIRFLOW_CTX_EXECUTION_DATE=2010-01-01T00:00:00+00:00
AIRFLOW_CTX_DAG_RUN_ID=scheduled__2010-01-01T00:00:00+00:00
[2022-05-02 16:00:04,925] {python.py:175} INFO - Done. Returned value was: None
[2022-05-02 16:00:05,028] {taskinstance.py:1277} INFO - Marking task as SUCCESS. dag_id=data_ingestion_gcp_dag, task_id=local_to_gcs_task, execution_date=20100101T000000, start_date=20220502T160003, end_date=20220502T160005
[2022-05-02 16:00:05,097] {local_task_job.py:154} INFO - Task exited with return code 0
[2022-05-02 16:00:05,327] {local_task_job.py:264} INFO - 0 downstream tasks scheduled from follow-on schedule check
[2022-05-02 16:35:05,437] {taskinstance.py:1032} INFO - Dependencies all met for <TaskInstance: data_ingestion_gcp_dag.local_to_gcs_task scheduled__2010-01-01T00:00:00+00:00 [queued]>
[2022-05-02 16:35:05,492] {taskinstance.py:1032} INFO - Dependencies all met for <TaskInstance: data_ingestion_gcp_dag.local_to_gcs_task scheduled__2010-01-01T00:00:00+00:00 [queued]>
[2022-05-02 16:35:05,494] {taskinstance.py:1238} INFO - 
--------------------------------------------------------------------------------
[2022-05-02 16:35:05,496] {taskinstance.py:1239} INFO - Starting attempt 1 of 2
[2022-05-02 16:35:05,498] {taskinstance.py:1240} INFO - 
--------------------------------------------------------------------------------
[2022-05-02 16:35:05,553] {taskinstance.py:1259} INFO - Executing <Task(PythonOperator): local_to_gcs_task> on 2010-01-01 00:00:00+00:00
[2022-05-02 16:35:05,565] {standard_task_runner.py:52} INFO - Started process 6740 to run task
[2022-05-02 16:35:05,576] {standard_task_runner.py:76} INFO - Running: ['***', 'tasks', 'run', 'data_ingestion_gcp_dag', 'local_to_gcs_task', 'scheduled__2010-01-01T00:00:00+00:00', '--job-id', '1212', '--raw', '--subdir', 'DAGS_FOLDER/ingest_to_gcs_dag.py', '--cfg-path', '/tmp/tmps88524nt', '--error-file', '/tmp/tmpk8s7rkck']
[2022-05-02 16:35:05,579] {standard_task_runner.py:77} INFO - Job 1212: Subtask local_to_gcs_task
[2022-05-02 16:35:06,098] {logging_mixin.py:109} INFO - Running <TaskInstance: data_ingestion_gcp_dag.local_to_gcs_task scheduled__2010-01-01T00:00:00+00:00 [running]> on host 9f5021834e17
[2022-05-02 16:35:06,511] {logging_mixin.py:109} WARNING - /home/***/.local/lib/python3.7/site-packages/***/utils/context.py:152 AirflowContextDeprecationWarning: Accessing 'execution_date' from the template is deprecated and will be removed in a future version. Please use 'data_interval_start' or 'logical_date' instead.
[2022-05-02 16:35:06,726] {taskinstance.py:1426} INFO - Exporting the following env vars:
AIRFLOW_CTX_DAG_OWNER=***
AIRFLOW_CTX_DAG_ID=data_ingestion_gcp_dag
AIRFLOW_CTX_TASK_ID=local_to_gcs_task
AIRFLOW_CTX_EXECUTION_DATE=2010-01-01T00:00:00+00:00
AIRFLOW_CTX_DAG_RUN_ID=scheduled__2010-01-01T00:00:00+00:00
[2022-05-02 16:35:07,465] {python.py:175} INFO - Done. Returned value was: None
[2022-05-02 16:35:07,575] {taskinstance.py:1277} INFO - Marking task as SUCCESS. dag_id=data_ingestion_gcp_dag, task_id=local_to_gcs_task, execution_date=20100101T000000, start_date=20220502T163505, end_date=20220502T163507
[2022-05-02 16:35:07,666] {local_task_job.py:154} INFO - Task exited with return code 0
[2022-05-02 16:35:08,008] {local_task_job.py:264} INFO - 0 downstream tasks scheduled from follow-on schedule check
[2022-05-02 16:50:55,916] {taskinstance.py:1032} INFO - Dependencies all met for <TaskInstance: data_ingestion_gcp_dag.local_to_gcs_task scheduled__2010-01-01T00:00:00+00:00 [queued]>
[2022-05-02 16:50:55,963] {taskinstance.py:1032} INFO - Dependencies all met for <TaskInstance: data_ingestion_gcp_dag.local_to_gcs_task scheduled__2010-01-01T00:00:00+00:00 [queued]>
[2022-05-02 16:50:55,964] {taskinstance.py:1238} INFO - 
--------------------------------------------------------------------------------
[2022-05-02 16:50:55,966] {taskinstance.py:1239} INFO - Starting attempt 1 of 2
[2022-05-02 16:50:55,967] {taskinstance.py:1240} INFO - 
--------------------------------------------------------------------------------
[2022-05-02 16:50:56,019] {taskinstance.py:1259} INFO - Executing <Task(PythonOperator): local_to_gcs_task> on 2010-01-01 00:00:00+00:00
[2022-05-02 16:50:56,031] {standard_task_runner.py:52} INFO - Started process 9650 to run task
[2022-05-02 16:50:56,047] {standard_task_runner.py:76} INFO - Running: ['***', 'tasks', 'run', 'data_ingestion_gcp_dag', 'local_to_gcs_task', 'scheduled__2010-01-01T00:00:00+00:00', '--job-id', '1321', '--raw', '--subdir', 'DAGS_FOLDER/ingest_to_gcs_dag.py', '--cfg-path', '/tmp/tmpxvzmjrmw', '--error-file', '/tmp/tmppr9r9spl']
[2022-05-02 16:50:56,050] {standard_task_runner.py:77} INFO - Job 1321: Subtask local_to_gcs_task
[2022-05-02 16:50:56,449] {logging_mixin.py:109} INFO - Running <TaskInstance: data_ingestion_gcp_dag.local_to_gcs_task scheduled__2010-01-01T00:00:00+00:00 [running]> on host 9f5021834e17
[2022-05-02 16:50:56,740] {logging_mixin.py:109} WARNING - /home/***/.local/lib/python3.7/site-packages/***/utils/context.py:152 AirflowContextDeprecationWarning: Accessing 'execution_date' from the template is deprecated and will be removed in a future version. Please use 'data_interval_start' or 'logical_date' instead.
[2022-05-02 16:50:56,939] {taskinstance.py:1426} INFO - Exporting the following env vars:
AIRFLOW_CTX_DAG_OWNER=***
AIRFLOW_CTX_DAG_ID=data_ingestion_gcp_dag
AIRFLOW_CTX_TASK_ID=local_to_gcs_task
AIRFLOW_CTX_EXECUTION_DATE=2010-01-01T00:00:00+00:00
AIRFLOW_CTX_DAG_RUN_ID=scheduled__2010-01-01T00:00:00+00:00
[2022-05-02 16:50:58,831] {python.py:175} INFO - Done. Returned value was: None
[2022-05-02 16:50:58,939] {taskinstance.py:1277} INFO - Marking task as SUCCESS. dag_id=data_ingestion_gcp_dag, task_id=local_to_gcs_task, execution_date=20100101T000000, start_date=20220502T165055, end_date=20220502T165058
[2022-05-02 16:50:59,006] {local_task_job.py:154} INFO - Task exited with return code 0
[2022-05-02 16:50:59,234] {local_task_job.py:264} INFO - 0 downstream tasks scheduled from follow-on schedule check
