[2022-05-02 16:00:48,150] {taskinstance.py:1032} INFO - Dependencies all met for <TaskInstance: data_ingestion_gcp_dag.format_xl_to_pq_task scheduled__2014-01-01T00:00:00+00:00 [queued]>
[2022-05-02 16:00:48,194] {taskinstance.py:1032} INFO - Dependencies all met for <TaskInstance: data_ingestion_gcp_dag.format_xl_to_pq_task scheduled__2014-01-01T00:00:00+00:00 [queued]>
[2022-05-02 16:00:48,199] {taskinstance.py:1238} INFO - 
--------------------------------------------------------------------------------
[2022-05-02 16:00:48,201] {taskinstance.py:1239} INFO - Starting attempt 1 of 2
[2022-05-02 16:00:48,202] {taskinstance.py:1240} INFO - 
--------------------------------------------------------------------------------
[2022-05-02 16:00:48,249] {taskinstance.py:1259} INFO - Executing <Task(PythonOperator): format_xl_to_pq_task> on 2014-01-01 00:00:00+00:00
[2022-05-02 16:00:48,260] {standard_task_runner.py:52} INFO - Started process 2399 to run task
[2022-05-02 16:00:48,275] {standard_task_runner.py:76} INFO - Running: ['***', 'tasks', 'run', 'data_ingestion_gcp_dag', 'format_xl_to_pq_task', 'scheduled__2014-01-01T00:00:00+00:00', '--job-id', '1118', '--raw', '--subdir', 'DAGS_FOLDER/ingest_to_gcs_dag.py', '--cfg-path', '/tmp/tmpc7ja4grq', '--error-file', '/tmp/tmp6q70kx8y']
[2022-05-02 16:00:48,279] {standard_task_runner.py:77} INFO - Job 1118: Subtask format_xl_to_pq_task
[2022-05-02 16:00:48,702] {logging_mixin.py:109} INFO - Running <TaskInstance: data_ingestion_gcp_dag.format_xl_to_pq_task scheduled__2014-01-01T00:00:00+00:00 [running]> on host 9f5021834e17
[2022-05-02 16:00:49,072] {logging_mixin.py:109} WARNING - /home/***/.local/lib/python3.7/site-packages/***/utils/context.py:152 AirflowContextDeprecationWarning: Accessing 'execution_date' from the template is deprecated and will be removed in a future version. Please use 'data_interval_start' or 'logical_date' instead.
[2022-05-02 16:00:49,303] {taskinstance.py:1426} INFO - Exporting the following env vars:
AIRFLOW_CTX_DAG_OWNER=***
AIRFLOW_CTX_DAG_ID=data_ingestion_gcp_dag
AIRFLOW_CTX_TASK_ID=format_xl_to_pq_task
AIRFLOW_CTX_EXECUTION_DATE=2014-01-01T00:00:00+00:00
AIRFLOW_CTX_DAG_RUN_ID=scheduled__2014-01-01T00:00:00+00:00
[2022-05-02 16:00:56,375] {python.py:175} INFO - Done. Returned value was: None
[2022-05-02 16:00:56,501] {taskinstance.py:1277} INFO - Marking task as SUCCESS. dag_id=data_ingestion_gcp_dag, task_id=format_xl_to_pq_task, execution_date=20140101T000000, start_date=20220502T160048, end_date=20220502T160056
[2022-05-02 16:00:56,650] {local_task_job.py:154} INFO - Task exited with return code 0
[2022-05-02 16:00:56,961] {local_task_job.py:264} INFO - 1 downstream tasks scheduled from follow-on schedule check
[2022-05-02 16:35:56,838] {taskinstance.py:1032} INFO - Dependencies all met for <TaskInstance: data_ingestion_gcp_dag.format_xl_to_pq_task scheduled__2014-01-01T00:00:00+00:00 [queued]>
[2022-05-02 16:35:57,000] {taskinstance.py:1032} INFO - Dependencies all met for <TaskInstance: data_ingestion_gcp_dag.format_xl_to_pq_task scheduled__2014-01-01T00:00:00+00:00 [queued]>
[2022-05-02 16:35:57,007] {taskinstance.py:1238} INFO - 
--------------------------------------------------------------------------------
[2022-05-02 16:35:57,014] {taskinstance.py:1239} INFO - Starting attempt 1 of 2
[2022-05-02 16:35:57,017] {taskinstance.py:1240} INFO - 
--------------------------------------------------------------------------------
[2022-05-02 16:35:57,191] {taskinstance.py:1259} INFO - Executing <Task(PythonOperator): format_xl_to_pq_task> on 2014-01-01 00:00:00+00:00
[2022-05-02 16:35:57,205] {standard_task_runner.py:52} INFO - Started process 6990 to run task
[2022-05-02 16:35:57,231] {standard_task_runner.py:76} INFO - Running: ['***', 'tasks', 'run', 'data_ingestion_gcp_dag', 'format_xl_to_pq_task', 'scheduled__2014-01-01T00:00:00+00:00', '--job-id', '1225', '--raw', '--subdir', 'DAGS_FOLDER/ingest_to_gcs_dag.py', '--cfg-path', '/tmp/tmp5ku3ala4', '--error-file', '/tmp/tmpmtn63wp3']
[2022-05-02 16:35:57,242] {standard_task_runner.py:77} INFO - Job 1225: Subtask format_xl_to_pq_task
[2022-05-02 16:35:57,769] {logging_mixin.py:109} INFO - Running <TaskInstance: data_ingestion_gcp_dag.format_xl_to_pq_task scheduled__2014-01-01T00:00:00+00:00 [running]> on host 9f5021834e17
[2022-05-02 16:35:58,087] {logging_mixin.py:109} WARNING - /home/***/.local/lib/python3.7/site-packages/***/utils/context.py:152 AirflowContextDeprecationWarning: Accessing 'execution_date' from the template is deprecated and will be removed in a future version. Please use 'data_interval_start' or 'logical_date' instead.
[2022-05-02 16:35:58,517] {taskinstance.py:1426} INFO - Exporting the following env vars:
AIRFLOW_CTX_DAG_OWNER=***
AIRFLOW_CTX_DAG_ID=data_ingestion_gcp_dag
AIRFLOW_CTX_TASK_ID=format_xl_to_pq_task
AIRFLOW_CTX_EXECUTION_DATE=2014-01-01T00:00:00+00:00
AIRFLOW_CTX_DAG_RUN_ID=scheduled__2014-01-01T00:00:00+00:00
[2022-05-02 16:36:06,965] {python.py:175} INFO - Done. Returned value was: None
[2022-05-02 16:36:07,083] {taskinstance.py:1277} INFO - Marking task as SUCCESS. dag_id=data_ingestion_gcp_dag, task_id=format_xl_to_pq_task, execution_date=20140101T000000, start_date=20220502T163556, end_date=20220502T163607
[2022-05-02 16:36:07,222] {local_task_job.py:154} INFO - Task exited with return code 0
[2022-05-02 16:36:07,652] {local_task_job.py:264} INFO - 0 downstream tasks scheduled from follow-on schedule check
[2022-05-02 16:51:13,274] {taskinstance.py:1032} INFO - Dependencies all met for <TaskInstance: data_ingestion_gcp_dag.format_xl_to_pq_task scheduled__2014-01-01T00:00:00+00:00 [queued]>
[2022-05-02 16:51:13,325] {taskinstance.py:1032} INFO - Dependencies all met for <TaskInstance: data_ingestion_gcp_dag.format_xl_to_pq_task scheduled__2014-01-01T00:00:00+00:00 [queued]>
[2022-05-02 16:51:13,327] {taskinstance.py:1238} INFO - 
--------------------------------------------------------------------------------
[2022-05-02 16:51:13,328] {taskinstance.py:1239} INFO - Starting attempt 1 of 2
[2022-05-02 16:51:13,329] {taskinstance.py:1240} INFO - 
--------------------------------------------------------------------------------
[2022-05-02 16:51:13,384] {taskinstance.py:1259} INFO - Executing <Task(PythonOperator): format_xl_to_pq_task> on 2014-01-01 00:00:00+00:00
[2022-05-02 16:51:13,394] {standard_task_runner.py:52} INFO - Started process 9747 to run task
[2022-05-02 16:51:13,406] {standard_task_runner.py:76} INFO - Running: ['***', 'tasks', 'run', 'data_ingestion_gcp_dag', 'format_xl_to_pq_task', 'scheduled__2014-01-01T00:00:00+00:00', '--job-id', '1326', '--raw', '--subdir', 'DAGS_FOLDER/ingest_to_gcs_dag.py', '--cfg-path', '/tmp/tmp4fb5z1ly', '--error-file', '/tmp/tmp7splj797']
[2022-05-02 16:51:13,410] {standard_task_runner.py:77} INFO - Job 1326: Subtask format_xl_to_pq_task
[2022-05-02 16:51:13,939] {logging_mixin.py:109} INFO - Running <TaskInstance: data_ingestion_gcp_dag.format_xl_to_pq_task scheduled__2014-01-01T00:00:00+00:00 [running]> on host 9f5021834e17
[2022-05-02 16:51:14,379] {logging_mixin.py:109} WARNING - /home/***/.local/lib/python3.7/site-packages/***/utils/context.py:152 AirflowContextDeprecationWarning: Accessing 'execution_date' from the template is deprecated and will be removed in a future version. Please use 'data_interval_start' or 'logical_date' instead.
[2022-05-02 16:51:14,779] {taskinstance.py:1426} INFO - Exporting the following env vars:
AIRFLOW_CTX_DAG_OWNER=***
AIRFLOW_CTX_DAG_ID=data_ingestion_gcp_dag
AIRFLOW_CTX_TASK_ID=format_xl_to_pq_task
AIRFLOW_CTX_EXECUTION_DATE=2014-01-01T00:00:00+00:00
AIRFLOW_CTX_DAG_RUN_ID=scheduled__2014-01-01T00:00:00+00:00
[2022-05-02 16:51:22,028] {python.py:175} INFO - Done. Returned value was: None
[2022-05-02 16:51:22,145] {taskinstance.py:1277} INFO - Marking task as SUCCESS. dag_id=data_ingestion_gcp_dag, task_id=format_xl_to_pq_task, execution_date=20140101T000000, start_date=20220502T165113, end_date=20220502T165122
[2022-05-02 16:51:22,237] {local_task_job.py:154} INFO - Task exited with return code 0
[2022-05-02 16:51:22,529] {local_task_job.py:264} INFO - 1 downstream tasks scheduled from follow-on schedule check
