[2022-04-28 06:09:50,054] {taskinstance.py:1043} INFO - Dependencies all met for <TaskInstance: data_ingestion_gcp_dag.format_xl_to_csv_task scheduled__2011-01-01T00:00:00+00:00 [queued]>
[2022-04-28 06:09:50,094] {taskinstance.py:1043} INFO - Dependencies all met for <TaskInstance: data_ingestion_gcp_dag.format_xl_to_csv_task scheduled__2011-01-01T00:00:00+00:00 [queued]>
[2022-04-28 06:09:50,096] {taskinstance.py:1249} INFO - 
--------------------------------------------------------------------------------
[2022-04-28 06:09:50,097] {taskinstance.py:1250} INFO - Starting attempt 1 of 2
[2022-04-28 06:09:50,098] {taskinstance.py:1251} INFO - 
--------------------------------------------------------------------------------
[2022-04-28 06:09:50,137] {taskinstance.py:1270} INFO - Executing <Task(PythonOperator): format_xl_to_csv_task> on 2011-01-01 00:00:00+00:00
[2022-04-28 06:09:50,148] {standard_task_runner.py:52} INFO - Started process 2585 to run task
[2022-04-28 06:09:50,156] {standard_task_runner.py:79} INFO - Running: ['***', 'tasks', 'run', 'data_ingestion_gcp_dag', 'format_xl_to_csv_task', 'scheduled__2011-01-01T00:00:00+00:00', '--job-id', '573', '--raw', '--subdir', 'DAGS_FOLDER/ingest_to_gcs_dag.py', '--cfg-path', '/tmp/tmpzdxsjf3p', '--error-file', '/tmp/tmplwamvkep']
[2022-04-28 06:09:50,160] {standard_task_runner.py:80} INFO - Job 573: Subtask format_xl_to_csv_task
[2022-04-28 06:09:50,531] {logging_mixin.py:109} INFO - Running <TaskInstance: data_ingestion_gcp_dag.format_xl_to_csv_task scheduled__2011-01-01T00:00:00+00:00 [running]> on host d4721d223bdd
[2022-04-28 06:09:50,788] {logging_mixin.py:109} WARNING - /home/***/.local/lib/python3.7/site-packages/***/utils/context.py:156 AirflowContextDeprecationWarning: Accessing 'execution_date' from the template is deprecated and will be removed in a future version. Please use 'data_interval_start' or 'logical_date' instead.
[2022-04-28 06:09:51,021] {taskinstance.py:1448} INFO - Exporting the following env vars:
AIRFLOW_CTX_DAG_OWNER=***
AIRFLOW_CTX_DAG_ID=data_ingestion_gcp_dag
AIRFLOW_CTX_TASK_ID=format_xl_to_csv_task
AIRFLOW_CTX_EXECUTION_DATE=2011-01-01T00:00:00+00:00
AIRFLOW_CTX_DAG_RUN_ID=scheduled__2011-01-01T00:00:00+00:00
[2022-04-28 06:09:56,526] {python.py:175} INFO - Done. Returned value was: None
[2022-04-28 06:09:56,800] {taskinstance.py:1288} INFO - Marking task as SUCCESS. dag_id=data_ingestion_gcp_dag, task_id=format_xl_to_csv_task, execution_date=20110101T000000, start_date=20220428T060950, end_date=20220428T060956
[2022-04-28 06:09:56,873] {local_task_job.py:154} INFO - Task exited with return code 0
[2022-04-28 06:09:57,118] {local_task_job.py:264} INFO - 1 downstream tasks scheduled from follow-on schedule check
[2022-04-29 02:38:32,682] {taskinstance.py:1043} INFO - Dependencies all met for <TaskInstance: data_ingestion_gcp_dag.format_xl_to_csv_task scheduled__2011-01-01T00:00:00+00:00 [queued]>
[2022-04-29 02:38:32,823] {taskinstance.py:1043} INFO - Dependencies all met for <TaskInstance: data_ingestion_gcp_dag.format_xl_to_csv_task scheduled__2011-01-01T00:00:00+00:00 [queued]>
[2022-04-29 02:38:32,826] {taskinstance.py:1249} INFO - 
--------------------------------------------------------------------------------
[2022-04-29 02:38:32,829] {taskinstance.py:1250} INFO - Starting attempt 1 of 2
[2022-04-29 02:38:32,833] {taskinstance.py:1251} INFO - 
--------------------------------------------------------------------------------
[2022-04-29 02:38:32,922] {taskinstance.py:1270} INFO - Executing <Task(PythonOperator): format_xl_to_csv_task> on 2011-01-01 00:00:00+00:00
[2022-04-29 02:38:32,943] {standard_task_runner.py:52} INFO - Started process 6039 to run task
[2022-04-29 02:38:32,967] {standard_task_runner.py:79} INFO - Running: ['***', 'tasks', 'run', 'data_ingestion_gcp_dag', 'format_xl_to_csv_task', 'scheduled__2011-01-01T00:00:00+00:00', '--job-id', '749', '--raw', '--subdir', 'DAGS_FOLDER/ingest_to_gcs_dag.py', '--cfg-path', '/tmp/tmpcmn3abgg', '--error-file', '/tmp/tmp0q47fu36']
[2022-04-29 02:38:32,971] {standard_task_runner.py:80} INFO - Job 749: Subtask format_xl_to_csv_task
[2022-04-29 02:38:33,734] {logging_mixin.py:109} INFO - Running <TaskInstance: data_ingestion_gcp_dag.format_xl_to_csv_task scheduled__2011-01-01T00:00:00+00:00 [running]> on host 6fd0ba274d58
[2022-04-29 02:38:34,012] {logging_mixin.py:109} WARNING - /home/***/.local/lib/python3.7/site-packages/***/utils/context.py:156 AirflowContextDeprecationWarning: Accessing 'execution_date' from the template is deprecated and will be removed in a future version. Please use 'data_interval_start' or 'logical_date' instead.
[2022-04-29 02:38:34,228] {taskinstance.py:1448} INFO - Exporting the following env vars:
AIRFLOW_CTX_DAG_OWNER=***
AIRFLOW_CTX_DAG_ID=data_ingestion_gcp_dag
AIRFLOW_CTX_TASK_ID=format_xl_to_csv_task
AIRFLOW_CTX_EXECUTION_DATE=2011-01-01T00:00:00+00:00
AIRFLOW_CTX_DAG_RUN_ID=scheduled__2011-01-01T00:00:00+00:00
[2022-04-29 02:38:40,351] {python.py:175} INFO - Done. Returned value was: None
[2022-04-29 02:38:40,462] {taskinstance.py:1288} INFO - Marking task as SUCCESS. dag_id=data_ingestion_gcp_dag, task_id=format_xl_to_csv_task, execution_date=20110101T000000, start_date=20220429T023832, end_date=20220429T023840
[2022-04-29 02:38:40,544] {local_task_job.py:154} INFO - Task exited with return code 0
[2022-04-29 02:38:40,821] {local_task_job.py:264} INFO - 1 downstream tasks scheduled from follow-on schedule check
[2022-05-02 07:57:02,493] {taskinstance.py:1032} INFO - Dependencies all met for <TaskInstance: data_ingestion_gcp_dag.format_xl_to_csv_task scheduled__2011-01-01T00:00:00+00:00 [queued]>
[2022-05-02 07:57:02,548] {taskinstance.py:1032} INFO - Dependencies all met for <TaskInstance: data_ingestion_gcp_dag.format_xl_to_csv_task scheduled__2011-01-01T00:00:00+00:00 [queued]>
[2022-05-02 07:57:02,550] {taskinstance.py:1238} INFO - 
--------------------------------------------------------------------------------
[2022-05-02 07:57:02,552] {taskinstance.py:1239} INFO - Starting attempt 1 of 2
[2022-05-02 07:57:02,554] {taskinstance.py:1240} INFO - 
--------------------------------------------------------------------------------
[2022-05-02 07:57:02,603] {taskinstance.py:1259} INFO - Executing <Task(PythonOperator): format_xl_to_csv_task> on 2011-01-01 00:00:00+00:00
[2022-05-02 07:57:02,619] {standard_task_runner.py:52} INFO - Started process 9807 to run task
[2022-05-02 07:57:02,643] {standard_task_runner.py:76} INFO - Running: ['***', 'tasks', 'run', 'data_ingestion_gcp_dag', 'format_xl_to_csv_task', 'scheduled__2011-01-01T00:00:00+00:00', '--job-id', '887', '--raw', '--subdir', 'DAGS_FOLDER/ingest_to_gcs_dag.py', '--cfg-path', '/tmp/tmp66ld8u9c', '--error-file', '/tmp/tmp06y_juhv']
[2022-05-02 07:57:02,653] {standard_task_runner.py:77} INFO - Job 887: Subtask format_xl_to_csv_task
[2022-05-02 07:57:03,073] {logging_mixin.py:109} INFO - Running <TaskInstance: data_ingestion_gcp_dag.format_xl_to_csv_task scheduled__2011-01-01T00:00:00+00:00 [running]> on host ae42322ae538
[2022-05-02 07:57:03,339] {logging_mixin.py:109} WARNING - /home/***/.local/lib/python3.7/site-packages/***/utils/context.py:152 AirflowContextDeprecationWarning: Accessing 'execution_date' from the template is deprecated and will be removed in a future version. Please use 'data_interval_start' or 'logical_date' instead.
[2022-05-02 07:57:03,546] {taskinstance.py:1426} INFO - Exporting the following env vars:
AIRFLOW_CTX_DAG_OWNER=***
AIRFLOW_CTX_DAG_ID=data_ingestion_gcp_dag
AIRFLOW_CTX_TASK_ID=format_xl_to_csv_task
AIRFLOW_CTX_EXECUTION_DATE=2011-01-01T00:00:00+00:00
AIRFLOW_CTX_DAG_RUN_ID=scheduled__2011-01-01T00:00:00+00:00
[2022-05-02 07:57:10,144] {python.py:175} INFO - Done. Returned value was: None
[2022-05-02 07:57:10,255] {taskinstance.py:1277} INFO - Marking task as SUCCESS. dag_id=data_ingestion_gcp_dag, task_id=format_xl_to_csv_task, execution_date=20110101T000000, start_date=20220502T075702, end_date=20220502T075710
[2022-05-02 07:57:10,361] {local_task_job.py:154} INFO - Task exited with return code 0
[2022-05-02 07:57:10,696] {local_task_job.py:264} INFO - 0 downstream tasks scheduled from follow-on schedule check
[2022-05-02 09:19:14,524] {taskinstance.py:1032} INFO - Dependencies all met for <TaskInstance: data_ingestion_gcp_dag.format_xl_to_csv_task scheduled__2011-01-01T00:00:00+00:00 [queued]>
[2022-05-02 09:19:14,585] {taskinstance.py:1032} INFO - Dependencies all met for <TaskInstance: data_ingestion_gcp_dag.format_xl_to_csv_task scheduled__2011-01-01T00:00:00+00:00 [queued]>
[2022-05-02 09:19:14,587] {taskinstance.py:1238} INFO - 
--------------------------------------------------------------------------------
[2022-05-02 09:19:14,588] {taskinstance.py:1239} INFO - Starting attempt 1 of 2
[2022-05-02 09:19:14,590] {taskinstance.py:1240} INFO - 
--------------------------------------------------------------------------------
[2022-05-02 09:19:14,650] {taskinstance.py:1259} INFO - Executing <Task(PythonOperator): format_xl_to_csv_task> on 2011-01-01 00:00:00+00:00
[2022-05-02 09:19:14,660] {standard_task_runner.py:52} INFO - Started process 3120 to run task
[2022-05-02 09:19:14,678] {standard_task_runner.py:76} INFO - Running: ['***', 'tasks', 'run', 'data_ingestion_gcp_dag', 'format_xl_to_csv_task', 'scheduled__2011-01-01T00:00:00+00:00', '--job-id', '1008', '--raw', '--subdir', 'DAGS_FOLDER/ingest_to_gcs_dag.py', '--cfg-path', '/tmp/tmpg9a6jbhe', '--error-file', '/tmp/tmp7zf20wdg']
[2022-05-02 09:19:14,681] {standard_task_runner.py:77} INFO - Job 1008: Subtask format_xl_to_csv_task
[2022-05-02 09:19:15,080] {logging_mixin.py:109} INFO - Running <TaskInstance: data_ingestion_gcp_dag.format_xl_to_csv_task scheduled__2011-01-01T00:00:00+00:00 [running]> on host 98c324cf1bb6
[2022-05-02 09:19:15,359] {logging_mixin.py:109} WARNING - /home/***/.local/lib/python3.7/site-packages/***/utils/context.py:152 AirflowContextDeprecationWarning: Accessing 'execution_date' from the template is deprecated and will be removed in a future version. Please use 'data_interval_start' or 'logical_date' instead.
[2022-05-02 09:19:15,580] {taskinstance.py:1426} INFO - Exporting the following env vars:
AIRFLOW_CTX_DAG_OWNER=***
AIRFLOW_CTX_DAG_ID=data_ingestion_gcp_dag
AIRFLOW_CTX_TASK_ID=format_xl_to_csv_task
AIRFLOW_CTX_EXECUTION_DATE=2011-01-01T00:00:00+00:00
AIRFLOW_CTX_DAG_RUN_ID=scheduled__2011-01-01T00:00:00+00:00
[2022-05-02 09:19:21,978] {python.py:175} INFO - Done. Returned value was: None
[2022-05-02 09:19:22,086] {taskinstance.py:1277} INFO - Marking task as SUCCESS. dag_id=data_ingestion_gcp_dag, task_id=format_xl_to_csv_task, execution_date=20110101T000000, start_date=20220502T091914, end_date=20220502T091922
[2022-05-02 09:19:22,170] {local_task_job.py:154} INFO - Task exited with return code 0
[2022-05-02 09:19:22,411] {local_task_job.py:264} INFO - 1 downstream tasks scheduled from follow-on schedule check
