[2022-04-28 06:03:00,629] {taskinstance.py:1043} INFO - Dependencies all met for <TaskInstance: data_ingestion_gcp_dag.rm_files_task scheduled__1995-01-01T00:00:00+00:00 [queued]>
[2022-04-28 06:03:00,689] {taskinstance.py:1043} INFO - Dependencies all met for <TaskInstance: data_ingestion_gcp_dag.rm_files_task scheduled__1995-01-01T00:00:00+00:00 [queued]>
[2022-04-28 06:03:00,694] {taskinstance.py:1249} INFO - 
--------------------------------------------------------------------------------
[2022-04-28 06:03:00,702] {taskinstance.py:1250} INFO - Starting attempt 1 of 2
[2022-04-28 06:03:00,705] {taskinstance.py:1251} INFO - 
--------------------------------------------------------------------------------
[2022-04-28 06:03:00,809] {taskinstance.py:1270} INFO - Executing <Task(BashOperator): rm_files_task> on 1995-01-01 00:00:00+00:00
[2022-04-28 06:03:00,837] {standard_task_runner.py:52} INFO - Started process 1285 to run task
[2022-04-28 06:03:00,860] {standard_task_runner.py:79} INFO - Running: ['***', 'tasks', 'run', 'data_ingestion_gcp_dag', 'rm_files_task', 'scheduled__1995-01-01T00:00:00+00:00', '--job-id', '501', '--raw', '--subdir', 'DAGS_FOLDER/ingest_to_gcs_dag.py', '--cfg-path', '/tmp/tmpq1q0kf0g', '--error-file', '/tmp/tmpnncg1lkd']
[2022-04-28 06:03:00,870] {standard_task_runner.py:80} INFO - Job 501: Subtask rm_files_task
[2022-04-28 06:03:01,698] {logging_mixin.py:109} INFO - Running <TaskInstance: data_ingestion_gcp_dag.rm_files_task scheduled__1995-01-01T00:00:00+00:00 [running]> on host d4721d223bdd
[2022-04-28 06:03:02,052] {logging_mixin.py:109} WARNING - /home/***/.local/lib/python3.7/site-packages/***/utils/context.py:156 AirflowContextDeprecationWarning: Accessing 'execution_date' from the template is deprecated and will be removed in a future version. Please use 'data_interval_start' or 'logical_date' instead.
[2022-04-28 06:03:02,267] {taskinstance.py:1448} INFO - Exporting the following env vars:
AIRFLOW_CTX_DAG_OWNER=***
AIRFLOW_CTX_DAG_ID=data_ingestion_gcp_dag
AIRFLOW_CTX_TASK_ID=rm_files_task
AIRFLOW_CTX_EXECUTION_DATE=1995-01-01T00:00:00+00:00
AIRFLOW_CTX_DAG_RUN_ID=scheduled__1995-01-01T00:00:00+00:00
[2022-04-28 06:03:02,273] {subprocess.py:62} INFO - Tmp dir root location: 
 /tmp
[2022-04-28 06:03:02,276] {subprocess.py:74} INFO - Running command: ['bash', '-c', 'rm /opt/***/laucnty95.xlsx /opt/***/us_employment_95.parquet']
[2022-04-28 06:03:02,302] {subprocess.py:85} INFO - Output:
[2022-04-28 06:03:02,375] {subprocess.py:93} INFO - Command exited with return code 0
[2022-04-28 06:03:02,728] {taskinstance.py:1288} INFO - Marking task as SUCCESS. dag_id=data_ingestion_gcp_dag, task_id=rm_files_task, execution_date=19950101T000000, start_date=20220428T060300, end_date=20220428T060302
[2022-04-28 06:03:02,818] {local_task_job.py:154} INFO - Task exited with return code 0
[2022-04-28 06:03:03,054] {local_task_job.py:264} INFO - 0 downstream tasks scheduled from follow-on schedule check
[2022-04-29 02:32:33,201] {taskinstance.py:1043} INFO - Dependencies all met for <TaskInstance: data_ingestion_gcp_dag.rm_files_task scheduled__1995-01-01T00:00:00+00:00 [queued]>
[2022-04-29 02:32:33,248] {taskinstance.py:1043} INFO - Dependencies all met for <TaskInstance: data_ingestion_gcp_dag.rm_files_task scheduled__1995-01-01T00:00:00+00:00 [queued]>
[2022-04-29 02:32:33,250] {taskinstance.py:1249} INFO - 
--------------------------------------------------------------------------------
[2022-04-29 02:32:33,251] {taskinstance.py:1250} INFO - Starting attempt 1 of 2
[2022-04-29 02:32:33,252] {taskinstance.py:1251} INFO - 
--------------------------------------------------------------------------------
[2022-04-29 02:32:33,299] {taskinstance.py:1270} INFO - Executing <Task(BashOperator): rm_files_task> on 1995-01-01 00:00:00+00:00
[2022-04-29 02:32:33,311] {standard_task_runner.py:52} INFO - Started process 4821 to run task
[2022-04-29 02:32:33,320] {standard_task_runner.py:79} INFO - Running: ['***', 'tasks', 'run', 'data_ingestion_gcp_dag', 'rm_files_task', 'scheduled__1995-01-01T00:00:00+00:00', '--job-id', '683', '--raw', '--subdir', 'DAGS_FOLDER/ingest_to_gcs_dag.py', '--cfg-path', '/tmp/tmp231ojsw4', '--error-file', '/tmp/tmp6jkvyg9w']
[2022-04-29 02:32:33,332] {standard_task_runner.py:80} INFO - Job 683: Subtask rm_files_task
[2022-04-29 02:32:33,749] {logging_mixin.py:109} INFO - Running <TaskInstance: data_ingestion_gcp_dag.rm_files_task scheduled__1995-01-01T00:00:00+00:00 [running]> on host 6fd0ba274d58
[2022-04-29 02:32:34,065] {logging_mixin.py:109} WARNING - /home/***/.local/lib/python3.7/site-packages/***/utils/context.py:156 AirflowContextDeprecationWarning: Accessing 'execution_date' from the template is deprecated and will be removed in a future version. Please use 'data_interval_start' or 'logical_date' instead.
[2022-04-29 02:32:34,270] {taskinstance.py:1448} INFO - Exporting the following env vars:
AIRFLOW_CTX_DAG_OWNER=***
AIRFLOW_CTX_DAG_ID=data_ingestion_gcp_dag
AIRFLOW_CTX_TASK_ID=rm_files_task
AIRFLOW_CTX_EXECUTION_DATE=1995-01-01T00:00:00+00:00
AIRFLOW_CTX_DAG_RUN_ID=scheduled__1995-01-01T00:00:00+00:00
[2022-04-29 02:32:34,275] {subprocess.py:62} INFO - Tmp dir root location: 
 /tmp
[2022-04-29 02:32:34,279] {subprocess.py:74} INFO - Running command: ['bash', '-c', 'rm /opt/***/laucnty95.xlsx /opt/***/us_employment_1995.parquet']
[2022-04-29 02:32:34,299] {subprocess.py:85} INFO - Output:
[2022-04-29 02:32:34,372] {subprocess.py:93} INFO - Command exited with return code 0
[2022-04-29 02:32:34,615] {taskinstance.py:1288} INFO - Marking task as SUCCESS. dag_id=data_ingestion_gcp_dag, task_id=rm_files_task, execution_date=19950101T000000, start_date=20220429T023233, end_date=20220429T023234
[2022-04-29 02:32:34,755] {local_task_job.py:154} INFO - Task exited with return code 0
[2022-04-29 02:32:35,087] {local_task_job.py:264} INFO - 0 downstream tasks scheduled from follow-on schedule check
