[2022-04-28 06:07:57,745] {taskinstance.py:1043} INFO - Dependencies all met for <TaskInstance: data_ingestion_gcp_dag.format_to_parquet_task scheduled__2008-01-01T00:00:00+00:00 [queued]>
[2022-04-28 06:07:57,794] {taskinstance.py:1043} INFO - Dependencies all met for <TaskInstance: data_ingestion_gcp_dag.format_to_parquet_task scheduled__2008-01-01T00:00:00+00:00 [queued]>
[2022-04-28 06:07:57,796] {taskinstance.py:1249} INFO - 
--------------------------------------------------------------------------------
[2022-04-28 06:07:57,797] {taskinstance.py:1250} INFO - Starting attempt 1 of 2
[2022-04-28 06:07:57,799] {taskinstance.py:1251} INFO - 
--------------------------------------------------------------------------------
[2022-04-28 06:07:57,845] {taskinstance.py:1270} INFO - Executing <Task(PythonOperator): format_to_parquet_task> on 2008-01-01 00:00:00+00:00
[2022-04-28 06:07:57,856] {standard_task_runner.py:52} INFO - Started process 2293 to run task
[2022-04-28 06:07:57,864] {standard_task_runner.py:79} INFO - Running: ['***', 'tasks', 'run', 'data_ingestion_gcp_dag', 'format_to_parquet_task', 'scheduled__2008-01-01T00:00:00+00:00', '--job-id', '559', '--raw', '--subdir', 'DAGS_FOLDER/ingest_to_gcs_dag.py', '--cfg-path', '/tmp/tmp_bd4df06', '--error-file', '/tmp/tmpnnmo1vn4']
[2022-04-28 06:07:57,867] {standard_task_runner.py:80} INFO - Job 559: Subtask format_to_parquet_task
[2022-04-28 06:07:58,258] {logging_mixin.py:109} INFO - Running <TaskInstance: data_ingestion_gcp_dag.format_to_parquet_task scheduled__2008-01-01T00:00:00+00:00 [running]> on host d4721d223bdd
[2022-04-28 06:07:58,578] {logging_mixin.py:109} WARNING - /home/***/.local/lib/python3.7/site-packages/***/utils/context.py:156 AirflowContextDeprecationWarning: Accessing 'execution_date' from the template is deprecated and will be removed in a future version. Please use 'data_interval_start' or 'logical_date' instead.
[2022-04-28 06:07:58,869] {taskinstance.py:1448} INFO - Exporting the following env vars:
AIRFLOW_CTX_DAG_OWNER=***
AIRFLOW_CTX_DAG_ID=data_ingestion_gcp_dag
AIRFLOW_CTX_TASK_ID=format_to_parquet_task
AIRFLOW_CTX_EXECUTION_DATE=2008-01-01T00:00:00+00:00
AIRFLOW_CTX_DAG_RUN_ID=scheduled__2008-01-01T00:00:00+00:00
[2022-04-28 06:07:59,316] {python.py:175} INFO - Done. Returned value was: None
[2022-04-28 06:07:59,424] {taskinstance.py:1288} INFO - Marking task as SUCCESS. dag_id=data_ingestion_gcp_dag, task_id=format_to_parquet_task, execution_date=20080101T000000, start_date=20220428T060757, end_date=20220428T060759
[2022-04-28 06:07:59,499] {local_task_job.py:154} INFO - Task exited with return code 0
[2022-04-28 06:08:00,032] {local_task_job.py:264} INFO - 0 downstream tasks scheduled from follow-on schedule check
