[2022-04-28 06:06:28,655] {taskinstance.py:1043} INFO - Dependencies all met for <TaskInstance: data_ingestion_gcp_dag.format_to_parquet_task scheduled__2004-01-01T00:00:00+00:00 [queued]>
[2022-04-28 06:06:28,705] {taskinstance.py:1043} INFO - Dependencies all met for <TaskInstance: data_ingestion_gcp_dag.format_to_parquet_task scheduled__2004-01-01T00:00:00+00:00 [queued]>
[2022-04-28 06:06:28,709] {taskinstance.py:1249} INFO - 
--------------------------------------------------------------------------------
[2022-04-28 06:06:28,711] {taskinstance.py:1250} INFO - Starting attempt 1 of 2
[2022-04-28 06:06:28,712] {taskinstance.py:1251} INFO - 
--------------------------------------------------------------------------------
[2022-04-28 06:06:28,767] {taskinstance.py:1270} INFO - Executing <Task(PythonOperator): format_to_parquet_task> on 2004-01-01 00:00:00+00:00
[2022-04-28 06:06:28,778] {standard_task_runner.py:52} INFO - Started process 2047 to run task
[2022-04-28 06:06:28,787] {standard_task_runner.py:79} INFO - Running: ['***', 'tasks', 'run', 'data_ingestion_gcp_dag', 'format_to_parquet_task', 'scheduled__2004-01-01T00:00:00+00:00', '--job-id', '547', '--raw', '--subdir', 'DAGS_FOLDER/ingest_to_gcs_dag.py', '--cfg-path', '/tmp/tmp0_4gr9gw', '--error-file', '/tmp/tmpuycmrg50']
[2022-04-28 06:06:28,792] {standard_task_runner.py:80} INFO - Job 547: Subtask format_to_parquet_task
[2022-04-28 06:06:29,274] {logging_mixin.py:109} INFO - Running <TaskInstance: data_ingestion_gcp_dag.format_to_parquet_task scheduled__2004-01-01T00:00:00+00:00 [running]> on host d4721d223bdd
[2022-04-28 06:06:29,862] {logging_mixin.py:109} WARNING - /home/***/.local/lib/python3.7/site-packages/***/utils/context.py:156 AirflowContextDeprecationWarning: Accessing 'execution_date' from the template is deprecated and will be removed in a future version. Please use 'data_interval_start' or 'logical_date' instead.
[2022-04-28 06:06:30,097] {taskinstance.py:1448} INFO - Exporting the following env vars:
AIRFLOW_CTX_DAG_OWNER=***
AIRFLOW_CTX_DAG_ID=data_ingestion_gcp_dag
AIRFLOW_CTX_TASK_ID=format_to_parquet_task
AIRFLOW_CTX_EXECUTION_DATE=2004-01-01T00:00:00+00:00
AIRFLOW_CTX_DAG_RUN_ID=scheduled__2004-01-01T00:00:00+00:00
[2022-04-28 06:06:30,467] {python.py:175} INFO - Done. Returned value was: None
[2022-04-28 06:06:30,604] {taskinstance.py:1288} INFO - Marking task as SUCCESS. dag_id=data_ingestion_gcp_dag, task_id=format_to_parquet_task, execution_date=20040101T000000, start_date=20220428T060628, end_date=20220428T060630
[2022-04-28 06:06:30,709] {local_task_job.py:154} INFO - Task exited with return code 0
[2022-04-28 06:06:31,107] {local_task_job.py:264} INFO - 1 downstream tasks scheduled from follow-on schedule check
