[2022-05-02 16:02:28,865] {taskinstance.py:1032} INFO - Dependencies all met for <TaskInstance: gcs_to_bq_dag.process_data_from_gcs_task manual__2022-05-02T16:02:24.903716+00:00 [queued]>
[2022-05-02 16:02:28,907] {taskinstance.py:1032} INFO - Dependencies all met for <TaskInstance: gcs_to_bq_dag.process_data_from_gcs_task manual__2022-05-02T16:02:24.903716+00:00 [queued]>
[2022-05-02 16:02:28,909] {taskinstance.py:1238} INFO - 
--------------------------------------------------------------------------------
[2022-05-02 16:02:28,911] {taskinstance.py:1239} INFO - Starting attempt 1 of 2
[2022-05-02 16:02:28,912] {taskinstance.py:1240} INFO - 
--------------------------------------------------------------------------------
[2022-05-02 16:02:28,955] {taskinstance.py:1259} INFO - Executing <Task(PythonOperator): process_data_from_gcs_task> on 2022-05-02 16:02:24.903716+00:00
[2022-05-02 16:02:28,965] {standard_task_runner.py:52} INFO - Started process 2767 to run task
[2022-05-02 16:02:28,973] {standard_task_runner.py:76} INFO - Running: ['***', 'tasks', 'run', 'gcs_to_bq_dag', 'process_data_from_gcs_task', 'manual__2022-05-02T16:02:24.903716+00:00', '--job-id', '1139', '--raw', '--subdir', 'DAGS_FOLDER/gcs_to_bq_task.py', '--cfg-path', '/tmp/tmpb50lr8o1', '--error-file', '/tmp/tmpem9yq5od']
[2022-05-02 16:02:28,976] {standard_task_runner.py:77} INFO - Job 1139: Subtask process_data_from_gcs_task
[2022-05-02 16:02:29,310] {logging_mixin.py:109} INFO - Running <TaskInstance: gcs_to_bq_dag.process_data_from_gcs_task manual__2022-05-02T16:02:24.903716+00:00 [running]> on host 9f5021834e17
[2022-05-02 16:02:29,707] {taskinstance.py:1426} INFO - Exporting the following env vars:
AIRFLOW_CTX_DAG_OWNER=***
AIRFLOW_CTX_DAG_ID=gcs_to_bq_dag
AIRFLOW_CTX_TASK_ID=process_data_from_gcs_task
AIRFLOW_CTX_EXECUTION_DATE=2022-05-02T16:02:24.903716+00:00
AIRFLOW_CTX_DAG_RUN_ID=manual__2022-05-02T16:02:24.903716+00:00
[2022-05-02 16:04:35,864] {python.py:175} INFO - Done. Returned value was: None
[2022-05-02 16:04:36,101] {taskinstance.py:1277} INFO - Marking task as SUCCESS. dag_id=gcs_to_bq_dag, task_id=process_data_from_gcs_task, execution_date=20220502T160224, start_date=20220502T160228, end_date=20220502T160436
[2022-05-02 16:04:36,179] {local_task_job.py:154} INFO - Task exited with return code 0
[2022-05-02 16:04:36,516] {local_task_job.py:264} INFO - 1 downstream tasks scheduled from follow-on schedule check
