[2022-04-29 02:21:54,630] {taskinstance.py:1043} INFO - Dependencies all met for <TaskInstance: data_ingestion_gcp_dag.format_xl_to_csv_task scheduled__2005-01-01T00:00:00+00:00 [queued]>
[2022-04-29 02:21:54,681] {taskinstance.py:1043} INFO - Dependencies all met for <TaskInstance: data_ingestion_gcp_dag.format_xl_to_csv_task scheduled__2005-01-01T00:00:00+00:00 [queued]>
[2022-04-29 02:21:54,690] {taskinstance.py:1249} INFO - 
--------------------------------------------------------------------------------
[2022-04-29 02:21:54,692] {taskinstance.py:1250} INFO - Starting attempt 4 of 5
[2022-04-29 02:21:54,693] {taskinstance.py:1251} INFO - 
--------------------------------------------------------------------------------
[2022-04-29 02:21:54,747] {taskinstance.py:1270} INFO - Executing <Task(PythonOperator): format_xl_to_csv_task> on 2005-01-01 00:00:00+00:00
[2022-04-29 02:21:54,761] {standard_task_runner.py:52} INFO - Started process 3434 to run task
[2022-04-29 02:21:54,780] {standard_task_runner.py:79} INFO - Running: ['***', 'tasks', 'run', 'data_ingestion_gcp_dag', 'format_xl_to_csv_task', 'scheduled__2005-01-01T00:00:00+00:00', '--job-id', '632', '--raw', '--subdir', 'DAGS_FOLDER/ingest_to_gcs_dag.py', '--cfg-path', '/tmp/tmpa272gxci', '--error-file', '/tmp/tmpgq7c0fk0']
[2022-04-29 02:21:54,791] {standard_task_runner.py:80} INFO - Job 632: Subtask format_xl_to_csv_task
[2022-04-29 02:21:55,299] {logging_mixin.py:109} INFO - Running <TaskInstance: data_ingestion_gcp_dag.format_xl_to_csv_task scheduled__2005-01-01T00:00:00+00:00 [running]> on host 6fd0ba274d58
[2022-04-29 02:21:56,034] {logging_mixin.py:109} WARNING - /home/***/.local/lib/python3.7/site-packages/***/utils/context.py:156 AirflowContextDeprecationWarning: Accessing 'execution_date' from the template is deprecated and will be removed in a future version. Please use 'data_interval_start' or 'logical_date' instead.
[2022-04-29 02:21:56,256] {taskinstance.py:1448} INFO - Exporting the following env vars:
AIRFLOW_CTX_DAG_OWNER=***
AIRFLOW_CTX_DAG_ID=data_ingestion_gcp_dag
AIRFLOW_CTX_TASK_ID=format_xl_to_csv_task
AIRFLOW_CTX_EXECUTION_DATE=2005-01-01T00:00:00+00:00
AIRFLOW_CTX_DAG_RUN_ID=scheduled__2005-01-01T00:00:00+00:00
[2022-04-29 02:22:03,090] {python.py:175} INFO - Done. Returned value was: None
[2022-04-29 02:22:03,197] {taskinstance.py:1288} INFO - Marking task as SUCCESS. dag_id=data_ingestion_gcp_dag, task_id=format_xl_to_csv_task, execution_date=20050101T000000, start_date=20220429T022154, end_date=20220429T022203
[2022-04-29 02:22:03,289] {local_task_job.py:154} INFO - Task exited with return code 0
[2022-04-29 02:22:03,552] {local_task_job.py:264} INFO - 1 downstream tasks scheduled from follow-on schedule check
