[2022-04-28 04:16:09,918] {taskinstance.py:1043} INFO - Dependencies all met for <TaskInstance: data_ingestion_gcp_dag.format_xl_to_csv_task scheduled__1992-01-01T00:00:00+00:00 [queued]>
[2022-04-28 04:16:09,964] {taskinstance.py:1043} INFO - Dependencies all met for <TaskInstance: data_ingestion_gcp_dag.format_xl_to_csv_task scheduled__1992-01-01T00:00:00+00:00 [queued]>
[2022-04-28 04:16:09,966] {taskinstance.py:1249} INFO - 
--------------------------------------------------------------------------------
[2022-04-28 04:16:09,967] {taskinstance.py:1250} INFO - Starting attempt 1 of 2
[2022-04-28 04:16:09,969] {taskinstance.py:1251} INFO - 
--------------------------------------------------------------------------------
[2022-04-28 04:16:10,017] {taskinstance.py:1270} INFO - Executing <Task(PythonOperator): format_xl_to_csv_task> on 1992-01-01 00:00:00+00:00
[2022-04-28 04:16:10,026] {standard_task_runner.py:52} INFO - Started process 3619 to run task
[2022-04-28 04:16:10,034] {standard_task_runner.py:79} INFO - Running: ['***', 'tasks', 'run', 'data_ingestion_gcp_dag', 'format_xl_to_csv_task', 'scheduled__1992-01-01T00:00:00+00:00', '--job-id', '407', '--raw', '--subdir', 'DAGS_FOLDER/ingest_to_gcs_dag.py', '--cfg-path', '/tmp/tmpfs78jzsx', '--error-file', '/tmp/tmpohy44g7i']
[2022-04-28 04:16:10,038] {standard_task_runner.py:80} INFO - Job 407: Subtask format_xl_to_csv_task
[2022-04-28 04:16:10,413] {logging_mixin.py:109} INFO - Running <TaskInstance: data_ingestion_gcp_dag.format_xl_to_csv_task scheduled__1992-01-01T00:00:00+00:00 [running]> on host 65f5b8b3c17c
[2022-04-28 04:16:10,746] {logging_mixin.py:109} WARNING - /home/***/.local/lib/python3.7/site-packages/***/utils/context.py:156 AirflowContextDeprecationWarning: Accessing 'execution_date' from the template is deprecated and will be removed in a future version. Please use 'data_interval_start' or 'logical_date' instead.
[2022-04-28 04:16:11,032] {taskinstance.py:1448} INFO - Exporting the following env vars:
AIRFLOW_CTX_DAG_OWNER=***
AIRFLOW_CTX_DAG_ID=data_ingestion_gcp_dag
AIRFLOW_CTX_TASK_ID=format_xl_to_csv_task
AIRFLOW_CTX_EXECUTION_DATE=1992-01-01T00:00:00+00:00
AIRFLOW_CTX_DAG_RUN_ID=scheduled__1992-01-01T00:00:00+00:00
[2022-04-28 04:16:16,819] {python.py:175} INFO - Done. Returned value was: None
[2022-04-28 04:16:16,927] {taskinstance.py:1288} INFO - Marking task as SUCCESS. dag_id=data_ingestion_gcp_dag, task_id=format_xl_to_csv_task, execution_date=19920101T000000, start_date=20220428T041609, end_date=20220428T041616
[2022-04-28 04:16:16,989] {local_task_job.py:154} INFO - Task exited with return code 0
[2022-04-28 04:16:17,273] {local_task_job.py:264} INFO - 1 downstream tasks scheduled from follow-on schedule check
[2022-04-28 05:36:33,826] {taskinstance.py:1043} INFO - Dependencies all met for <TaskInstance: data_ingestion_gcp_dag.format_xl_to_csv_task scheduled__1992-01-01T00:00:00+00:00 [queued]>
[2022-04-28 05:36:33,871] {taskinstance.py:1043} INFO - Dependencies all met for <TaskInstance: data_ingestion_gcp_dag.format_xl_to_csv_task scheduled__1992-01-01T00:00:00+00:00 [queued]>
[2022-04-28 05:36:33,873] {taskinstance.py:1249} INFO - 
--------------------------------------------------------------------------------
[2022-04-28 05:36:33,875] {taskinstance.py:1250} INFO - Starting attempt 1 of 2
[2022-04-28 05:36:33,877] {taskinstance.py:1251} INFO - 
--------------------------------------------------------------------------------
[2022-04-28 05:36:33,925] {taskinstance.py:1270} INFO - Executing <Task(PythonOperator): format_xl_to_csv_task> on 1992-01-01 00:00:00+00:00
[2022-04-28 05:36:33,935] {standard_task_runner.py:52} INFO - Started process 6200 to run task
[2022-04-28 05:36:33,943] {standard_task_runner.py:79} INFO - Running: ['***', 'tasks', 'run', 'data_ingestion_gcp_dag', 'format_xl_to_csv_task', 'scheduled__1992-01-01T00:00:00+00:00', '--job-id', '455', '--raw', '--subdir', 'DAGS_FOLDER/ingest_to_gcs_dag.py', '--cfg-path', '/tmp/tmpv9a8_9g4', '--error-file', '/tmp/tmpdaz2cd8m']
[2022-04-28 05:36:33,946] {standard_task_runner.py:80} INFO - Job 455: Subtask format_xl_to_csv_task
[2022-04-28 05:36:34,292] {logging_mixin.py:109} INFO - Running <TaskInstance: data_ingestion_gcp_dag.format_xl_to_csv_task scheduled__1992-01-01T00:00:00+00:00 [running]> on host 65f5b8b3c17c
[2022-04-28 05:36:34,527] {logging_mixin.py:109} WARNING - /home/***/.local/lib/python3.7/site-packages/***/utils/context.py:156 AirflowContextDeprecationWarning: Accessing 'execution_date' from the template is deprecated and will be removed in a future version. Please use 'data_interval_start' or 'logical_date' instead.
[2022-04-28 05:36:34,714] {taskinstance.py:1448} INFO - Exporting the following env vars:
AIRFLOW_CTX_DAG_OWNER=***
AIRFLOW_CTX_DAG_ID=data_ingestion_gcp_dag
AIRFLOW_CTX_TASK_ID=format_xl_to_csv_task
AIRFLOW_CTX_EXECUTION_DATE=1992-01-01T00:00:00+00:00
AIRFLOW_CTX_DAG_RUN_ID=scheduled__1992-01-01T00:00:00+00:00
[2022-04-28 05:36:40,585] {taskinstance.py:1774} ERROR - Task failed with exception
Traceback (most recent call last):
  File "/home/airflow/.local/lib/python3.7/site-packages/airflow/operators/python.py", line 174, in execute
    return_value = self.execute_callable()
  File "/home/airflow/.local/lib/python3.7/site-packages/airflow/operators/python.py", line 188, in execute_callable
    return self.python_callable(*self.op_args, **self.op_kwargs)
  File "/opt/airflow/dags/ingest_to_gcs_dag.py", line 58, in format_xl_to_csv
    df.to_csv(f"{AIRFLOW_HOME}/us_employment_{df.year(6)}.csv")
TypeError: 'Series' object is not callable
[2022-04-28 05:36:40,704] {taskinstance.py:1288} INFO - Marking task as UP_FOR_RETRY. dag_id=data_ingestion_gcp_dag, task_id=format_xl_to_csv_task, execution_date=19920101T000000, start_date=20220428T053633, end_date=20220428T053640
[2022-04-28 05:36:41,002] {standard_task_runner.py:98} ERROR - Failed to execute job 455 for task format_xl_to_csv_task ('Series' object is not callable; 6200)
[2022-04-28 05:36:41,022] {local_task_job.py:154} INFO - Task exited with return code 1
[2022-04-28 05:36:41,297] {local_task_job.py:264} INFO - 0 downstream tasks scheduled from follow-on schedule check
[2022-04-28 06:01:46,109] {taskinstance.py:1043} INFO - Dependencies all met for <TaskInstance: data_ingestion_gcp_dag.format_xl_to_csv_task scheduled__1992-01-01T00:00:00+00:00 [queued]>
[2022-04-28 06:01:46,156] {taskinstance.py:1043} INFO - Dependencies all met for <TaskInstance: data_ingestion_gcp_dag.format_xl_to_csv_task scheduled__1992-01-01T00:00:00+00:00 [queued]>
[2022-04-28 06:01:46,158] {taskinstance.py:1249} INFO - 
--------------------------------------------------------------------------------
[2022-04-28 06:01:46,160] {taskinstance.py:1250} INFO - Starting attempt 1 of 2
[2022-04-28 06:01:46,161] {taskinstance.py:1251} INFO - 
--------------------------------------------------------------------------------
[2022-04-28 06:01:46,213] {taskinstance.py:1270} INFO - Executing <Task(PythonOperator): format_xl_to_csv_task> on 1992-01-01 00:00:00+00:00
[2022-04-28 06:01:46,223] {standard_task_runner.py:52} INFO - Started process 1022 to run task
[2022-04-28 06:01:46,235] {standard_task_runner.py:79} INFO - Running: ['***', 'tasks', 'run', 'data_ingestion_gcp_dag', 'format_xl_to_csv_task', 'scheduled__1992-01-01T00:00:00+00:00', '--job-id', '484', '--raw', '--subdir', 'DAGS_FOLDER/ingest_to_gcs_dag.py', '--cfg-path', '/tmp/tmpz9f9zp7_', '--error-file', '/tmp/tmp831aac89']
[2022-04-28 06:01:46,238] {standard_task_runner.py:80} INFO - Job 484: Subtask format_xl_to_csv_task
[2022-04-28 06:01:46,630] {logging_mixin.py:109} INFO - Running <TaskInstance: data_ingestion_gcp_dag.format_xl_to_csv_task scheduled__1992-01-01T00:00:00+00:00 [running]> on host d4721d223bdd
[2022-04-28 06:01:46,892] {logging_mixin.py:109} WARNING - /home/***/.local/lib/python3.7/site-packages/***/utils/context.py:156 AirflowContextDeprecationWarning: Accessing 'execution_date' from the template is deprecated and will be removed in a future version. Please use 'data_interval_start' or 'logical_date' instead.
[2022-04-28 06:01:47,093] {taskinstance.py:1448} INFO - Exporting the following env vars:
AIRFLOW_CTX_DAG_OWNER=***
AIRFLOW_CTX_DAG_ID=data_ingestion_gcp_dag
AIRFLOW_CTX_TASK_ID=format_xl_to_csv_task
AIRFLOW_CTX_EXECUTION_DATE=1992-01-01T00:00:00+00:00
AIRFLOW_CTX_DAG_RUN_ID=scheduled__1992-01-01T00:00:00+00:00
[2022-04-28 06:01:53,258] {python.py:175} INFO - Done. Returned value was: None
[2022-04-28 06:01:53,368] {taskinstance.py:1288} INFO - Marking task as SUCCESS. dag_id=data_ingestion_gcp_dag, task_id=format_xl_to_csv_task, execution_date=19920101T000000, start_date=20220428T060146, end_date=20220428T060153
[2022-04-28 06:01:53,462] {local_task_job.py:154} INFO - Task exited with return code 0
[2022-04-28 06:01:53,719] {local_task_job.py:264} INFO - 1 downstream tasks scheduled from follow-on schedule check
[2022-04-29 02:37:20,015] {taskinstance.py:1043} INFO - Dependencies all met for <TaskInstance: data_ingestion_gcp_dag.format_xl_to_csv_task scheduled__1992-01-01T00:00:00+00:00 [queued]>
[2022-04-29 02:37:20,065] {taskinstance.py:1043} INFO - Dependencies all met for <TaskInstance: data_ingestion_gcp_dag.format_xl_to_csv_task scheduled__1992-01-01T00:00:00+00:00 [queued]>
[2022-04-29 02:37:20,067] {taskinstance.py:1249} INFO - 
--------------------------------------------------------------------------------
[2022-04-29 02:37:20,069] {taskinstance.py:1250} INFO - Starting attempt 1 of 2
[2022-04-29 02:37:20,071] {taskinstance.py:1251} INFO - 
--------------------------------------------------------------------------------
[2022-04-29 02:37:20,122] {taskinstance.py:1270} INFO - Executing <Task(PythonOperator): format_xl_to_csv_task> on 1992-01-01 00:00:00+00:00
[2022-04-29 02:37:20,133] {standard_task_runner.py:52} INFO - Started process 5712 to run task
[2022-04-29 02:37:20,143] {standard_task_runner.py:79} INFO - Running: ['***', 'tasks', 'run', 'data_ingestion_gcp_dag', 'format_xl_to_csv_task', 'scheduled__1992-01-01T00:00:00+00:00', '--job-id', '728', '--raw', '--subdir', 'DAGS_FOLDER/ingest_to_gcs_dag.py', '--cfg-path', '/tmp/tmpzokbhume', '--error-file', '/tmp/tmph1420vfd']
[2022-04-29 02:37:20,146] {standard_task_runner.py:80} INFO - Job 728: Subtask format_xl_to_csv_task
[2022-04-29 02:37:20,528] {logging_mixin.py:109} INFO - Running <TaskInstance: data_ingestion_gcp_dag.format_xl_to_csv_task scheduled__1992-01-01T00:00:00+00:00 [running]> on host 6fd0ba274d58
[2022-04-29 02:37:20,796] {logging_mixin.py:109} WARNING - /home/***/.local/lib/python3.7/site-packages/***/utils/context.py:156 AirflowContextDeprecationWarning: Accessing 'execution_date' from the template is deprecated and will be removed in a future version. Please use 'data_interval_start' or 'logical_date' instead.
[2022-04-29 02:37:21,001] {taskinstance.py:1448} INFO - Exporting the following env vars:
AIRFLOW_CTX_DAG_OWNER=***
AIRFLOW_CTX_DAG_ID=data_ingestion_gcp_dag
AIRFLOW_CTX_TASK_ID=format_xl_to_csv_task
AIRFLOW_CTX_EXECUTION_DATE=1992-01-01T00:00:00+00:00
AIRFLOW_CTX_DAG_RUN_ID=scheduled__1992-01-01T00:00:00+00:00
[2022-04-29 02:37:27,809] {python.py:175} INFO - Done. Returned value was: None
[2022-04-29 02:37:28,372] {taskinstance.py:1288} INFO - Marking task as SUCCESS. dag_id=data_ingestion_gcp_dag, task_id=format_xl_to_csv_task, execution_date=19920101T000000, start_date=20220429T023720, end_date=20220429T023728
[2022-04-29 02:37:28,513] {local_task_job.py:154} INFO - Task exited with return code 0
[2022-04-29 02:37:28,800] {local_task_job.py:264} INFO - 1 downstream tasks scheduled from follow-on schedule check
[2022-05-02 07:52:13,607] {taskinstance.py:1032} INFO - Dependencies all met for <TaskInstance: data_ingestion_gcp_dag.format_xl_to_csv_task scheduled__1992-01-01T00:00:00+00:00 [queued]>
[2022-05-02 07:52:13,654] {taskinstance.py:1032} INFO - Dependencies all met for <TaskInstance: data_ingestion_gcp_dag.format_xl_to_csv_task scheduled__1992-01-01T00:00:00+00:00 [queued]>
[2022-05-02 07:52:13,656] {taskinstance.py:1238} INFO - 
--------------------------------------------------------------------------------
[2022-05-02 07:52:13,658] {taskinstance.py:1239} INFO - Starting attempt 1 of 2
[2022-05-02 07:52:13,660] {taskinstance.py:1240} INFO - 
--------------------------------------------------------------------------------
[2022-05-02 07:52:13,707] {taskinstance.py:1259} INFO - Executing <Task(PythonOperator): format_xl_to_csv_task> on 1992-01-01 00:00:00+00:00
[2022-05-02 07:52:13,717] {standard_task_runner.py:52} INFO - Started process 8728 to run task
[2022-05-02 07:52:13,725] {standard_task_runner.py:76} INFO - Running: ['***', 'tasks', 'run', 'data_ingestion_gcp_dag', 'format_xl_to_csv_task', 'scheduled__1992-01-01T00:00:00+00:00', '--job-id', '830', '--raw', '--subdir', 'DAGS_FOLDER/ingest_to_gcs_dag.py', '--cfg-path', '/tmp/tmpe_8hjovs', '--error-file', '/tmp/tmp19i5kwgo']
[2022-05-02 07:52:13,728] {standard_task_runner.py:77} INFO - Job 830: Subtask format_xl_to_csv_task
[2022-05-02 07:52:14,322] {logging_mixin.py:109} INFO - Running <TaskInstance: data_ingestion_gcp_dag.format_xl_to_csv_task scheduled__1992-01-01T00:00:00+00:00 [running]> on host ae42322ae538
[2022-05-02 07:52:14,685] {logging_mixin.py:109} WARNING - /home/***/.local/lib/python3.7/site-packages/***/utils/context.py:152 AirflowContextDeprecationWarning: Accessing 'execution_date' from the template is deprecated and will be removed in a future version. Please use 'data_interval_start' or 'logical_date' instead.
[2022-05-02 07:52:14,900] {taskinstance.py:1426} INFO - Exporting the following env vars:
AIRFLOW_CTX_DAG_OWNER=***
AIRFLOW_CTX_DAG_ID=data_ingestion_gcp_dag
AIRFLOW_CTX_TASK_ID=format_xl_to_csv_task
AIRFLOW_CTX_EXECUTION_DATE=1992-01-01T00:00:00+00:00
AIRFLOW_CTX_DAG_RUN_ID=scheduled__1992-01-01T00:00:00+00:00
[2022-05-02 07:52:21,227] {python.py:175} INFO - Done. Returned value was: None
[2022-05-02 07:52:21,338] {taskinstance.py:1277} INFO - Marking task as SUCCESS. dag_id=data_ingestion_gcp_dag, task_id=format_xl_to_csv_task, execution_date=19920101T000000, start_date=20220502T075213, end_date=20220502T075221
[2022-05-02 07:52:21,414] {local_task_job.py:154} INFO - Task exited with return code 0
[2022-05-02 07:52:21,660] {local_task_job.py:264} INFO - 1 downstream tasks scheduled from follow-on schedule check
[2022-05-02 09:14:17,574] {taskinstance.py:1032} INFO - Dependencies all met for <TaskInstance: data_ingestion_gcp_dag.format_xl_to_csv_task scheduled__1992-01-01T00:00:00+00:00 [queued]>
[2022-05-02 09:14:17,626] {taskinstance.py:1032} INFO - Dependencies all met for <TaskInstance: data_ingestion_gcp_dag.format_xl_to_csv_task scheduled__1992-01-01T00:00:00+00:00 [queued]>
[2022-05-02 09:14:17,628] {taskinstance.py:1238} INFO - 
--------------------------------------------------------------------------------
[2022-05-02 09:14:17,629] {taskinstance.py:1239} INFO - Starting attempt 1 of 2
[2022-05-02 09:14:17,630] {taskinstance.py:1240} INFO - 
--------------------------------------------------------------------------------
[2022-05-02 09:14:17,673] {taskinstance.py:1259} INFO - Executing <Task(PythonOperator): format_xl_to_csv_task> on 1992-01-01 00:00:00+00:00
[2022-05-02 09:14:17,683] {standard_task_runner.py:52} INFO - Started process 1994 to run task
[2022-05-02 09:14:17,699] {standard_task_runner.py:76} INFO - Running: ['***', 'tasks', 'run', 'data_ingestion_gcp_dag', 'format_xl_to_csv_task', 'scheduled__1992-01-01T00:00:00+00:00', '--job-id', '949', '--raw', '--subdir', 'DAGS_FOLDER/ingest_to_gcs_dag.py', '--cfg-path', '/tmp/tmp24ffmnx7', '--error-file', '/tmp/tmpca0vp5tq']
[2022-05-02 09:14:17,703] {standard_task_runner.py:77} INFO - Job 949: Subtask format_xl_to_csv_task
[2022-05-02 09:14:18,054] {logging_mixin.py:109} INFO - Running <TaskInstance: data_ingestion_gcp_dag.format_xl_to_csv_task scheduled__1992-01-01T00:00:00+00:00 [running]> on host 98c324cf1bb6
[2022-05-02 09:14:18,287] {logging_mixin.py:109} WARNING - /home/***/.local/lib/python3.7/site-packages/***/utils/context.py:152 AirflowContextDeprecationWarning: Accessing 'execution_date' from the template is deprecated and will be removed in a future version. Please use 'data_interval_start' or 'logical_date' instead.
[2022-05-02 09:14:18,469] {taskinstance.py:1426} INFO - Exporting the following env vars:
AIRFLOW_CTX_DAG_OWNER=***
AIRFLOW_CTX_DAG_ID=data_ingestion_gcp_dag
AIRFLOW_CTX_TASK_ID=format_xl_to_csv_task
AIRFLOW_CTX_EXECUTION_DATE=1992-01-01T00:00:00+00:00
AIRFLOW_CTX_DAG_RUN_ID=scheduled__1992-01-01T00:00:00+00:00
[2022-05-02 09:14:24,547] {python.py:175} INFO - Done. Returned value was: None
[2022-05-02 09:14:24,662] {taskinstance.py:1277} INFO - Marking task as SUCCESS. dag_id=data_ingestion_gcp_dag, task_id=format_xl_to_csv_task, execution_date=19920101T000000, start_date=20220502T091417, end_date=20220502T091424
[2022-05-02 09:14:24,762] {local_task_job.py:154} INFO - Task exited with return code 0
[2022-05-02 09:14:25,006] {local_task_job.py:264} INFO - 1 downstream tasks scheduled from follow-on schedule check
