[2022-04-28 06:10:41,803] {taskinstance.py:1043} INFO - Dependencies all met for <TaskInstance: data_ingestion_gcp_dag.format_to_parquet_task scheduled__2012-01-01T00:00:00+00:00 [queued]>
[2022-04-28 06:10:41,845] {taskinstance.py:1043} INFO - Dependencies all met for <TaskInstance: data_ingestion_gcp_dag.format_to_parquet_task scheduled__2012-01-01T00:00:00+00:00 [queued]>
[2022-04-28 06:10:41,847] {taskinstance.py:1249} INFO - 
--------------------------------------------------------------------------------
[2022-04-28 06:10:41,849] {taskinstance.py:1250} INFO - Starting attempt 1 of 2
[2022-04-28 06:10:41,851] {taskinstance.py:1251} INFO - 
--------------------------------------------------------------------------------
[2022-04-28 06:10:41,900] {taskinstance.py:1270} INFO - Executing <Task(PythonOperator): format_to_parquet_task> on 2012-01-01 00:00:00+00:00
[2022-04-28 06:10:41,910] {standard_task_runner.py:52} INFO - Started process 2718 to run task
[2022-04-28 06:10:41,919] {standard_task_runner.py:79} INFO - Running: ['***', 'tasks', 'run', 'data_ingestion_gcp_dag', 'format_to_parquet_task', 'scheduled__2012-01-01T00:00:00+00:00', '--job-id', '579', '--raw', '--subdir', 'DAGS_FOLDER/ingest_to_gcs_dag.py', '--cfg-path', '/tmp/tmpx5phuxts', '--error-file', '/tmp/tmp2l2ja44p']
[2022-04-28 06:10:41,922] {standard_task_runner.py:80} INFO - Job 579: Subtask format_to_parquet_task
[2022-04-28 06:10:42,297] {logging_mixin.py:109} INFO - Running <TaskInstance: data_ingestion_gcp_dag.format_to_parquet_task scheduled__2012-01-01T00:00:00+00:00 [running]> on host d4721d223bdd
[2022-04-28 06:10:42,550] {logging_mixin.py:109} WARNING - /home/***/.local/lib/python3.7/site-packages/***/utils/context.py:156 AirflowContextDeprecationWarning: Accessing 'execution_date' from the template is deprecated and will be removed in a future version. Please use 'data_interval_start' or 'logical_date' instead.
[2022-04-28 06:10:42,737] {taskinstance.py:1448} INFO - Exporting the following env vars:
AIRFLOW_CTX_DAG_OWNER=***
AIRFLOW_CTX_DAG_ID=data_ingestion_gcp_dag
AIRFLOW_CTX_TASK_ID=format_to_parquet_task
AIRFLOW_CTX_EXECUTION_DATE=2012-01-01T00:00:00+00:00
AIRFLOW_CTX_DAG_RUN_ID=scheduled__2012-01-01T00:00:00+00:00
[2022-04-28 06:10:43,080] {python.py:175} INFO - Done. Returned value was: None
[2022-04-28 06:10:43,181] {taskinstance.py:1288} INFO - Marking task as SUCCESS. dag_id=data_ingestion_gcp_dag, task_id=format_to_parquet_task, execution_date=20120101T000000, start_date=20220428T061041, end_date=20220428T061043
[2022-04-28 06:10:43,257] {local_task_job.py:154} INFO - Task exited with return code 0
[2022-04-28 06:10:43,498] {local_task_job.py:264} INFO - 1 downstream tasks scheduled from follow-on schedule check
