[2022-05-02 08:59:36,403] {taskinstance.py:1032} INFO - Dependencies all met for <TaskInstance: gcs_to_bq_dag.bq_external_table_task manual__2022-05-02T08:42:07.091401+00:00 [queued]>
[2022-05-02 08:59:36,445] {taskinstance.py:1032} INFO - Dependencies all met for <TaskInstance: gcs_to_bq_dag.bq_external_table_task manual__2022-05-02T08:42:07.091401+00:00 [queued]>
[2022-05-02 08:59:36,447] {taskinstance.py:1238} INFO - 
--------------------------------------------------------------------------------
[2022-05-02 08:59:36,449] {taskinstance.py:1239} INFO - Starting attempt 4 of 4
[2022-05-02 08:59:36,450] {taskinstance.py:1240} INFO - 
--------------------------------------------------------------------------------
[2022-05-02 08:59:36,495] {taskinstance.py:1259} INFO - Executing <Task(BigQueryCreateExternalTableOperator): bq_external_table_task> on 2022-05-02 08:42:07.091401+00:00
[2022-05-02 08:59:36,504] {standard_task_runner.py:52} INFO - Started process 529 to run task
[2022-05-02 08:59:36,512] {standard_task_runner.py:76} INFO - Running: ['***', 'tasks', 'run', 'gcs_to_bq_dag', 'bq_external_table_task', 'manual__2022-05-02T08:42:07.091401+00:00', '--job-id', '935', '--raw', '--subdir', 'DAGS_FOLDER/gcs_to_bq_task.py', '--cfg-path', '/tmp/tmpvg624z3l', '--error-file', '/tmp/tmpyu10mmuz']
[2022-05-02 08:59:36,515] {standard_task_runner.py:77} INFO - Job 935: Subtask bq_external_table_task
[2022-05-02 08:59:36,850] {logging_mixin.py:109} INFO - Running <TaskInstance: gcs_to_bq_dag.bq_external_table_task manual__2022-05-02T08:42:07.091401+00:00 [running]> on host 98c324cf1bb6
[2022-05-02 08:59:37,308] {taskinstance.py:1426} INFO - Exporting the following env vars:
AIRFLOW_CTX_DAG_OWNER=***
AIRFLOW_CTX_DAG_ID=gcs_to_bq_dag
AIRFLOW_CTX_TASK_ID=bq_external_table_task
AIRFLOW_CTX_EXECUTION_DATE=2022-05-02T08:42:07.091401+00:00
AIRFLOW_CTX_DAG_RUN_ID=manual__2022-05-02T08:42:07.091401+00:00
[2022-05-02 08:59:37,314] {crypto.py:82} WARNING - empty cryptography key - values will not be stored encrypted.
[2022-05-02 08:59:38,632] {taskinstance.py:1277} INFO - Marking task as SUCCESS. dag_id=gcs_to_bq_dag, task_id=bq_external_table_task, execution_date=20220502T084207, start_date=20220502T085936, end_date=20220502T085938
[2022-05-02 08:59:38,699] {local_task_job.py:154} INFO - Task exited with return code 0
[2022-05-02 08:59:38,984] {local_task_job.py:264} INFO - 0 downstream tasks scheduled from follow-on schedule check
