[2022-04-28 06:14:06,923] {taskinstance.py:1043} INFO - Dependencies all met for <TaskInstance: data_ingestion_gcp_dag.rm_files_task scheduled__2021-01-01T00:00:00+00:00 [queued]>
[2022-04-28 06:14:06,969] {taskinstance.py:1043} INFO - Dependencies all met for <TaskInstance: data_ingestion_gcp_dag.rm_files_task scheduled__2021-01-01T00:00:00+00:00 [queued]>
[2022-04-28 06:14:06,971] {taskinstance.py:1249} INFO - 
--------------------------------------------------------------------------------
[2022-04-28 06:14:06,972] {taskinstance.py:1250} INFO - Starting attempt 1 of 2
[2022-04-28 06:14:06,973] {taskinstance.py:1251} INFO - 
--------------------------------------------------------------------------------
[2022-04-28 06:14:07,023] {taskinstance.py:1270} INFO - Executing <Task(BashOperator): rm_files_task> on 2021-01-01 00:00:00+00:00
[2022-04-28 06:14:07,035] {standard_task_runner.py:52} INFO - Started process 3471 to run task
[2022-04-28 06:14:07,043] {standard_task_runner.py:79} INFO - Running: ['***', 'tasks', 'run', 'data_ingestion_gcp_dag', 'rm_files_task', 'scheduled__2021-01-01T00:00:00+00:00', '--job-id', '625', '--raw', '--subdir', 'DAGS_FOLDER/ingest_to_gcs_dag.py', '--cfg-path', '/tmp/tmpl0yt3yg9', '--error-file', '/tmp/tmprfxc1eqz']
[2022-04-28 06:14:07,046] {standard_task_runner.py:80} INFO - Job 625: Subtask rm_files_task
[2022-04-28 06:14:07,436] {logging_mixin.py:109} INFO - Running <TaskInstance: data_ingestion_gcp_dag.rm_files_task scheduled__2021-01-01T00:00:00+00:00 [running]> on host d4721d223bdd
[2022-04-28 06:14:07,767] {logging_mixin.py:109} WARNING - /home/***/.local/lib/python3.7/site-packages/***/utils/context.py:156 AirflowContextDeprecationWarning: Accessing 'execution_date' from the template is deprecated and will be removed in a future version. Please use 'data_interval_start' or 'logical_date' instead.
[2022-04-28 06:14:07,978] {taskinstance.py:1448} INFO - Exporting the following env vars:
AIRFLOW_CTX_DAG_OWNER=***
AIRFLOW_CTX_DAG_ID=data_ingestion_gcp_dag
AIRFLOW_CTX_TASK_ID=rm_files_task
AIRFLOW_CTX_EXECUTION_DATE=2021-01-01T00:00:00+00:00
AIRFLOW_CTX_DAG_RUN_ID=scheduled__2021-01-01T00:00:00+00:00
[2022-04-28 06:14:07,987] {subprocess.py:62} INFO - Tmp dir root location: 
 /tmp
[2022-04-28 06:14:07,990] {subprocess.py:74} INFO - Running command: ['bash', '-c', 'rm /opt/***/laucnty21.xlsx /opt/***/us_employment_21.parquet']
[2022-04-28 06:14:08,016] {subprocess.py:85} INFO - Output:
[2022-04-28 06:14:08,097] {subprocess.py:93} INFO - Command exited with return code 0
[2022-04-28 06:14:08,307] {taskinstance.py:1288} INFO - Marking task as SUCCESS. dag_id=data_ingestion_gcp_dag, task_id=rm_files_task, execution_date=20210101T000000, start_date=20220428T061406, end_date=20220428T061408
[2022-04-28 06:14:08,398] {local_task_job.py:154} INFO - Task exited with return code 0
[2022-04-28 06:14:08,621] {local_task_job.py:264} INFO - 0 downstream tasks scheduled from follow-on schedule check
[2022-04-29 02:41:17,274] {taskinstance.py:1043} INFO - Dependencies all met for <TaskInstance: data_ingestion_gcp_dag.rm_files_task scheduled__2021-01-01T00:00:00+00:00 [queued]>
[2022-04-29 02:41:17,317] {taskinstance.py:1043} INFO - Dependencies all met for <TaskInstance: data_ingestion_gcp_dag.rm_files_task scheduled__2021-01-01T00:00:00+00:00 [queued]>
[2022-04-29 02:41:17,319] {taskinstance.py:1249} INFO - 
--------------------------------------------------------------------------------
[2022-04-29 02:41:17,321] {taskinstance.py:1250} INFO - Starting attempt 1 of 2
[2022-04-29 02:41:17,322] {taskinstance.py:1251} INFO - 
--------------------------------------------------------------------------------
[2022-04-29 02:41:17,367] {taskinstance.py:1270} INFO - Executing <Task(BashOperator): rm_files_task> on 2021-01-01 00:00:00+00:00
[2022-04-29 02:41:17,378] {standard_task_runner.py:52} INFO - Started process 6702 to run task
[2022-04-29 02:41:17,386] {standard_task_runner.py:79} INFO - Running: ['***', 'tasks', 'run', 'data_ingestion_gcp_dag', 'rm_files_task', 'scheduled__2021-01-01T00:00:00+00:00', '--job-id', '791', '--raw', '--subdir', 'DAGS_FOLDER/ingest_to_gcs_dag.py', '--cfg-path', '/tmp/tmpzq9jdeea', '--error-file', '/tmp/tmp47ned607']
[2022-04-29 02:41:17,389] {standard_task_runner.py:80} INFO - Job 791: Subtask rm_files_task
[2022-04-29 02:41:17,748] {logging_mixin.py:109} INFO - Running <TaskInstance: data_ingestion_gcp_dag.rm_files_task scheduled__2021-01-01T00:00:00+00:00 [running]> on host 6fd0ba274d58
[2022-04-29 02:41:17,973] {logging_mixin.py:109} WARNING - /home/***/.local/lib/python3.7/site-packages/***/utils/context.py:156 AirflowContextDeprecationWarning: Accessing 'execution_date' from the template is deprecated and will be removed in a future version. Please use 'data_interval_start' or 'logical_date' instead.
[2022-04-29 02:41:18,148] {taskinstance.py:1448} INFO - Exporting the following env vars:
AIRFLOW_CTX_DAG_OWNER=***
AIRFLOW_CTX_DAG_ID=data_ingestion_gcp_dag
AIRFLOW_CTX_TASK_ID=rm_files_task
AIRFLOW_CTX_EXECUTION_DATE=2021-01-01T00:00:00+00:00
AIRFLOW_CTX_DAG_RUN_ID=scheduled__2021-01-01T00:00:00+00:00
[2022-04-29 02:41:18,153] {subprocess.py:62} INFO - Tmp dir root location: 
 /tmp
[2022-04-29 02:41:18,155] {subprocess.py:74} INFO - Running command: ['bash', '-c', 'rm /opt/***/laucnty21.xlsx /opt/***/us_employment_2021.parquet']
[2022-04-29 02:41:18,170] {subprocess.py:85} INFO - Output:
[2022-04-29 02:41:18,230] {subprocess.py:93} INFO - Command exited with return code 0
[2022-04-29 02:41:18,422] {taskinstance.py:1288} INFO - Marking task as SUCCESS. dag_id=data_ingestion_gcp_dag, task_id=rm_files_task, execution_date=20210101T000000, start_date=20220429T024117, end_date=20220429T024118
[2022-04-29 02:41:18,501] {local_task_job.py:154} INFO - Task exited with return code 0
[2022-04-29 02:41:18,712] {local_task_job.py:264} INFO - 0 downstream tasks scheduled from follow-on schedule check
