[2022-05-02 08:05:35,505] {taskinstance.py:1032} INFO - Dependencies all met for <TaskInstance: gcs_to_bq_dag.process_data_from_gcs_task manual__2022-05-02T08:05:29.942062+00:00 [queued]>
[2022-05-02 08:05:35,547] {taskinstance.py:1032} INFO - Dependencies all met for <TaskInstance: gcs_to_bq_dag.process_data_from_gcs_task manual__2022-05-02T08:05:29.942062+00:00 [queued]>
[2022-05-02 08:05:35,549] {taskinstance.py:1238} INFO - 
--------------------------------------------------------------------------------
[2022-05-02 08:05:35,550] {taskinstance.py:1239} INFO - Starting attempt 1 of 2
[2022-05-02 08:05:35,551] {taskinstance.py:1240} INFO - 
--------------------------------------------------------------------------------
[2022-05-02 08:05:35,597] {taskinstance.py:1259} INFO - Executing <Task(PythonOperator): process_data_from_gcs_task> on 2022-05-02 08:05:29.942062+00:00
[2022-05-02 08:05:35,607] {standard_task_runner.py:52} INFO - Started process 11208 to run task
[2022-05-02 08:05:35,617] {standard_task_runner.py:76} INFO - Running: ['***', 'tasks', 'run', 'gcs_to_bq_dag', 'process_data_from_gcs_task', 'manual__2022-05-02T08:05:29.942062+00:00', '--job-id', '922', '--raw', '--subdir', 'DAGS_FOLDER/gcs_to_bq_task.py', '--cfg-path', '/tmp/tmpkfijnby6', '--error-file', '/tmp/tmpz955agtp']
[2022-05-02 08:05:35,620] {standard_task_runner.py:77} INFO - Job 922: Subtask process_data_from_gcs_task
[2022-05-02 08:05:35,959] {logging_mixin.py:109} INFO - Running <TaskInstance: gcs_to_bq_dag.process_data_from_gcs_task manual__2022-05-02T08:05:29.942062+00:00 [running]> on host ae42322ae538
[2022-05-02 08:05:36,380] {taskinstance.py:1426} INFO - Exporting the following env vars:
AIRFLOW_CTX_DAG_OWNER=***
AIRFLOW_CTX_DAG_ID=gcs_to_bq_dag
AIRFLOW_CTX_TASK_ID=process_data_from_gcs_task
AIRFLOW_CTX_EXECUTION_DATE=2022-05-02T08:05:29.942062+00:00
AIRFLOW_CTX_DAG_RUN_ID=manual__2022-05-02T08:05:29.942062+00:00
[2022-05-02 08:06:36,899] {python.py:175} INFO - Done. Returned value was: None
[2022-05-02 08:06:37,089] {taskinstance.py:1277} INFO - Marking task as SUCCESS. dag_id=gcs_to_bq_dag, task_id=process_data_from_gcs_task, execution_date=20220502T080529, start_date=20220502T080535, end_date=20220502T080637
[2022-05-02 08:06:37,207] {local_task_job.py:154} INFO - Task exited with return code 0
[2022-05-02 08:06:37,484] {local_task_job.py:264} INFO - 1 downstream tasks scheduled from follow-on schedule check
