[2022-05-02 15:59:48,770] {taskinstance.py:1032} INFO - Dependencies all met for <TaskInstance: data_ingestion_gcp_dag.format_xl_to_pq_task scheduled__2010-01-01T00:00:00+00:00 [queued]>
[2022-05-02 15:59:48,815] {taskinstance.py:1032} INFO - Dependencies all met for <TaskInstance: data_ingestion_gcp_dag.format_xl_to_pq_task scheduled__2010-01-01T00:00:00+00:00 [queued]>
[2022-05-02 15:59:48,817] {taskinstance.py:1238} INFO - 
--------------------------------------------------------------------------------
[2022-05-02 15:59:48,818] {taskinstance.py:1239} INFO - Starting attempt 1 of 2
[2022-05-02 15:59:48,820] {taskinstance.py:1240} INFO - 
--------------------------------------------------------------------------------
[2022-05-02 15:59:48,864] {taskinstance.py:1259} INFO - Executing <Task(PythonOperator): format_xl_to_pq_task> on 2010-01-01 00:00:00+00:00
[2022-05-02 15:59:48,874] {standard_task_runner.py:52} INFO - Started process 2113 to run task
[2022-05-02 15:59:48,882] {standard_task_runner.py:76} INFO - Running: ['***', 'tasks', 'run', 'data_ingestion_gcp_dag', 'format_xl_to_pq_task', 'scheduled__2010-01-01T00:00:00+00:00', '--job-id', '1102', '--raw', '--subdir', 'DAGS_FOLDER/ingest_to_gcs_dag.py', '--cfg-path', '/tmp/tmps6iliv3w', '--error-file', '/tmp/tmpiswwa98u']
[2022-05-02 15:59:48,885] {standard_task_runner.py:77} INFO - Job 1102: Subtask format_xl_to_pq_task
[2022-05-02 15:59:49,285] {logging_mixin.py:109} INFO - Running <TaskInstance: data_ingestion_gcp_dag.format_xl_to_pq_task scheduled__2010-01-01T00:00:00+00:00 [running]> on host 9f5021834e17
[2022-05-02 15:59:49,623] {logging_mixin.py:109} WARNING - /home/***/.local/lib/python3.7/site-packages/***/utils/context.py:152 AirflowContextDeprecationWarning: Accessing 'execution_date' from the template is deprecated and will be removed in a future version. Please use 'data_interval_start' or 'logical_date' instead.
[2022-05-02 15:59:49,815] {taskinstance.py:1426} INFO - Exporting the following env vars:
AIRFLOW_CTX_DAG_OWNER=***
AIRFLOW_CTX_DAG_ID=data_ingestion_gcp_dag
AIRFLOW_CTX_TASK_ID=format_xl_to_pq_task
AIRFLOW_CTX_EXECUTION_DATE=2010-01-01T00:00:00+00:00
AIRFLOW_CTX_DAG_RUN_ID=scheduled__2010-01-01T00:00:00+00:00
[2022-05-02 15:59:57,539] {python.py:175} INFO - Done. Returned value was: None
[2022-05-02 15:59:57,725] {taskinstance.py:1277} INFO - Marking task as SUCCESS. dag_id=data_ingestion_gcp_dag, task_id=format_xl_to_pq_task, execution_date=20100101T000000, start_date=20220502T155948, end_date=20220502T155957
[2022-05-02 15:59:57,800] {local_task_job.py:154} INFO - Task exited with return code 0
[2022-05-02 15:59:58,142] {local_task_job.py:264} INFO - 1 downstream tasks scheduled from follow-on schedule check
[2022-05-02 16:34:49,335] {taskinstance.py:1032} INFO - Dependencies all met for <TaskInstance: data_ingestion_gcp_dag.format_xl_to_pq_task scheduled__2010-01-01T00:00:00+00:00 [queued]>
[2022-05-02 16:34:49,390] {taskinstance.py:1032} INFO - Dependencies all met for <TaskInstance: data_ingestion_gcp_dag.format_xl_to_pq_task scheduled__2010-01-01T00:00:00+00:00 [queued]>
[2022-05-02 16:34:49,401] {taskinstance.py:1238} INFO - 
--------------------------------------------------------------------------------
[2022-05-02 16:34:49,404] {taskinstance.py:1239} INFO - Starting attempt 1 of 2
[2022-05-02 16:34:49,408] {taskinstance.py:1240} INFO - 
--------------------------------------------------------------------------------
[2022-05-02 16:34:49,515] {taskinstance.py:1259} INFO - Executing <Task(PythonOperator): format_xl_to_pq_task> on 2010-01-01 00:00:00+00:00
[2022-05-02 16:34:49,544] {standard_task_runner.py:52} INFO - Started process 6690 to run task
[2022-05-02 16:34:49,549] {standard_task_runner.py:76} INFO - Running: ['***', 'tasks', 'run', 'data_ingestion_gcp_dag', 'format_xl_to_pq_task', 'scheduled__2010-01-01T00:00:00+00:00', '--job-id', '1209', '--raw', '--subdir', 'DAGS_FOLDER/ingest_to_gcs_dag.py', '--cfg-path', '/tmp/tmpoui3kfl7', '--error-file', '/tmp/tmpu4zz1orc']
[2022-05-02 16:34:49,565] {standard_task_runner.py:77} INFO - Job 1209: Subtask format_xl_to_pq_task
[2022-05-02 16:34:50,130] {logging_mixin.py:109} INFO - Running <TaskInstance: data_ingestion_gcp_dag.format_xl_to_pq_task scheduled__2010-01-01T00:00:00+00:00 [running]> on host 9f5021834e17
[2022-05-02 16:34:50,486] {logging_mixin.py:109} WARNING - /home/***/.local/lib/python3.7/site-packages/***/utils/context.py:152 AirflowContextDeprecationWarning: Accessing 'execution_date' from the template is deprecated and will be removed in a future version. Please use 'data_interval_start' or 'logical_date' instead.
[2022-05-02 16:34:50,729] {taskinstance.py:1426} INFO - Exporting the following env vars:
AIRFLOW_CTX_DAG_OWNER=***
AIRFLOW_CTX_DAG_ID=data_ingestion_gcp_dag
AIRFLOW_CTX_TASK_ID=format_xl_to_pq_task
AIRFLOW_CTX_EXECUTION_DATE=2010-01-01T00:00:00+00:00
AIRFLOW_CTX_DAG_RUN_ID=scheduled__2010-01-01T00:00:00+00:00
[2022-05-02 16:34:59,284] {python.py:175} INFO - Done. Returned value was: None
[2022-05-02 16:34:59,421] {taskinstance.py:1277} INFO - Marking task as SUCCESS. dag_id=data_ingestion_gcp_dag, task_id=format_xl_to_pq_task, execution_date=20100101T000000, start_date=20220502T163449, end_date=20220502T163459
[2022-05-02 16:34:59,525] {local_task_job.py:154} INFO - Task exited with return code 0
[2022-05-02 16:34:59,920] {local_task_job.py:264} INFO - 1 downstream tasks scheduled from follow-on schedule check
[2022-05-02 16:50:42,905] {taskinstance.py:1032} INFO - Dependencies all met for <TaskInstance: data_ingestion_gcp_dag.format_xl_to_pq_task scheduled__2010-01-01T00:00:00+00:00 [queued]>
[2022-05-02 16:50:42,953] {taskinstance.py:1032} INFO - Dependencies all met for <TaskInstance: data_ingestion_gcp_dag.format_xl_to_pq_task scheduled__2010-01-01T00:00:00+00:00 [queued]>
[2022-05-02 16:50:42,954] {taskinstance.py:1238} INFO - 
--------------------------------------------------------------------------------
[2022-05-02 16:50:42,956] {taskinstance.py:1239} INFO - Starting attempt 1 of 2
[2022-05-02 16:50:42,958] {taskinstance.py:1240} INFO - 
--------------------------------------------------------------------------------
[2022-05-02 16:50:43,060] {taskinstance.py:1259} INFO - Executing <Task(PythonOperator): format_xl_to_pq_task> on 2010-01-01 00:00:00+00:00
[2022-05-02 16:50:43,080] {standard_task_runner.py:52} INFO - Started process 9596 to run task
[2022-05-02 16:50:43,097] {standard_task_runner.py:76} INFO - Running: ['***', 'tasks', 'run', 'data_ingestion_gcp_dag', 'format_xl_to_pq_task', 'scheduled__2010-01-01T00:00:00+00:00', '--job-id', '1317', '--raw', '--subdir', 'DAGS_FOLDER/ingest_to_gcs_dag.py', '--cfg-path', '/tmp/tmpj5idi3nm', '--error-file', '/tmp/tmp8_3id6fq']
[2022-05-02 16:50:43,115] {standard_task_runner.py:77} INFO - Job 1317: Subtask format_xl_to_pq_task
[2022-05-02 16:50:43,629] {logging_mixin.py:109} INFO - Running <TaskInstance: data_ingestion_gcp_dag.format_xl_to_pq_task scheduled__2010-01-01T00:00:00+00:00 [running]> on host 9f5021834e17
[2022-05-02 16:50:43,883] {logging_mixin.py:109} WARNING - /home/***/.local/lib/python3.7/site-packages/***/utils/context.py:152 AirflowContextDeprecationWarning: Accessing 'execution_date' from the template is deprecated and will be removed in a future version. Please use 'data_interval_start' or 'logical_date' instead.
[2022-05-02 16:50:44,076] {taskinstance.py:1426} INFO - Exporting the following env vars:
AIRFLOW_CTX_DAG_OWNER=***
AIRFLOW_CTX_DAG_ID=data_ingestion_gcp_dag
AIRFLOW_CTX_TASK_ID=format_xl_to_pq_task
AIRFLOW_CTX_EXECUTION_DATE=2010-01-01T00:00:00+00:00
AIRFLOW_CTX_DAG_RUN_ID=scheduled__2010-01-01T00:00:00+00:00
[2022-05-02 16:50:50,479] {python.py:175} INFO - Done. Returned value was: None
[2022-05-02 16:50:50,629] {taskinstance.py:1277} INFO - Marking task as SUCCESS. dag_id=data_ingestion_gcp_dag, task_id=format_xl_to_pq_task, execution_date=20100101T000000, start_date=20220502T165042, end_date=20220502T165050
[2022-05-02 16:50:50,743] {local_task_job.py:154} INFO - Task exited with return code 0
[2022-05-02 16:50:50,993] {local_task_job.py:264} INFO - 1 downstream tasks scheduled from follow-on schedule check
