[2022-04-28 06:12:44,127] {taskinstance.py:1043} INFO - Dependencies all met for <TaskInstance: data_ingestion_gcp_dag.format_xl_to_csv_task scheduled__2017-01-01T00:00:00+00:00 [queued]>
[2022-04-28 06:12:44,218] {taskinstance.py:1043} INFO - Dependencies all met for <TaskInstance: data_ingestion_gcp_dag.format_xl_to_csv_task scheduled__2017-01-01T00:00:00+00:00 [queued]>
[2022-04-28 06:12:44,220] {taskinstance.py:1249} INFO - 
--------------------------------------------------------------------------------
[2022-04-28 06:12:44,222] {taskinstance.py:1250} INFO - Starting attempt 1 of 2
[2022-04-28 06:12:44,224] {taskinstance.py:1251} INFO - 
--------------------------------------------------------------------------------
[2022-04-28 06:12:44,269] {taskinstance.py:1270} INFO - Executing <Task(PythonOperator): format_xl_to_csv_task> on 2017-01-01 00:00:00+00:00
[2022-04-28 06:12:44,279] {standard_task_runner.py:52} INFO - Started process 3148 to run task
[2022-04-28 06:12:44,288] {standard_task_runner.py:79} INFO - Running: ['***', 'tasks', 'run', 'data_ingestion_gcp_dag', 'format_xl_to_csv_task', 'scheduled__2017-01-01T00:00:00+00:00', '--job-id', '604', '--raw', '--subdir', 'DAGS_FOLDER/ingest_to_gcs_dag.py', '--cfg-path', '/tmp/tmpiih6qkw1', '--error-file', '/tmp/tmpb6ociq9c']
[2022-04-28 06:12:44,292] {standard_task_runner.py:80} INFO - Job 604: Subtask format_xl_to_csv_task
[2022-04-28 06:12:44,733] {logging_mixin.py:109} INFO - Running <TaskInstance: data_ingestion_gcp_dag.format_xl_to_csv_task scheduled__2017-01-01T00:00:00+00:00 [running]> on host d4721d223bdd
[2022-04-28 06:12:45,460] {logging_mixin.py:109} WARNING - /home/***/.local/lib/python3.7/site-packages/***/utils/context.py:156 AirflowContextDeprecationWarning: Accessing 'execution_date' from the template is deprecated and will be removed in a future version. Please use 'data_interval_start' or 'logical_date' instead.
[2022-04-28 06:12:45,891] {taskinstance.py:1448} INFO - Exporting the following env vars:
AIRFLOW_CTX_DAG_OWNER=***
AIRFLOW_CTX_DAG_ID=data_ingestion_gcp_dag
AIRFLOW_CTX_TASK_ID=format_xl_to_csv_task
AIRFLOW_CTX_EXECUTION_DATE=2017-01-01T00:00:00+00:00
AIRFLOW_CTX_DAG_RUN_ID=scheduled__2017-01-01T00:00:00+00:00
[2022-04-28 06:12:53,921] {python.py:175} INFO - Done. Returned value was: None
[2022-04-28 06:12:54,034] {taskinstance.py:1288} INFO - Marking task as SUCCESS. dag_id=data_ingestion_gcp_dag, task_id=format_xl_to_csv_task, execution_date=20170101T000000, start_date=20220428T061244, end_date=20220428T061254
[2022-04-28 06:12:54,129] {local_task_job.py:154} INFO - Task exited with return code 0
[2022-04-28 06:12:54,398] {local_task_job.py:264} INFO - 1 downstream tasks scheduled from follow-on schedule check
[2022-04-29 02:39:58,388] {taskinstance.py:1043} INFO - Dependencies all met for <TaskInstance: data_ingestion_gcp_dag.format_xl_to_csv_task scheduled__2017-01-01T00:00:00+00:00 [queued]>
[2022-04-29 02:39:58,437] {taskinstance.py:1043} INFO - Dependencies all met for <TaskInstance: data_ingestion_gcp_dag.format_xl_to_csv_task scheduled__2017-01-01T00:00:00+00:00 [queued]>
[2022-04-29 02:39:58,439] {taskinstance.py:1249} INFO - 
--------------------------------------------------------------------------------
[2022-04-29 02:39:58,440] {taskinstance.py:1250} INFO - Starting attempt 1 of 2
[2022-04-29 02:39:58,441] {taskinstance.py:1251} INFO - 
--------------------------------------------------------------------------------
[2022-04-29 02:39:58,489] {taskinstance.py:1270} INFO - Executing <Task(PythonOperator): format_xl_to_csv_task> on 2017-01-01 00:00:00+00:00
[2022-04-29 02:39:58,499] {standard_task_runner.py:52} INFO - Started process 6407 to run task
[2022-04-29 02:39:58,507] {standard_task_runner.py:79} INFO - Running: ['***', 'tasks', 'run', 'data_ingestion_gcp_dag', 'format_xl_to_csv_task', 'scheduled__2017-01-01T00:00:00+00:00', '--job-id', '772', '--raw', '--subdir', 'DAGS_FOLDER/ingest_to_gcs_dag.py', '--cfg-path', '/tmp/tmpal12w7qd', '--error-file', '/tmp/tmpt99bve3d']
[2022-04-29 02:39:58,510] {standard_task_runner.py:80} INFO - Job 772: Subtask format_xl_to_csv_task
[2022-04-29 02:39:58,922] {logging_mixin.py:109} INFO - Running <TaskInstance: data_ingestion_gcp_dag.format_xl_to_csv_task scheduled__2017-01-01T00:00:00+00:00 [running]> on host 6fd0ba274d58
[2022-04-29 02:39:59,184] {logging_mixin.py:109} WARNING - /home/***/.local/lib/python3.7/site-packages/***/utils/context.py:156 AirflowContextDeprecationWarning: Accessing 'execution_date' from the template is deprecated and will be removed in a future version. Please use 'data_interval_start' or 'logical_date' instead.
[2022-04-29 02:39:59,374] {taskinstance.py:1448} INFO - Exporting the following env vars:
AIRFLOW_CTX_DAG_OWNER=***
AIRFLOW_CTX_DAG_ID=data_ingestion_gcp_dag
AIRFLOW_CTX_TASK_ID=format_xl_to_csv_task
AIRFLOW_CTX_EXECUTION_DATE=2017-01-01T00:00:00+00:00
AIRFLOW_CTX_DAG_RUN_ID=scheduled__2017-01-01T00:00:00+00:00
[2022-04-29 02:40:05,684] {python.py:175} INFO - Done. Returned value was: None
[2022-04-29 02:40:05,898] {taskinstance.py:1288} INFO - Marking task as SUCCESS. dag_id=data_ingestion_gcp_dag, task_id=format_xl_to_csv_task, execution_date=20170101T000000, start_date=20220429T023958, end_date=20220429T024005
[2022-04-29 02:40:05,998] {local_task_job.py:154} INFO - Task exited with return code 0
[2022-04-29 02:40:06,287] {local_task_job.py:264} INFO - 1 downstream tasks scheduled from follow-on schedule check
[2022-05-02 07:58:16,576] {taskinstance.py:1032} INFO - Dependencies all met for <TaskInstance: data_ingestion_gcp_dag.format_xl_to_csv_task scheduled__2017-01-01T00:00:00+00:00 [queued]>
[2022-05-02 07:58:16,625] {taskinstance.py:1032} INFO - Dependencies all met for <TaskInstance: data_ingestion_gcp_dag.format_xl_to_csv_task scheduled__2017-01-01T00:00:00+00:00 [queued]>
[2022-05-02 07:58:16,627] {taskinstance.py:1238} INFO - 
--------------------------------------------------------------------------------
[2022-05-02 07:58:16,629] {taskinstance.py:1239} INFO - Starting attempt 1 of 2
[2022-05-02 07:58:16,630] {taskinstance.py:1240} INFO - 
--------------------------------------------------------------------------------
[2022-05-02 07:58:16,686] {taskinstance.py:1259} INFO - Executing <Task(PythonOperator): format_xl_to_csv_task> on 2017-01-01 00:00:00+00:00
[2022-05-02 07:58:16,697] {standard_task_runner.py:52} INFO - Started process 10121 to run task
[2022-05-02 07:58:16,715] {standard_task_runner.py:76} INFO - Running: ['***', 'tasks', 'run', 'data_ingestion_gcp_dag', 'format_xl_to_csv_task', 'scheduled__2017-01-01T00:00:00+00:00', '--job-id', '906', '--raw', '--subdir', 'DAGS_FOLDER/ingest_to_gcs_dag.py', '--cfg-path', '/tmp/tmpdmriop63', '--error-file', '/tmp/tmpvdxnihro']
[2022-05-02 07:58:16,718] {standard_task_runner.py:77} INFO - Job 906: Subtask format_xl_to_csv_task
[2022-05-02 07:58:17,107] {logging_mixin.py:109} INFO - Running <TaskInstance: data_ingestion_gcp_dag.format_xl_to_csv_task scheduled__2017-01-01T00:00:00+00:00 [running]> on host ae42322ae538
[2022-05-02 07:58:17,371] {logging_mixin.py:109} WARNING - /home/***/.local/lib/python3.7/site-packages/***/utils/context.py:152 AirflowContextDeprecationWarning: Accessing 'execution_date' from the template is deprecated and will be removed in a future version. Please use 'data_interval_start' or 'logical_date' instead.
[2022-05-02 07:58:17,564] {taskinstance.py:1426} INFO - Exporting the following env vars:
AIRFLOW_CTX_DAG_OWNER=***
AIRFLOW_CTX_DAG_ID=data_ingestion_gcp_dag
AIRFLOW_CTX_TASK_ID=format_xl_to_csv_task
AIRFLOW_CTX_EXECUTION_DATE=2017-01-01T00:00:00+00:00
AIRFLOW_CTX_DAG_RUN_ID=scheduled__2017-01-01T00:00:00+00:00
[2022-05-02 07:58:24,575] {python.py:175} INFO - Done. Returned value was: None
[2022-05-02 07:58:24,799] {taskinstance.py:1277} INFO - Marking task as SUCCESS. dag_id=data_ingestion_gcp_dag, task_id=format_xl_to_csv_task, execution_date=20170101T000000, start_date=20220502T075816, end_date=20220502T075824
[2022-05-02 07:58:24,923] {local_task_job.py:154} INFO - Task exited with return code 0
[2022-05-02 07:58:25,172] {local_task_job.py:264} INFO - 1 downstream tasks scheduled from follow-on schedule check
[2022-05-02 09:20:15,784] {taskinstance.py:1032} INFO - Dependencies all met for <TaskInstance: data_ingestion_gcp_dag.format_xl_to_csv_task scheduled__2017-01-01T00:00:00+00:00 [queued]>
[2022-05-02 09:20:15,831] {taskinstance.py:1032} INFO - Dependencies all met for <TaskInstance: data_ingestion_gcp_dag.format_xl_to_csv_task scheduled__2017-01-01T00:00:00+00:00 [queued]>
[2022-05-02 09:20:15,833] {taskinstance.py:1238} INFO - 
--------------------------------------------------------------------------------
[2022-05-02 09:20:15,834] {taskinstance.py:1239} INFO - Starting attempt 1 of 2
[2022-05-02 09:20:15,835] {taskinstance.py:1240} INFO - 
--------------------------------------------------------------------------------
[2022-05-02 09:20:15,889] {taskinstance.py:1259} INFO - Executing <Task(PythonOperator): format_xl_to_csv_task> on 2017-01-01 00:00:00+00:00
[2022-05-02 09:20:15,898] {standard_task_runner.py:52} INFO - Started process 3422 to run task
[2022-05-02 09:20:15,914] {standard_task_runner.py:76} INFO - Running: ['***', 'tasks', 'run', 'data_ingestion_gcp_dag', 'format_xl_to_csv_task', 'scheduled__2017-01-01T00:00:00+00:00', '--job-id', '1027', '--raw', '--subdir', 'DAGS_FOLDER/ingest_to_gcs_dag.py', '--cfg-path', '/tmp/tmpqg7idu8f', '--error-file', '/tmp/tmpczph_wn5']
[2022-05-02 09:20:15,917] {standard_task_runner.py:77} INFO - Job 1027: Subtask format_xl_to_csv_task
[2022-05-02 09:20:16,302] {logging_mixin.py:109} INFO - Running <TaskInstance: data_ingestion_gcp_dag.format_xl_to_csv_task scheduled__2017-01-01T00:00:00+00:00 [running]> on host 98c324cf1bb6
[2022-05-02 09:20:16,594] {logging_mixin.py:109} WARNING - /home/***/.local/lib/python3.7/site-packages/***/utils/context.py:152 AirflowContextDeprecationWarning: Accessing 'execution_date' from the template is deprecated and will be removed in a future version. Please use 'data_interval_start' or 'logical_date' instead.
[2022-05-02 09:20:16,820] {taskinstance.py:1426} INFO - Exporting the following env vars:
AIRFLOW_CTX_DAG_OWNER=***
AIRFLOW_CTX_DAG_ID=data_ingestion_gcp_dag
AIRFLOW_CTX_TASK_ID=format_xl_to_csv_task
AIRFLOW_CTX_EXECUTION_DATE=2017-01-01T00:00:00+00:00
AIRFLOW_CTX_DAG_RUN_ID=scheduled__2017-01-01T00:00:00+00:00
[2022-05-02 09:20:23,308] {python.py:175} INFO - Done. Returned value was: None
[2022-05-02 09:20:23,633] {taskinstance.py:1277} INFO - Marking task as SUCCESS. dag_id=data_ingestion_gcp_dag, task_id=format_xl_to_csv_task, execution_date=20170101T000000, start_date=20220502T092015, end_date=20220502T092023
[2022-05-02 09:20:23,730] {local_task_job.py:154} INFO - Task exited with return code 0
[2022-05-02 09:20:24,207] {local_task_job.py:264} INFO - 0 downstream tasks scheduled from follow-on schedule check
