[2022-04-29 02:22:13,435] {taskinstance.py:1043} INFO - Dependencies all met for <TaskInstance: data_ingestion_gcp_dag.format_to_parquet_task scheduled__2006-01-01T00:00:00+00:00 [queued]>
[2022-04-29 02:22:13,491] {taskinstance.py:1043} INFO - Dependencies all met for <TaskInstance: data_ingestion_gcp_dag.format_to_parquet_task scheduled__2006-01-01T00:00:00+00:00 [queued]>
[2022-04-29 02:22:13,493] {taskinstance.py:1249} INFO - 
--------------------------------------------------------------------------------
[2022-04-29 02:22:13,494] {taskinstance.py:1250} INFO - Starting attempt 1 of 2
[2022-04-29 02:22:13,500] {taskinstance.py:1251} INFO - 
--------------------------------------------------------------------------------
[2022-04-29 02:22:13,556] {taskinstance.py:1270} INFO - Executing <Task(PythonOperator): format_to_parquet_task> on 2006-01-01 00:00:00+00:00
[2022-04-29 02:22:13,565] {standard_task_runner.py:52} INFO - Started process 3496 to run task
[2022-04-29 02:22:13,581] {standard_task_runner.py:79} INFO - Running: ['***', 'tasks', 'run', 'data_ingestion_gcp_dag', 'format_to_parquet_task', 'scheduled__2006-01-01T00:00:00+00:00', '--job-id', '637', '--raw', '--subdir', 'DAGS_FOLDER/ingest_to_gcs_dag.py', '--cfg-path', '/tmp/tmpa7hw0ull', '--error-file', '/tmp/tmpg2x2j2c5']
[2022-04-29 02:22:13,585] {standard_task_runner.py:80} INFO - Job 637: Subtask format_to_parquet_task
[2022-04-29 02:22:14,131] {logging_mixin.py:109} INFO - Running <TaskInstance: data_ingestion_gcp_dag.format_to_parquet_task scheduled__2006-01-01T00:00:00+00:00 [running]> on host 6fd0ba274d58
[2022-04-29 02:22:14,644] {logging_mixin.py:109} WARNING - /home/***/.local/lib/python3.7/site-packages/***/utils/context.py:156 AirflowContextDeprecationWarning: Accessing 'execution_date' from the template is deprecated and will be removed in a future version. Please use 'data_interval_start' or 'logical_date' instead.
[2022-04-29 02:22:14,852] {taskinstance.py:1448} INFO - Exporting the following env vars:
AIRFLOW_CTX_DAG_OWNER=***
AIRFLOW_CTX_DAG_ID=data_ingestion_gcp_dag
AIRFLOW_CTX_TASK_ID=format_to_parquet_task
AIRFLOW_CTX_EXECUTION_DATE=2006-01-01T00:00:00+00:00
AIRFLOW_CTX_DAG_RUN_ID=scheduled__2006-01-01T00:00:00+00:00
[2022-04-29 02:22:15,448] {python.py:175} INFO - Done. Returned value was: None
[2022-04-29 02:22:15,611] {taskinstance.py:1288} INFO - Marking task as SUCCESS. dag_id=data_ingestion_gcp_dag, task_id=format_to_parquet_task, execution_date=20060101T000000, start_date=20220429T022213, end_date=20220429T022215
[2022-04-29 02:22:15,727] {local_task_job.py:154} INFO - Task exited with return code 0
[2022-04-29 02:22:16,014] {local_task_job.py:264} INFO - 1 downstream tasks scheduled from follow-on schedule check
