[2022-04-28 06:10:30,844] {taskinstance.py:1043} INFO - Dependencies all met for <TaskInstance: data_ingestion_gcp_dag.format_xl_to_csv_task scheduled__2012-01-01T00:00:00+00:00 [queued]>
[2022-04-28 06:10:30,884] {taskinstance.py:1043} INFO - Dependencies all met for <TaskInstance: data_ingestion_gcp_dag.format_xl_to_csv_task scheduled__2012-01-01T00:00:00+00:00 [queued]>
[2022-04-28 06:10:30,886] {taskinstance.py:1249} INFO - 
--------------------------------------------------------------------------------
[2022-04-28 06:10:30,887] {taskinstance.py:1250} INFO - Starting attempt 1 of 2
[2022-04-28 06:10:30,888] {taskinstance.py:1251} INFO - 
--------------------------------------------------------------------------------
[2022-04-28 06:10:30,930] {taskinstance.py:1270} INFO - Executing <Task(PythonOperator): format_xl_to_csv_task> on 2012-01-01 00:00:00+00:00
[2022-04-28 06:10:30,940] {standard_task_runner.py:52} INFO - Started process 2693 to run task
[2022-04-28 06:10:30,948] {standard_task_runner.py:79} INFO - Running: ['***', 'tasks', 'run', 'data_ingestion_gcp_dag', 'format_xl_to_csv_task', 'scheduled__2012-01-01T00:00:00+00:00', '--job-id', '578', '--raw', '--subdir', 'DAGS_FOLDER/ingest_to_gcs_dag.py', '--cfg-path', '/tmp/tmpr1mffu1e', '--error-file', '/tmp/tmpqfn06i78']
[2022-04-28 06:10:30,951] {standard_task_runner.py:80} INFO - Job 578: Subtask format_xl_to_csv_task
[2022-04-28 06:10:31,306] {logging_mixin.py:109} INFO - Running <TaskInstance: data_ingestion_gcp_dag.format_xl_to_csv_task scheduled__2012-01-01T00:00:00+00:00 [running]> on host d4721d223bdd
[2022-04-28 06:10:31,558] {logging_mixin.py:109} WARNING - /home/***/.local/lib/python3.7/site-packages/***/utils/context.py:156 AirflowContextDeprecationWarning: Accessing 'execution_date' from the template is deprecated and will be removed in a future version. Please use 'data_interval_start' or 'logical_date' instead.
[2022-04-28 06:10:31,741] {taskinstance.py:1448} INFO - Exporting the following env vars:
AIRFLOW_CTX_DAG_OWNER=***
AIRFLOW_CTX_DAG_ID=data_ingestion_gcp_dag
AIRFLOW_CTX_TASK_ID=format_xl_to_csv_task
AIRFLOW_CTX_EXECUTION_DATE=2012-01-01T00:00:00+00:00
AIRFLOW_CTX_DAG_RUN_ID=scheduled__2012-01-01T00:00:00+00:00
[2022-04-28 06:10:36,963] {python.py:175} INFO - Done. Returned value was: None
[2022-04-28 06:10:37,068] {taskinstance.py:1288} INFO - Marking task as SUCCESS. dag_id=data_ingestion_gcp_dag, task_id=format_xl_to_csv_task, execution_date=20120101T000000, start_date=20220428T061030, end_date=20220428T061037
[2022-04-28 06:10:37,150] {local_task_job.py:154} INFO - Task exited with return code 0
[2022-04-28 06:10:37,663] {local_task_job.py:264} INFO - 0 downstream tasks scheduled from follow-on schedule check
[2022-04-29 02:38:49,356] {taskinstance.py:1043} INFO - Dependencies all met for <TaskInstance: data_ingestion_gcp_dag.format_xl_to_csv_task scheduled__2012-01-01T00:00:00+00:00 [queued]>
[2022-04-29 02:38:49,412] {taskinstance.py:1043} INFO - Dependencies all met for <TaskInstance: data_ingestion_gcp_dag.format_xl_to_csv_task scheduled__2012-01-01T00:00:00+00:00 [queued]>
[2022-04-29 02:38:49,414] {taskinstance.py:1249} INFO - 
--------------------------------------------------------------------------------
[2022-04-29 02:38:49,418] {taskinstance.py:1250} INFO - Starting attempt 1 of 2
[2022-04-29 02:38:49,420] {taskinstance.py:1251} INFO - 
--------------------------------------------------------------------------------
[2022-04-29 02:38:49,488] {taskinstance.py:1270} INFO - Executing <Task(PythonOperator): format_xl_to_csv_task> on 2012-01-01 00:00:00+00:00
[2022-04-29 02:38:49,518] {standard_task_runner.py:52} INFO - Started process 6124 to run task
[2022-04-29 02:38:49,544] {standard_task_runner.py:79} INFO - Running: ['***', 'tasks', 'run', 'data_ingestion_gcp_dag', 'format_xl_to_csv_task', 'scheduled__2012-01-01T00:00:00+00:00', '--job-id', '754', '--raw', '--subdir', 'DAGS_FOLDER/ingest_to_gcs_dag.py', '--cfg-path', '/tmp/tmparaqxn8s', '--error-file', '/tmp/tmp52tvedyg']
[2022-04-29 02:38:49,548] {standard_task_runner.py:80} INFO - Job 754: Subtask format_xl_to_csv_task
[2022-04-29 02:38:50,138] {logging_mixin.py:109} INFO - Running <TaskInstance: data_ingestion_gcp_dag.format_xl_to_csv_task scheduled__2012-01-01T00:00:00+00:00 [running]> on host 6fd0ba274d58
[2022-04-29 02:38:50,827] {logging_mixin.py:109} WARNING - /home/***/.local/lib/python3.7/site-packages/***/utils/context.py:156 AirflowContextDeprecationWarning: Accessing 'execution_date' from the template is deprecated and will be removed in a future version. Please use 'data_interval_start' or 'logical_date' instead.
[2022-04-29 02:38:51,047] {taskinstance.py:1448} INFO - Exporting the following env vars:
AIRFLOW_CTX_DAG_OWNER=***
AIRFLOW_CTX_DAG_ID=data_ingestion_gcp_dag
AIRFLOW_CTX_TASK_ID=format_xl_to_csv_task
AIRFLOW_CTX_EXECUTION_DATE=2012-01-01T00:00:00+00:00
AIRFLOW_CTX_DAG_RUN_ID=scheduled__2012-01-01T00:00:00+00:00
[2022-04-29 02:38:57,834] {python.py:175} INFO - Done. Returned value was: None
[2022-04-29 02:38:57,939] {taskinstance.py:1288} INFO - Marking task as SUCCESS. dag_id=data_ingestion_gcp_dag, task_id=format_xl_to_csv_task, execution_date=20120101T000000, start_date=20220429T023849, end_date=20220429T023857
[2022-04-29 02:38:58,042] {local_task_job.py:154} INFO - Task exited with return code 0
[2022-04-29 02:38:58,301] {local_task_job.py:264} INFO - 1 downstream tasks scheduled from follow-on schedule check
[2022-05-02 07:57:02,825] {taskinstance.py:1032} INFO - Dependencies all met for <TaskInstance: data_ingestion_gcp_dag.format_xl_to_csv_task scheduled__2012-01-01T00:00:00+00:00 [queued]>
[2022-05-02 07:57:02,872] {taskinstance.py:1032} INFO - Dependencies all met for <TaskInstance: data_ingestion_gcp_dag.format_xl_to_csv_task scheduled__2012-01-01T00:00:00+00:00 [queued]>
[2022-05-02 07:57:02,874] {taskinstance.py:1238} INFO - 
--------------------------------------------------------------------------------
[2022-05-02 07:57:02,875] {taskinstance.py:1239} INFO - Starting attempt 1 of 2
[2022-05-02 07:57:02,877] {taskinstance.py:1240} INFO - 
--------------------------------------------------------------------------------
[2022-05-02 07:57:02,927] {taskinstance.py:1259} INFO - Executing <Task(PythonOperator): format_xl_to_csv_task> on 2012-01-01 00:00:00+00:00
[2022-05-02 07:57:02,938] {standard_task_runner.py:52} INFO - Started process 9809 to run task
[2022-05-02 07:57:02,954] {standard_task_runner.py:76} INFO - Running: ['***', 'tasks', 'run', 'data_ingestion_gcp_dag', 'format_xl_to_csv_task', 'scheduled__2012-01-01T00:00:00+00:00', '--job-id', '888', '--raw', '--subdir', 'DAGS_FOLDER/ingest_to_gcs_dag.py', '--cfg-path', '/tmp/tmpuzapjgig', '--error-file', '/tmp/tmppwak5nxt']
[2022-05-02 07:57:02,958] {standard_task_runner.py:77} INFO - Job 888: Subtask format_xl_to_csv_task
[2022-05-02 07:57:03,351] {logging_mixin.py:109} INFO - Running <TaskInstance: data_ingestion_gcp_dag.format_xl_to_csv_task scheduled__2012-01-01T00:00:00+00:00 [running]> on host ae42322ae538
[2022-05-02 07:57:03,616] {logging_mixin.py:109} WARNING - /home/***/.local/lib/python3.7/site-packages/***/utils/context.py:152 AirflowContextDeprecationWarning: Accessing 'execution_date' from the template is deprecated and will be removed in a future version. Please use 'data_interval_start' or 'logical_date' instead.
[2022-05-02 07:57:03,810] {taskinstance.py:1426} INFO - Exporting the following env vars:
AIRFLOW_CTX_DAG_OWNER=***
AIRFLOW_CTX_DAG_ID=data_ingestion_gcp_dag
AIRFLOW_CTX_TASK_ID=format_xl_to_csv_task
AIRFLOW_CTX_EXECUTION_DATE=2012-01-01T00:00:00+00:00
AIRFLOW_CTX_DAG_RUN_ID=scheduled__2012-01-01T00:00:00+00:00
[2022-05-02 07:57:10,764] {python.py:175} INFO - Done. Returned value was: None
[2022-05-02 07:57:10,894] {taskinstance.py:1277} INFO - Marking task as SUCCESS. dag_id=data_ingestion_gcp_dag, task_id=format_xl_to_csv_task, execution_date=20120101T000000, start_date=20220502T075702, end_date=20220502T075710
[2022-05-02 07:57:11,013] {local_task_job.py:154} INFO - Task exited with return code 0
[2022-05-02 07:57:11,422] {local_task_job.py:264} INFO - 1 downstream tasks scheduled from follow-on schedule check
[2022-05-02 09:19:14,639] {taskinstance.py:1032} INFO - Dependencies all met for <TaskInstance: data_ingestion_gcp_dag.format_xl_to_csv_task scheduled__2012-01-01T00:00:00+00:00 [queued]>
[2022-05-02 09:19:14,692] {taskinstance.py:1032} INFO - Dependencies all met for <TaskInstance: data_ingestion_gcp_dag.format_xl_to_csv_task scheduled__2012-01-01T00:00:00+00:00 [queued]>
[2022-05-02 09:19:14,693] {taskinstance.py:1238} INFO - 
--------------------------------------------------------------------------------
[2022-05-02 09:19:14,695] {taskinstance.py:1239} INFO - Starting attempt 1 of 2
[2022-05-02 09:19:14,701] {taskinstance.py:1240} INFO - 
--------------------------------------------------------------------------------
[2022-05-02 09:19:14,750] {taskinstance.py:1259} INFO - Executing <Task(PythonOperator): format_xl_to_csv_task> on 2012-01-01 00:00:00+00:00
[2022-05-02 09:19:14,761] {standard_task_runner.py:52} INFO - Started process 3124 to run task
[2022-05-02 09:19:14,779] {standard_task_runner.py:76} INFO - Running: ['***', 'tasks', 'run', 'data_ingestion_gcp_dag', 'format_xl_to_csv_task', 'scheduled__2012-01-01T00:00:00+00:00', '--job-id', '1010', '--raw', '--subdir', 'DAGS_FOLDER/ingest_to_gcs_dag.py', '--cfg-path', '/tmp/tmpbxnhqysm', '--error-file', '/tmp/tmp5e30i30p']
[2022-05-02 09:19:14,782] {standard_task_runner.py:77} INFO - Job 1010: Subtask format_xl_to_csv_task
[2022-05-02 09:19:15,186] {logging_mixin.py:109} INFO - Running <TaskInstance: data_ingestion_gcp_dag.format_xl_to_csv_task scheduled__2012-01-01T00:00:00+00:00 [running]> on host 98c324cf1bb6
[2022-05-02 09:19:15,475] {logging_mixin.py:109} WARNING - /home/***/.local/lib/python3.7/site-packages/***/utils/context.py:152 AirflowContextDeprecationWarning: Accessing 'execution_date' from the template is deprecated and will be removed in a future version. Please use 'data_interval_start' or 'logical_date' instead.
[2022-05-02 09:19:15,788] {taskinstance.py:1426} INFO - Exporting the following env vars:
AIRFLOW_CTX_DAG_OWNER=***
AIRFLOW_CTX_DAG_ID=data_ingestion_gcp_dag
AIRFLOW_CTX_TASK_ID=format_xl_to_csv_task
AIRFLOW_CTX_EXECUTION_DATE=2012-01-01T00:00:00+00:00
AIRFLOW_CTX_DAG_RUN_ID=scheduled__2012-01-01T00:00:00+00:00
[2022-05-02 09:19:22,006] {python.py:175} INFO - Done. Returned value was: None
[2022-05-02 09:19:22,111] {taskinstance.py:1277} INFO - Marking task as SUCCESS. dag_id=data_ingestion_gcp_dag, task_id=format_xl_to_csv_task, execution_date=20120101T000000, start_date=20220502T091914, end_date=20220502T091922
[2022-05-02 09:19:22,222] {local_task_job.py:154} INFO - Task exited with return code 0
[2022-05-02 09:19:22,460] {local_task_job.py:264} INFO - 1 downstream tasks scheduled from follow-on schedule check
