[2022-04-29 02:45:23,074] {taskinstance.py:1043} INFO - Dependencies all met for <TaskInstance: data_ingestion_gcp_dag.download_dataset_task scheduled__2018-01-01T00:00:00+00:00 [queued]>
[2022-04-29 02:45:23,128] {taskinstance.py:1043} INFO - Dependencies all met for <TaskInstance: data_ingestion_gcp_dag.download_dataset_task scheduled__2018-01-01T00:00:00+00:00 [queued]>
[2022-04-29 02:45:23,130] {taskinstance.py:1249} INFO - 
--------------------------------------------------------------------------------
[2022-04-29 02:45:23,131] {taskinstance.py:1250} INFO - Starting attempt 2 of 3
[2022-04-29 02:45:23,132] {taskinstance.py:1251} INFO - 
--------------------------------------------------------------------------------
[2022-04-29 02:45:23,181] {taskinstance.py:1270} INFO - Executing <Task(BashOperator): download_dataset_task> on 2018-01-01 00:00:00+00:00
[2022-04-29 02:45:23,191] {standard_task_runner.py:52} INFO - Started process 7053 to run task
[2022-04-29 02:45:23,198] {standard_task_runner.py:79} INFO - Running: ['***', 'tasks', 'run', 'data_ingestion_gcp_dag', 'download_dataset_task', 'scheduled__2018-01-01T00:00:00+00:00', '--job-id', '792', '--raw', '--subdir', 'DAGS_FOLDER/ingest_to_gcs_dag.py', '--cfg-path', '/tmp/tmpy9fazlvb', '--error-file', '/tmp/tmphlrispp5']
[2022-04-29 02:45:23,201] {standard_task_runner.py:80} INFO - Job 792: Subtask download_dataset_task
[2022-04-29 02:45:23,582] {logging_mixin.py:109} INFO - Running <TaskInstance: data_ingestion_gcp_dag.download_dataset_task scheduled__2018-01-01T00:00:00+00:00 [running]> on host 6fd0ba274d58
[2022-04-29 02:45:23,840] {logging_mixin.py:109} WARNING - /home/***/.local/lib/python3.7/site-packages/***/utils/context.py:156 AirflowContextDeprecationWarning: Accessing 'execution_date' from the template is deprecated and will be removed in a future version. Please use 'data_interval_start' or 'logical_date' instead.
[2022-04-29 02:45:24,017] {taskinstance.py:1448} INFO - Exporting the following env vars:
AIRFLOW_CTX_DAG_OWNER=***
AIRFLOW_CTX_DAG_ID=data_ingestion_gcp_dag
AIRFLOW_CTX_TASK_ID=download_dataset_task
AIRFLOW_CTX_EXECUTION_DATE=2018-01-01T00:00:00+00:00
AIRFLOW_CTX_DAG_RUN_ID=scheduled__2018-01-01T00:00:00+00:00
[2022-04-29 02:45:24,023] {subprocess.py:62} INFO - Tmp dir root location: 
 /tmp
[2022-04-29 02:45:24,026] {subprocess.py:74} INFO - Running command: ['bash', '-c', 'curl -sSLf https://www.bls.gov/lau/laucnty18.xlsx > /opt/***/laucnty18.xlsx']
[2022-04-29 02:45:24,043] {subprocess.py:85} INFO - Output:
[2022-04-29 02:45:24,406] {subprocess.py:93} INFO - Command exited with return code 0
[2022-04-29 02:45:24,612] {taskinstance.py:1288} INFO - Marking task as SUCCESS. dag_id=data_ingestion_gcp_dag, task_id=download_dataset_task, execution_date=20180101T000000, start_date=20220429T024523, end_date=20220429T024524
[2022-04-29 02:45:24,672] {local_task_job.py:154} INFO - Task exited with return code 0
[2022-04-29 02:45:24,996] {local_task_job.py:264} INFO - 0 downstream tasks scheduled from follow-on schedule check
