[2022-04-28 06:12:51,386] {taskinstance.py:1043} INFO - Dependencies all met for <TaskInstance: data_ingestion_gcp_dag.local_to_gcs_task scheduled__2016-01-01T00:00:00+00:00 [queued]>
[2022-04-28 06:12:51,434] {taskinstance.py:1043} INFO - Dependencies all met for <TaskInstance: data_ingestion_gcp_dag.local_to_gcs_task scheduled__2016-01-01T00:00:00+00:00 [queued]>
[2022-04-28 06:12:51,436] {taskinstance.py:1249} INFO - 
--------------------------------------------------------------------------------
[2022-04-28 06:12:51,437] {taskinstance.py:1250} INFO - Starting attempt 1 of 2
[2022-04-28 06:12:51,439] {taskinstance.py:1251} INFO - 
--------------------------------------------------------------------------------
[2022-04-28 06:12:51,504] {taskinstance.py:1270} INFO - Executing <Task(PythonOperator): local_to_gcs_task> on 2016-01-01 00:00:00+00:00
[2022-04-28 06:12:51,523] {standard_task_runner.py:52} INFO - Started process 3177 to run task
[2022-04-28 06:12:51,551] {standard_task_runner.py:79} INFO - Running: ['***', 'tasks', 'run', 'data_ingestion_gcp_dag', 'local_to_gcs_task', 'scheduled__2016-01-01T00:00:00+00:00', '--job-id', '606', '--raw', '--subdir', 'DAGS_FOLDER/ingest_to_gcs_dag.py', '--cfg-path', '/tmp/tmpc2uax2dr', '--error-file', '/tmp/tmpkytu8qxe']
[2022-04-28 06:12:51,555] {standard_task_runner.py:80} INFO - Job 606: Subtask local_to_gcs_task
[2022-04-28 06:12:52,286] {logging_mixin.py:109} INFO - Running <TaskInstance: data_ingestion_gcp_dag.local_to_gcs_task scheduled__2016-01-01T00:00:00+00:00 [running]> on host d4721d223bdd
[2022-04-28 06:12:52,638] {logging_mixin.py:109} WARNING - /home/***/.local/lib/python3.7/site-packages/***/utils/context.py:156 AirflowContextDeprecationWarning: Accessing 'execution_date' from the template is deprecated and will be removed in a future version. Please use 'data_interval_start' or 'logical_date' instead.
[2022-04-28 06:12:52,836] {taskinstance.py:1448} INFO - Exporting the following env vars:
AIRFLOW_CTX_DAG_OWNER=***
AIRFLOW_CTX_DAG_ID=data_ingestion_gcp_dag
AIRFLOW_CTX_TASK_ID=local_to_gcs_task
AIRFLOW_CTX_EXECUTION_DATE=2016-01-01T00:00:00+00:00
AIRFLOW_CTX_DAG_RUN_ID=scheduled__2016-01-01T00:00:00+00:00
[2022-04-28 06:12:54,476] {python.py:175} INFO - Done. Returned value was: None
[2022-04-28 06:12:54,599] {taskinstance.py:1288} INFO - Marking task as SUCCESS. dag_id=data_ingestion_gcp_dag, task_id=local_to_gcs_task, execution_date=20160101T000000, start_date=20220428T061251, end_date=20220428T061254
[2022-04-28 06:12:54,699] {local_task_job.py:154} INFO - Task exited with return code 0
[2022-04-28 06:12:54,940] {local_task_job.py:264} INFO - 1 downstream tasks scheduled from follow-on schedule check
[2022-04-29 02:39:49,849] {taskinstance.py:1043} INFO - Dependencies all met for <TaskInstance: data_ingestion_gcp_dag.local_to_gcs_task scheduled__2016-01-01T00:00:00+00:00 [queued]>
[2022-04-29 02:39:49,920] {taskinstance.py:1043} INFO - Dependencies all met for <TaskInstance: data_ingestion_gcp_dag.local_to_gcs_task scheduled__2016-01-01T00:00:00+00:00 [queued]>
[2022-04-29 02:39:49,923] {taskinstance.py:1249} INFO - 
--------------------------------------------------------------------------------
[2022-04-29 02:39:49,925] {taskinstance.py:1250} INFO - Starting attempt 1 of 2
[2022-04-29 02:39:49,926] {taskinstance.py:1251} INFO - 
--------------------------------------------------------------------------------
[2022-04-29 02:39:49,984] {taskinstance.py:1270} INFO - Executing <Task(PythonOperator): local_to_gcs_task> on 2016-01-01 00:00:00+00:00
[2022-04-29 02:39:49,999] {standard_task_runner.py:52} INFO - Started process 6376 to run task
[2022-04-29 02:39:50,019] {standard_task_runner.py:79} INFO - Running: ['***', 'tasks', 'run', 'data_ingestion_gcp_dag', 'local_to_gcs_task', 'scheduled__2016-01-01T00:00:00+00:00', '--job-id', '769', '--raw', '--subdir', 'DAGS_FOLDER/ingest_to_gcs_dag.py', '--cfg-path', '/tmp/tmpinw__fvb', '--error-file', '/tmp/tmpl0wk9lwj']
[2022-04-29 02:39:50,022] {standard_task_runner.py:80} INFO - Job 769: Subtask local_to_gcs_task
[2022-04-29 02:39:50,449] {logging_mixin.py:109} INFO - Running <TaskInstance: data_ingestion_gcp_dag.local_to_gcs_task scheduled__2016-01-01T00:00:00+00:00 [running]> on host 6fd0ba274d58
[2022-04-29 02:39:50,796] {logging_mixin.py:109} WARNING - /home/***/.local/lib/python3.7/site-packages/***/utils/context.py:156 AirflowContextDeprecationWarning: Accessing 'execution_date' from the template is deprecated and will be removed in a future version. Please use 'data_interval_start' or 'logical_date' instead.
[2022-04-29 02:39:51,067] {taskinstance.py:1448} INFO - Exporting the following env vars:
AIRFLOW_CTX_DAG_OWNER=***
AIRFLOW_CTX_DAG_ID=data_ingestion_gcp_dag
AIRFLOW_CTX_TASK_ID=local_to_gcs_task
AIRFLOW_CTX_EXECUTION_DATE=2016-01-01T00:00:00+00:00
AIRFLOW_CTX_DAG_RUN_ID=scheduled__2016-01-01T00:00:00+00:00
[2022-04-29 02:39:52,801] {python.py:175} INFO - Done. Returned value was: None
[2022-04-29 02:39:52,913] {taskinstance.py:1288} INFO - Marking task as SUCCESS. dag_id=data_ingestion_gcp_dag, task_id=local_to_gcs_task, execution_date=20160101T000000, start_date=20220429T023949, end_date=20220429T023952
[2022-04-29 02:39:53,013] {local_task_job.py:154} INFO - Task exited with return code 0
[2022-04-29 02:39:53,279] {local_task_job.py:264} INFO - 1 downstream tasks scheduled from follow-on schedule check
[2022-05-02 07:58:29,723] {taskinstance.py:1032} INFO - Dependencies all met for <TaskInstance: data_ingestion_gcp_dag.local_to_gcs_task scheduled__2016-01-01T00:00:00+00:00 [queued]>
[2022-05-02 07:58:29,774] {taskinstance.py:1032} INFO - Dependencies all met for <TaskInstance: data_ingestion_gcp_dag.local_to_gcs_task scheduled__2016-01-01T00:00:00+00:00 [queued]>
[2022-05-02 07:58:29,777] {taskinstance.py:1238} INFO - 
--------------------------------------------------------------------------------
[2022-05-02 07:58:29,778] {taskinstance.py:1239} INFO - Starting attempt 1 of 2
[2022-05-02 07:58:29,781] {taskinstance.py:1240} INFO - 
--------------------------------------------------------------------------------
[2022-05-02 07:58:29,832] {taskinstance.py:1259} INFO - Executing <Task(PythonOperator): local_to_gcs_task> on 2016-01-01 00:00:00+00:00
[2022-05-02 07:58:29,842] {standard_task_runner.py:52} INFO - Started process 10167 to run task
[2022-05-02 07:58:29,858] {standard_task_runner.py:76} INFO - Running: ['***', 'tasks', 'run', 'data_ingestion_gcp_dag', 'local_to_gcs_task', 'scheduled__2016-01-01T00:00:00+00:00', '--job-id', '908', '--raw', '--subdir', 'DAGS_FOLDER/ingest_to_gcs_dag.py', '--cfg-path', '/tmp/tmpf052u6c8', '--error-file', '/tmp/tmp6cywtbq3']
[2022-05-02 07:58:29,862] {standard_task_runner.py:77} INFO - Job 908: Subtask local_to_gcs_task
[2022-05-02 07:58:30,270] {logging_mixin.py:109} INFO - Running <TaskInstance: data_ingestion_gcp_dag.local_to_gcs_task scheduled__2016-01-01T00:00:00+00:00 [running]> on host ae42322ae538
[2022-05-02 07:58:30,528] {logging_mixin.py:109} WARNING - /home/***/.local/lib/python3.7/site-packages/***/utils/context.py:152 AirflowContextDeprecationWarning: Accessing 'execution_date' from the template is deprecated and will be removed in a future version. Please use 'data_interval_start' or 'logical_date' instead.
[2022-05-02 07:58:30,714] {taskinstance.py:1426} INFO - Exporting the following env vars:
AIRFLOW_CTX_DAG_OWNER=***
AIRFLOW_CTX_DAG_ID=data_ingestion_gcp_dag
AIRFLOW_CTX_TASK_ID=local_to_gcs_task
AIRFLOW_CTX_EXECUTION_DATE=2016-01-01T00:00:00+00:00
AIRFLOW_CTX_DAG_RUN_ID=scheduled__2016-01-01T00:00:00+00:00
[2022-05-02 07:58:31,457] {python.py:175} INFO - Done. Returned value was: None
[2022-05-02 07:58:31,699] {taskinstance.py:1277} INFO - Marking task as SUCCESS. dag_id=data_ingestion_gcp_dag, task_id=local_to_gcs_task, execution_date=20160101T000000, start_date=20220502T075829, end_date=20220502T075831
[2022-05-02 07:58:31,762] {local_task_job.py:154} INFO - Task exited with return code 0
[2022-05-02 07:58:31,990] {local_task_job.py:264} INFO - 0 downstream tasks scheduled from follow-on schedule check
[2022-05-02 09:19:59,902] {taskinstance.py:1032} INFO - Dependencies all met for <TaskInstance: data_ingestion_gcp_dag.local_to_gcs_task scheduled__2016-01-01T00:00:00+00:00 [queued]>
[2022-05-02 09:19:59,947] {taskinstance.py:1032} INFO - Dependencies all met for <TaskInstance: data_ingestion_gcp_dag.local_to_gcs_task scheduled__2016-01-01T00:00:00+00:00 [queued]>
[2022-05-02 09:19:59,949] {taskinstance.py:1238} INFO - 
--------------------------------------------------------------------------------
[2022-05-02 09:19:59,951] {taskinstance.py:1239} INFO - Starting attempt 1 of 2
[2022-05-02 09:19:59,953] {taskinstance.py:1240} INFO - 
--------------------------------------------------------------------------------
[2022-05-02 09:19:59,998] {taskinstance.py:1259} INFO - Executing <Task(PythonOperator): local_to_gcs_task> on 2016-01-01 00:00:00+00:00
[2022-05-02 09:20:00,008] {standard_task_runner.py:52} INFO - Started process 3319 to run task
[2022-05-02 09:20:00,016] {standard_task_runner.py:76} INFO - Running: ['***', 'tasks', 'run', 'data_ingestion_gcp_dag', 'local_to_gcs_task', 'scheduled__2016-01-01T00:00:00+00:00', '--job-id', '1022', '--raw', '--subdir', 'DAGS_FOLDER/ingest_to_gcs_dag.py', '--cfg-path', '/tmp/tmpcpwg3o9h', '--error-file', '/tmp/tmp48c0mp7t']
[2022-05-02 09:20:00,019] {standard_task_runner.py:77} INFO - Job 1022: Subtask local_to_gcs_task
[2022-05-02 09:20:00,403] {logging_mixin.py:109} INFO - Running <TaskInstance: data_ingestion_gcp_dag.local_to_gcs_task scheduled__2016-01-01T00:00:00+00:00 [running]> on host 98c324cf1bb6
[2022-05-02 09:20:00,656] {logging_mixin.py:109} WARNING - /home/***/.local/lib/python3.7/site-packages/***/utils/context.py:152 AirflowContextDeprecationWarning: Accessing 'execution_date' from the template is deprecated and will be removed in a future version. Please use 'data_interval_start' or 'logical_date' instead.
[2022-05-02 09:20:00,829] {taskinstance.py:1426} INFO - Exporting the following env vars:
AIRFLOW_CTX_DAG_OWNER=***
AIRFLOW_CTX_DAG_ID=data_ingestion_gcp_dag
AIRFLOW_CTX_TASK_ID=local_to_gcs_task
AIRFLOW_CTX_EXECUTION_DATE=2016-01-01T00:00:00+00:00
AIRFLOW_CTX_DAG_RUN_ID=scheduled__2016-01-01T00:00:00+00:00
[2022-05-02 09:20:01,557] {python.py:175} INFO - Done. Returned value was: None
[2022-05-02 09:20:01,690] {taskinstance.py:1277} INFO - Marking task as SUCCESS. dag_id=data_ingestion_gcp_dag, task_id=local_to_gcs_task, execution_date=20160101T000000, start_date=20220502T091959, end_date=20220502T092001
[2022-05-02 09:20:01,768] {local_task_job.py:154} INFO - Task exited with return code 0
[2022-05-02 09:20:01,999] {local_task_job.py:264} INFO - 0 downstream tasks scheduled from follow-on schedule check
[2022-05-02 16:01:03,591] {taskinstance.py:1032} INFO - Dependencies all met for <TaskInstance: data_ingestion_gcp_dag.local_to_gcs_task scheduled__2016-01-01T00:00:00+00:00 [queued]>
[2022-05-02 16:01:03,636] {taskinstance.py:1032} INFO - Dependencies all met for <TaskInstance: data_ingestion_gcp_dag.local_to_gcs_task scheduled__2016-01-01T00:00:00+00:00 [queued]>
[2022-05-02 16:01:03,638] {taskinstance.py:1238} INFO - 
--------------------------------------------------------------------------------
[2022-05-02 16:01:03,639] {taskinstance.py:1239} INFO - Starting attempt 1 of 2
[2022-05-02 16:01:03,641] {taskinstance.py:1240} INFO - 
--------------------------------------------------------------------------------
[2022-05-02 16:01:03,689] {taskinstance.py:1259} INFO - Executing <Task(PythonOperator): local_to_gcs_task> on 2016-01-01 00:00:00+00:00
[2022-05-02 16:01:03,699] {standard_task_runner.py:52} INFO - Started process 2467 to run task
[2022-05-02 16:01:03,713] {standard_task_runner.py:76} INFO - Running: ['***', 'tasks', 'run', 'data_ingestion_gcp_dag', 'local_to_gcs_task', 'scheduled__2016-01-01T00:00:00+00:00', '--job-id', '1123', '--raw', '--subdir', 'DAGS_FOLDER/ingest_to_gcs_dag.py', '--cfg-path', '/tmp/tmpno79j1mc', '--error-file', '/tmp/tmpalevghgw']
[2022-05-02 16:01:03,716] {standard_task_runner.py:77} INFO - Job 1123: Subtask local_to_gcs_task
[2022-05-02 16:01:04,165] {logging_mixin.py:109} INFO - Running <TaskInstance: data_ingestion_gcp_dag.local_to_gcs_task scheduled__2016-01-01T00:00:00+00:00 [running]> on host 9f5021834e17
[2022-05-02 16:01:04,432] {logging_mixin.py:109} WARNING - /home/***/.local/lib/python3.7/site-packages/***/utils/context.py:152 AirflowContextDeprecationWarning: Accessing 'execution_date' from the template is deprecated and will be removed in a future version. Please use 'data_interval_start' or 'logical_date' instead.
[2022-05-02 16:01:04,636] {taskinstance.py:1426} INFO - Exporting the following env vars:
AIRFLOW_CTX_DAG_OWNER=***
AIRFLOW_CTX_DAG_ID=data_ingestion_gcp_dag
AIRFLOW_CTX_TASK_ID=local_to_gcs_task
AIRFLOW_CTX_EXECUTION_DATE=2016-01-01T00:00:00+00:00
AIRFLOW_CTX_DAG_RUN_ID=scheduled__2016-01-01T00:00:00+00:00
[2022-05-02 16:01:05,397] {python.py:175} INFO - Done. Returned value was: None
[2022-05-02 16:01:05,500] {taskinstance.py:1277} INFO - Marking task as SUCCESS. dag_id=data_ingestion_gcp_dag, task_id=local_to_gcs_task, execution_date=20160101T000000, start_date=20220502T160103, end_date=20220502T160105
[2022-05-02 16:01:05,582] {local_task_job.py:154} INFO - Task exited with return code 0
[2022-05-02 16:01:05,800] {local_task_job.py:264} INFO - 0 downstream tasks scheduled from follow-on schedule check
[2022-05-02 16:36:16,836] {taskinstance.py:1032} INFO - Dependencies all met for <TaskInstance: data_ingestion_gcp_dag.local_to_gcs_task scheduled__2016-01-01T00:00:00+00:00 [queued]>
[2022-05-02 16:36:16,896] {taskinstance.py:1032} INFO - Dependencies all met for <TaskInstance: data_ingestion_gcp_dag.local_to_gcs_task scheduled__2016-01-01T00:00:00+00:00 [queued]>
[2022-05-02 16:36:16,899] {taskinstance.py:1238} INFO - 
--------------------------------------------------------------------------------
[2022-05-02 16:36:16,902] {taskinstance.py:1239} INFO - Starting attempt 1 of 2
[2022-05-02 16:36:16,905] {taskinstance.py:1240} INFO - 
--------------------------------------------------------------------------------
[2022-05-02 16:36:16,963] {taskinstance.py:1259} INFO - Executing <Task(PythonOperator): local_to_gcs_task> on 2016-01-01 00:00:00+00:00
[2022-05-02 16:36:16,979] {standard_task_runner.py:52} INFO - Started process 7057 to run task
[2022-05-02 16:36:16,989] {standard_task_runner.py:76} INFO - Running: ['***', 'tasks', 'run', 'data_ingestion_gcp_dag', 'local_to_gcs_task', 'scheduled__2016-01-01T00:00:00+00:00', '--job-id', '1229', '--raw', '--subdir', 'DAGS_FOLDER/ingest_to_gcs_dag.py', '--cfg-path', '/tmp/tmpm1k9_oya', '--error-file', '/tmp/tmpfjfi8h4n']
[2022-05-02 16:36:16,992] {standard_task_runner.py:77} INFO - Job 1229: Subtask local_to_gcs_task
[2022-05-02 16:36:17,487] {logging_mixin.py:109} INFO - Running <TaskInstance: data_ingestion_gcp_dag.local_to_gcs_task scheduled__2016-01-01T00:00:00+00:00 [running]> on host 9f5021834e17
[2022-05-02 16:36:17,766] {logging_mixin.py:109} WARNING - /home/***/.local/lib/python3.7/site-packages/***/utils/context.py:152 AirflowContextDeprecationWarning: Accessing 'execution_date' from the template is deprecated and will be removed in a future version. Please use 'data_interval_start' or 'logical_date' instead.
[2022-05-02 16:36:17,995] {taskinstance.py:1426} INFO - Exporting the following env vars:
AIRFLOW_CTX_DAG_OWNER=***
AIRFLOW_CTX_DAG_ID=data_ingestion_gcp_dag
AIRFLOW_CTX_TASK_ID=local_to_gcs_task
AIRFLOW_CTX_EXECUTION_DATE=2016-01-01T00:00:00+00:00
AIRFLOW_CTX_DAG_RUN_ID=scheduled__2016-01-01T00:00:00+00:00
[2022-05-02 16:36:18,924] {python.py:175} INFO - Done. Returned value was: None
[2022-05-02 16:36:19,097] {taskinstance.py:1277} INFO - Marking task as SUCCESS. dag_id=data_ingestion_gcp_dag, task_id=local_to_gcs_task, execution_date=20160101T000000, start_date=20220502T163616, end_date=20220502T163619
[2022-05-02 16:36:19,181] {local_task_job.py:154} INFO - Task exited with return code 0
[2022-05-02 16:36:19,447] {local_task_job.py:264} INFO - 0 downstream tasks scheduled from follow-on schedule check
[2022-05-02 16:52:16,583] {taskinstance.py:1032} INFO - Dependencies all met for <TaskInstance: data_ingestion_gcp_dag.local_to_gcs_task scheduled__2016-01-01T00:00:00+00:00 [queued]>
[2022-05-02 16:52:16,646] {taskinstance.py:1032} INFO - Dependencies all met for <TaskInstance: data_ingestion_gcp_dag.local_to_gcs_task scheduled__2016-01-01T00:00:00+00:00 [queued]>
[2022-05-02 16:52:16,648] {taskinstance.py:1238} INFO - 
--------------------------------------------------------------------------------
[2022-05-02 16:52:16,649] {taskinstance.py:1239} INFO - Starting attempt 1 of 2
[2022-05-02 16:52:16,651] {taskinstance.py:1240} INFO - 
--------------------------------------------------------------------------------
[2022-05-02 16:52:16,703] {taskinstance.py:1259} INFO - Executing <Task(PythonOperator): local_to_gcs_task> on 2016-01-01 00:00:00+00:00
[2022-05-02 16:52:16,713] {standard_task_runner.py:52} INFO - Started process 9985 to run task
[2022-05-02 16:52:16,729] {standard_task_runner.py:76} INFO - Running: ['***', 'tasks', 'run', 'data_ingestion_gcp_dag', 'local_to_gcs_task', 'scheduled__2016-01-01T00:00:00+00:00', '--job-id', '1339', '--raw', '--subdir', 'DAGS_FOLDER/ingest_to_gcs_dag.py', '--cfg-path', '/tmp/tmpq9cbqgkd', '--error-file', '/tmp/tmp7w1v4pkg']
[2022-05-02 16:52:16,732] {standard_task_runner.py:77} INFO - Job 1339: Subtask local_to_gcs_task
[2022-05-02 16:52:17,152] {logging_mixin.py:109} INFO - Running <TaskInstance: data_ingestion_gcp_dag.local_to_gcs_task scheduled__2016-01-01T00:00:00+00:00 [running]> on host 9f5021834e17
[2022-05-02 16:52:17,418] {logging_mixin.py:109} WARNING - /home/***/.local/lib/python3.7/site-packages/***/utils/context.py:152 AirflowContextDeprecationWarning: Accessing 'execution_date' from the template is deprecated and will be removed in a future version. Please use 'data_interval_start' or 'logical_date' instead.
[2022-05-02 16:52:17,620] {taskinstance.py:1426} INFO - Exporting the following env vars:
AIRFLOW_CTX_DAG_OWNER=***
AIRFLOW_CTX_DAG_ID=data_ingestion_gcp_dag
AIRFLOW_CTX_TASK_ID=local_to_gcs_task
AIRFLOW_CTX_EXECUTION_DATE=2016-01-01T00:00:00+00:00
AIRFLOW_CTX_DAG_RUN_ID=scheduled__2016-01-01T00:00:00+00:00
[2022-05-02 16:52:18,470] {python.py:175} INFO - Done. Returned value was: None
[2022-05-02 16:52:18,631] {taskinstance.py:1277} INFO - Marking task as SUCCESS. dag_id=data_ingestion_gcp_dag, task_id=local_to_gcs_task, execution_date=20160101T000000, start_date=20220502T165216, end_date=20220502T165218
[2022-05-02 16:52:18,753] {local_task_job.py:154} INFO - Task exited with return code 0
[2022-05-02 16:52:19,056] {local_task_job.py:264} INFO - 0 downstream tasks scheduled from follow-on schedule check
