[2022-04-28 05:21:44,095] {taskinstance.py:1043} INFO - Dependencies all met for <TaskInstance: data_ingestion_gcp_dag.format_xl_to_csv_task scheduled__1998-01-01T00:00:00+00:00 [queued]>
[2022-04-28 05:21:44,147] {taskinstance.py:1043} INFO - Dependencies all met for <TaskInstance: data_ingestion_gcp_dag.format_xl_to_csv_task scheduled__1998-01-01T00:00:00+00:00 [queued]>
[2022-04-28 05:21:44,149] {taskinstance.py:1249} INFO - 
--------------------------------------------------------------------------------
[2022-04-28 05:21:44,151] {taskinstance.py:1250} INFO - Starting attempt 1 of 2
[2022-04-28 05:21:44,153] {taskinstance.py:1251} INFO - 
--------------------------------------------------------------------------------
[2022-04-28 05:21:44,210] {taskinstance.py:1270} INFO - Executing <Task(PythonOperator): format_xl_to_csv_task> on 1998-01-01 00:00:00+00:00
[2022-04-28 05:21:44,221] {standard_task_runner.py:52} INFO - Started process 4789 to run task
[2022-04-28 05:21:44,237] {standard_task_runner.py:79} INFO - Running: ['***', 'tasks', 'run', 'data_ingestion_gcp_dag', 'format_xl_to_csv_task', 'scheduled__1998-01-01T00:00:00+00:00', '--job-id', '432', '--raw', '--subdir', 'DAGS_FOLDER/ingest_to_gcs_dag.py', '--cfg-path', '/tmp/tmp5qr6a6us', '--error-file', '/tmp/tmpi16e9x3a']
[2022-04-28 05:21:44,240] {standard_task_runner.py:80} INFO - Job 432: Subtask format_xl_to_csv_task
[2022-04-28 05:21:44,703] {logging_mixin.py:109} INFO - Running <TaskInstance: data_ingestion_gcp_dag.format_xl_to_csv_task scheduled__1998-01-01T00:00:00+00:00 [running]> on host 65f5b8b3c17c
[2022-04-28 05:21:45,137] {logging_mixin.py:109} WARNING - /home/***/.local/lib/python3.7/site-packages/***/utils/context.py:156 AirflowContextDeprecationWarning: Accessing 'execution_date' from the template is deprecated and will be removed in a future version. Please use 'data_interval_start' or 'logical_date' instead.
[2022-04-28 05:21:45,401] {taskinstance.py:1448} INFO - Exporting the following env vars:
AIRFLOW_CTX_DAG_OWNER=***
AIRFLOW_CTX_DAG_ID=data_ingestion_gcp_dag
AIRFLOW_CTX_TASK_ID=format_xl_to_csv_task
AIRFLOW_CTX_EXECUTION_DATE=1998-01-01T00:00:00+00:00
AIRFLOW_CTX_DAG_RUN_ID=scheduled__1998-01-01T00:00:00+00:00
[2022-04-28 05:21:52,774] {python.py:175} INFO - Done. Returned value was: None
[2022-04-28 05:21:52,967] {taskinstance.py:1288} INFO - Marking task as SUCCESS. dag_id=data_ingestion_gcp_dag, task_id=format_xl_to_csv_task, execution_date=19980101T000000, start_date=20220428T052144, end_date=20220428T052152
[2022-04-28 05:21:53,089] {local_task_job.py:154} INFO - Task exited with return code 0
[2022-04-28 05:21:53,721] {local_task_job.py:264} INFO - 0 downstream tasks scheduled from follow-on schedule check
[2022-04-28 06:04:01,377] {taskinstance.py:1043} INFO - Dependencies all met for <TaskInstance: data_ingestion_gcp_dag.format_xl_to_csv_task scheduled__1998-01-01T00:00:00+00:00 [queued]>
[2022-04-28 06:04:01,423] {taskinstance.py:1043} INFO - Dependencies all met for <TaskInstance: data_ingestion_gcp_dag.format_xl_to_csv_task scheduled__1998-01-01T00:00:00+00:00 [queued]>
[2022-04-28 06:04:01,424] {taskinstance.py:1249} INFO - 
--------------------------------------------------------------------------------
[2022-04-28 06:04:01,426] {taskinstance.py:1250} INFO - Starting attempt 1 of 2
[2022-04-28 06:04:01,427] {taskinstance.py:1251} INFO - 
--------------------------------------------------------------------------------
[2022-04-28 06:04:01,481] {taskinstance.py:1270} INFO - Executing <Task(PythonOperator): format_xl_to_csv_task> on 1998-01-01 00:00:00+00:00
[2022-04-28 06:04:01,491] {standard_task_runner.py:52} INFO - Started process 1515 to run task
[2022-04-28 06:04:01,506] {standard_task_runner.py:79} INFO - Running: ['***', 'tasks', 'run', 'data_ingestion_gcp_dag', 'format_xl_to_csv_task', 'scheduled__1998-01-01T00:00:00+00:00', '--job-id', '515', '--raw', '--subdir', 'DAGS_FOLDER/ingest_to_gcs_dag.py', '--cfg-path', '/tmp/tmptqz64nzk', '--error-file', '/tmp/tmp5i18r_5b']
[2022-04-28 06:04:01,509] {standard_task_runner.py:80} INFO - Job 515: Subtask format_xl_to_csv_task
[2022-04-28 06:04:01,889] {logging_mixin.py:109} INFO - Running <TaskInstance: data_ingestion_gcp_dag.format_xl_to_csv_task scheduled__1998-01-01T00:00:00+00:00 [running]> on host d4721d223bdd
[2022-04-28 06:04:02,147] {logging_mixin.py:109} WARNING - /home/***/.local/lib/python3.7/site-packages/***/utils/context.py:156 AirflowContextDeprecationWarning: Accessing 'execution_date' from the template is deprecated and will be removed in a future version. Please use 'data_interval_start' or 'logical_date' instead.
[2022-04-28 06:04:02,356] {taskinstance.py:1448} INFO - Exporting the following env vars:
AIRFLOW_CTX_DAG_OWNER=***
AIRFLOW_CTX_DAG_ID=data_ingestion_gcp_dag
AIRFLOW_CTX_TASK_ID=format_xl_to_csv_task
AIRFLOW_CTX_EXECUTION_DATE=1998-01-01T00:00:00+00:00
AIRFLOW_CTX_DAG_RUN_ID=scheduled__1998-01-01T00:00:00+00:00
[2022-04-28 06:04:07,803] {python.py:175} INFO - Done. Returned value was: None
[2022-04-28 06:04:07,958] {taskinstance.py:1288} INFO - Marking task as SUCCESS. dag_id=data_ingestion_gcp_dag, task_id=format_xl_to_csv_task, execution_date=19980101T000000, start_date=20220428T060401, end_date=20220428T060407
[2022-04-28 06:04:08,056] {local_task_job.py:154} INFO - Task exited with return code 0
[2022-04-28 06:04:08,337] {local_task_job.py:264} INFO - 1 downstream tasks scheduled from follow-on schedule check
[2022-04-29 02:33:57,804] {taskinstance.py:1043} INFO - Dependencies all met for <TaskInstance: data_ingestion_gcp_dag.format_xl_to_csv_task scheduled__1998-01-01T00:00:00+00:00 [queued]>
[2022-04-29 02:33:57,850] {taskinstance.py:1043} INFO - Dependencies all met for <TaskInstance: data_ingestion_gcp_dag.format_xl_to_csv_task scheduled__1998-01-01T00:00:00+00:00 [queued]>
[2022-04-29 02:33:57,852] {taskinstance.py:1249} INFO - 
--------------------------------------------------------------------------------
[2022-04-29 02:33:57,854] {taskinstance.py:1250} INFO - Starting attempt 1 of 2
[2022-04-29 02:33:57,856] {taskinstance.py:1251} INFO - 
--------------------------------------------------------------------------------
[2022-04-29 02:33:57,904] {taskinstance.py:1270} INFO - Executing <Task(PythonOperator): format_xl_to_csv_task> on 1998-01-01 00:00:00+00:00
[2022-04-29 02:33:57,915] {standard_task_runner.py:52} INFO - Started process 5055 to run task
[2022-04-29 02:33:57,923] {standard_task_runner.py:79} INFO - Running: ['***', 'tasks', 'run', 'data_ingestion_gcp_dag', 'format_xl_to_csv_task', 'scheduled__1998-01-01T00:00:00+00:00', '--job-id', '693', '--raw', '--subdir', 'DAGS_FOLDER/ingest_to_gcs_dag.py', '--cfg-path', '/tmp/tmpd5gy7ul3', '--error-file', '/tmp/tmp7bwmmi80']
[2022-04-29 02:33:57,927] {standard_task_runner.py:80} INFO - Job 693: Subtask format_xl_to_csv_task
[2022-04-29 02:33:58,314] {logging_mixin.py:109} INFO - Running <TaskInstance: data_ingestion_gcp_dag.format_xl_to_csv_task scheduled__1998-01-01T00:00:00+00:00 [running]> on host 6fd0ba274d58
[2022-04-29 02:33:58,599] {logging_mixin.py:109} WARNING - /home/***/.local/lib/python3.7/site-packages/***/utils/context.py:156 AirflowContextDeprecationWarning: Accessing 'execution_date' from the template is deprecated and will be removed in a future version. Please use 'data_interval_start' or 'logical_date' instead.
[2022-04-29 02:33:58,805] {taskinstance.py:1448} INFO - Exporting the following env vars:
AIRFLOW_CTX_DAG_OWNER=***
AIRFLOW_CTX_DAG_ID=data_ingestion_gcp_dag
AIRFLOW_CTX_TASK_ID=format_xl_to_csv_task
AIRFLOW_CTX_EXECUTION_DATE=1998-01-01T00:00:00+00:00
AIRFLOW_CTX_DAG_RUN_ID=scheduled__1998-01-01T00:00:00+00:00
[2022-04-29 02:34:04,396] {python.py:175} INFO - Done. Returned value was: None
[2022-04-29 02:34:04,505] {taskinstance.py:1288} INFO - Marking task as SUCCESS. dag_id=data_ingestion_gcp_dag, task_id=format_xl_to_csv_task, execution_date=19980101T000000, start_date=20220429T023357, end_date=20220429T023404
[2022-04-29 02:34:04,596] {local_task_job.py:154} INFO - Task exited with return code 0
[2022-04-29 02:34:04,875] {local_task_job.py:264} INFO - 1 downstream tasks scheduled from follow-on schedule check
[2022-05-02 07:53:49,859] {taskinstance.py:1032} INFO - Dependencies all met for <TaskInstance: data_ingestion_gcp_dag.format_xl_to_csv_task scheduled__1998-01-01T00:00:00+00:00 [queued]>
[2022-05-02 07:53:49,902] {taskinstance.py:1032} INFO - Dependencies all met for <TaskInstance: data_ingestion_gcp_dag.format_xl_to_csv_task scheduled__1998-01-01T00:00:00+00:00 [queued]>
[2022-05-02 07:53:49,904] {taskinstance.py:1238} INFO - 
--------------------------------------------------------------------------------
[2022-05-02 07:53:49,905] {taskinstance.py:1239} INFO - Starting attempt 1 of 2
[2022-05-02 07:53:49,906] {taskinstance.py:1240} INFO - 
--------------------------------------------------------------------------------
[2022-05-02 07:53:49,947] {taskinstance.py:1259} INFO - Executing <Task(PythonOperator): format_xl_to_csv_task> on 1998-01-01 00:00:00+00:00
[2022-05-02 07:53:49,956] {standard_task_runner.py:52} INFO - Started process 9066 to run task
[2022-05-02 07:53:49,964] {standard_task_runner.py:76} INFO - Running: ['***', 'tasks', 'run', 'data_ingestion_gcp_dag', 'format_xl_to_csv_task', 'scheduled__1998-01-01T00:00:00+00:00', '--job-id', '848', '--raw', '--subdir', 'DAGS_FOLDER/ingest_to_gcs_dag.py', '--cfg-path', '/tmp/tmpwy2er2h2', '--error-file', '/tmp/tmpshhkn_zw']
[2022-05-02 07:53:49,967] {standard_task_runner.py:77} INFO - Job 848: Subtask format_xl_to_csv_task
[2022-05-02 07:53:50,327] {logging_mixin.py:109} INFO - Running <TaskInstance: data_ingestion_gcp_dag.format_xl_to_csv_task scheduled__1998-01-01T00:00:00+00:00 [running]> on host ae42322ae538
[2022-05-02 07:53:50,564] {logging_mixin.py:109} WARNING - /home/***/.local/lib/python3.7/site-packages/***/utils/context.py:152 AirflowContextDeprecationWarning: Accessing 'execution_date' from the template is deprecated and will be removed in a future version. Please use 'data_interval_start' or 'logical_date' instead.
[2022-05-02 07:53:50,746] {taskinstance.py:1426} INFO - Exporting the following env vars:
AIRFLOW_CTX_DAG_OWNER=***
AIRFLOW_CTX_DAG_ID=data_ingestion_gcp_dag
AIRFLOW_CTX_TASK_ID=format_xl_to_csv_task
AIRFLOW_CTX_EXECUTION_DATE=1998-01-01T00:00:00+00:00
AIRFLOW_CTX_DAG_RUN_ID=scheduled__1998-01-01T00:00:00+00:00
[2022-05-02 07:53:57,252] {python.py:175} INFO - Done. Returned value was: None
[2022-05-02 07:53:57,360] {taskinstance.py:1277} INFO - Marking task as SUCCESS. dag_id=data_ingestion_gcp_dag, task_id=format_xl_to_csv_task, execution_date=19980101T000000, start_date=20220502T075349, end_date=20220502T075357
[2022-05-02 07:53:57,459] {local_task_job.py:154} INFO - Task exited with return code 0
[2022-05-02 07:53:57,797] {local_task_job.py:264} INFO - 0 downstream tasks scheduled from follow-on schedule check
[2022-05-02 09:15:41,774] {taskinstance.py:1032} INFO - Dependencies all met for <TaskInstance: data_ingestion_gcp_dag.format_xl_to_csv_task scheduled__1998-01-01T00:00:00+00:00 [queued]>
[2022-05-02 09:15:41,815] {taskinstance.py:1032} INFO - Dependencies all met for <TaskInstance: data_ingestion_gcp_dag.format_xl_to_csv_task scheduled__1998-01-01T00:00:00+00:00 [queued]>
[2022-05-02 09:15:41,817] {taskinstance.py:1238} INFO - 
--------------------------------------------------------------------------------
[2022-05-02 09:15:41,818] {taskinstance.py:1239} INFO - Starting attempt 1 of 2
[2022-05-02 09:15:41,819] {taskinstance.py:1240} INFO - 
--------------------------------------------------------------------------------
[2022-05-02 09:15:41,858] {taskinstance.py:1259} INFO - Executing <Task(PythonOperator): format_xl_to_csv_task> on 1998-01-01 00:00:00+00:00
[2022-05-02 09:15:41,867] {standard_task_runner.py:52} INFO - Started process 2322 to run task
[2022-05-02 09:15:41,875] {standard_task_runner.py:76} INFO - Running: ['***', 'tasks', 'run', 'data_ingestion_gcp_dag', 'format_xl_to_csv_task', 'scheduled__1998-01-01T00:00:00+00:00', '--job-id', '967', '--raw', '--subdir', 'DAGS_FOLDER/ingest_to_gcs_dag.py', '--cfg-path', '/tmp/tmprbe_ul_a', '--error-file', '/tmp/tmpvj7u63ro']
[2022-05-02 09:15:41,877] {standard_task_runner.py:77} INFO - Job 967: Subtask format_xl_to_csv_task
[2022-05-02 09:15:42,232] {logging_mixin.py:109} INFO - Running <TaskInstance: data_ingestion_gcp_dag.format_xl_to_csv_task scheduled__1998-01-01T00:00:00+00:00 [running]> on host 98c324cf1bb6
[2022-05-02 09:15:42,472] {logging_mixin.py:109} WARNING - /home/***/.local/lib/python3.7/site-packages/***/utils/context.py:152 AirflowContextDeprecationWarning: Accessing 'execution_date' from the template is deprecated and will be removed in a future version. Please use 'data_interval_start' or 'logical_date' instead.
[2022-05-02 09:15:42,651] {taskinstance.py:1426} INFO - Exporting the following env vars:
AIRFLOW_CTX_DAG_OWNER=***
AIRFLOW_CTX_DAG_ID=data_ingestion_gcp_dag
AIRFLOW_CTX_TASK_ID=format_xl_to_csv_task
AIRFLOW_CTX_EXECUTION_DATE=1998-01-01T00:00:00+00:00
AIRFLOW_CTX_DAG_RUN_ID=scheduled__1998-01-01T00:00:00+00:00
[2022-05-02 09:15:49,352] {python.py:175} INFO - Done. Returned value was: None
[2022-05-02 09:15:49,457] {taskinstance.py:1277} INFO - Marking task as SUCCESS. dag_id=data_ingestion_gcp_dag, task_id=format_xl_to_csv_task, execution_date=19980101T000000, start_date=20220502T091541, end_date=20220502T091549
[2022-05-02 09:15:49,553] {local_task_job.py:154} INFO - Task exited with return code 0
[2022-05-02 09:15:49,786] {local_task_job.py:264} INFO - 1 downstream tasks scheduled from follow-on schedule check
