[2022-04-28 06:05:59,401] {taskinstance.py:1043} INFO - Dependencies all met for <TaskInstance: data_ingestion_gcp_dag.rm_files_task scheduled__2003-01-01T00:00:00+00:00 [queued]>
[2022-04-28 06:05:59,447] {taskinstance.py:1043} INFO - Dependencies all met for <TaskInstance: data_ingestion_gcp_dag.rm_files_task scheduled__2003-01-01T00:00:00+00:00 [queued]>
[2022-04-28 06:05:59,449] {taskinstance.py:1249} INFO - 
--------------------------------------------------------------------------------
[2022-04-28 06:05:59,450] {taskinstance.py:1250} INFO - Starting attempt 1 of 2
[2022-04-28 06:05:59,452] {taskinstance.py:1251} INFO - 
--------------------------------------------------------------------------------
[2022-04-28 06:05:59,498] {taskinstance.py:1270} INFO - Executing <Task(BashOperator): rm_files_task> on 2003-01-01 00:00:00+00:00
[2022-04-28 06:05:59,507] {standard_task_runner.py:52} INFO - Started process 1946 to run task
[2022-04-28 06:05:59,515] {standard_task_runner.py:79} INFO - Running: ['***', 'tasks', 'run', 'data_ingestion_gcp_dag', 'rm_files_task', 'scheduled__2003-01-01T00:00:00+00:00', '--job-id', '541', '--raw', '--subdir', 'DAGS_FOLDER/ingest_to_gcs_dag.py', '--cfg-path', '/tmp/tmp_6aq33tf', '--error-file', '/tmp/tmpbk59syye']
[2022-04-28 06:05:59,520] {standard_task_runner.py:80} INFO - Job 541: Subtask rm_files_task
[2022-04-28 06:06:00,034] {logging_mixin.py:109} INFO - Running <TaskInstance: data_ingestion_gcp_dag.rm_files_task scheduled__2003-01-01T00:00:00+00:00 [running]> on host d4721d223bdd
[2022-04-28 06:06:00,412] {logging_mixin.py:109} WARNING - /home/***/.local/lib/python3.7/site-packages/***/utils/context.py:156 AirflowContextDeprecationWarning: Accessing 'execution_date' from the template is deprecated and will be removed in a future version. Please use 'data_interval_start' or 'logical_date' instead.
[2022-04-28 06:06:00,629] {taskinstance.py:1448} INFO - Exporting the following env vars:
AIRFLOW_CTX_DAG_OWNER=***
AIRFLOW_CTX_DAG_ID=data_ingestion_gcp_dag
AIRFLOW_CTX_TASK_ID=rm_files_task
AIRFLOW_CTX_EXECUTION_DATE=2003-01-01T00:00:00+00:00
AIRFLOW_CTX_DAG_RUN_ID=scheduled__2003-01-01T00:00:00+00:00
[2022-04-28 06:06:00,637] {subprocess.py:62} INFO - Tmp dir root location: 
 /tmp
[2022-04-28 06:06:00,642] {subprocess.py:74} INFO - Running command: ['bash', '-c', 'rm /opt/***/laucnty03.xlsx /opt/***/us_employment_03.parquet']
[2022-04-28 06:06:00,671] {subprocess.py:85} INFO - Output:
[2022-04-28 06:06:00,754] {subprocess.py:93} INFO - Command exited with return code 0
[2022-04-28 06:06:00,966] {taskinstance.py:1288} INFO - Marking task as SUCCESS. dag_id=data_ingestion_gcp_dag, task_id=rm_files_task, execution_date=20030101T000000, start_date=20220428T060559, end_date=20220428T060600
[2022-04-28 06:06:01,027] {local_task_job.py:154} INFO - Task exited with return code 0
[2022-04-28 06:06:01,334] {local_task_job.py:264} INFO - 0 downstream tasks scheduled from follow-on schedule check
[2022-04-29 02:36:34,018] {taskinstance.py:1043} INFO - Dependencies all met for <TaskInstance: data_ingestion_gcp_dag.rm_files_task scheduled__2003-01-01T00:00:00+00:00 [queued]>
[2022-04-29 02:36:34,068] {taskinstance.py:1043} INFO - Dependencies all met for <TaskInstance: data_ingestion_gcp_dag.rm_files_task scheduled__2003-01-01T00:00:00+00:00 [queued]>
[2022-04-29 02:36:34,070] {taskinstance.py:1249} INFO - 
--------------------------------------------------------------------------------
[2022-04-29 02:36:34,072] {taskinstance.py:1250} INFO - Starting attempt 1 of 2
[2022-04-29 02:36:34,073] {taskinstance.py:1251} INFO - 
--------------------------------------------------------------------------------
[2022-04-29 02:36:34,123] {taskinstance.py:1270} INFO - Executing <Task(BashOperator): rm_files_task> on 2003-01-01 00:00:00+00:00
[2022-04-29 02:36:34,134] {standard_task_runner.py:52} INFO - Started process 5534 to run task
[2022-04-29 02:36:34,151] {standard_task_runner.py:79} INFO - Running: ['***', 'tasks', 'run', 'data_ingestion_gcp_dag', 'rm_files_task', 'scheduled__2003-01-01T00:00:00+00:00', '--job-id', '718', '--raw', '--subdir', 'DAGS_FOLDER/ingest_to_gcs_dag.py', '--cfg-path', '/tmp/tmpacaai9ky', '--error-file', '/tmp/tmpbq02b4uk']
[2022-04-29 02:36:34,158] {standard_task_runner.py:80} INFO - Job 718: Subtask rm_files_task
[2022-04-29 02:36:34,554] {logging_mixin.py:109} INFO - Running <TaskInstance: data_ingestion_gcp_dag.rm_files_task scheduled__2003-01-01T00:00:00+00:00 [running]> on host 6fd0ba274d58
[2022-04-29 02:36:34,826] {logging_mixin.py:109} WARNING - /home/***/.local/lib/python3.7/site-packages/***/utils/context.py:156 AirflowContextDeprecationWarning: Accessing 'execution_date' from the template is deprecated and will be removed in a future version. Please use 'data_interval_start' or 'logical_date' instead.
[2022-04-29 02:36:35,019] {taskinstance.py:1448} INFO - Exporting the following env vars:
AIRFLOW_CTX_DAG_OWNER=***
AIRFLOW_CTX_DAG_ID=data_ingestion_gcp_dag
AIRFLOW_CTX_TASK_ID=rm_files_task
AIRFLOW_CTX_EXECUTION_DATE=2003-01-01T00:00:00+00:00
AIRFLOW_CTX_DAG_RUN_ID=scheduled__2003-01-01T00:00:00+00:00
[2022-04-29 02:36:35,025] {subprocess.py:62} INFO - Tmp dir root location: 
 /tmp
[2022-04-29 02:36:35,028] {subprocess.py:74} INFO - Running command: ['bash', '-c', 'rm /opt/***/laucnty03.xlsx /opt/***/us_employment_2003.parquet']
[2022-04-29 02:36:35,049] {subprocess.py:85} INFO - Output:
[2022-04-29 02:36:35,116] {subprocess.py:93} INFO - Command exited with return code 0
[2022-04-29 02:36:35,343] {taskinstance.py:1288} INFO - Marking task as SUCCESS. dag_id=data_ingestion_gcp_dag, task_id=rm_files_task, execution_date=20030101T000000, start_date=20220429T023634, end_date=20220429T023635
[2022-04-29 02:36:35,415] {local_task_job.py:154} INFO - Task exited with return code 0
[2022-04-29 02:36:35,665] {local_task_job.py:264} INFO - 0 downstream tasks scheduled from follow-on schedule check
