[2022-04-28 06:08:46,124] {taskinstance.py:1043} INFO - Dependencies all met for <TaskInstance: data_ingestion_gcp_dag.local_to_gcs_task scheduled__2009-01-01T00:00:00+00:00 [queued]>
[2022-04-28 06:08:46,173] {taskinstance.py:1043} INFO - Dependencies all met for <TaskInstance: data_ingestion_gcp_dag.local_to_gcs_task scheduled__2009-01-01T00:00:00+00:00 [queued]>
[2022-04-28 06:08:46,176] {taskinstance.py:1249} INFO - 
--------------------------------------------------------------------------------
[2022-04-28 06:08:46,177] {taskinstance.py:1250} INFO - Starting attempt 1 of 2
[2022-04-28 06:08:46,178] {taskinstance.py:1251} INFO - 
--------------------------------------------------------------------------------
[2022-04-28 06:08:46,225] {taskinstance.py:1270} INFO - Executing <Task(PythonOperator): local_to_gcs_task> on 2009-01-01 00:00:00+00:00
[2022-04-28 06:08:46,235] {standard_task_runner.py:52} INFO - Started process 2415 to run task
[2022-04-28 06:08:46,244] {standard_task_runner.py:79} INFO - Running: ['***', 'tasks', 'run', 'data_ingestion_gcp_dag', 'local_to_gcs_task', 'scheduled__2009-01-01T00:00:00+00:00', '--job-id', '565', '--raw', '--subdir', 'DAGS_FOLDER/ingest_to_gcs_dag.py', '--cfg-path', '/tmp/tmp2buv7w0l', '--error-file', '/tmp/tmpvoksk6z1']
[2022-04-28 06:08:46,247] {standard_task_runner.py:80} INFO - Job 565: Subtask local_to_gcs_task
[2022-04-28 06:08:46,635] {logging_mixin.py:109} INFO - Running <TaskInstance: data_ingestion_gcp_dag.local_to_gcs_task scheduled__2009-01-01T00:00:00+00:00 [running]> on host d4721d223bdd
[2022-04-28 06:08:47,063] {logging_mixin.py:109} WARNING - /home/***/.local/lib/python3.7/site-packages/***/utils/context.py:156 AirflowContextDeprecationWarning: Accessing 'execution_date' from the template is deprecated and will be removed in a future version. Please use 'data_interval_start' or 'logical_date' instead.
[2022-04-28 06:08:47,366] {taskinstance.py:1448} INFO - Exporting the following env vars:
AIRFLOW_CTX_DAG_OWNER=***
AIRFLOW_CTX_DAG_ID=data_ingestion_gcp_dag
AIRFLOW_CTX_TASK_ID=local_to_gcs_task
AIRFLOW_CTX_EXECUTION_DATE=2009-01-01T00:00:00+00:00
AIRFLOW_CTX_DAG_RUN_ID=scheduled__2009-01-01T00:00:00+00:00
[2022-04-28 06:08:48,590] {python.py:175} INFO - Done. Returned value was: None
[2022-04-28 06:08:48,881] {taskinstance.py:1288} INFO - Marking task as SUCCESS. dag_id=data_ingestion_gcp_dag, task_id=local_to_gcs_task, execution_date=20090101T000000, start_date=20220428T060846, end_date=20220428T060848
[2022-04-28 06:08:48,941] {local_task_job.py:154} INFO - Task exited with return code 0
[2022-04-28 06:08:49,160] {local_task_job.py:264} INFO - 1 downstream tasks scheduled from follow-on schedule check
[2022-04-29 02:38:23,588] {taskinstance.py:1043} INFO - Dependencies all met for <TaskInstance: data_ingestion_gcp_dag.local_to_gcs_task scheduled__2009-01-01T00:00:00+00:00 [queued]>
[2022-04-29 02:38:23,639] {taskinstance.py:1043} INFO - Dependencies all met for <TaskInstance: data_ingestion_gcp_dag.local_to_gcs_task scheduled__2009-01-01T00:00:00+00:00 [queued]>
[2022-04-29 02:38:23,641] {taskinstance.py:1249} INFO - 
--------------------------------------------------------------------------------
[2022-04-29 02:38:23,643] {taskinstance.py:1250} INFO - Starting attempt 1 of 2
[2022-04-29 02:38:23,644] {taskinstance.py:1251} INFO - 
--------------------------------------------------------------------------------
[2022-04-29 02:38:23,695] {taskinstance.py:1270} INFO - Executing <Task(PythonOperator): local_to_gcs_task> on 2009-01-01 00:00:00+00:00
[2022-04-29 02:38:23,711] {standard_task_runner.py:52} INFO - Started process 5986 to run task
[2022-04-29 02:38:23,727] {standard_task_runner.py:79} INFO - Running: ['***', 'tasks', 'run', 'data_ingestion_gcp_dag', 'local_to_gcs_task', 'scheduled__2009-01-01T00:00:00+00:00', '--job-id', '746', '--raw', '--subdir', 'DAGS_FOLDER/ingest_to_gcs_dag.py', '--cfg-path', '/tmp/tmpiwi6x4qc', '--error-file', '/tmp/tmp0r1d5zhw']
[2022-04-29 02:38:23,730] {standard_task_runner.py:80} INFO - Job 746: Subtask local_to_gcs_task
[2022-04-29 02:38:24,153] {logging_mixin.py:109} INFO - Running <TaskInstance: data_ingestion_gcp_dag.local_to_gcs_task scheduled__2009-01-01T00:00:00+00:00 [running]> on host 6fd0ba274d58
[2022-04-29 02:38:24,518] {logging_mixin.py:109} WARNING - /home/***/.local/lib/python3.7/site-packages/***/utils/context.py:156 AirflowContextDeprecationWarning: Accessing 'execution_date' from the template is deprecated and will be removed in a future version. Please use 'data_interval_start' or 'logical_date' instead.
[2022-04-29 02:38:24,725] {taskinstance.py:1448} INFO - Exporting the following env vars:
AIRFLOW_CTX_DAG_OWNER=***
AIRFLOW_CTX_DAG_ID=data_ingestion_gcp_dag
AIRFLOW_CTX_TASK_ID=local_to_gcs_task
AIRFLOW_CTX_EXECUTION_DATE=2009-01-01T00:00:00+00:00
AIRFLOW_CTX_DAG_RUN_ID=scheduled__2009-01-01T00:00:00+00:00
[2022-04-29 02:38:26,293] {python.py:175} INFO - Done. Returned value was: None
[2022-04-29 02:38:26,401] {taskinstance.py:1288} INFO - Marking task as SUCCESS. dag_id=data_ingestion_gcp_dag, task_id=local_to_gcs_task, execution_date=20090101T000000, start_date=20220429T023823, end_date=20220429T023826
[2022-04-29 02:38:26,486] {local_task_job.py:154} INFO - Task exited with return code 0
[2022-04-29 02:38:26,838] {local_task_job.py:264} INFO - 0 downstream tasks scheduled from follow-on schedule check
[2022-05-02 07:56:46,580] {taskinstance.py:1032} INFO - Dependencies all met for <TaskInstance: data_ingestion_gcp_dag.local_to_gcs_task scheduled__2009-01-01T00:00:00+00:00 [queued]>
[2022-05-02 07:56:46,624] {taskinstance.py:1032} INFO - Dependencies all met for <TaskInstance: data_ingestion_gcp_dag.local_to_gcs_task scheduled__2009-01-01T00:00:00+00:00 [queued]>
[2022-05-02 07:56:46,626] {taskinstance.py:1238} INFO - 
--------------------------------------------------------------------------------
[2022-05-02 07:56:46,627] {taskinstance.py:1239} INFO - Starting attempt 1 of 2
[2022-05-02 07:56:46,629] {taskinstance.py:1240} INFO - 
--------------------------------------------------------------------------------
[2022-05-02 07:56:46,673] {taskinstance.py:1259} INFO - Executing <Task(PythonOperator): local_to_gcs_task> on 2009-01-01 00:00:00+00:00
[2022-05-02 07:56:46,683] {standard_task_runner.py:52} INFO - Started process 9712 to run task
[2022-05-02 07:56:46,691] {standard_task_runner.py:76} INFO - Running: ['***', 'tasks', 'run', 'data_ingestion_gcp_dag', 'local_to_gcs_task', 'scheduled__2009-01-01T00:00:00+00:00', '--job-id', '882', '--raw', '--subdir', 'DAGS_FOLDER/ingest_to_gcs_dag.py', '--cfg-path', '/tmp/tmpi9hrgx43', '--error-file', '/tmp/tmpxlmz9zlv']
[2022-05-02 07:56:46,694] {standard_task_runner.py:77} INFO - Job 882: Subtask local_to_gcs_task
[2022-05-02 07:56:47,073] {logging_mixin.py:109} INFO - Running <TaskInstance: data_ingestion_gcp_dag.local_to_gcs_task scheduled__2009-01-01T00:00:00+00:00 [running]> on host ae42322ae538
[2022-05-02 07:56:47,327] {logging_mixin.py:109} WARNING - /home/***/.local/lib/python3.7/site-packages/***/utils/context.py:152 AirflowContextDeprecationWarning: Accessing 'execution_date' from the template is deprecated and will be removed in a future version. Please use 'data_interval_start' or 'logical_date' instead.
[2022-05-02 07:56:47,516] {taskinstance.py:1426} INFO - Exporting the following env vars:
AIRFLOW_CTX_DAG_OWNER=***
AIRFLOW_CTX_DAG_ID=data_ingestion_gcp_dag
AIRFLOW_CTX_TASK_ID=local_to_gcs_task
AIRFLOW_CTX_EXECUTION_DATE=2009-01-01T00:00:00+00:00
AIRFLOW_CTX_DAG_RUN_ID=scheduled__2009-01-01T00:00:00+00:00
[2022-05-02 07:56:48,245] {python.py:175} INFO - Done. Returned value was: None
[2022-05-02 07:56:48,348] {taskinstance.py:1277} INFO - Marking task as SUCCESS. dag_id=data_ingestion_gcp_dag, task_id=local_to_gcs_task, execution_date=20090101T000000, start_date=20220502T075646, end_date=20220502T075648
[2022-05-02 07:56:48,407] {local_task_job.py:154} INFO - Task exited with return code 0
[2022-05-02 07:56:48,617] {local_task_job.py:264} INFO - 0 downstream tasks scheduled from follow-on schedule check
[2022-05-02 09:18:53,223] {taskinstance.py:1032} INFO - Dependencies all met for <TaskInstance: data_ingestion_gcp_dag.local_to_gcs_task scheduled__2009-01-01T00:00:00+00:00 [queued]>
[2022-05-02 09:18:53,338] {taskinstance.py:1032} INFO - Dependencies all met for <TaskInstance: data_ingestion_gcp_dag.local_to_gcs_task scheduled__2009-01-01T00:00:00+00:00 [queued]>
[2022-05-02 09:18:53,340] {taskinstance.py:1238} INFO - 
--------------------------------------------------------------------------------
[2022-05-02 09:18:53,342] {taskinstance.py:1239} INFO - Starting attempt 1 of 2
[2022-05-02 09:18:53,343] {taskinstance.py:1240} INFO - 
--------------------------------------------------------------------------------
[2022-05-02 09:18:53,451] {taskinstance.py:1259} INFO - Executing <Task(PythonOperator): local_to_gcs_task> on 2009-01-01 00:00:00+00:00
[2022-05-02 09:18:53,464] {standard_task_runner.py:52} INFO - Started process 3020 to run task
[2022-05-02 09:18:53,481] {standard_task_runner.py:76} INFO - Running: ['***', 'tasks', 'run', 'data_ingestion_gcp_dag', 'local_to_gcs_task', 'scheduled__2009-01-01T00:00:00+00:00', '--job-id', '1003', '--raw', '--subdir', 'DAGS_FOLDER/ingest_to_gcs_dag.py', '--cfg-path', '/tmp/tmp4ouzg5gt', '--error-file', '/tmp/tmp7nnosh35']
[2022-05-02 09:18:53,484] {standard_task_runner.py:77} INFO - Job 1003: Subtask local_to_gcs_task
[2022-05-02 09:18:54,015] {logging_mixin.py:109} INFO - Running <TaskInstance: data_ingestion_gcp_dag.local_to_gcs_task scheduled__2009-01-01T00:00:00+00:00 [running]> on host 98c324cf1bb6
[2022-05-02 09:18:54,440] {logging_mixin.py:109} WARNING - /home/***/.local/lib/python3.7/site-packages/***/utils/context.py:152 AirflowContextDeprecationWarning: Accessing 'execution_date' from the template is deprecated and will be removed in a future version. Please use 'data_interval_start' or 'logical_date' instead.
[2022-05-02 09:18:54,844] {taskinstance.py:1426} INFO - Exporting the following env vars:
AIRFLOW_CTX_DAG_OWNER=***
AIRFLOW_CTX_DAG_ID=data_ingestion_gcp_dag
AIRFLOW_CTX_TASK_ID=local_to_gcs_task
AIRFLOW_CTX_EXECUTION_DATE=2009-01-01T00:00:00+00:00
AIRFLOW_CTX_DAG_RUN_ID=scheduled__2009-01-01T00:00:00+00:00
[2022-05-02 09:18:55,693] {python.py:175} INFO - Done. Returned value was: None
[2022-05-02 09:18:55,845] {taskinstance.py:1277} INFO - Marking task as SUCCESS. dag_id=data_ingestion_gcp_dag, task_id=local_to_gcs_task, execution_date=20090101T000000, start_date=20220502T091853, end_date=20220502T091855
[2022-05-02 09:18:55,941] {local_task_job.py:154} INFO - Task exited with return code 0
[2022-05-02 09:18:56,355] {local_task_job.py:264} INFO - 0 downstream tasks scheduled from follow-on schedule check
[2022-05-02 15:59:59,421] {taskinstance.py:1032} INFO - Dependencies all met for <TaskInstance: data_ingestion_gcp_dag.local_to_gcs_task scheduled__2009-01-01T00:00:00+00:00 [queued]>
[2022-05-02 15:59:59,475] {taskinstance.py:1032} INFO - Dependencies all met for <TaskInstance: data_ingestion_gcp_dag.local_to_gcs_task scheduled__2009-01-01T00:00:00+00:00 [queued]>
[2022-05-02 15:59:59,477] {taskinstance.py:1238} INFO - 
--------------------------------------------------------------------------------
[2022-05-02 15:59:59,479] {taskinstance.py:1239} INFO - Starting attempt 1 of 2
[2022-05-02 15:59:59,481] {taskinstance.py:1240} INFO - 
--------------------------------------------------------------------------------
[2022-05-02 15:59:59,582] {taskinstance.py:1259} INFO - Executing <Task(PythonOperator): local_to_gcs_task> on 2009-01-01 00:00:00+00:00
[2022-05-02 15:59:59,600] {standard_task_runner.py:52} INFO - Started process 2164 to run task
[2022-05-02 15:59:59,613] {standard_task_runner.py:76} INFO - Running: ['***', 'tasks', 'run', 'data_ingestion_gcp_dag', 'local_to_gcs_task', 'scheduled__2009-01-01T00:00:00+00:00', '--job-id', '1104', '--raw', '--subdir', 'DAGS_FOLDER/ingest_to_gcs_dag.py', '--cfg-path', '/tmp/tmp5rifra64', '--error-file', '/tmp/tmpcfsor0rn']
[2022-05-02 15:59:59,621] {standard_task_runner.py:77} INFO - Job 1104: Subtask local_to_gcs_task
[2022-05-02 16:00:00,087] {logging_mixin.py:109} INFO - Running <TaskInstance: data_ingestion_gcp_dag.local_to_gcs_task scheduled__2009-01-01T00:00:00+00:00 [running]> on host 9f5021834e17
[2022-05-02 16:00:00,387] {logging_mixin.py:109} WARNING - /home/***/.local/lib/python3.7/site-packages/***/utils/context.py:152 AirflowContextDeprecationWarning: Accessing 'execution_date' from the template is deprecated and will be removed in a future version. Please use 'data_interval_start' or 'logical_date' instead.
[2022-05-02 16:00:00,733] {taskinstance.py:1426} INFO - Exporting the following env vars:
AIRFLOW_CTX_DAG_OWNER=***
AIRFLOW_CTX_DAG_ID=data_ingestion_gcp_dag
AIRFLOW_CTX_TASK_ID=local_to_gcs_task
AIRFLOW_CTX_EXECUTION_DATE=2009-01-01T00:00:00+00:00
AIRFLOW_CTX_DAG_RUN_ID=scheduled__2009-01-01T00:00:00+00:00
[2022-05-02 16:00:01,559] {python.py:175} INFO - Done. Returned value was: None
[2022-05-02 16:00:01,765] {taskinstance.py:1277} INFO - Marking task as SUCCESS. dag_id=data_ingestion_gcp_dag, task_id=local_to_gcs_task, execution_date=20090101T000000, start_date=20220502T155959, end_date=20220502T160001
[2022-05-02 16:00:01,991] {local_task_job.py:154} INFO - Task exited with return code 0
[2022-05-02 16:00:02,416] {local_task_job.py:264} INFO - 0 downstream tasks scheduled from follow-on schedule check
[2022-05-02 16:35:03,068] {taskinstance.py:1032} INFO - Dependencies all met for <TaskInstance: data_ingestion_gcp_dag.local_to_gcs_task scheduled__2009-01-01T00:00:00+00:00 [queued]>
[2022-05-02 16:35:03,127] {taskinstance.py:1032} INFO - Dependencies all met for <TaskInstance: data_ingestion_gcp_dag.local_to_gcs_task scheduled__2009-01-01T00:00:00+00:00 [queued]>
[2022-05-02 16:35:03,129] {taskinstance.py:1238} INFO - 
--------------------------------------------------------------------------------
[2022-05-02 16:35:03,131] {taskinstance.py:1239} INFO - Starting attempt 1 of 2
[2022-05-02 16:35:03,133] {taskinstance.py:1240} INFO - 
--------------------------------------------------------------------------------
[2022-05-02 16:35:03,246] {taskinstance.py:1259} INFO - Executing <Task(PythonOperator): local_to_gcs_task> on 2009-01-01 00:00:00+00:00
[2022-05-02 16:35:03,267] {standard_task_runner.py:52} INFO - Started process 6730 to run task
[2022-05-02 16:35:03,288] {standard_task_runner.py:76} INFO - Running: ['***', 'tasks', 'run', 'data_ingestion_gcp_dag', 'local_to_gcs_task', 'scheduled__2009-01-01T00:00:00+00:00', '--job-id', '1211', '--raw', '--subdir', 'DAGS_FOLDER/ingest_to_gcs_dag.py', '--cfg-path', '/tmp/tmprs_ftbs4', '--error-file', '/tmp/tmpl27g5fkt']
[2022-05-02 16:35:03,304] {standard_task_runner.py:77} INFO - Job 1211: Subtask local_to_gcs_task
[2022-05-02 16:35:03,813] {logging_mixin.py:109} INFO - Running <TaskInstance: data_ingestion_gcp_dag.local_to_gcs_task scheduled__2009-01-01T00:00:00+00:00 [running]> on host 9f5021834e17
[2022-05-02 16:35:04,177] {logging_mixin.py:109} WARNING - /home/***/.local/lib/python3.7/site-packages/***/utils/context.py:152 AirflowContextDeprecationWarning: Accessing 'execution_date' from the template is deprecated and will be removed in a future version. Please use 'data_interval_start' or 'logical_date' instead.
[2022-05-02 16:35:04,659] {taskinstance.py:1426} INFO - Exporting the following env vars:
AIRFLOW_CTX_DAG_OWNER=***
AIRFLOW_CTX_DAG_ID=data_ingestion_gcp_dag
AIRFLOW_CTX_TASK_ID=local_to_gcs_task
AIRFLOW_CTX_EXECUTION_DATE=2009-01-01T00:00:00+00:00
AIRFLOW_CTX_DAG_RUN_ID=scheduled__2009-01-01T00:00:00+00:00
[2022-05-02 16:35:05,706] {python.py:175} INFO - Done. Returned value was: None
[2022-05-02 16:35:05,941] {taskinstance.py:1277} INFO - Marking task as SUCCESS. dag_id=data_ingestion_gcp_dag, task_id=local_to_gcs_task, execution_date=20090101T000000, start_date=20220502T163503, end_date=20220502T163505
[2022-05-02 16:35:06,037] {local_task_job.py:154} INFO - Task exited with return code 0
[2022-05-02 16:35:06,342] {local_task_job.py:264} INFO - 0 downstream tasks scheduled from follow-on schedule check
[2022-05-02 16:50:25,153] {taskinstance.py:1032} INFO - Dependencies all met for <TaskInstance: data_ingestion_gcp_dag.local_to_gcs_task scheduled__2009-01-01T00:00:00+00:00 [queued]>
[2022-05-02 16:50:25,246] {taskinstance.py:1032} INFO - Dependencies all met for <TaskInstance: data_ingestion_gcp_dag.local_to_gcs_task scheduled__2009-01-01T00:00:00+00:00 [queued]>
[2022-05-02 16:50:25,248] {taskinstance.py:1238} INFO - 
--------------------------------------------------------------------------------
[2022-05-02 16:50:25,249] {taskinstance.py:1239} INFO - Starting attempt 1 of 2
[2022-05-02 16:50:25,250] {taskinstance.py:1240} INFO - 
--------------------------------------------------------------------------------
[2022-05-02 16:50:25,338] {taskinstance.py:1259} INFO - Executing <Task(PythonOperator): local_to_gcs_task> on 2009-01-01 00:00:00+00:00
[2022-05-02 16:50:25,354] {standard_task_runner.py:52} INFO - Started process 9501 to run task
[2022-05-02 16:50:25,371] {standard_task_runner.py:76} INFO - Running: ['***', 'tasks', 'run', 'data_ingestion_gcp_dag', 'local_to_gcs_task', 'scheduled__2009-01-01T00:00:00+00:00', '--job-id', '1312', '--raw', '--subdir', 'DAGS_FOLDER/ingest_to_gcs_dag.py', '--cfg-path', '/tmp/tmpmltrvz9k', '--error-file', '/tmp/tmpvwp2n4jk']
[2022-05-02 16:50:25,377] {standard_task_runner.py:77} INFO - Job 1312: Subtask local_to_gcs_task
[2022-05-02 16:50:25,765] {logging_mixin.py:109} INFO - Running <TaskInstance: data_ingestion_gcp_dag.local_to_gcs_task scheduled__2009-01-01T00:00:00+00:00 [running]> on host 9f5021834e17
[2022-05-02 16:50:26,051] {logging_mixin.py:109} WARNING - /home/***/.local/lib/python3.7/site-packages/***/utils/context.py:152 AirflowContextDeprecationWarning: Accessing 'execution_date' from the template is deprecated and will be removed in a future version. Please use 'data_interval_start' or 'logical_date' instead.
[2022-05-02 16:50:26,248] {taskinstance.py:1426} INFO - Exporting the following env vars:
AIRFLOW_CTX_DAG_OWNER=***
AIRFLOW_CTX_DAG_ID=data_ingestion_gcp_dag
AIRFLOW_CTX_TASK_ID=local_to_gcs_task
AIRFLOW_CTX_EXECUTION_DATE=2009-01-01T00:00:00+00:00
AIRFLOW_CTX_DAG_RUN_ID=scheduled__2009-01-01T00:00:00+00:00
[2022-05-02 16:50:27,036] {python.py:175} INFO - Done. Returned value was: None
[2022-05-02 16:50:27,233] {taskinstance.py:1277} INFO - Marking task as SUCCESS. dag_id=data_ingestion_gcp_dag, task_id=local_to_gcs_task, execution_date=20090101T000000, start_date=20220502T165025, end_date=20220502T165027
[2022-05-02 16:50:27,326] {local_task_job.py:154} INFO - Task exited with return code 0
[2022-05-02 16:50:27,563] {local_task_job.py:264} INFO - 0 downstream tasks scheduled from follow-on schedule check
