[2022-04-25 05:59:29,631] {taskinstance.py:1043} INFO - Dependencies all met for <TaskInstance: data_ingestion_gcp_dag.download_dataset_task scheduled__2011-01-01T00:00:00+00:00 [queued]>
[2022-04-25 05:59:29,677] {taskinstance.py:1043} INFO - Dependencies all met for <TaskInstance: data_ingestion_gcp_dag.download_dataset_task scheduled__2011-01-01T00:00:00+00:00 [queued]>
[2022-04-25 05:59:29,679] {taskinstance.py:1249} INFO - 
--------------------------------------------------------------------------------
[2022-04-25 05:59:29,680] {taskinstance.py:1250} INFO - Starting attempt 1 of 2
[2022-04-25 05:59:29,681] {taskinstance.py:1251} INFO - 
--------------------------------------------------------------------------------
[2022-04-25 05:59:29,730] {taskinstance.py:1270} INFO - Executing <Task(BashOperator): download_dataset_task> on 2011-01-01 00:00:00+00:00
[2022-04-25 05:59:29,738] {standard_task_runner.py:52} INFO - Started process 967 to run task
[2022-04-25 05:59:29,744] {standard_task_runner.py:79} INFO - Running: ['***', 'tasks', 'run', 'data_ingestion_gcp_dag', 'download_dataset_task', 'scheduled__2011-01-01T00:00:00+00:00', '--job-id', '300', '--raw', '--subdir', 'DAGS_FOLDER/ingest_to_gcs_dag.py', '--cfg-path', '/tmp/tmp8uf9u2bh', '--error-file', '/tmp/tmp7k230awl']
[2022-04-25 05:59:29,747] {standard_task_runner.py:80} INFO - Job 300: Subtask download_dataset_task
[2022-04-25 05:59:30,141] {logging_mixin.py:109} INFO - Running <TaskInstance: data_ingestion_gcp_dag.download_dataset_task scheduled__2011-01-01T00:00:00+00:00 [running]> on host d74937eb3452
[2022-04-25 05:59:30,439] {logging_mixin.py:109} WARNING - /home/***/.local/lib/python3.7/site-packages/***/utils/context.py:156 AirflowContextDeprecationWarning: Accessing 'execution_date' from the template is deprecated and will be removed in a future version. Please use 'data_interval_start' or 'logical_date' instead.
[2022-04-25 05:59:30,653] {taskinstance.py:1448} INFO - Exporting the following env vars:
AIRFLOW_CTX_DAG_OWNER=***
AIRFLOW_CTX_DAG_ID=data_ingestion_gcp_dag
AIRFLOW_CTX_TASK_ID=download_dataset_task
AIRFLOW_CTX_EXECUTION_DATE=2011-01-01T00:00:00+00:00
AIRFLOW_CTX_DAG_RUN_ID=scheduled__2011-01-01T00:00:00+00:00
[2022-04-25 05:59:30,660] {subprocess.py:62} INFO - Tmp dir root location: 
 /tmp
[2022-04-25 05:59:30,663] {subprocess.py:74} INFO - Running command: ['bash', '-c', 'curl -sSLf https://www.bls.gov/lau/laucnty11.xlsx > /opt/***//laucnty11.xlsx']
[2022-04-25 05:59:30,679] {subprocess.py:85} INFO - Output:
[2022-04-25 05:59:31,142] {subprocess.py:93} INFO - Command exited with return code 0
[2022-04-25 05:59:31,351] {taskinstance.py:1288} INFO - Marking task as SUCCESS. dag_id=data_ingestion_gcp_dag, task_id=download_dataset_task, execution_date=20110101T000000, start_date=20220425T055929, end_date=20220425T055931
[2022-04-25 05:59:31,407] {local_task_job.py:154} INFO - Task exited with return code 0
[2022-04-25 05:59:31,630] {local_task_job.py:264} INFO - 0 downstream tasks scheduled from follow-on schedule check
[2022-04-28 06:09:43,148] {taskinstance.py:1043} INFO - Dependencies all met for <TaskInstance: data_ingestion_gcp_dag.download_dataset_task scheduled__2011-01-01T00:00:00+00:00 [queued]>
[2022-04-28 06:09:43,196] {taskinstance.py:1043} INFO - Dependencies all met for <TaskInstance: data_ingestion_gcp_dag.download_dataset_task scheduled__2011-01-01T00:00:00+00:00 [queued]>
[2022-04-28 06:09:43,198] {taskinstance.py:1249} INFO - 
--------------------------------------------------------------------------------
[2022-04-28 06:09:43,200] {taskinstance.py:1250} INFO - Starting attempt 1 of 2
[2022-04-28 06:09:43,202] {taskinstance.py:1251} INFO - 
--------------------------------------------------------------------------------
[2022-04-28 06:09:43,250] {taskinstance.py:1270} INFO - Executing <Task(BashOperator): download_dataset_task> on 2011-01-01 00:00:00+00:00
[2022-04-28 06:09:43,261] {standard_task_runner.py:52} INFO - Started process 2570 to run task
[2022-04-28 06:09:43,269] {standard_task_runner.py:79} INFO - Running: ['***', 'tasks', 'run', 'data_ingestion_gcp_dag', 'download_dataset_task', 'scheduled__2011-01-01T00:00:00+00:00', '--job-id', '572', '--raw', '--subdir', 'DAGS_FOLDER/ingest_to_gcs_dag.py', '--cfg-path', '/tmp/tmpq83ctopg', '--error-file', '/tmp/tmp1esuct8y']
[2022-04-28 06:09:43,273] {standard_task_runner.py:80} INFO - Job 572: Subtask download_dataset_task
[2022-04-28 06:09:43,653] {logging_mixin.py:109} INFO - Running <TaskInstance: data_ingestion_gcp_dag.download_dataset_task scheduled__2011-01-01T00:00:00+00:00 [running]> on host d4721d223bdd
[2022-04-28 06:09:43,895] {logging_mixin.py:109} WARNING - /home/***/.local/lib/python3.7/site-packages/***/utils/context.py:156 AirflowContextDeprecationWarning: Accessing 'execution_date' from the template is deprecated and will be removed in a future version. Please use 'data_interval_start' or 'logical_date' instead.
[2022-04-28 06:09:44,074] {taskinstance.py:1448} INFO - Exporting the following env vars:
AIRFLOW_CTX_DAG_OWNER=***
AIRFLOW_CTX_DAG_ID=data_ingestion_gcp_dag
AIRFLOW_CTX_TASK_ID=download_dataset_task
AIRFLOW_CTX_EXECUTION_DATE=2011-01-01T00:00:00+00:00
AIRFLOW_CTX_DAG_RUN_ID=scheduled__2011-01-01T00:00:00+00:00
[2022-04-28 06:09:44,079] {subprocess.py:62} INFO - Tmp dir root location: 
 /tmp
[2022-04-28 06:09:44,082] {subprocess.py:74} INFO - Running command: ['bash', '-c', 'curl -sSLf https://www.bls.gov/lau/laucnty11.xlsx > /opt/***/laucnty11.xlsx']
[2022-04-28 06:09:44,098] {subprocess.py:85} INFO - Output:
[2022-04-28 06:09:44,770] {subprocess.py:93} INFO - Command exited with return code 0
[2022-04-28 06:09:44,971] {taskinstance.py:1288} INFO - Marking task as SUCCESS. dag_id=data_ingestion_gcp_dag, task_id=download_dataset_task, execution_date=20110101T000000, start_date=20220428T060943, end_date=20220428T060944
[2022-04-28 06:09:45,061] {local_task_job.py:154} INFO - Task exited with return code 0
[2022-04-28 06:09:45,330] {local_task_job.py:264} INFO - 1 downstream tasks scheduled from follow-on schedule check
[2022-04-29 02:38:23,158] {taskinstance.py:1043} INFO - Dependencies all met for <TaskInstance: data_ingestion_gcp_dag.download_dataset_task scheduled__2011-01-01T00:00:00+00:00 [queued]>
[2022-04-29 02:38:23,206] {taskinstance.py:1043} INFO - Dependencies all met for <TaskInstance: data_ingestion_gcp_dag.download_dataset_task scheduled__2011-01-01T00:00:00+00:00 [queued]>
[2022-04-29 02:38:23,208] {taskinstance.py:1249} INFO - 
--------------------------------------------------------------------------------
[2022-04-29 02:38:23,209] {taskinstance.py:1250} INFO - Starting attempt 1 of 2
[2022-04-29 02:38:23,210] {taskinstance.py:1251} INFO - 
--------------------------------------------------------------------------------
[2022-04-29 02:38:23,257] {taskinstance.py:1270} INFO - Executing <Task(BashOperator): download_dataset_task> on 2011-01-01 00:00:00+00:00
[2022-04-29 02:38:23,268] {standard_task_runner.py:52} INFO - Started process 5984 to run task
[2022-04-29 02:38:23,277] {standard_task_runner.py:79} INFO - Running: ['***', 'tasks', 'run', 'data_ingestion_gcp_dag', 'download_dataset_task', 'scheduled__2011-01-01T00:00:00+00:00', '--job-id', '745', '--raw', '--subdir', 'DAGS_FOLDER/ingest_to_gcs_dag.py', '--cfg-path', '/tmp/tmpy9sdm_bz', '--error-file', '/tmp/tmpuvts9r9m']
[2022-04-29 02:38:23,279] {standard_task_runner.py:80} INFO - Job 745: Subtask download_dataset_task
[2022-04-29 02:38:23,671] {logging_mixin.py:109} INFO - Running <TaskInstance: data_ingestion_gcp_dag.download_dataset_task scheduled__2011-01-01T00:00:00+00:00 [running]> on host 6fd0ba274d58
[2022-04-29 02:38:23,975] {logging_mixin.py:109} WARNING - /home/***/.local/lib/python3.7/site-packages/***/utils/context.py:156 AirflowContextDeprecationWarning: Accessing 'execution_date' from the template is deprecated and will be removed in a future version. Please use 'data_interval_start' or 'logical_date' instead.
[2022-04-29 02:38:24,185] {taskinstance.py:1448} INFO - Exporting the following env vars:
AIRFLOW_CTX_DAG_OWNER=***
AIRFLOW_CTX_DAG_ID=data_ingestion_gcp_dag
AIRFLOW_CTX_TASK_ID=download_dataset_task
AIRFLOW_CTX_EXECUTION_DATE=2011-01-01T00:00:00+00:00
AIRFLOW_CTX_DAG_RUN_ID=scheduled__2011-01-01T00:00:00+00:00
[2022-04-29 02:38:24,192] {subprocess.py:62} INFO - Tmp dir root location: 
 /tmp
[2022-04-29 02:38:24,194] {subprocess.py:74} INFO - Running command: ['bash', '-c', 'curl -sSLf https://www.bls.gov/lau/laucnty11.xlsx > /opt/***/laucnty11.xlsx']
[2022-04-29 02:38:24,216] {subprocess.py:85} INFO - Output:
[2022-04-29 02:38:24,943] {subprocess.py:93} INFO - Command exited with return code 0
[2022-04-29 02:38:25,395] {taskinstance.py:1288} INFO - Marking task as SUCCESS. dag_id=data_ingestion_gcp_dag, task_id=download_dataset_task, execution_date=20110101T000000, start_date=20220429T023823, end_date=20220429T023825
[2022-04-29 02:38:25,515] {local_task_job.py:154} INFO - Task exited with return code 0
[2022-04-29 02:38:25,779] {local_task_job.py:264} INFO - 1 downstream tasks scheduled from follow-on schedule check
[2022-05-02 07:56:54,937] {taskinstance.py:1032} INFO - Dependencies all met for <TaskInstance: data_ingestion_gcp_dag.download_dataset_task scheduled__2011-01-01T00:00:00+00:00 [queued]>
[2022-05-02 07:56:54,983] {taskinstance.py:1032} INFO - Dependencies all met for <TaskInstance: data_ingestion_gcp_dag.download_dataset_task scheduled__2011-01-01T00:00:00+00:00 [queued]>
[2022-05-02 07:56:54,985] {taskinstance.py:1238} INFO - 
--------------------------------------------------------------------------------
[2022-05-02 07:56:54,986] {taskinstance.py:1239} INFO - Starting attempt 1 of 2
[2022-05-02 07:56:54,988] {taskinstance.py:1240} INFO - 
--------------------------------------------------------------------------------
[2022-05-02 07:56:55,043] {taskinstance.py:1259} INFO - Executing <Task(BashOperator): download_dataset_task> on 2011-01-01 00:00:00+00:00
[2022-05-02 07:56:55,057] {standard_task_runner.py:52} INFO - Started process 9752 to run task
[2022-05-02 07:56:55,080] {standard_task_runner.py:76} INFO - Running: ['***', 'tasks', 'run', 'data_ingestion_gcp_dag', 'download_dataset_task', 'scheduled__2011-01-01T00:00:00+00:00', '--job-id', '884', '--raw', '--subdir', 'DAGS_FOLDER/ingest_to_gcs_dag.py', '--cfg-path', '/tmp/tmp9p2yti6v', '--error-file', '/tmp/tmp3jf4587y']
[2022-05-02 07:56:55,093] {standard_task_runner.py:77} INFO - Job 884: Subtask download_dataset_task
[2022-05-02 07:56:55,710] {logging_mixin.py:109} INFO - Running <TaskInstance: data_ingestion_gcp_dag.download_dataset_task scheduled__2011-01-01T00:00:00+00:00 [running]> on host ae42322ae538
[2022-05-02 07:56:56,113] {logging_mixin.py:109} WARNING - /home/***/.local/lib/python3.7/site-packages/***/utils/context.py:152 AirflowContextDeprecationWarning: Accessing 'execution_date' from the template is deprecated and will be removed in a future version. Please use 'data_interval_start' or 'logical_date' instead.
[2022-05-02 07:56:56,423] {taskinstance.py:1426} INFO - Exporting the following env vars:
AIRFLOW_CTX_DAG_OWNER=***
AIRFLOW_CTX_DAG_ID=data_ingestion_gcp_dag
AIRFLOW_CTX_TASK_ID=download_dataset_task
AIRFLOW_CTX_EXECUTION_DATE=2011-01-01T00:00:00+00:00
AIRFLOW_CTX_DAG_RUN_ID=scheduled__2011-01-01T00:00:00+00:00
[2022-05-02 07:56:56,428] {subprocess.py:62} INFO - Tmp dir root location: 
 /tmp
[2022-05-02 07:56:56,430] {subprocess.py:74} INFO - Running command: ['bash', '-c', 'curl -sSLf https://www.bls.gov/lau/laucnty11.xlsx > /opt/***/laucnty11.xlsx']
[2022-05-02 07:56:56,470] {subprocess.py:85} INFO - Output:
[2022-05-02 07:56:57,027] {subprocess.py:93} INFO - Command exited with return code 0
[2022-05-02 07:56:57,311] {taskinstance.py:1277} INFO - Marking task as SUCCESS. dag_id=data_ingestion_gcp_dag, task_id=download_dataset_task, execution_date=20110101T000000, start_date=20220502T075654, end_date=20220502T075657
[2022-05-02 07:56:57,421] {local_task_job.py:154} INFO - Task exited with return code 0
[2022-05-02 07:56:58,009] {local_task_job.py:264} INFO - 0 downstream tasks scheduled from follow-on schedule check
[2022-05-02 09:19:06,917] {taskinstance.py:1032} INFO - Dependencies all met for <TaskInstance: data_ingestion_gcp_dag.download_dataset_task scheduled__2011-01-01T00:00:00+00:00 [queued]>
[2022-05-02 09:19:06,968] {taskinstance.py:1032} INFO - Dependencies all met for <TaskInstance: data_ingestion_gcp_dag.download_dataset_task scheduled__2011-01-01T00:00:00+00:00 [queued]>
[2022-05-02 09:19:06,970] {taskinstance.py:1238} INFO - 
--------------------------------------------------------------------------------
[2022-05-02 09:19:06,971] {taskinstance.py:1239} INFO - Starting attempt 1 of 2
[2022-05-02 09:19:06,973] {taskinstance.py:1240} INFO - 
--------------------------------------------------------------------------------
[2022-05-02 09:19:07,024] {taskinstance.py:1259} INFO - Executing <Task(BashOperator): download_dataset_task> on 2011-01-01 00:00:00+00:00
[2022-05-02 09:19:07,035] {standard_task_runner.py:52} INFO - Started process 3075 to run task
[2022-05-02 09:19:07,051] {standard_task_runner.py:76} INFO - Running: ['***', 'tasks', 'run', 'data_ingestion_gcp_dag', 'download_dataset_task', 'scheduled__2011-01-01T00:00:00+00:00', '--job-id', '1005', '--raw', '--subdir', 'DAGS_FOLDER/ingest_to_gcs_dag.py', '--cfg-path', '/tmp/tmp2a9nnxcr', '--error-file', '/tmp/tmpfwhps1q3']
[2022-05-02 09:19:07,055] {standard_task_runner.py:77} INFO - Job 1005: Subtask download_dataset_task
[2022-05-02 09:19:07,455] {logging_mixin.py:109} INFO - Running <TaskInstance: data_ingestion_gcp_dag.download_dataset_task scheduled__2011-01-01T00:00:00+00:00 [running]> on host 98c324cf1bb6
[2022-05-02 09:19:07,716] {logging_mixin.py:109} WARNING - /home/***/.local/lib/python3.7/site-packages/***/utils/context.py:152 AirflowContextDeprecationWarning: Accessing 'execution_date' from the template is deprecated and will be removed in a future version. Please use 'data_interval_start' or 'logical_date' instead.
[2022-05-02 09:19:07,919] {taskinstance.py:1426} INFO - Exporting the following env vars:
AIRFLOW_CTX_DAG_OWNER=***
AIRFLOW_CTX_DAG_ID=data_ingestion_gcp_dag
AIRFLOW_CTX_TASK_ID=download_dataset_task
AIRFLOW_CTX_EXECUTION_DATE=2011-01-01T00:00:00+00:00
AIRFLOW_CTX_DAG_RUN_ID=scheduled__2011-01-01T00:00:00+00:00
[2022-05-02 09:19:07,924] {subprocess.py:62} INFO - Tmp dir root location: 
 /tmp
[2022-05-02 09:19:07,927] {subprocess.py:74} INFO - Running command: ['bash', '-c', 'curl -sSLf https://www.bls.gov/lau/laucnty11.xlsx > /opt/***/laucnty11.xlsx']
[2022-05-02 09:19:07,952] {subprocess.py:85} INFO - Output:
[2022-05-02 09:19:08,393] {subprocess.py:93} INFO - Command exited with return code 0
[2022-05-02 09:19:08,995] {taskinstance.py:1277} INFO - Marking task as SUCCESS. dag_id=data_ingestion_gcp_dag, task_id=download_dataset_task, execution_date=20110101T000000, start_date=20220502T091906, end_date=20220502T091908
[2022-05-02 09:19:09,065] {local_task_job.py:154} INFO - Task exited with return code 0
[2022-05-02 09:19:09,349] {local_task_job.py:264} INFO - 1 downstream tasks scheduled from follow-on schedule check
[2022-05-02 16:00:09,772] {taskinstance.py:1032} INFO - Dependencies all met for <TaskInstance: data_ingestion_gcp_dag.download_dataset_task scheduled__2011-01-01T00:00:00+00:00 [queued]>
[2022-05-02 16:00:09,817] {taskinstance.py:1032} INFO - Dependencies all met for <TaskInstance: data_ingestion_gcp_dag.download_dataset_task scheduled__2011-01-01T00:00:00+00:00 [queued]>
[2022-05-02 16:00:09,818] {taskinstance.py:1238} INFO - 
--------------------------------------------------------------------------------
[2022-05-02 16:00:09,820] {taskinstance.py:1239} INFO - Starting attempt 1 of 2
[2022-05-02 16:00:09,822] {taskinstance.py:1240} INFO - 
--------------------------------------------------------------------------------
[2022-05-02 16:00:09,866] {taskinstance.py:1259} INFO - Executing <Task(BashOperator): download_dataset_task> on 2011-01-01 00:00:00+00:00
[2022-05-02 16:00:09,876] {standard_task_runner.py:52} INFO - Started process 2196 to run task
[2022-05-02 16:00:09,884] {standard_task_runner.py:76} INFO - Running: ['***', 'tasks', 'run', 'data_ingestion_gcp_dag', 'download_dataset_task', 'scheduled__2011-01-01T00:00:00+00:00', '--job-id', '1106', '--raw', '--subdir', 'DAGS_FOLDER/ingest_to_gcs_dag.py', '--cfg-path', '/tmp/tmpty154s6o', '--error-file', '/tmp/tmp17ewjgno']
[2022-05-02 16:00:09,888] {standard_task_runner.py:77} INFO - Job 1106: Subtask download_dataset_task
[2022-05-02 16:00:10,274] {logging_mixin.py:109} INFO - Running <TaskInstance: data_ingestion_gcp_dag.download_dataset_task scheduled__2011-01-01T00:00:00+00:00 [running]> on host 9f5021834e17
[2022-05-02 16:00:10,545] {logging_mixin.py:109} WARNING - /home/***/.local/lib/python3.7/site-packages/***/utils/context.py:152 AirflowContextDeprecationWarning: Accessing 'execution_date' from the template is deprecated and will be removed in a future version. Please use 'data_interval_start' or 'logical_date' instead.
[2022-05-02 16:00:10,735] {taskinstance.py:1426} INFO - Exporting the following env vars:
AIRFLOW_CTX_DAG_OWNER=***
AIRFLOW_CTX_DAG_ID=data_ingestion_gcp_dag
AIRFLOW_CTX_TASK_ID=download_dataset_task
AIRFLOW_CTX_EXECUTION_DATE=2011-01-01T00:00:00+00:00
AIRFLOW_CTX_DAG_RUN_ID=scheduled__2011-01-01T00:00:00+00:00
[2022-05-02 16:00:10,740] {subprocess.py:62} INFO - Tmp dir root location: 
 /tmp
[2022-05-02 16:00:10,742] {subprocess.py:74} INFO - Running command: ['bash', '-c', 'curl -sSLf https://www.bls.gov/lau/laucnty11.xlsx > /opt/***/laucnty11.xlsx']
[2022-05-02 16:00:10,758] {subprocess.py:85} INFO - Output:
[2022-05-02 16:00:11,200] {subprocess.py:93} INFO - Command exited with return code 0
[2022-05-02 16:00:11,657] {taskinstance.py:1277} INFO - Marking task as SUCCESS. dag_id=data_ingestion_gcp_dag, task_id=download_dataset_task, execution_date=20110101T000000, start_date=20220502T160009, end_date=20220502T160011
[2022-05-02 16:00:11,755] {local_task_job.py:154} INFO - Task exited with return code 0
[2022-05-02 16:00:12,038] {local_task_job.py:264} INFO - 1 downstream tasks scheduled from follow-on schedule check
[2022-05-02 16:35:12,603] {taskinstance.py:1032} INFO - Dependencies all met for <TaskInstance: data_ingestion_gcp_dag.download_dataset_task scheduled__2011-01-01T00:00:00+00:00 [queued]>
[2022-05-02 16:35:12,663] {taskinstance.py:1032} INFO - Dependencies all met for <TaskInstance: data_ingestion_gcp_dag.download_dataset_task scheduled__2011-01-01T00:00:00+00:00 [queued]>
[2022-05-02 16:35:12,665] {taskinstance.py:1238} INFO - 
--------------------------------------------------------------------------------
[2022-05-02 16:35:12,667] {taskinstance.py:1239} INFO - Starting attempt 1 of 2
[2022-05-02 16:35:12,669] {taskinstance.py:1240} INFO - 
--------------------------------------------------------------------------------
[2022-05-02 16:35:12,731] {taskinstance.py:1259} INFO - Executing <Task(BashOperator): download_dataset_task> on 2011-01-01 00:00:00+00:00
[2022-05-02 16:35:12,744] {standard_task_runner.py:52} INFO - Started process 6780 to run task
[2022-05-02 16:35:12,762] {standard_task_runner.py:76} INFO - Running: ['***', 'tasks', 'run', 'data_ingestion_gcp_dag', 'download_dataset_task', 'scheduled__2011-01-01T00:00:00+00:00', '--job-id', '1213', '--raw', '--subdir', 'DAGS_FOLDER/ingest_to_gcs_dag.py', '--cfg-path', '/tmp/tmplh8gw6t6', '--error-file', '/tmp/tmpwoblf0pn']
[2022-05-02 16:35:12,766] {standard_task_runner.py:77} INFO - Job 1213: Subtask download_dataset_task
[2022-05-02 16:35:13,245] {logging_mixin.py:109} INFO - Running <TaskInstance: data_ingestion_gcp_dag.download_dataset_task scheduled__2011-01-01T00:00:00+00:00 [running]> on host 9f5021834e17
[2022-05-02 16:35:13,601] {logging_mixin.py:109} WARNING - /home/***/.local/lib/python3.7/site-packages/***/utils/context.py:152 AirflowContextDeprecationWarning: Accessing 'execution_date' from the template is deprecated and will be removed in a future version. Please use 'data_interval_start' or 'logical_date' instead.
[2022-05-02 16:35:13,838] {taskinstance.py:1426} INFO - Exporting the following env vars:
AIRFLOW_CTX_DAG_OWNER=***
AIRFLOW_CTX_DAG_ID=data_ingestion_gcp_dag
AIRFLOW_CTX_TASK_ID=download_dataset_task
AIRFLOW_CTX_EXECUTION_DATE=2011-01-01T00:00:00+00:00
AIRFLOW_CTX_DAG_RUN_ID=scheduled__2011-01-01T00:00:00+00:00
[2022-05-02 16:35:13,848] {subprocess.py:62} INFO - Tmp dir root location: 
 /tmp
[2022-05-02 16:35:13,854] {subprocess.py:74} INFO - Running command: ['bash', '-c', 'curl -sSLf https://www.bls.gov/lau/laucnty11.xlsx > /opt/***/laucnty11.xlsx']
[2022-05-02 16:35:13,903] {subprocess.py:85} INFO - Output:
[2022-05-02 16:35:14,409] {subprocess.py:93} INFO - Command exited with return code 0
[2022-05-02 16:35:14,745] {taskinstance.py:1277} INFO - Marking task as SUCCESS. dag_id=data_ingestion_gcp_dag, task_id=download_dataset_task, execution_date=20110101T000000, start_date=20220502T163512, end_date=20220502T163514
[2022-05-02 16:35:14,897] {local_task_job.py:154} INFO - Task exited with return code 0
[2022-05-02 16:35:15,359] {local_task_job.py:264} INFO - 1 downstream tasks scheduled from follow-on schedule check
[2022-05-02 16:50:35,796] {taskinstance.py:1032} INFO - Dependencies all met for <TaskInstance: data_ingestion_gcp_dag.download_dataset_task scheduled__2011-01-01T00:00:00+00:00 [queued]>
[2022-05-02 16:50:35,843] {taskinstance.py:1032} INFO - Dependencies all met for <TaskInstance: data_ingestion_gcp_dag.download_dataset_task scheduled__2011-01-01T00:00:00+00:00 [queued]>
[2022-05-02 16:50:35,844] {taskinstance.py:1238} INFO - 
--------------------------------------------------------------------------------
[2022-05-02 16:50:35,846] {taskinstance.py:1239} INFO - Starting attempt 1 of 2
[2022-05-02 16:50:35,848] {taskinstance.py:1240} INFO - 
--------------------------------------------------------------------------------
[2022-05-02 16:50:35,899] {taskinstance.py:1259} INFO - Executing <Task(BashOperator): download_dataset_task> on 2011-01-01 00:00:00+00:00
[2022-05-02 16:50:35,909] {standard_task_runner.py:52} INFO - Started process 9545 to run task
[2022-05-02 16:50:35,924] {standard_task_runner.py:76} INFO - Running: ['***', 'tasks', 'run', 'data_ingestion_gcp_dag', 'download_dataset_task', 'scheduled__2011-01-01T00:00:00+00:00', '--job-id', '1315', '--raw', '--subdir', 'DAGS_FOLDER/ingest_to_gcs_dag.py', '--cfg-path', '/tmp/tmpyap5uk_7', '--error-file', '/tmp/tmpfxxgbtyh']
[2022-05-02 16:50:35,927] {standard_task_runner.py:77} INFO - Job 1315: Subtask download_dataset_task
[2022-05-02 16:50:36,365] {logging_mixin.py:109} INFO - Running <TaskInstance: data_ingestion_gcp_dag.download_dataset_task scheduled__2011-01-01T00:00:00+00:00 [running]> on host 9f5021834e17
[2022-05-02 16:50:36,636] {logging_mixin.py:109} WARNING - /home/***/.local/lib/python3.7/site-packages/***/utils/context.py:152 AirflowContextDeprecationWarning: Accessing 'execution_date' from the template is deprecated and will be removed in a future version. Please use 'data_interval_start' or 'logical_date' instead.
[2022-05-02 16:50:36,845] {taskinstance.py:1426} INFO - Exporting the following env vars:
AIRFLOW_CTX_DAG_OWNER=***
AIRFLOW_CTX_DAG_ID=data_ingestion_gcp_dag
AIRFLOW_CTX_TASK_ID=download_dataset_task
AIRFLOW_CTX_EXECUTION_DATE=2011-01-01T00:00:00+00:00
AIRFLOW_CTX_DAG_RUN_ID=scheduled__2011-01-01T00:00:00+00:00
[2022-05-02 16:50:36,851] {subprocess.py:62} INFO - Tmp dir root location: 
 /tmp
[2022-05-02 16:50:36,854] {subprocess.py:74} INFO - Running command: ['bash', '-c', 'curl -sSLf https://www.bls.gov/lau/laucnty11.xlsx > /opt/***/laucnty11.xlsx']
[2022-05-02 16:50:36,877] {subprocess.py:85} INFO - Output:
[2022-05-02 16:50:37,381] {subprocess.py:93} INFO - Command exited with return code 0
[2022-05-02 16:50:37,614] {taskinstance.py:1277} INFO - Marking task as SUCCESS. dag_id=data_ingestion_gcp_dag, task_id=download_dataset_task, execution_date=20110101T000000, start_date=20220502T165035, end_date=20220502T165037
[2022-05-02 16:50:37,706] {local_task_job.py:154} INFO - Task exited with return code 0
[2022-05-02 16:50:38,241] {local_task_job.py:264} INFO - 0 downstream tasks scheduled from follow-on schedule check
