[2022-04-28 05:36:08,378] {taskinstance.py:1043} INFO - Dependencies all met for <TaskInstance: data_ingestion_gcp_dag.format_xl_to_csv_task scheduled__1990-01-01T00:00:00+00:00 [queued]>
[2022-04-28 05:36:08,424] {taskinstance.py:1043} INFO - Dependencies all met for <TaskInstance: data_ingestion_gcp_dag.format_xl_to_csv_task scheduled__1990-01-01T00:00:00+00:00 [queued]>
[2022-04-28 05:36:08,426] {taskinstance.py:1249} INFO - 
--------------------------------------------------------------------------------
[2022-04-28 05:36:08,428] {taskinstance.py:1250} INFO - Starting attempt 2 of 2
[2022-04-28 05:36:08,429] {taskinstance.py:1251} INFO - 
--------------------------------------------------------------------------------
[2022-04-28 05:36:08,475] {taskinstance.py:1270} INFO - Executing <Task(PythonOperator): format_xl_to_csv_task> on 1990-01-01 00:00:00+00:00
[2022-04-28 05:36:08,484] {standard_task_runner.py:52} INFO - Started process 6101 to run task
[2022-04-28 05:36:08,494] {standard_task_runner.py:79} INFO - Running: ['***', 'tasks', 'run', 'data_ingestion_gcp_dag', 'format_xl_to_csv_task', 'scheduled__1990-01-01T00:00:00+00:00', '--job-id', '448', '--raw', '--subdir', 'DAGS_FOLDER/ingest_to_gcs_dag.py', '--cfg-path', '/tmp/tmpt07hsw4w', '--error-file', '/tmp/tmpd6n9sm36']
[2022-04-28 05:36:08,497] {standard_task_runner.py:80} INFO - Job 448: Subtask format_xl_to_csv_task
[2022-04-28 05:36:08,851] {logging_mixin.py:109} INFO - Running <TaskInstance: data_ingestion_gcp_dag.format_xl_to_csv_task scheduled__1990-01-01T00:00:00+00:00 [running]> on host 65f5b8b3c17c
[2022-04-28 05:36:09,090] {logging_mixin.py:109} WARNING - /home/***/.local/lib/python3.7/site-packages/***/utils/context.py:156 AirflowContextDeprecationWarning: Accessing 'execution_date' from the template is deprecated and will be removed in a future version. Please use 'data_interval_start' or 'logical_date' instead.
[2022-04-28 05:36:09,297] {taskinstance.py:1448} INFO - Exporting the following env vars:
AIRFLOW_CTX_DAG_OWNER=***
AIRFLOW_CTX_DAG_ID=data_ingestion_gcp_dag
AIRFLOW_CTX_TASK_ID=format_xl_to_csv_task
AIRFLOW_CTX_EXECUTION_DATE=1990-01-01T00:00:00+00:00
AIRFLOW_CTX_DAG_RUN_ID=scheduled__1990-01-01T00:00:00+00:00
[2022-04-28 05:36:14,724] {taskinstance.py:1774} ERROR - Task failed with exception
Traceback (most recent call last):
  File "/home/airflow/.local/lib/python3.7/site-packages/airflow/operators/python.py", line 174, in execute
    return_value = self.execute_callable()
  File "/home/airflow/.local/lib/python3.7/site-packages/airflow/operators/python.py", line 188, in execute_callable
    return self.python_callable(*self.op_args, **self.op_kwargs)
  File "/opt/airflow/dags/ingest_to_gcs_dag.py", line 58, in format_xl_to_csv
    df.to_csv(f"{AIRFLOW_HOME}/us_employment_{df.year(6)}.csv")
TypeError: 'Series' object is not callable
[2022-04-28 05:36:14,836] {taskinstance.py:1288} INFO - Marking task as FAILED. dag_id=data_ingestion_gcp_dag, task_id=format_xl_to_csv_task, execution_date=19900101T000000, start_date=20220428T053608, end_date=20220428T053614
[2022-04-28 05:36:14,893] {standard_task_runner.py:98} ERROR - Failed to execute job 448 for task format_xl_to_csv_task ('Series' object is not callable; 6101)
[2022-04-28 05:36:14,939] {local_task_job.py:154} INFO - Task exited with return code 1
[2022-04-28 05:36:15,211] {local_task_job.py:264} INFO - 0 downstream tasks scheduled from follow-on schedule check
