[2022-04-28 06:04:29,410] {taskinstance.py:1043} INFO - Dependencies all met for <TaskInstance: data_ingestion_gcp_dag.rm_files_task scheduled__1999-01-01T00:00:00+00:00 [queued]>
[2022-04-28 06:04:29,457] {taskinstance.py:1043} INFO - Dependencies all met for <TaskInstance: data_ingestion_gcp_dag.rm_files_task scheduled__1999-01-01T00:00:00+00:00 [queued]>
[2022-04-28 06:04:29,458] {taskinstance.py:1249} INFO - 
--------------------------------------------------------------------------------
[2022-04-28 06:04:29,460] {taskinstance.py:1250} INFO - Starting attempt 1 of 2
[2022-04-28 06:04:29,463] {taskinstance.py:1251} INFO - 
--------------------------------------------------------------------------------
[2022-04-28 06:04:29,521] {taskinstance.py:1270} INFO - Executing <Task(BashOperator): rm_files_task> on 1999-01-01 00:00:00+00:00
[2022-04-28 06:04:29,532] {standard_task_runner.py:52} INFO - Started process 1598 to run task
[2022-04-28 06:04:29,541] {standard_task_runner.py:79} INFO - Running: ['***', 'tasks', 'run', 'data_ingestion_gcp_dag', 'rm_files_task', 'scheduled__1999-01-01T00:00:00+00:00', '--job-id', '521', '--raw', '--subdir', 'DAGS_FOLDER/ingest_to_gcs_dag.py', '--cfg-path', '/tmp/tmpcncbmk28', '--error-file', '/tmp/tmpdm5hol06']
[2022-04-28 06:04:29,545] {standard_task_runner.py:80} INFO - Job 521: Subtask rm_files_task
[2022-04-28 06:04:29,978] {logging_mixin.py:109} INFO - Running <TaskInstance: data_ingestion_gcp_dag.rm_files_task scheduled__1999-01-01T00:00:00+00:00 [running]> on host d4721d223bdd
[2022-04-28 06:04:30,303] {logging_mixin.py:109} WARNING - /home/***/.local/lib/python3.7/site-packages/***/utils/context.py:156 AirflowContextDeprecationWarning: Accessing 'execution_date' from the template is deprecated and will be removed in a future version. Please use 'data_interval_start' or 'logical_date' instead.
[2022-04-28 06:04:30,488] {taskinstance.py:1448} INFO - Exporting the following env vars:
AIRFLOW_CTX_DAG_OWNER=***
AIRFLOW_CTX_DAG_ID=data_ingestion_gcp_dag
AIRFLOW_CTX_TASK_ID=rm_files_task
AIRFLOW_CTX_EXECUTION_DATE=1999-01-01T00:00:00+00:00
AIRFLOW_CTX_DAG_RUN_ID=scheduled__1999-01-01T00:00:00+00:00
[2022-04-28 06:04:30,493] {subprocess.py:62} INFO - Tmp dir root location: 
 /tmp
[2022-04-28 06:04:30,496] {subprocess.py:74} INFO - Running command: ['bash', '-c', 'rm /opt/***/laucnty99.xlsx /opt/***/us_employment_99.parquet']
[2022-04-28 06:04:30,513] {subprocess.py:85} INFO - Output:
[2022-04-28 06:04:30,581] {subprocess.py:93} INFO - Command exited with return code 0
[2022-04-28 06:04:30,957] {taskinstance.py:1288} INFO - Marking task as SUCCESS. dag_id=data_ingestion_gcp_dag, task_id=rm_files_task, execution_date=19990101T000000, start_date=20220428T060429, end_date=20220428T060430
[2022-04-28 06:04:31,052] {local_task_job.py:154} INFO - Task exited with return code 0
[2022-04-28 06:04:31,292] {local_task_job.py:264} INFO - 0 downstream tasks scheduled from follow-on schedule check
[2022-04-29 02:34:50,275] {taskinstance.py:1043} INFO - Dependencies all met for <TaskInstance: data_ingestion_gcp_dag.rm_files_task scheduled__1999-01-01T00:00:00+00:00 [queued]>
[2022-04-29 02:34:50,320] {taskinstance.py:1043} INFO - Dependencies all met for <TaskInstance: data_ingestion_gcp_dag.rm_files_task scheduled__1999-01-01T00:00:00+00:00 [queued]>
[2022-04-29 02:34:50,322] {taskinstance.py:1249} INFO - 
--------------------------------------------------------------------------------
[2022-04-29 02:34:50,325] {taskinstance.py:1250} INFO - Starting attempt 1 of 2
[2022-04-29 02:34:50,327] {taskinstance.py:1251} INFO - 
--------------------------------------------------------------------------------
[2022-04-29 02:34:50,373] {taskinstance.py:1270} INFO - Executing <Task(BashOperator): rm_files_task> on 1999-01-01 00:00:00+00:00
[2022-04-29 02:34:50,383] {standard_task_runner.py:52} INFO - Started process 5185 to run task
[2022-04-29 02:34:50,392] {standard_task_runner.py:79} INFO - Running: ['***', 'tasks', 'run', 'data_ingestion_gcp_dag', 'rm_files_task', 'scheduled__1999-01-01T00:00:00+00:00', '--job-id', '699', '--raw', '--subdir', 'DAGS_FOLDER/ingest_to_gcs_dag.py', '--cfg-path', '/tmp/tmp8_cl2af1', '--error-file', '/tmp/tmpf59vykt8']
[2022-04-29 02:34:50,396] {standard_task_runner.py:80} INFO - Job 699: Subtask rm_files_task
[2022-04-29 02:34:50,742] {logging_mixin.py:109} INFO - Running <TaskInstance: data_ingestion_gcp_dag.rm_files_task scheduled__1999-01-01T00:00:00+00:00 [running]> on host 6fd0ba274d58
[2022-04-29 02:34:50,980] {logging_mixin.py:109} WARNING - /home/***/.local/lib/python3.7/site-packages/***/utils/context.py:156 AirflowContextDeprecationWarning: Accessing 'execution_date' from the template is deprecated and will be removed in a future version. Please use 'data_interval_start' or 'logical_date' instead.
[2022-04-29 02:34:51,156] {taskinstance.py:1448} INFO - Exporting the following env vars:
AIRFLOW_CTX_DAG_OWNER=***
AIRFLOW_CTX_DAG_ID=data_ingestion_gcp_dag
AIRFLOW_CTX_TASK_ID=rm_files_task
AIRFLOW_CTX_EXECUTION_DATE=1999-01-01T00:00:00+00:00
AIRFLOW_CTX_DAG_RUN_ID=scheduled__1999-01-01T00:00:00+00:00
[2022-04-29 02:34:51,161] {subprocess.py:62} INFO - Tmp dir root location: 
 /tmp
[2022-04-29 02:34:51,163] {subprocess.py:74} INFO - Running command: ['bash', '-c', 'rm /opt/***/laucnty99.xlsx /opt/***/us_employment_1999.parquet']
[2022-04-29 02:34:51,179] {subprocess.py:85} INFO - Output:
[2022-04-29 02:34:51,241] {subprocess.py:93} INFO - Command exited with return code 0
[2022-04-29 02:34:51,437] {taskinstance.py:1288} INFO - Marking task as SUCCESS. dag_id=data_ingestion_gcp_dag, task_id=rm_files_task, execution_date=19990101T000000, start_date=20220429T023450, end_date=20220429T023451
[2022-04-29 02:34:51,507] {local_task_job.py:154} INFO - Task exited with return code 0
[2022-04-29 02:34:51,776] {local_task_job.py:264} INFO - 0 downstream tasks scheduled from follow-on schedule check
