[2022-04-28 06:13:33,137] {taskinstance.py:1043} INFO - Dependencies all met for <TaskInstance: data_ingestion_gcp_dag.format_to_parquet_task scheduled__2019-01-01T00:00:00+00:00 [queued]>
[2022-04-28 06:13:33,184] {taskinstance.py:1043} INFO - Dependencies all met for <TaskInstance: data_ingestion_gcp_dag.format_to_parquet_task scheduled__2019-01-01T00:00:00+00:00 [queued]>
[2022-04-28 06:13:33,186] {taskinstance.py:1249} INFO - 
--------------------------------------------------------------------------------
[2022-04-28 06:13:33,187] {taskinstance.py:1250} INFO - Starting attempt 1 of 2
[2022-04-28 06:13:33,188] {taskinstance.py:1251} INFO - 
--------------------------------------------------------------------------------
[2022-04-28 06:13:33,238] {taskinstance.py:1270} INFO - Executing <Task(PythonOperator): format_to_parquet_task> on 2019-01-01 00:00:00+00:00
[2022-04-28 06:13:33,247] {standard_task_runner.py:52} INFO - Started process 3368 to run task
[2022-04-28 06:13:33,255] {standard_task_runner.py:79} INFO - Running: ['***', 'tasks', 'run', 'data_ingestion_gcp_dag', 'format_to_parquet_task', 'scheduled__2019-01-01T00:00:00+00:00', '--job-id', '618', '--raw', '--subdir', 'DAGS_FOLDER/ingest_to_gcs_dag.py', '--cfg-path', '/tmp/tmpvdzizmp2', '--error-file', '/tmp/tmpf6wrw3yl']
[2022-04-28 06:13:33,258] {standard_task_runner.py:80} INFO - Job 618: Subtask format_to_parquet_task
[2022-04-28 06:13:33,685] {logging_mixin.py:109} INFO - Running <TaskInstance: data_ingestion_gcp_dag.format_to_parquet_task scheduled__2019-01-01T00:00:00+00:00 [running]> on host d4721d223bdd
[2022-04-28 06:13:34,154] {logging_mixin.py:109} WARNING - /home/***/.local/lib/python3.7/site-packages/***/utils/context.py:156 AirflowContextDeprecationWarning: Accessing 'execution_date' from the template is deprecated and will be removed in a future version. Please use 'data_interval_start' or 'logical_date' instead.
[2022-04-28 06:13:34,408] {taskinstance.py:1448} INFO - Exporting the following env vars:
AIRFLOW_CTX_DAG_OWNER=***
AIRFLOW_CTX_DAG_ID=data_ingestion_gcp_dag
AIRFLOW_CTX_TASK_ID=format_to_parquet_task
AIRFLOW_CTX_EXECUTION_DATE=2019-01-01T00:00:00+00:00
AIRFLOW_CTX_DAG_RUN_ID=scheduled__2019-01-01T00:00:00+00:00
[2022-04-28 06:13:34,762] {python.py:175} INFO - Done. Returned value was: None
[2022-04-28 06:13:34,871] {taskinstance.py:1288} INFO - Marking task as SUCCESS. dag_id=data_ingestion_gcp_dag, task_id=format_to_parquet_task, execution_date=20190101T000000, start_date=20220428T061333, end_date=20220428T061334
[2022-04-28 06:13:34,961] {local_task_job.py:154} INFO - Task exited with return code 0
[2022-04-28 06:13:35,228] {local_task_job.py:264} INFO - 1 downstream tasks scheduled from follow-on schedule check
