[2022-04-28 06:13:18,993] {taskinstance.py:1043} INFO - Dependencies all met for <TaskInstance: data_ingestion_gcp_dag.format_xl_to_csv_task scheduled__2019-01-01T00:00:00+00:00 [queued]>
[2022-04-28 06:13:19,034] {taskinstance.py:1043} INFO - Dependencies all met for <TaskInstance: data_ingestion_gcp_dag.format_xl_to_csv_task scheduled__2019-01-01T00:00:00+00:00 [queued]>
[2022-04-28 06:13:19,036] {taskinstance.py:1249} INFO - 
--------------------------------------------------------------------------------
[2022-04-28 06:13:19,037] {taskinstance.py:1250} INFO - Starting attempt 1 of 2
[2022-04-28 06:13:19,038] {taskinstance.py:1251} INFO - 
--------------------------------------------------------------------------------
[2022-04-28 06:13:19,081] {taskinstance.py:1270} INFO - Executing <Task(PythonOperator): format_xl_to_csv_task> on 2019-01-01 00:00:00+00:00
[2022-04-28 06:13:19,091] {standard_task_runner.py:52} INFO - Started process 3293 to run task
[2022-04-28 06:13:19,099] {standard_task_runner.py:79} INFO - Running: ['***', 'tasks', 'run', 'data_ingestion_gcp_dag', 'format_xl_to_csv_task', 'scheduled__2019-01-01T00:00:00+00:00', '--job-id', '615', '--raw', '--subdir', 'DAGS_FOLDER/ingest_to_gcs_dag.py', '--cfg-path', '/tmp/tmpymv5f80s', '--error-file', '/tmp/tmpve4h7o_r']
[2022-04-28 06:13:19,103] {standard_task_runner.py:80} INFO - Job 615: Subtask format_xl_to_csv_task
[2022-04-28 06:13:19,475] {logging_mixin.py:109} INFO - Running <TaskInstance: data_ingestion_gcp_dag.format_xl_to_csv_task scheduled__2019-01-01T00:00:00+00:00 [running]> on host d4721d223bdd
[2022-04-28 06:13:19,724] {logging_mixin.py:109} WARNING - /home/***/.local/lib/python3.7/site-packages/***/utils/context.py:156 AirflowContextDeprecationWarning: Accessing 'execution_date' from the template is deprecated and will be removed in a future version. Please use 'data_interval_start' or 'logical_date' instead.
[2022-04-28 06:13:19,910] {taskinstance.py:1448} INFO - Exporting the following env vars:
AIRFLOW_CTX_DAG_OWNER=***
AIRFLOW_CTX_DAG_ID=data_ingestion_gcp_dag
AIRFLOW_CTX_TASK_ID=format_xl_to_csv_task
AIRFLOW_CTX_EXECUTION_DATE=2019-01-01T00:00:00+00:00
AIRFLOW_CTX_DAG_RUN_ID=scheduled__2019-01-01T00:00:00+00:00
[2022-04-28 06:13:26,031] {python.py:175} INFO - Done. Returned value was: None
[2022-04-28 06:13:26,140] {taskinstance.py:1288} INFO - Marking task as SUCCESS. dag_id=data_ingestion_gcp_dag, task_id=format_xl_to_csv_task, execution_date=20190101T000000, start_date=20220428T061318, end_date=20220428T061326
[2022-04-28 06:13:26,292] {local_task_job.py:154} INFO - Task exited with return code 0
[2022-04-28 06:13:26,690] {local_task_job.py:264} INFO - 1 downstream tasks scheduled from follow-on schedule check
[2022-04-29 02:40:17,021] {taskinstance.py:1043} INFO - Dependencies all met for <TaskInstance: data_ingestion_gcp_dag.format_xl_to_csv_task scheduled__2019-01-01T00:00:00+00:00 [queued]>
[2022-04-29 02:40:17,069] {taskinstance.py:1043} INFO - Dependencies all met for <TaskInstance: data_ingestion_gcp_dag.format_xl_to_csv_task scheduled__2019-01-01T00:00:00+00:00 [queued]>
[2022-04-29 02:40:17,071] {taskinstance.py:1249} INFO - 
--------------------------------------------------------------------------------
[2022-04-29 02:40:17,072] {taskinstance.py:1250} INFO - Starting attempt 1 of 2
[2022-04-29 02:40:17,073] {taskinstance.py:1251} INFO - 
--------------------------------------------------------------------------------
[2022-04-29 02:40:17,122] {taskinstance.py:1270} INFO - Executing <Task(PythonOperator): format_xl_to_csv_task> on 2019-01-01 00:00:00+00:00
[2022-04-29 02:40:17,132] {standard_task_runner.py:52} INFO - Started process 6498 to run task
[2022-04-29 02:40:17,140] {standard_task_runner.py:79} INFO - Running: ['***', 'tasks', 'run', 'data_ingestion_gcp_dag', 'format_xl_to_csv_task', 'scheduled__2019-01-01T00:00:00+00:00', '--job-id', '779', '--raw', '--subdir', 'DAGS_FOLDER/ingest_to_gcs_dag.py', '--cfg-path', '/tmp/tmp9e1yf4as', '--error-file', '/tmp/tmpa_c82yv4']
[2022-04-29 02:40:17,144] {standard_task_runner.py:80} INFO - Job 779: Subtask format_xl_to_csv_task
[2022-04-29 02:40:17,542] {logging_mixin.py:109} INFO - Running <TaskInstance: data_ingestion_gcp_dag.format_xl_to_csv_task scheduled__2019-01-01T00:00:00+00:00 [running]> on host 6fd0ba274d58
[2022-04-29 02:40:17,811] {logging_mixin.py:109} WARNING - /home/***/.local/lib/python3.7/site-packages/***/utils/context.py:156 AirflowContextDeprecationWarning: Accessing 'execution_date' from the template is deprecated and will be removed in a future version. Please use 'data_interval_start' or 'logical_date' instead.
[2022-04-29 02:40:18,128] {taskinstance.py:1448} INFO - Exporting the following env vars:
AIRFLOW_CTX_DAG_OWNER=***
AIRFLOW_CTX_DAG_ID=data_ingestion_gcp_dag
AIRFLOW_CTX_TASK_ID=format_xl_to_csv_task
AIRFLOW_CTX_EXECUTION_DATE=2019-01-01T00:00:00+00:00
AIRFLOW_CTX_DAG_RUN_ID=scheduled__2019-01-01T00:00:00+00:00
[2022-04-29 02:40:25,247] {python.py:175} INFO - Done. Returned value was: None
[2022-04-29 02:40:25,384] {taskinstance.py:1288} INFO - Marking task as SUCCESS. dag_id=data_ingestion_gcp_dag, task_id=format_xl_to_csv_task, execution_date=20190101T000000, start_date=20220429T024017, end_date=20220429T024025
[2022-04-29 02:40:25,510] {local_task_job.py:154} INFO - Task exited with return code 0
[2022-04-29 02:40:25,941] {local_task_job.py:264} INFO - 0 downstream tasks scheduled from follow-on schedule check
[2022-05-02 07:58:48,836] {taskinstance.py:1032} INFO - Dependencies all met for <TaskInstance: data_ingestion_gcp_dag.format_xl_to_csv_task scheduled__2019-01-01T00:00:00+00:00 [queued]>
[2022-05-02 07:58:48,879] {taskinstance.py:1032} INFO - Dependencies all met for <TaskInstance: data_ingestion_gcp_dag.format_xl_to_csv_task scheduled__2019-01-01T00:00:00+00:00 [queued]>
[2022-05-02 07:58:48,881] {taskinstance.py:1238} INFO - 
--------------------------------------------------------------------------------
[2022-05-02 07:58:48,882] {taskinstance.py:1239} INFO - Starting attempt 1 of 2
[2022-05-02 07:58:48,884] {taskinstance.py:1240} INFO - 
--------------------------------------------------------------------------------
[2022-05-02 07:58:48,930] {taskinstance.py:1259} INFO - Executing <Task(PythonOperator): format_xl_to_csv_task> on 2019-01-01 00:00:00+00:00
[2022-05-02 07:58:48,940] {standard_task_runner.py:52} INFO - Started process 10263 to run task
[2022-05-02 07:58:48,948] {standard_task_runner.py:76} INFO - Running: ['***', 'tasks', 'run', 'data_ingestion_gcp_dag', 'format_xl_to_csv_task', 'scheduled__2019-01-01T00:00:00+00:00', '--job-id', '913', '--raw', '--subdir', 'DAGS_FOLDER/ingest_to_gcs_dag.py', '--cfg-path', '/tmp/tmpuowtgky6', '--error-file', '/tmp/tmp78nsl8zu']
[2022-05-02 07:58:48,951] {standard_task_runner.py:77} INFO - Job 913: Subtask format_xl_to_csv_task
[2022-05-02 07:58:49,319] {logging_mixin.py:109} INFO - Running <TaskInstance: data_ingestion_gcp_dag.format_xl_to_csv_task scheduled__2019-01-01T00:00:00+00:00 [running]> on host ae42322ae538
[2022-05-02 07:58:49,566] {logging_mixin.py:109} WARNING - /home/***/.local/lib/python3.7/site-packages/***/utils/context.py:152 AirflowContextDeprecationWarning: Accessing 'execution_date' from the template is deprecated and will be removed in a future version. Please use 'data_interval_start' or 'logical_date' instead.
[2022-05-02 07:58:49,767] {taskinstance.py:1426} INFO - Exporting the following env vars:
AIRFLOW_CTX_DAG_OWNER=***
AIRFLOW_CTX_DAG_ID=data_ingestion_gcp_dag
AIRFLOW_CTX_TASK_ID=format_xl_to_csv_task
AIRFLOW_CTX_EXECUTION_DATE=2019-01-01T00:00:00+00:00
AIRFLOW_CTX_DAG_RUN_ID=scheduled__2019-01-01T00:00:00+00:00
[2022-05-02 07:58:56,220] {python.py:175} INFO - Done. Returned value was: None
[2022-05-02 07:58:56,338] {taskinstance.py:1277} INFO - Marking task as SUCCESS. dag_id=data_ingestion_gcp_dag, task_id=format_xl_to_csv_task, execution_date=20190101T000000, start_date=20220502T075848, end_date=20220502T075856
[2022-05-02 07:58:56,482] {local_task_job.py:154} INFO - Task exited with return code 0
[2022-05-02 07:58:56,740] {local_task_job.py:264} INFO - 0 downstream tasks scheduled from follow-on schedule check
[2022-05-02 09:20:16,273] {taskinstance.py:1032} INFO - Dependencies all met for <TaskInstance: data_ingestion_gcp_dag.format_xl_to_csv_task scheduled__2019-01-01T00:00:00+00:00 [queued]>
[2022-05-02 09:20:16,322] {taskinstance.py:1032} INFO - Dependencies all met for <TaskInstance: data_ingestion_gcp_dag.format_xl_to_csv_task scheduled__2019-01-01T00:00:00+00:00 [queued]>
[2022-05-02 09:20:16,324] {taskinstance.py:1238} INFO - 
--------------------------------------------------------------------------------
[2022-05-02 09:20:16,325] {taskinstance.py:1239} INFO - Starting attempt 1 of 2
[2022-05-02 09:20:16,326] {taskinstance.py:1240} INFO - 
--------------------------------------------------------------------------------
[2022-05-02 09:20:16,379] {taskinstance.py:1259} INFO - Executing <Task(PythonOperator): format_xl_to_csv_task> on 2019-01-01 00:00:00+00:00
[2022-05-02 09:20:16,391] {standard_task_runner.py:52} INFO - Started process 3424 to run task
[2022-05-02 09:20:16,408] {standard_task_runner.py:76} INFO - Running: ['***', 'tasks', 'run', 'data_ingestion_gcp_dag', 'format_xl_to_csv_task', 'scheduled__2019-01-01T00:00:00+00:00', '--job-id', '1028', '--raw', '--subdir', 'DAGS_FOLDER/ingest_to_gcs_dag.py', '--cfg-path', '/tmp/tmpkz43cgct', '--error-file', '/tmp/tmp2msxzvul']
[2022-05-02 09:20:16,412] {standard_task_runner.py:77} INFO - Job 1028: Subtask format_xl_to_csv_task
[2022-05-02 09:20:16,823] {logging_mixin.py:109} INFO - Running <TaskInstance: data_ingestion_gcp_dag.format_xl_to_csv_task scheduled__2019-01-01T00:00:00+00:00 [running]> on host 98c324cf1bb6
[2022-05-02 09:20:17,171] {logging_mixin.py:109} WARNING - /home/***/.local/lib/python3.7/site-packages/***/utils/context.py:152 AirflowContextDeprecationWarning: Accessing 'execution_date' from the template is deprecated and will be removed in a future version. Please use 'data_interval_start' or 'logical_date' instead.
[2022-05-02 09:20:17,425] {taskinstance.py:1426} INFO - Exporting the following env vars:
AIRFLOW_CTX_DAG_OWNER=***
AIRFLOW_CTX_DAG_ID=data_ingestion_gcp_dag
AIRFLOW_CTX_TASK_ID=format_xl_to_csv_task
AIRFLOW_CTX_EXECUTION_DATE=2019-01-01T00:00:00+00:00
AIRFLOW_CTX_DAG_RUN_ID=scheduled__2019-01-01T00:00:00+00:00
[2022-05-02 09:20:23,511] {python.py:175} INFO - Done. Returned value was: None
[2022-05-02 09:20:23,632] {taskinstance.py:1277} INFO - Marking task as SUCCESS. dag_id=data_ingestion_gcp_dag, task_id=format_xl_to_csv_task, execution_date=20190101T000000, start_date=20220502T092016, end_date=20220502T092023
[2022-05-02 09:20:23,739] {local_task_job.py:154} INFO - Task exited with return code 0
[2022-05-02 09:20:24,235] {local_task_job.py:264} INFO - 0 downstream tasks scheduled from follow-on schedule check
