[2022-04-25 07:41:51,810] {taskinstance.py:1043} INFO - Dependencies all met for <TaskInstance: data_ingestion_gcp_dag.local_to_gcs_task scheduled__1991-01-01T00:00:00+00:00 [queued]>
[2022-04-25 07:41:51,859] {taskinstance.py:1043} INFO - Dependencies all met for <TaskInstance: data_ingestion_gcp_dag.local_to_gcs_task scheduled__1991-01-01T00:00:00+00:00 [queued]>
[2022-04-25 07:41:51,861] {taskinstance.py:1249} INFO - 
--------------------------------------------------------------------------------
[2022-04-25 07:41:51,863] {taskinstance.py:1250} INFO - Starting attempt 1 of 2
[2022-04-25 07:41:51,864] {taskinstance.py:1251} INFO - 
--------------------------------------------------------------------------------
[2022-04-25 07:41:51,912] {taskinstance.py:1270} INFO - Executing <Task(PythonOperator): local_to_gcs_task> on 1991-01-01 00:00:00+00:00
[2022-04-25 07:41:51,922] {standard_task_runner.py:52} INFO - Started process 4490 to run task
[2022-04-25 07:41:51,930] {standard_task_runner.py:79} INFO - Running: ['***', 'tasks', 'run', 'data_ingestion_gcp_dag', 'local_to_gcs_task', 'scheduled__1991-01-01T00:00:00+00:00', '--job-id', '348', '--raw', '--subdir', 'DAGS_FOLDER/ingest_to_gcs_dag.py', '--cfg-path', '/tmp/tmpdbnrh4vv', '--error-file', '/tmp/tmp_jz1k03h']
[2022-04-25 07:41:51,933] {standard_task_runner.py:80} INFO - Job 348: Subtask local_to_gcs_task
[2022-04-25 07:41:52,327] {logging_mixin.py:109} INFO - Running <TaskInstance: data_ingestion_gcp_dag.local_to_gcs_task scheduled__1991-01-01T00:00:00+00:00 [running]> on host 64c7187bd08f
[2022-04-25 07:41:52,649] {logging_mixin.py:109} WARNING - /home/***/.local/lib/python3.7/site-packages/***/utils/context.py:156 AirflowContextDeprecationWarning: Accessing 'execution_date' from the template is deprecated and will be removed in a future version. Please use 'data_interval_start' or 'logical_date' instead.
[2022-04-25 07:41:52,854] {taskinstance.py:1448} INFO - Exporting the following env vars:
AIRFLOW_CTX_DAG_OWNER=***
AIRFLOW_CTX_DAG_ID=data_ingestion_gcp_dag
AIRFLOW_CTX_TASK_ID=local_to_gcs_task
AIRFLOW_CTX_EXECUTION_DATE=1991-01-01T00:00:00+00:00
AIRFLOW_CTX_DAG_RUN_ID=scheduled__1991-01-01T00:00:00+00:00
[2022-04-25 07:41:52,974] {taskinstance.py:1774} ERROR - Task failed with exception
Traceback (most recent call last):
  File "/home/airflow/.local/lib/python3.7/site-packages/airflow/operators/python.py", line 174, in execute
    return_value = self.execute_callable()
  File "/home/airflow/.local/lib/python3.7/site-packages/airflow/operators/python.py", line 188, in execute_callable
    return self.python_callable(*self.op_args, **self.op_kwargs)
  File "/opt/airflow/dags/ingest_to_gcs_dag.py", line 75, in upload_to_gcs
    blob.upload_from_filename(local_file)
  File "/home/airflow/.local/lib/python3.7/site-packages/google/cloud/storage/blob.py", line 2720, in upload_from_filename
    with open(filename, "rb") as file_obj:
FileNotFoundError: [Errno 2] No such file or directory: '/opt/airflow/us_employment_91.parquet'
[2022-04-25 07:41:53,178] {taskinstance.py:1288} INFO - Marking task as UP_FOR_RETRY. dag_id=data_ingestion_gcp_dag, task_id=local_to_gcs_task, execution_date=19910101T000000, start_date=20220425T074151, end_date=20220425T074153
[2022-04-25 07:41:53,238] {standard_task_runner.py:98} ERROR - Failed to execute job 348 for task local_to_gcs_task ([Errno 2] No such file or directory: '/opt/airflow/us_employment_91.parquet'; 4490)
[2022-04-25 07:41:53,251] {local_task_job.py:154} INFO - Task exited with return code 1
[2022-04-25 07:41:53,517] {local_task_job.py:264} INFO - 0 downstream tasks scheduled from follow-on schedule check
[2022-04-28 05:45:31,242] {taskinstance.py:1043} INFO - Dependencies all met for <TaskInstance: data_ingestion_gcp_dag.local_to_gcs_task scheduled__1991-01-01T00:00:00+00:00 [queued]>
[2022-04-28 05:45:31,286] {taskinstance.py:1043} INFO - Dependencies all met for <TaskInstance: data_ingestion_gcp_dag.local_to_gcs_task scheduled__1991-01-01T00:00:00+00:00 [queued]>
[2022-04-28 05:45:31,287] {taskinstance.py:1249} INFO - 
--------------------------------------------------------------------------------
[2022-04-28 05:45:31,289] {taskinstance.py:1250} INFO - Starting attempt 1 of 2
[2022-04-28 05:45:31,290] {taskinstance.py:1251} INFO - 
--------------------------------------------------------------------------------
[2022-04-28 05:45:31,331] {taskinstance.py:1270} INFO - Executing <Task(PythonOperator): local_to_gcs_task> on 1991-01-01 00:00:00+00:00
[2022-04-28 05:45:31,342] {standard_task_runner.py:52} INFO - Started process 7045 to run task
[2022-04-28 05:45:31,353] {standard_task_runner.py:79} INFO - Running: ['***', 'tasks', 'run', 'data_ingestion_gcp_dag', 'local_to_gcs_task', 'scheduled__1991-01-01T00:00:00+00:00', '--job-id', '466', '--raw', '--subdir', 'DAGS_FOLDER/ingest_to_gcs_dag.py', '--cfg-path', '/tmp/tmph80cni05', '--error-file', '/tmp/tmp4ufpi135']
[2022-04-28 05:45:31,356] {standard_task_runner.py:80} INFO - Job 466: Subtask local_to_gcs_task
[2022-04-28 05:45:31,692] {logging_mixin.py:109} INFO - Running <TaskInstance: data_ingestion_gcp_dag.local_to_gcs_task scheduled__1991-01-01T00:00:00+00:00 [running]> on host 65f5b8b3c17c
[2022-04-28 05:45:31,924] {logging_mixin.py:109} WARNING - /home/***/.local/lib/python3.7/site-packages/***/utils/context.py:156 AirflowContextDeprecationWarning: Accessing 'execution_date' from the template is deprecated and will be removed in a future version. Please use 'data_interval_start' or 'logical_date' instead.
[2022-04-28 05:45:32,108] {taskinstance.py:1448} INFO - Exporting the following env vars:
AIRFLOW_CTX_DAG_OWNER=***
AIRFLOW_CTX_DAG_ID=data_ingestion_gcp_dag
AIRFLOW_CTX_TASK_ID=local_to_gcs_task
AIRFLOW_CTX_EXECUTION_DATE=1991-01-01T00:00:00+00:00
AIRFLOW_CTX_DAG_RUN_ID=scheduled__1991-01-01T00:00:00+00:00
[2022-04-28 05:45:34,068] {taskinstance.py:1774} ERROR - Task failed with exception
Traceback (most recent call last):
  File "/home/airflow/.local/lib/python3.7/site-packages/google/cloud/storage/blob.py", line 2594, in upload_from_file
    retry=retry,
  File "/home/airflow/.local/lib/python3.7/site-packages/google/cloud/storage/blob.py", line 2396, in _do_upload
    retry=retry,
  File "/home/airflow/.local/lib/python3.7/site-packages/google/cloud/storage/blob.py", line 1917, in _do_multipart_upload
    transport, data, object_metadata, content_type, timeout=timeout
  File "/home/airflow/.local/lib/python3.7/site-packages/google/resumable_media/requests/upload.py", line 154, in transmit
    retriable_request, self._get_status_code, self._retry_strategy
  File "/home/airflow/.local/lib/python3.7/site-packages/google/resumable_media/requests/_request_helpers.py", line 147, in wait_and_retry
    response = func()
  File "/home/airflow/.local/lib/python3.7/site-packages/google/resumable_media/requests/upload.py", line 149, in retriable_request
    self._process_response(result)
  File "/home/airflow/.local/lib/python3.7/site-packages/google/resumable_media/_upload.py", line 114, in _process_response
    _helpers.require_status_code(response, (http.client.OK,), self._get_status_code)
  File "/home/airflow/.local/lib/python3.7/site-packages/google/resumable_media/_helpers.py", line 110, in require_status_code
    *status_codes
google.resumable_media.common.InvalidResponse: ('Request failed with status code', 403, 'Expected one of', <HTTPStatus.OK: 200>)

During handling of the above exception, another exception occurred:

Traceback (most recent call last):
  File "/home/airflow/.local/lib/python3.7/site-packages/airflow/operators/python.py", line 174, in execute
    return_value = self.execute_callable()
  File "/home/airflow/.local/lib/python3.7/site-packages/airflow/operators/python.py", line 188, in execute_callable
    return self.python_callable(*self.op_args, **self.op_kwargs)
  File "/opt/airflow/dags/ingest_to_gcs_dag.py", line 87, in upload_to_gcs
    blob.upload_from_filename(local_file)
  File "/home/airflow/.local/lib/python3.7/site-packages/google/cloud/storage/blob.py", line 2735, in upload_from_filename
    retry=retry,
  File "/home/airflow/.local/lib/python3.7/site-packages/google/cloud/storage/blob.py", line 2598, in upload_from_file
    _raise_from_invalid_response(exc)
  File "/home/airflow/.local/lib/python3.7/site-packages/google/cloud/storage/blob.py", line 4470, in _raise_from_invalid_response
    raise exceptions.from_http_status(response.status_code, message, response=response)
google.api_core.exceptions.Forbidden: 403 POST https://storage.googleapis.com/upload/storage/v1/b/dtc_data_lake_pivotal-surfer-336713/o?uploadType=multipart: {
  "error": {
    "code": 403,
    "message": "The billing account for the owning project is disabled in state closed",
    "errors": [
      {
        "message": "The billing account for the owning project is disabled in state closed",
        "domain": "global",
        "reason": "accountDisabled",
        "locationType": "header",
        "location": "Authorization"
      }
    ]
  }
}
: ('Request failed with status code', 403, 'Expected one of', <HTTPStatus.OK: 200>)
[2022-04-28 05:45:34,183] {taskinstance.py:1288} INFO - Marking task as UP_FOR_RETRY. dag_id=data_ingestion_gcp_dag, task_id=local_to_gcs_task, execution_date=19910101T000000, start_date=20220428T054531, end_date=20220428T054534
[2022-04-28 05:45:34,231] {standard_task_runner.py:98} ERROR - Failed to execute job 466 for task local_to_gcs_task (403 POST https://storage.googleapis.com/upload/storage/v1/b/dtc_data_lake_pivotal-surfer-336713/o?uploadType=multipart: {
  "error": {
    "code": 403,
    "message": "The billing account for the owning project is disabled in state closed",
    "errors": [
      {
        "message": "The billing account for the owning project is disabled in state closed",
        "domain": "global",
        "reason": "accountDisabled",
        "locationType": "header",
        "location": "Authorization"
      }
    ]
  }
}
: ('Request failed with status code', 403, 'Expected one of', <HTTPStatus.OK: 200>); 7045)
[2022-04-28 05:45:34,280] {local_task_job.py:154} INFO - Task exited with return code 1
[2022-04-28 05:45:34,538] {local_task_job.py:264} INFO - 0 downstream tasks scheduled from follow-on schedule check
[2022-04-28 06:01:21,051] {taskinstance.py:1043} INFO - Dependencies all met for <TaskInstance: data_ingestion_gcp_dag.local_to_gcs_task scheduled__1991-01-01T00:00:00+00:00 [queued]>
[2022-04-28 06:01:21,094] {taskinstance.py:1043} INFO - Dependencies all met for <TaskInstance: data_ingestion_gcp_dag.local_to_gcs_task scheduled__1991-01-01T00:00:00+00:00 [queued]>
[2022-04-28 06:01:21,095] {taskinstance.py:1249} INFO - 
--------------------------------------------------------------------------------
[2022-04-28 06:01:21,096] {taskinstance.py:1250} INFO - Starting attempt 1 of 2
[2022-04-28 06:01:21,098] {taskinstance.py:1251} INFO - 
--------------------------------------------------------------------------------
[2022-04-28 06:01:21,146] {taskinstance.py:1270} INFO - Executing <Task(PythonOperator): local_to_gcs_task> on 1991-01-01 00:00:00+00:00
[2022-04-28 06:01:21,156] {standard_task_runner.py:52} INFO - Started process 920 to run task
[2022-04-28 06:01:21,163] {standard_task_runner.py:79} INFO - Running: ['***', 'tasks', 'run', 'data_ingestion_gcp_dag', 'local_to_gcs_task', 'scheduled__1991-01-01T00:00:00+00:00', '--job-id', '478', '--raw', '--subdir', 'DAGS_FOLDER/ingest_to_gcs_dag.py', '--cfg-path', '/tmp/tmp8rbsg6hj', '--error-file', '/tmp/tmpxq7vr_hv']
[2022-04-28 06:01:21,165] {standard_task_runner.py:80} INFO - Job 478: Subtask local_to_gcs_task
[2022-04-28 06:01:21,520] {logging_mixin.py:109} INFO - Running <TaskInstance: data_ingestion_gcp_dag.local_to_gcs_task scheduled__1991-01-01T00:00:00+00:00 [running]> on host d4721d223bdd
[2022-04-28 06:01:21,750] {logging_mixin.py:109} WARNING - /home/***/.local/lib/python3.7/site-packages/***/utils/context.py:156 AirflowContextDeprecationWarning: Accessing 'execution_date' from the template is deprecated and will be removed in a future version. Please use 'data_interval_start' or 'logical_date' instead.
[2022-04-28 06:01:21,946] {taskinstance.py:1448} INFO - Exporting the following env vars:
AIRFLOW_CTX_DAG_OWNER=***
AIRFLOW_CTX_DAG_ID=data_ingestion_gcp_dag
AIRFLOW_CTX_TASK_ID=local_to_gcs_task
AIRFLOW_CTX_EXECUTION_DATE=1991-01-01T00:00:00+00:00
AIRFLOW_CTX_DAG_RUN_ID=scheduled__1991-01-01T00:00:00+00:00
[2022-04-28 06:01:24,525] {python.py:175} INFO - Done. Returned value was: None
[2022-04-28 06:01:24,644] {taskinstance.py:1288} INFO - Marking task as SUCCESS. dag_id=data_ingestion_gcp_dag, task_id=local_to_gcs_task, execution_date=19910101T000000, start_date=20220428T060121, end_date=20220428T060124
[2022-04-28 06:01:24,743] {local_task_job.py:154} INFO - Task exited with return code 0
[2022-04-28 06:01:25,018] {local_task_job.py:264} INFO - 1 downstream tasks scheduled from follow-on schedule check
[2022-04-29 02:26:31,436] {taskinstance.py:1043} INFO - Dependencies all met for <TaskInstance: data_ingestion_gcp_dag.local_to_gcs_task scheduled__1991-01-01T00:00:00+00:00 [queued]>
[2022-04-29 02:26:31,490] {taskinstance.py:1043} INFO - Dependencies all met for <TaskInstance: data_ingestion_gcp_dag.local_to_gcs_task scheduled__1991-01-01T00:00:00+00:00 [queued]>
[2022-04-29 02:26:31,492] {taskinstance.py:1249} INFO - 
--------------------------------------------------------------------------------
[2022-04-29 02:26:31,493] {taskinstance.py:1250} INFO - Starting attempt 1 of 2
[2022-04-29 02:26:31,495] {taskinstance.py:1251} INFO - 
--------------------------------------------------------------------------------
[2022-04-29 02:26:31,545] {taskinstance.py:1270} INFO - Executing <Task(PythonOperator): local_to_gcs_task> on 1991-01-01 00:00:00+00:00
[2022-04-29 02:26:31,556] {standard_task_runner.py:52} INFO - Started process 3982 to run task
[2022-04-29 02:26:31,566] {standard_task_runner.py:79} INFO - Running: ['***', 'tasks', 'run', 'data_ingestion_gcp_dag', 'local_to_gcs_task', 'scheduled__1991-01-01T00:00:00+00:00', '--job-id', '650', '--raw', '--subdir', 'DAGS_FOLDER/ingest_to_gcs_dag.py', '--cfg-path', '/tmp/tmp5c5vw9rr', '--error-file', '/tmp/tmp8weku_zy']
[2022-04-29 02:26:31,569] {standard_task_runner.py:80} INFO - Job 650: Subtask local_to_gcs_task
[2022-04-29 02:26:31,930] {logging_mixin.py:109} INFO - Running <TaskInstance: data_ingestion_gcp_dag.local_to_gcs_task scheduled__1991-01-01T00:00:00+00:00 [running]> on host 6fd0ba274d58
[2022-04-29 02:26:32,173] {logging_mixin.py:109} WARNING - /home/***/.local/lib/python3.7/site-packages/***/utils/context.py:156 AirflowContextDeprecationWarning: Accessing 'execution_date' from the template is deprecated and will be removed in a future version. Please use 'data_interval_start' or 'logical_date' instead.
[2022-04-29 02:26:32,418] {taskinstance.py:1448} INFO - Exporting the following env vars:
AIRFLOW_CTX_DAG_OWNER=***
AIRFLOW_CTX_DAG_ID=data_ingestion_gcp_dag
AIRFLOW_CTX_TASK_ID=local_to_gcs_task
AIRFLOW_CTX_EXECUTION_DATE=1991-01-01T00:00:00+00:00
AIRFLOW_CTX_DAG_RUN_ID=scheduled__1991-01-01T00:00:00+00:00
[2022-04-29 02:26:33,921] {python.py:175} INFO - Done. Returned value was: None
[2022-04-29 02:26:34,036] {taskinstance.py:1288} INFO - Marking task as SUCCESS. dag_id=data_ingestion_gcp_dag, task_id=local_to_gcs_task, execution_date=19910101T000000, start_date=20220429T022631, end_date=20220429T022634
[2022-04-29 02:26:34,132] {local_task_job.py:154} INFO - Task exited with return code 0
[2022-04-29 02:26:34,395] {local_task_job.py:264} INFO - 1 downstream tasks scheduled from follow-on schedule check
[2022-04-29 02:30:41,899] {taskinstance.py:1043} INFO - Dependencies all met for <TaskInstance: data_ingestion_gcp_dag.local_to_gcs_task scheduled__1991-01-01T00:00:00+00:00 [queued]>
[2022-04-29 02:30:41,955] {taskinstance.py:1043} INFO - Dependencies all met for <TaskInstance: data_ingestion_gcp_dag.local_to_gcs_task scheduled__1991-01-01T00:00:00+00:00 [queued]>
[2022-04-29 02:30:41,957] {taskinstance.py:1249} INFO - 
--------------------------------------------------------------------------------
[2022-04-29 02:30:41,959] {taskinstance.py:1250} INFO - Starting attempt 1 of 2
[2022-04-29 02:30:41,961] {taskinstance.py:1251} INFO - 
--------------------------------------------------------------------------------
[2022-04-29 02:30:42,026] {taskinstance.py:1270} INFO - Executing <Task(PythonOperator): local_to_gcs_task> on 1991-01-01 00:00:00+00:00
[2022-04-29 02:30:42,042] {standard_task_runner.py:52} INFO - Started process 4510 to run task
[2022-04-29 02:30:42,064] {standard_task_runner.py:79} INFO - Running: ['***', 'tasks', 'run', 'data_ingestion_gcp_dag', 'local_to_gcs_task', 'scheduled__1991-01-01T00:00:00+00:00', '--job-id', '667', '--raw', '--subdir', 'DAGS_FOLDER/ingest_to_gcs_dag.py', '--cfg-path', '/tmp/tmpuw_zth24', '--error-file', '/tmp/tmpva19blhy']
[2022-04-29 02:30:42,069] {standard_task_runner.py:80} INFO - Job 667: Subtask local_to_gcs_task
[2022-04-29 02:30:42,504] {logging_mixin.py:109} INFO - Running <TaskInstance: data_ingestion_gcp_dag.local_to_gcs_task scheduled__1991-01-01T00:00:00+00:00 [running]> on host 6fd0ba274d58
[2022-04-29 02:30:42,776] {logging_mixin.py:109} WARNING - /home/***/.local/lib/python3.7/site-packages/***/utils/context.py:156 AirflowContextDeprecationWarning: Accessing 'execution_date' from the template is deprecated and will be removed in a future version. Please use 'data_interval_start' or 'logical_date' instead.
[2022-04-29 02:30:42,976] {taskinstance.py:1448} INFO - Exporting the following env vars:
AIRFLOW_CTX_DAG_OWNER=***
AIRFLOW_CTX_DAG_ID=data_ingestion_gcp_dag
AIRFLOW_CTX_TASK_ID=local_to_gcs_task
AIRFLOW_CTX_EXECUTION_DATE=1991-01-01T00:00:00+00:00
AIRFLOW_CTX_DAG_RUN_ID=scheduled__1991-01-01T00:00:00+00:00
[2022-04-29 02:30:44,549] {python.py:175} INFO - Done. Returned value was: None
[2022-04-29 02:30:44,657] {taskinstance.py:1288} INFO - Marking task as SUCCESS. dag_id=data_ingestion_gcp_dag, task_id=local_to_gcs_task, execution_date=19910101T000000, start_date=20220429T023041, end_date=20220429T023044
[2022-04-29 02:30:44,756] {local_task_job.py:154} INFO - Task exited with return code 0
[2022-04-29 02:30:45,009] {local_task_job.py:264} INFO - 1 downstream tasks scheduled from follow-on schedule check
[2022-05-02 07:51:48,371] {taskinstance.py:1032} INFO - Dependencies all met for <TaskInstance: data_ingestion_gcp_dag.local_to_gcs_task scheduled__1991-01-01T00:00:00+00:00 [queued]>
[2022-05-02 07:51:48,417] {taskinstance.py:1032} INFO - Dependencies all met for <TaskInstance: data_ingestion_gcp_dag.local_to_gcs_task scheduled__1991-01-01T00:00:00+00:00 [queued]>
[2022-05-02 07:51:48,418] {taskinstance.py:1238} INFO - 
--------------------------------------------------------------------------------
[2022-05-02 07:51:48,420] {taskinstance.py:1239} INFO - Starting attempt 1 of 2
[2022-05-02 07:51:48,421] {taskinstance.py:1240} INFO - 
--------------------------------------------------------------------------------
[2022-05-02 07:51:48,473] {taskinstance.py:1259} INFO - Executing <Task(PythonOperator): local_to_gcs_task> on 1991-01-01 00:00:00+00:00
[2022-05-02 07:51:48,485] {standard_task_runner.py:52} INFO - Started process 8639 to run task
[2022-05-02 07:51:48,493] {standard_task_runner.py:76} INFO - Running: ['***', 'tasks', 'run', 'data_ingestion_gcp_dag', 'local_to_gcs_task', 'scheduled__1991-01-01T00:00:00+00:00', '--job-id', '827', '--raw', '--subdir', 'DAGS_FOLDER/ingest_to_gcs_dag.py', '--cfg-path', '/tmp/tmpwznavfhj', '--error-file', '/tmp/tmpb7s0vwby']
[2022-05-02 07:51:48,497] {standard_task_runner.py:77} INFO - Job 827: Subtask local_to_gcs_task
[2022-05-02 07:51:48,823] {logging_mixin.py:109} INFO - Running <TaskInstance: data_ingestion_gcp_dag.local_to_gcs_task scheduled__1991-01-01T00:00:00+00:00 [running]> on host ae42322ae538
[2022-05-02 07:51:49,046] {logging_mixin.py:109} WARNING - /home/***/.local/lib/python3.7/site-packages/***/utils/context.py:152 AirflowContextDeprecationWarning: Accessing 'execution_date' from the template is deprecated and will be removed in a future version. Please use 'data_interval_start' or 'logical_date' instead.
[2022-05-02 07:51:49,235] {taskinstance.py:1426} INFO - Exporting the following env vars:
AIRFLOW_CTX_DAG_OWNER=***
AIRFLOW_CTX_DAG_ID=data_ingestion_gcp_dag
AIRFLOW_CTX_TASK_ID=local_to_gcs_task
AIRFLOW_CTX_EXECUTION_DATE=1991-01-01T00:00:00+00:00
AIRFLOW_CTX_DAG_RUN_ID=scheduled__1991-01-01T00:00:00+00:00
[2022-05-02 07:51:50,027] {python.py:175} INFO - Done. Returned value was: None
[2022-05-02 07:51:50,132] {taskinstance.py:1277} INFO - Marking task as SUCCESS. dag_id=data_ingestion_gcp_dag, task_id=local_to_gcs_task, execution_date=19910101T000000, start_date=20220502T075148, end_date=20220502T075150
[2022-05-02 07:51:50,199] {local_task_job.py:154} INFO - Task exited with return code 0
[2022-05-02 07:51:50,410] {local_task_job.py:264} INFO - 0 downstream tasks scheduled from follow-on schedule check
[2022-05-02 09:13:36,532] {taskinstance.py:1032} INFO - Dependencies all met for <TaskInstance: data_ingestion_gcp_dag.local_to_gcs_task scheduled__1991-01-01T00:00:00+00:00 [queued]>
[2022-05-02 09:13:36,576] {taskinstance.py:1032} INFO - Dependencies all met for <TaskInstance: data_ingestion_gcp_dag.local_to_gcs_task scheduled__1991-01-01T00:00:00+00:00 [queued]>
[2022-05-02 09:13:36,578] {taskinstance.py:1238} INFO - 
--------------------------------------------------------------------------------
[2022-05-02 09:13:36,579] {taskinstance.py:1239} INFO - Starting attempt 1 of 2
[2022-05-02 09:13:36,580] {taskinstance.py:1240} INFO - 
--------------------------------------------------------------------------------
[2022-05-02 09:13:36,623] {taskinstance.py:1259} INFO - Executing <Task(PythonOperator): local_to_gcs_task> on 1991-01-01 00:00:00+00:00
[2022-05-02 09:13:36,632] {standard_task_runner.py:52} INFO - Started process 1893 to run task
[2022-05-02 09:13:36,641] {standard_task_runner.py:76} INFO - Running: ['***', 'tasks', 'run', 'data_ingestion_gcp_dag', 'local_to_gcs_task', 'scheduled__1991-01-01T00:00:00+00:00', '--job-id', '946', '--raw', '--subdir', 'DAGS_FOLDER/ingest_to_gcs_dag.py', '--cfg-path', '/tmp/tmpcdx02i8r', '--error-file', '/tmp/tmp3t2rdols']
[2022-05-02 09:13:36,643] {standard_task_runner.py:77} INFO - Job 946: Subtask local_to_gcs_task
[2022-05-02 09:13:36,979] {logging_mixin.py:109} INFO - Running <TaskInstance: data_ingestion_gcp_dag.local_to_gcs_task scheduled__1991-01-01T00:00:00+00:00 [running]> on host 98c324cf1bb6
[2022-05-02 09:13:37,191] {logging_mixin.py:109} WARNING - /home/***/.local/lib/python3.7/site-packages/***/utils/context.py:152 AirflowContextDeprecationWarning: Accessing 'execution_date' from the template is deprecated and will be removed in a future version. Please use 'data_interval_start' or 'logical_date' instead.
[2022-05-02 09:13:37,378] {taskinstance.py:1426} INFO - Exporting the following env vars:
AIRFLOW_CTX_DAG_OWNER=***
AIRFLOW_CTX_DAG_ID=data_ingestion_gcp_dag
AIRFLOW_CTX_TASK_ID=local_to_gcs_task
AIRFLOW_CTX_EXECUTION_DATE=1991-01-01T00:00:00+00:00
AIRFLOW_CTX_DAG_RUN_ID=scheduled__1991-01-01T00:00:00+00:00
[2022-05-02 09:13:38,145] {python.py:175} INFO - Done. Returned value was: None
[2022-05-02 09:13:38,246] {taskinstance.py:1277} INFO - Marking task as SUCCESS. dag_id=data_ingestion_gcp_dag, task_id=local_to_gcs_task, execution_date=19910101T000000, start_date=20220502T091336, end_date=20220502T091338
[2022-05-02 09:13:38,321] {local_task_job.py:154} INFO - Task exited with return code 0
[2022-05-02 09:13:38,535] {local_task_job.py:264} INFO - 0 downstream tasks scheduled from follow-on schedule check
[2022-05-02 15:54:29,424] {taskinstance.py:1032} INFO - Dependencies all met for <TaskInstance: data_ingestion_gcp_dag.local_to_gcs_task scheduled__1991-01-01T00:00:00+00:00 [queued]>
[2022-05-02 15:54:29,472] {taskinstance.py:1032} INFO - Dependencies all met for <TaskInstance: data_ingestion_gcp_dag.local_to_gcs_task scheduled__1991-01-01T00:00:00+00:00 [queued]>
[2022-05-02 15:54:29,474] {taskinstance.py:1238} INFO - 
--------------------------------------------------------------------------------
[2022-05-02 15:54:29,475] {taskinstance.py:1239} INFO - Starting attempt 1 of 2
[2022-05-02 15:54:29,476] {taskinstance.py:1240} INFO - 
--------------------------------------------------------------------------------
[2022-05-02 15:54:29,524] {taskinstance.py:1259} INFO - Executing <Task(PythonOperator): local_to_gcs_task> on 1991-01-01 00:00:00+00:00
[2022-05-02 15:54:29,533] {standard_task_runner.py:52} INFO - Started process 986 to run task
[2022-05-02 15:54:29,541] {standard_task_runner.py:76} INFO - Running: ['***', 'tasks', 'run', 'data_ingestion_gcp_dag', 'local_to_gcs_task', 'scheduled__1991-01-01T00:00:00+00:00', '--job-id', '1046', '--raw', '--subdir', 'DAGS_FOLDER/ingest_to_gcs_dag.py', '--cfg-path', '/tmp/tmpjmp6_poa', '--error-file', '/tmp/tmp5una6wz_']
[2022-05-02 15:54:29,544] {standard_task_runner.py:77} INFO - Job 1046: Subtask local_to_gcs_task
[2022-05-02 15:54:29,896] {logging_mixin.py:109} INFO - Running <TaskInstance: data_ingestion_gcp_dag.local_to_gcs_task scheduled__1991-01-01T00:00:00+00:00 [running]> on host 9f5021834e17
[2022-05-02 15:54:30,125] {logging_mixin.py:109} WARNING - /home/***/.local/lib/python3.7/site-packages/***/utils/context.py:152 AirflowContextDeprecationWarning: Accessing 'execution_date' from the template is deprecated and will be removed in a future version. Please use 'data_interval_start' or 'logical_date' instead.
[2022-05-02 15:54:30,310] {taskinstance.py:1426} INFO - Exporting the following env vars:
AIRFLOW_CTX_DAG_OWNER=***
AIRFLOW_CTX_DAG_ID=data_ingestion_gcp_dag
AIRFLOW_CTX_TASK_ID=local_to_gcs_task
AIRFLOW_CTX_EXECUTION_DATE=1991-01-01T00:00:00+00:00
AIRFLOW_CTX_DAG_RUN_ID=scheduled__1991-01-01T00:00:00+00:00
[2022-05-02 15:54:31,107] {python.py:175} INFO - Done. Returned value was: None
[2022-05-02 15:54:31,214] {taskinstance.py:1277} INFO - Marking task as SUCCESS. dag_id=data_ingestion_gcp_dag, task_id=local_to_gcs_task, execution_date=19910101T000000, start_date=20220502T155429, end_date=20220502T155431
[2022-05-02 15:54:31,304] {local_task_job.py:154} INFO - Task exited with return code 0
[2022-05-02 15:54:31,532] {local_task_job.py:264} INFO - 0 downstream tasks scheduled from follow-on schedule check
[2022-05-02 16:29:42,077] {taskinstance.py:1032} INFO - Dependencies all met for <TaskInstance: data_ingestion_gcp_dag.local_to_gcs_task scheduled__1991-01-01T00:00:00+00:00 [queued]>
[2022-05-02 16:29:42,130] {taskinstance.py:1032} INFO - Dependencies all met for <TaskInstance: data_ingestion_gcp_dag.local_to_gcs_task scheduled__1991-01-01T00:00:00+00:00 [queued]>
[2022-05-02 16:29:42,132] {taskinstance.py:1238} INFO - 
--------------------------------------------------------------------------------
[2022-05-02 16:29:42,134] {taskinstance.py:1239} INFO - Starting attempt 1 of 2
[2022-05-02 16:29:42,136] {taskinstance.py:1240} INFO - 
--------------------------------------------------------------------------------
[2022-05-02 16:29:42,185] {taskinstance.py:1259} INFO - Executing <Task(PythonOperator): local_to_gcs_task> on 1991-01-01 00:00:00+00:00
[2022-05-02 16:29:42,197] {standard_task_runner.py:52} INFO - Started process 5593 to run task
[2022-05-02 16:29:42,208] {standard_task_runner.py:76} INFO - Running: ['***', 'tasks', 'run', 'data_ingestion_gcp_dag', 'local_to_gcs_task', 'scheduled__1991-01-01T00:00:00+00:00', '--job-id', '1154', '--raw', '--subdir', 'DAGS_FOLDER/ingest_to_gcs_dag.py', '--cfg-path', '/tmp/tmpsje44rgo', '--error-file', '/tmp/tmpbskwb9fv']
[2022-05-02 16:29:42,212] {standard_task_runner.py:77} INFO - Job 1154: Subtask local_to_gcs_task
[2022-05-02 16:29:42,593] {logging_mixin.py:109} INFO - Running <TaskInstance: data_ingestion_gcp_dag.local_to_gcs_task scheduled__1991-01-01T00:00:00+00:00 [running]> on host 9f5021834e17
[2022-05-02 16:29:42,892] {logging_mixin.py:109} WARNING - /home/***/.local/lib/python3.7/site-packages/***/utils/context.py:152 AirflowContextDeprecationWarning: Accessing 'execution_date' from the template is deprecated and will be removed in a future version. Please use 'data_interval_start' or 'logical_date' instead.
[2022-05-02 16:29:43,119] {taskinstance.py:1426} INFO - Exporting the following env vars:
AIRFLOW_CTX_DAG_OWNER=***
AIRFLOW_CTX_DAG_ID=data_ingestion_gcp_dag
AIRFLOW_CTX_TASK_ID=local_to_gcs_task
AIRFLOW_CTX_EXECUTION_DATE=1991-01-01T00:00:00+00:00
AIRFLOW_CTX_DAG_RUN_ID=scheduled__1991-01-01T00:00:00+00:00
[2022-05-02 16:29:43,896] {python.py:175} INFO - Done. Returned value was: None
[2022-05-02 16:29:44,022] {taskinstance.py:1277} INFO - Marking task as SUCCESS. dag_id=data_ingestion_gcp_dag, task_id=local_to_gcs_task, execution_date=19910101T000000, start_date=20220502T162942, end_date=20220502T162944
[2022-05-02 16:29:44,120] {local_task_job.py:154} INFO - Task exited with return code 0
[2022-05-02 16:29:44,380] {local_task_job.py:264} INFO - 0 downstream tasks scheduled from follow-on schedule check
[2022-05-02 16:45:21,044] {taskinstance.py:1032} INFO - Dependencies all met for <TaskInstance: data_ingestion_gcp_dag.local_to_gcs_task scheduled__1991-01-01T00:00:00+00:00 [queued]>
[2022-05-02 16:45:21,092] {taskinstance.py:1032} INFO - Dependencies all met for <TaskInstance: data_ingestion_gcp_dag.local_to_gcs_task scheduled__1991-01-01T00:00:00+00:00 [queued]>
[2022-05-02 16:45:21,094] {taskinstance.py:1238} INFO - 
--------------------------------------------------------------------------------
[2022-05-02 16:45:21,096] {taskinstance.py:1239} INFO - Starting attempt 1 of 2
[2022-05-02 16:45:21,098] {taskinstance.py:1240} INFO - 
--------------------------------------------------------------------------------
[2022-05-02 16:45:21,147] {taskinstance.py:1259} INFO - Executing <Task(PythonOperator): local_to_gcs_task> on 1991-01-01 00:00:00+00:00
[2022-05-02 16:45:21,157] {standard_task_runner.py:52} INFO - Started process 8427 to run task
[2022-05-02 16:45:21,172] {standard_task_runner.py:76} INFO - Running: ['***', 'tasks', 'run', 'data_ingestion_gcp_dag', 'local_to_gcs_task', 'scheduled__1991-01-01T00:00:00+00:00', '--job-id', '1258', '--raw', '--subdir', 'DAGS_FOLDER/ingest_to_gcs_dag.py', '--cfg-path', '/tmp/tmpn5sndczn', '--error-file', '/tmp/tmpbso1mouu']
[2022-05-02 16:45:21,175] {standard_task_runner.py:77} INFO - Job 1258: Subtask local_to_gcs_task
[2022-05-02 16:45:21,692] {logging_mixin.py:109} INFO - Running <TaskInstance: data_ingestion_gcp_dag.local_to_gcs_task scheduled__1991-01-01T00:00:00+00:00 [running]> on host 9f5021834e17
[2022-05-02 16:45:21,944] {logging_mixin.py:109} WARNING - /home/***/.local/lib/python3.7/site-packages/***/utils/context.py:152 AirflowContextDeprecationWarning: Accessing 'execution_date' from the template is deprecated and will be removed in a future version. Please use 'data_interval_start' or 'logical_date' instead.
[2022-05-02 16:45:22,136] {taskinstance.py:1426} INFO - Exporting the following env vars:
AIRFLOW_CTX_DAG_OWNER=***
AIRFLOW_CTX_DAG_ID=data_ingestion_gcp_dag
AIRFLOW_CTX_TASK_ID=local_to_gcs_task
AIRFLOW_CTX_EXECUTION_DATE=1991-01-01T00:00:00+00:00
AIRFLOW_CTX_DAG_RUN_ID=scheduled__1991-01-01T00:00:00+00:00
[2022-05-02 16:45:22,856] {python.py:175} INFO - Done. Returned value was: None
[2022-05-02 16:45:22,958] {taskinstance.py:1277} INFO - Marking task as SUCCESS. dag_id=data_ingestion_gcp_dag, task_id=local_to_gcs_task, execution_date=19910101T000000, start_date=20220502T164521, end_date=20220502T164522
[2022-05-02 16:45:23,014] {local_task_job.py:154} INFO - Task exited with return code 0
[2022-05-02 16:45:23,228] {local_task_job.py:264} INFO - 0 downstream tasks scheduled from follow-on schedule check
