[2022-05-02 08:44:21,903] {taskinstance.py:1032} INFO - Dependencies all met for <TaskInstance: gcs_to_bq_dag.rename_datasets_task manual__2022-05-02T08:42:07.091401+00:00 [queued]>
[2022-05-02 08:44:21,944] {taskinstance.py:1032} INFO - Dependencies all met for <TaskInstance: gcs_to_bq_dag.rename_datasets_task manual__2022-05-02T08:42:07.091401+00:00 [queued]>
[2022-05-02 08:44:21,946] {taskinstance.py:1238} INFO - 
--------------------------------------------------------------------------------
[2022-05-02 08:44:21,947] {taskinstance.py:1239} INFO - Starting attempt 1 of 2
[2022-05-02 08:44:21,948] {taskinstance.py:1240} INFO - 
--------------------------------------------------------------------------------
[2022-05-02 08:44:21,997] {taskinstance.py:1259} INFO - Executing <Task(BashOperator): rename_datasets_task> on 2022-05-02 08:42:07.091401+00:00
[2022-05-02 08:44:22,008] {standard_task_runner.py:52} INFO - Started process 15409 to run task
[2022-05-02 08:44:22,022] {standard_task_runner.py:76} INFO - Running: ['***', 'tasks', 'run', 'gcs_to_bq_dag', 'rename_datasets_task', 'manual__2022-05-02T08:42:07.091401+00:00', '--job-id', '929', '--raw', '--subdir', 'DAGS_FOLDER/gcs_to_bq_task.py', '--cfg-path', '/tmp/tmp_5nknxwr', '--error-file', '/tmp/tmpppcgxbbl']
[2022-05-02 08:44:22,025] {standard_task_runner.py:77} INFO - Job 929: Subtask rename_datasets_task
[2022-05-02 08:44:22,349] {logging_mixin.py:109} INFO - Running <TaskInstance: gcs_to_bq_dag.rename_datasets_task manual__2022-05-02T08:42:07.091401+00:00 [running]> on host ae42322ae538
[2022-05-02 08:44:22,751] {taskinstance.py:1426} INFO - Exporting the following env vars:
AIRFLOW_CTX_DAG_OWNER=***
AIRFLOW_CTX_DAG_ID=gcs_to_bq_dag
AIRFLOW_CTX_TASK_ID=rename_datasets_task
AIRFLOW_CTX_EXECUTION_DATE=2022-05-02T08:42:07.091401+00:00
AIRFLOW_CTX_DAG_RUN_ID=manual__2022-05-02T08:42:07.091401+00:00
[2022-05-02 08:44:22,758] {subprocess.py:62} INFO - Tmp dir root location: 
 /tmp
[2022-05-02 08:44:22,761] {subprocess.py:74} INFO - Running command: ['bash', '-c', 'cat /opt/***/data/*.snappy.parquet > /opt/***/data/us_employment.snappy.parquet']
[2022-05-02 08:44:22,780] {subprocess.py:85} INFO - Output:
[2022-05-02 08:44:22,862] {subprocess.py:93} INFO - Command exited with return code 0
[2022-05-02 08:44:23,064] {taskinstance.py:1277} INFO - Marking task as SUCCESS. dag_id=gcs_to_bq_dag, task_id=rename_datasets_task, execution_date=20220502T084207, start_date=20220502T084421, end_date=20220502T084423
[2022-05-02 08:44:23,131] {local_task_job.py:154} INFO - Task exited with return code 0
[2022-05-02 08:44:23,398] {local_task_job.py:264} INFO - 0 downstream tasks scheduled from follow-on schedule check
