[2022-04-28 04:16:10,407] {taskinstance.py:1043} INFO - Dependencies all met for <TaskInstance: data_ingestion_gcp_dag.format_xl_to_csv_task scheduled__1993-01-01T00:00:00+00:00 [queued]>
[2022-04-28 04:16:10,463] {taskinstance.py:1043} INFO - Dependencies all met for <TaskInstance: data_ingestion_gcp_dag.format_xl_to_csv_task scheduled__1993-01-01T00:00:00+00:00 [queued]>
[2022-04-28 04:16:10,465] {taskinstance.py:1249} INFO - 
--------------------------------------------------------------------------------
[2022-04-28 04:16:10,466] {taskinstance.py:1250} INFO - Starting attempt 1 of 2
[2022-04-28 04:16:10,467] {taskinstance.py:1251} INFO - 
--------------------------------------------------------------------------------
[2022-04-28 04:16:10,536] {taskinstance.py:1270} INFO - Executing <Task(PythonOperator): format_xl_to_csv_task> on 1993-01-01 00:00:00+00:00
[2022-04-28 04:16:10,556] {standard_task_runner.py:52} INFO - Started process 3623 to run task
[2022-04-28 04:16:10,569] {standard_task_runner.py:79} INFO - Running: ['***', 'tasks', 'run', 'data_ingestion_gcp_dag', 'format_xl_to_csv_task', 'scheduled__1993-01-01T00:00:00+00:00', '--job-id', '409', '--raw', '--subdir', 'DAGS_FOLDER/ingest_to_gcs_dag.py', '--cfg-path', '/tmp/tmpkmh358p9', '--error-file', '/tmp/tmpc64fq1qt']
[2022-04-28 04:16:10,575] {standard_task_runner.py:80} INFO - Job 409: Subtask format_xl_to_csv_task
[2022-04-28 04:16:11,073] {logging_mixin.py:109} INFO - Running <TaskInstance: data_ingestion_gcp_dag.format_xl_to_csv_task scheduled__1993-01-01T00:00:00+00:00 [running]> on host 65f5b8b3c17c
[2022-04-28 04:16:11,356] {logging_mixin.py:109} WARNING - /home/***/.local/lib/python3.7/site-packages/***/utils/context.py:156 AirflowContextDeprecationWarning: Accessing 'execution_date' from the template is deprecated and will be removed in a future version. Please use 'data_interval_start' or 'logical_date' instead.
[2022-04-28 04:16:11,540] {taskinstance.py:1448} INFO - Exporting the following env vars:
AIRFLOW_CTX_DAG_OWNER=***
AIRFLOW_CTX_DAG_ID=data_ingestion_gcp_dag
AIRFLOW_CTX_TASK_ID=format_xl_to_csv_task
AIRFLOW_CTX_EXECUTION_DATE=1993-01-01T00:00:00+00:00
AIRFLOW_CTX_DAG_RUN_ID=scheduled__1993-01-01T00:00:00+00:00
[2022-04-28 04:16:17,525] {python.py:175} INFO - Done. Returned value was: None
[2022-04-28 04:16:17,624] {taskinstance.py:1288} INFO - Marking task as SUCCESS. dag_id=data_ingestion_gcp_dag, task_id=format_xl_to_csv_task, execution_date=19930101T000000, start_date=20220428T041610, end_date=20220428T041617
[2022-04-28 04:16:17,679] {local_task_job.py:154} INFO - Task exited with return code 0
[2022-04-28 04:16:17,967] {local_task_job.py:264} INFO - 1 downstream tasks scheduled from follow-on schedule check
[2022-04-28 05:36:33,023] {taskinstance.py:1043} INFO - Dependencies all met for <TaskInstance: data_ingestion_gcp_dag.format_xl_to_csv_task scheduled__1993-01-01T00:00:00+00:00 [queued]>
[2022-04-28 05:36:33,071] {taskinstance.py:1043} INFO - Dependencies all met for <TaskInstance: data_ingestion_gcp_dag.format_xl_to_csv_task scheduled__1993-01-01T00:00:00+00:00 [queued]>
[2022-04-28 05:36:33,073] {taskinstance.py:1249} INFO - 
--------------------------------------------------------------------------------
[2022-04-28 05:36:33,075] {taskinstance.py:1250} INFO - Starting attempt 1 of 2
[2022-04-28 05:36:33,076] {taskinstance.py:1251} INFO - 
--------------------------------------------------------------------------------
[2022-04-28 05:36:33,123] {taskinstance.py:1270} INFO - Executing <Task(PythonOperator): format_xl_to_csv_task> on 1993-01-01 00:00:00+00:00
[2022-04-28 05:36:33,133] {standard_task_runner.py:52} INFO - Started process 6198 to run task
[2022-04-28 05:36:33,142] {standard_task_runner.py:79} INFO - Running: ['***', 'tasks', 'run', 'data_ingestion_gcp_dag', 'format_xl_to_csv_task', 'scheduled__1993-01-01T00:00:00+00:00', '--job-id', '453', '--raw', '--subdir', 'DAGS_FOLDER/ingest_to_gcs_dag.py', '--cfg-path', '/tmp/tmpoaqk7oxh', '--error-file', '/tmp/tmp5yfna4_g']
[2022-04-28 05:36:33,146] {standard_task_runner.py:80} INFO - Job 453: Subtask format_xl_to_csv_task
[2022-04-28 05:36:33,513] {logging_mixin.py:109} INFO - Running <TaskInstance: data_ingestion_gcp_dag.format_xl_to_csv_task scheduled__1993-01-01T00:00:00+00:00 [running]> on host 65f5b8b3c17c
[2022-04-28 05:36:33,738] {logging_mixin.py:109} WARNING - /home/***/.local/lib/python3.7/site-packages/***/utils/context.py:156 AirflowContextDeprecationWarning: Accessing 'execution_date' from the template is deprecated and will be removed in a future version. Please use 'data_interval_start' or 'logical_date' instead.
[2022-04-28 05:36:33,919] {taskinstance.py:1448} INFO - Exporting the following env vars:
AIRFLOW_CTX_DAG_OWNER=***
AIRFLOW_CTX_DAG_ID=data_ingestion_gcp_dag
AIRFLOW_CTX_TASK_ID=format_xl_to_csv_task
AIRFLOW_CTX_EXECUTION_DATE=1993-01-01T00:00:00+00:00
AIRFLOW_CTX_DAG_RUN_ID=scheduled__1993-01-01T00:00:00+00:00
[2022-04-28 05:36:39,878] {taskinstance.py:1774} ERROR - Task failed with exception
Traceback (most recent call last):
  File "/home/airflow/.local/lib/python3.7/site-packages/airflow/operators/python.py", line 174, in execute
    return_value = self.execute_callable()
  File "/home/airflow/.local/lib/python3.7/site-packages/airflow/operators/python.py", line 188, in execute_callable
    return self.python_callable(*self.op_args, **self.op_kwargs)
  File "/opt/airflow/dags/ingest_to_gcs_dag.py", line 58, in format_xl_to_csv
    df.to_csv(f"{AIRFLOW_HOME}/us_employment_{df.year(6)}.csv")
TypeError: 'Series' object is not callable
[2022-04-28 05:36:39,989] {taskinstance.py:1288} INFO - Marking task as UP_FOR_RETRY. dag_id=data_ingestion_gcp_dag, task_id=format_xl_to_csv_task, execution_date=19930101T000000, start_date=20220428T053633, end_date=20220428T053639
[2022-04-28 05:36:40,038] {standard_task_runner.py:98} ERROR - Failed to execute job 453 for task format_xl_to_csv_task ('Series' object is not callable; 6198)
[2022-04-28 05:36:40,090] {local_task_job.py:154} INFO - Task exited with return code 1
[2022-04-28 05:36:40,357] {local_task_job.py:264} INFO - 0 downstream tasks scheduled from follow-on schedule check
[2022-04-28 06:01:46,735] {taskinstance.py:1043} INFO - Dependencies all met for <TaskInstance: data_ingestion_gcp_dag.format_xl_to_csv_task scheduled__1993-01-01T00:00:00+00:00 [queued]>
[2022-04-28 06:01:46,782] {taskinstance.py:1043} INFO - Dependencies all met for <TaskInstance: data_ingestion_gcp_dag.format_xl_to_csv_task scheduled__1993-01-01T00:00:00+00:00 [queued]>
[2022-04-28 06:01:46,784] {taskinstance.py:1249} INFO - 
--------------------------------------------------------------------------------
[2022-04-28 06:01:46,786] {taskinstance.py:1250} INFO - Starting attempt 1 of 2
[2022-04-28 06:01:46,787] {taskinstance.py:1251} INFO - 
--------------------------------------------------------------------------------
[2022-04-28 06:01:46,838] {taskinstance.py:1270} INFO - Executing <Task(PythonOperator): format_xl_to_csv_task> on 1993-01-01 00:00:00+00:00
[2022-04-28 06:01:46,848] {standard_task_runner.py:52} INFO - Started process 1024 to run task
[2022-04-28 06:01:46,865] {standard_task_runner.py:79} INFO - Running: ['***', 'tasks', 'run', 'data_ingestion_gcp_dag', 'format_xl_to_csv_task', 'scheduled__1993-01-01T00:00:00+00:00', '--job-id', '485', '--raw', '--subdir', 'DAGS_FOLDER/ingest_to_gcs_dag.py', '--cfg-path', '/tmp/tmp1vhoms84', '--error-file', '/tmp/tmpmlurkuzo']
[2022-04-28 06:01:46,870] {standard_task_runner.py:80} INFO - Job 485: Subtask format_xl_to_csv_task
[2022-04-28 06:01:47,300] {logging_mixin.py:109} INFO - Running <TaskInstance: data_ingestion_gcp_dag.format_xl_to_csv_task scheduled__1993-01-01T00:00:00+00:00 [running]> on host d4721d223bdd
[2022-04-28 06:01:47,555] {logging_mixin.py:109} WARNING - /home/***/.local/lib/python3.7/site-packages/***/utils/context.py:156 AirflowContextDeprecationWarning: Accessing 'execution_date' from the template is deprecated and will be removed in a future version. Please use 'data_interval_start' or 'logical_date' instead.
[2022-04-28 06:01:47,753] {taskinstance.py:1448} INFO - Exporting the following env vars:
AIRFLOW_CTX_DAG_OWNER=***
AIRFLOW_CTX_DAG_ID=data_ingestion_gcp_dag
AIRFLOW_CTX_TASK_ID=format_xl_to_csv_task
AIRFLOW_CTX_EXECUTION_DATE=1993-01-01T00:00:00+00:00
AIRFLOW_CTX_DAG_RUN_ID=scheduled__1993-01-01T00:00:00+00:00
[2022-04-28 06:01:53,989] {python.py:175} INFO - Done. Returned value was: None
[2022-04-28 06:01:54,211] {taskinstance.py:1288} INFO - Marking task as SUCCESS. dag_id=data_ingestion_gcp_dag, task_id=format_xl_to_csv_task, execution_date=19930101T000000, start_date=20220428T060146, end_date=20220428T060154
[2022-04-28 06:01:54,290] {local_task_job.py:154} INFO - Task exited with return code 0
[2022-04-28 06:01:54,817] {local_task_job.py:264} INFO - 0 downstream tasks scheduled from follow-on schedule check
[2022-04-29 02:29:08,363] {taskinstance.py:1043} INFO - Dependencies all met for <TaskInstance: data_ingestion_gcp_dag.format_xl_to_csv_task scheduled__1993-01-01T00:00:00+00:00 [queued]>
[2022-04-29 02:29:08,408] {taskinstance.py:1043} INFO - Dependencies all met for <TaskInstance: data_ingestion_gcp_dag.format_xl_to_csv_task scheduled__1993-01-01T00:00:00+00:00 [queued]>
[2022-04-29 02:29:08,410] {taskinstance.py:1249} INFO - 
--------------------------------------------------------------------------------
[2022-04-29 02:29:08,411] {taskinstance.py:1250} INFO - Starting attempt 1 of 2
[2022-04-29 02:29:08,412] {taskinstance.py:1251} INFO - 
--------------------------------------------------------------------------------
[2022-04-29 02:29:08,459] {taskinstance.py:1270} INFO - Executing <Task(PythonOperator): format_xl_to_csv_task> on 1993-01-01 00:00:00+00:00
[2022-04-29 02:29:08,469] {standard_task_runner.py:52} INFO - Started process 4294 to run task
[2022-04-29 02:29:08,476] {standard_task_runner.py:79} INFO - Running: ['***', 'tasks', 'run', 'data_ingestion_gcp_dag', 'format_xl_to_csv_task', 'scheduled__1993-01-01T00:00:00+00:00', '--job-id', '658', '--raw', '--subdir', 'DAGS_FOLDER/ingest_to_gcs_dag.py', '--cfg-path', '/tmp/tmp8doo_qa8', '--error-file', '/tmp/tmp170kpclk']
[2022-04-29 02:29:08,480] {standard_task_runner.py:80} INFO - Job 658: Subtask format_xl_to_csv_task
[2022-04-29 02:29:08,857] {logging_mixin.py:109} INFO - Running <TaskInstance: data_ingestion_gcp_dag.format_xl_to_csv_task scheduled__1993-01-01T00:00:00+00:00 [running]> on host 6fd0ba274d58
[2022-04-29 02:29:09,095] {logging_mixin.py:109} WARNING - /home/***/.local/lib/python3.7/site-packages/***/utils/context.py:156 AirflowContextDeprecationWarning: Accessing 'execution_date' from the template is deprecated and will be removed in a future version. Please use 'data_interval_start' or 'logical_date' instead.
[2022-04-29 02:29:09,281] {taskinstance.py:1448} INFO - Exporting the following env vars:
AIRFLOW_CTX_DAG_OWNER=***
AIRFLOW_CTX_DAG_ID=data_ingestion_gcp_dag
AIRFLOW_CTX_TASK_ID=format_xl_to_csv_task
AIRFLOW_CTX_EXECUTION_DATE=1993-01-01T00:00:00+00:00
AIRFLOW_CTX_DAG_RUN_ID=scheduled__1993-01-01T00:00:00+00:00
[2022-04-29 02:29:15,202] {python.py:175} INFO - Done. Returned value was: None
[2022-04-29 02:29:15,310] {taskinstance.py:1288} INFO - Marking task as SUCCESS. dag_id=data_ingestion_gcp_dag, task_id=format_xl_to_csv_task, execution_date=19930101T000000, start_date=20220429T022908, end_date=20220429T022915
[2022-04-29 02:29:15,394] {local_task_job.py:154} INFO - Task exited with return code 0
[2022-04-29 02:29:16,008] {local_task_job.py:264} INFO - 0 downstream tasks scheduled from follow-on schedule check
[2022-04-29 02:31:05,811] {taskinstance.py:1043} INFO - Dependencies all met for <TaskInstance: data_ingestion_gcp_dag.format_xl_to_csv_task scheduled__1993-01-01T00:00:00+00:00 [queued]>
[2022-04-29 02:31:05,864] {taskinstance.py:1043} INFO - Dependencies all met for <TaskInstance: data_ingestion_gcp_dag.format_xl_to_csv_task scheduled__1993-01-01T00:00:00+00:00 [queued]>
[2022-04-29 02:31:05,866] {taskinstance.py:1249} INFO - 
--------------------------------------------------------------------------------
[2022-04-29 02:31:05,867] {taskinstance.py:1250} INFO - Starting attempt 1 of 2
[2022-04-29 02:31:05,868] {taskinstance.py:1251} INFO - 
--------------------------------------------------------------------------------
[2022-04-29 02:31:05,922] {taskinstance.py:1270} INFO - Executing <Task(PythonOperator): format_xl_to_csv_task> on 1993-01-01 00:00:00+00:00
[2022-04-29 02:31:05,932] {standard_task_runner.py:52} INFO - Started process 4616 to run task
[2022-04-29 02:31:05,941] {standard_task_runner.py:79} INFO - Running: ['***', 'tasks', 'run', 'data_ingestion_gcp_dag', 'format_xl_to_csv_task', 'scheduled__1993-01-01T00:00:00+00:00', '--job-id', '673', '--raw', '--subdir', 'DAGS_FOLDER/ingest_to_gcs_dag.py', '--cfg-path', '/tmp/tmp2afteq3s', '--error-file', '/tmp/tmpcrvdrhyx']
[2022-04-29 02:31:05,944] {standard_task_runner.py:80} INFO - Job 673: Subtask format_xl_to_csv_task
[2022-04-29 02:31:06,334] {logging_mixin.py:109} INFO - Running <TaskInstance: data_ingestion_gcp_dag.format_xl_to_csv_task scheduled__1993-01-01T00:00:00+00:00 [running]> on host 6fd0ba274d58
[2022-04-29 02:31:06,609] {logging_mixin.py:109} WARNING - /home/***/.local/lib/python3.7/site-packages/***/utils/context.py:156 AirflowContextDeprecationWarning: Accessing 'execution_date' from the template is deprecated and will be removed in a future version. Please use 'data_interval_start' or 'logical_date' instead.
[2022-04-29 02:31:06,818] {taskinstance.py:1448} INFO - Exporting the following env vars:
AIRFLOW_CTX_DAG_OWNER=***
AIRFLOW_CTX_DAG_ID=data_ingestion_gcp_dag
AIRFLOW_CTX_TASK_ID=format_xl_to_csv_task
AIRFLOW_CTX_EXECUTION_DATE=1993-01-01T00:00:00+00:00
AIRFLOW_CTX_DAG_RUN_ID=scheduled__1993-01-01T00:00:00+00:00
[2022-04-29 02:31:12,634] {python.py:175} INFO - Done. Returned value was: None
[2022-04-29 02:31:12,733] {taskinstance.py:1288} INFO - Marking task as SUCCESS. dag_id=data_ingestion_gcp_dag, task_id=format_xl_to_csv_task, execution_date=19930101T000000, start_date=20220429T023105, end_date=20220429T023112
[2022-04-29 02:31:12,821] {local_task_job.py:154} INFO - Task exited with return code 0
[2022-04-29 02:31:13,083] {local_task_job.py:264} INFO - 1 downstream tasks scheduled from follow-on schedule check
[2022-05-02 07:52:13,679] {taskinstance.py:1032} INFO - Dependencies all met for <TaskInstance: data_ingestion_gcp_dag.format_xl_to_csv_task scheduled__1993-01-01T00:00:00+00:00 [queued]>
[2022-05-02 07:52:13,729] {taskinstance.py:1032} INFO - Dependencies all met for <TaskInstance: data_ingestion_gcp_dag.format_xl_to_csv_task scheduled__1993-01-01T00:00:00+00:00 [queued]>
[2022-05-02 07:52:13,730] {taskinstance.py:1238} INFO - 
--------------------------------------------------------------------------------
[2022-05-02 07:52:13,732] {taskinstance.py:1239} INFO - Starting attempt 1 of 2
[2022-05-02 07:52:13,733] {taskinstance.py:1240} INFO - 
--------------------------------------------------------------------------------
[2022-05-02 07:52:13,787] {taskinstance.py:1259} INFO - Executing <Task(PythonOperator): format_xl_to_csv_task> on 1993-01-01 00:00:00+00:00
[2022-05-02 07:52:13,797] {standard_task_runner.py:52} INFO - Started process 8730 to run task
[2022-05-02 07:52:13,805] {standard_task_runner.py:76} INFO - Running: ['***', 'tasks', 'run', 'data_ingestion_gcp_dag', 'format_xl_to_csv_task', 'scheduled__1993-01-01T00:00:00+00:00', '--job-id', '831', '--raw', '--subdir', 'DAGS_FOLDER/ingest_to_gcs_dag.py', '--cfg-path', '/tmp/tmpukfluf_j', '--error-file', '/tmp/tmpbtemduse']
[2022-05-02 07:52:13,808] {standard_task_runner.py:77} INFO - Job 831: Subtask format_xl_to_csv_task
[2022-05-02 07:52:14,427] {logging_mixin.py:109} INFO - Running <TaskInstance: data_ingestion_gcp_dag.format_xl_to_csv_task scheduled__1993-01-01T00:00:00+00:00 [running]> on host ae42322ae538
[2022-05-02 07:52:14,789] {logging_mixin.py:109} WARNING - /home/***/.local/lib/python3.7/site-packages/***/utils/context.py:152 AirflowContextDeprecationWarning: Accessing 'execution_date' from the template is deprecated and will be removed in a future version. Please use 'data_interval_start' or 'logical_date' instead.
[2022-05-02 07:52:14,988] {taskinstance.py:1426} INFO - Exporting the following env vars:
AIRFLOW_CTX_DAG_OWNER=***
AIRFLOW_CTX_DAG_ID=data_ingestion_gcp_dag
AIRFLOW_CTX_TASK_ID=format_xl_to_csv_task
AIRFLOW_CTX_EXECUTION_DATE=1993-01-01T00:00:00+00:00
AIRFLOW_CTX_DAG_RUN_ID=scheduled__1993-01-01T00:00:00+00:00
[2022-05-02 07:52:21,370] {python.py:175} INFO - Done. Returned value was: None
[2022-05-02 07:52:21,480] {taskinstance.py:1277} INFO - Marking task as SUCCESS. dag_id=data_ingestion_gcp_dag, task_id=format_xl_to_csv_task, execution_date=19930101T000000, start_date=20220502T075213, end_date=20220502T075221
[2022-05-02 07:52:21,571] {local_task_job.py:154} INFO - Task exited with return code 0
[2022-05-02 07:52:21,803] {local_task_job.py:264} INFO - 1 downstream tasks scheduled from follow-on schedule check
[2022-05-02 09:14:17,574] {taskinstance.py:1032} INFO - Dependencies all met for <TaskInstance: data_ingestion_gcp_dag.format_xl_to_csv_task scheduled__1993-01-01T00:00:00+00:00 [queued]>
[2022-05-02 09:14:17,626] {taskinstance.py:1032} INFO - Dependencies all met for <TaskInstance: data_ingestion_gcp_dag.format_xl_to_csv_task scheduled__1993-01-01T00:00:00+00:00 [queued]>
[2022-05-02 09:14:17,628] {taskinstance.py:1238} INFO - 
--------------------------------------------------------------------------------
[2022-05-02 09:14:17,629] {taskinstance.py:1239} INFO - Starting attempt 1 of 2
[2022-05-02 09:14:17,630] {taskinstance.py:1240} INFO - 
--------------------------------------------------------------------------------
[2022-05-02 09:14:17,673] {taskinstance.py:1259} INFO - Executing <Task(PythonOperator): format_xl_to_csv_task> on 1993-01-01 00:00:00+00:00
[2022-05-02 09:14:17,683] {standard_task_runner.py:52} INFO - Started process 1993 to run task
[2022-05-02 09:14:17,693] {standard_task_runner.py:76} INFO - Running: ['***', 'tasks', 'run', 'data_ingestion_gcp_dag', 'format_xl_to_csv_task', 'scheduled__1993-01-01T00:00:00+00:00', '--job-id', '950', '--raw', '--subdir', 'DAGS_FOLDER/ingest_to_gcs_dag.py', '--cfg-path', '/tmp/tmpxshp4sqv', '--error-file', '/tmp/tmphwucihar']
[2022-05-02 09:14:17,696] {standard_task_runner.py:77} INFO - Job 950: Subtask format_xl_to_csv_task
[2022-05-02 09:14:18,054] {logging_mixin.py:109} INFO - Running <TaskInstance: data_ingestion_gcp_dag.format_xl_to_csv_task scheduled__1993-01-01T00:00:00+00:00 [running]> on host 98c324cf1bb6
[2022-05-02 09:14:18,287] {logging_mixin.py:109} WARNING - /home/***/.local/lib/python3.7/site-packages/***/utils/context.py:152 AirflowContextDeprecationWarning: Accessing 'execution_date' from the template is deprecated and will be removed in a future version. Please use 'data_interval_start' or 'logical_date' instead.
[2022-05-02 09:14:18,470] {taskinstance.py:1426} INFO - Exporting the following env vars:
AIRFLOW_CTX_DAG_OWNER=***
AIRFLOW_CTX_DAG_ID=data_ingestion_gcp_dag
AIRFLOW_CTX_TASK_ID=format_xl_to_csv_task
AIRFLOW_CTX_EXECUTION_DATE=1993-01-01T00:00:00+00:00
AIRFLOW_CTX_DAG_RUN_ID=scheduled__1993-01-01T00:00:00+00:00
[2022-05-02 09:14:24,721] {python.py:175} INFO - Done. Returned value was: None
[2022-05-02 09:14:24,833] {taskinstance.py:1277} INFO - Marking task as SUCCESS. dag_id=data_ingestion_gcp_dag, task_id=format_xl_to_csv_task, execution_date=19930101T000000, start_date=20220502T091417, end_date=20220502T091424
[2022-05-02 09:14:24,908] {local_task_job.py:154} INFO - Task exited with return code 0
[2022-05-02 09:14:25,150] {local_task_job.py:264} INFO - 1 downstream tasks scheduled from follow-on schedule check
