[2022-05-02 17:13:43,435] {taskinstance.py:1032} INFO - Dependencies all met for <TaskInstance: gcs_to_bq_dag.rm_files_task manual__2022-05-02T16:54:02.970723+00:00 [queued]>
[2022-05-02 17:13:43,481] {taskinstance.py:1032} INFO - Dependencies all met for <TaskInstance: gcs_to_bq_dag.rm_files_task manual__2022-05-02T16:54:02.970723+00:00 [queued]>
[2022-05-02 17:13:43,483] {taskinstance.py:1238} INFO - 
--------------------------------------------------------------------------------
[2022-05-02 17:13:43,484] {taskinstance.py:1239} INFO - Starting attempt 1 of 2
[2022-05-02 17:13:43,486] {taskinstance.py:1240} INFO - 
--------------------------------------------------------------------------------
[2022-05-02 17:13:43,550] {taskinstance.py:1259} INFO - Executing <Task(BashOperator): rm_files_task> on 2022-05-02 16:54:02.970723+00:00
[2022-05-02 17:13:43,565] {standard_task_runner.py:52} INFO - Started process 12407 to run task
[2022-05-02 17:13:43,574] {standard_task_runner.py:76} INFO - Running: ['***', 'tasks', 'run', 'gcs_to_bq_dag', 'rm_files_task', 'manual__2022-05-02T16:54:02.970723+00:00', '--job-id', '1364', '--raw', '--subdir', 'DAGS_FOLDER/gcs_to_bq_task.py', '--cfg-path', '/tmp/tmpznozlc3g', '--error-file', '/tmp/tmp87tzrsgg']
[2022-05-02 17:13:43,594] {standard_task_runner.py:77} INFO - Job 1364: Subtask rm_files_task
[2022-05-02 17:13:43,983] {logging_mixin.py:109} INFO - Running <TaskInstance: gcs_to_bq_dag.rm_files_task manual__2022-05-02T16:54:02.970723+00:00 [running]> on host 9f5021834e17
[2022-05-02 17:13:44,475] {taskinstance.py:1426} INFO - Exporting the following env vars:
AIRFLOW_CTX_DAG_OWNER=***
AIRFLOW_CTX_DAG_ID=gcs_to_bq_dag
AIRFLOW_CTX_TASK_ID=rm_files_task
AIRFLOW_CTX_EXECUTION_DATE=2022-05-02T16:54:02.970723+00:00
AIRFLOW_CTX_DAG_RUN_ID=manual__2022-05-02T16:54:02.970723+00:00
[2022-05-02 17:13:44,481] {subprocess.py:62} INFO - Tmp dir root location: 
 /tmp
[2022-05-02 17:13:44,483] {subprocess.py:74} INFO - Running command: ['bash', '-c', 'rm /opt/***/*.xlsx /opt/***/us_employment_*.parquet /opt/***/data/*.snappy.parquet']
[2022-05-02 17:13:44,501] {subprocess.py:85} INFO - Output:
[2022-05-02 17:13:44,606] {subprocess.py:93} INFO - Command exited with return code 0
[2022-05-02 17:13:44,952] {taskinstance.py:1277} INFO - Marking task as SUCCESS. dag_id=gcs_to_bq_dag, task_id=rm_files_task, execution_date=20220502T165402, start_date=20220502T171343, end_date=20220502T171344
[2022-05-02 17:13:45,051] {local_task_job.py:154} INFO - Task exited with return code 0
[2022-05-02 17:13:45,275] {local_task_job.py:264} INFO - 0 downstream tasks scheduled from follow-on schedule check
