[2022-05-02 15:55:17,277] {taskinstance.py:1032} INFO - Dependencies all met for <TaskInstance: data_ingestion_gcp_dag.format_xl_to_pq_task scheduled__1993-01-01T00:00:00+00:00 [queued]>
[2022-05-02 15:55:17,327] {taskinstance.py:1032} INFO - Dependencies all met for <TaskInstance: data_ingestion_gcp_dag.format_xl_to_pq_task scheduled__1993-01-01T00:00:00+00:00 [queued]>
[2022-05-02 15:55:17,330] {taskinstance.py:1238} INFO - 
--------------------------------------------------------------------------------
[2022-05-02 15:55:17,331] {taskinstance.py:1239} INFO - Starting attempt 1 of 2
[2022-05-02 15:55:17,333] {taskinstance.py:1240} INFO - 
--------------------------------------------------------------------------------
[2022-05-02 15:55:17,387] {taskinstance.py:1259} INFO - Executing <Task(PythonOperator): format_xl_to_pq_task> on 1993-01-01 00:00:00+00:00
[2022-05-02 15:55:17,399] {standard_task_runner.py:52} INFO - Started process 1139 to run task
[2022-05-02 15:55:17,409] {standard_task_runner.py:76} INFO - Running: ['***', 'tasks', 'run', 'data_ingestion_gcp_dag', 'format_xl_to_pq_task', 'scheduled__1993-01-01T00:00:00+00:00', '--job-id', '1051', '--raw', '--subdir', 'DAGS_FOLDER/ingest_to_gcs_dag.py', '--cfg-path', '/tmp/tmpmii2no8o', '--error-file', '/tmp/tmpue3s_82l']
[2022-05-02 15:55:17,413] {standard_task_runner.py:77} INFO - Job 1051: Subtask format_xl_to_pq_task
[2022-05-02 15:55:17,874] {logging_mixin.py:109} INFO - Running <TaskInstance: data_ingestion_gcp_dag.format_xl_to_pq_task scheduled__1993-01-01T00:00:00+00:00 [running]> on host 9f5021834e17
[2022-05-02 15:55:18,191] {logging_mixin.py:109} WARNING - /home/***/.local/lib/python3.7/site-packages/***/utils/context.py:152 AirflowContextDeprecationWarning: Accessing 'execution_date' from the template is deprecated and will be removed in a future version. Please use 'data_interval_start' or 'logical_date' instead.
[2022-05-02 15:55:18,431] {taskinstance.py:1426} INFO - Exporting the following env vars:
AIRFLOW_CTX_DAG_OWNER=***
AIRFLOW_CTX_DAG_ID=data_ingestion_gcp_dag
AIRFLOW_CTX_TASK_ID=format_xl_to_pq_task
AIRFLOW_CTX_EXECUTION_DATE=1993-01-01T00:00:00+00:00
AIRFLOW_CTX_DAG_RUN_ID=scheduled__1993-01-01T00:00:00+00:00
[2022-05-02 15:55:24,763] {python.py:175} INFO - Done. Returned value was: None
[2022-05-02 15:55:24,872] {taskinstance.py:1277} INFO - Marking task as SUCCESS. dag_id=data_ingestion_gcp_dag, task_id=format_xl_to_pq_task, execution_date=19930101T000000, start_date=20220502T155517, end_date=20220502T155524
[2022-05-02 15:55:24,969] {local_task_job.py:154} INFO - Task exited with return code 0
[2022-05-02 15:55:25,217] {local_task_job.py:264} INFO - 1 downstream tasks scheduled from follow-on schedule check
[2022-05-02 16:30:20,185] {taskinstance.py:1032} INFO - Dependencies all met for <TaskInstance: data_ingestion_gcp_dag.format_xl_to_pq_task scheduled__1993-01-01T00:00:00+00:00 [queued]>
[2022-05-02 16:30:20,260] {taskinstance.py:1032} INFO - Dependencies all met for <TaskInstance: data_ingestion_gcp_dag.format_xl_to_pq_task scheduled__1993-01-01T00:00:00+00:00 [queued]>
[2022-05-02 16:30:20,262] {taskinstance.py:1238} INFO - 
--------------------------------------------------------------------------------
[2022-05-02 16:30:20,265] {taskinstance.py:1239} INFO - Starting attempt 1 of 2
[2022-05-02 16:30:20,267] {taskinstance.py:1240} INFO - 
--------------------------------------------------------------------------------
[2022-05-02 16:30:20,344] {taskinstance.py:1259} INFO - Executing <Task(PythonOperator): format_xl_to_pq_task> on 1993-01-01 00:00:00+00:00
[2022-05-02 16:30:20,367] {standard_task_runner.py:52} INFO - Started process 5704 to run task
[2022-05-02 16:30:20,389] {standard_task_runner.py:76} INFO - Running: ['***', 'tasks', 'run', 'data_ingestion_gcp_dag', 'format_xl_to_pq_task', 'scheduled__1993-01-01T00:00:00+00:00', '--job-id', '1158', '--raw', '--subdir', 'DAGS_FOLDER/ingest_to_gcs_dag.py', '--cfg-path', '/tmp/tmp24vw6j_7', '--error-file', '/tmp/tmppdsb82dp']
[2022-05-02 16:30:20,393] {standard_task_runner.py:77} INFO - Job 1158: Subtask format_xl_to_pq_task
[2022-05-02 16:30:20,926] {logging_mixin.py:109} INFO - Running <TaskInstance: data_ingestion_gcp_dag.format_xl_to_pq_task scheduled__1993-01-01T00:00:00+00:00 [running]> on host 9f5021834e17
[2022-05-02 16:30:21,683] {logging_mixin.py:109} WARNING - /home/***/.local/lib/python3.7/site-packages/***/utils/context.py:152 AirflowContextDeprecationWarning: Accessing 'execution_date' from the template is deprecated and will be removed in a future version. Please use 'data_interval_start' or 'logical_date' instead.
[2022-05-02 16:30:22,013] {taskinstance.py:1426} INFO - Exporting the following env vars:
AIRFLOW_CTX_DAG_OWNER=***
AIRFLOW_CTX_DAG_ID=data_ingestion_gcp_dag
AIRFLOW_CTX_TASK_ID=format_xl_to_pq_task
AIRFLOW_CTX_EXECUTION_DATE=1993-01-01T00:00:00+00:00
AIRFLOW_CTX_DAG_RUN_ID=scheduled__1993-01-01T00:00:00+00:00
[2022-05-02 16:30:28,904] {python.py:175} INFO - Done. Returned value was: None
[2022-05-02 16:30:29,025] {taskinstance.py:1277} INFO - Marking task as SUCCESS. dag_id=data_ingestion_gcp_dag, task_id=format_xl_to_pq_task, execution_date=19930101T000000, start_date=20220502T163020, end_date=20220502T163029
[2022-05-02 16:30:29,129] {local_task_job.py:154} INFO - Task exited with return code 0
[2022-05-02 16:30:29,401] {local_task_job.py:264} INFO - 1 downstream tasks scheduled from follow-on schedule check
[2022-05-02 16:45:57,557] {taskinstance.py:1032} INFO - Dependencies all met for <TaskInstance: data_ingestion_gcp_dag.format_xl_to_pq_task scheduled__1993-01-01T00:00:00+00:00 [queued]>
[2022-05-02 16:45:57,611] {taskinstance.py:1032} INFO - Dependencies all met for <TaskInstance: data_ingestion_gcp_dag.format_xl_to_pq_task scheduled__1993-01-01T00:00:00+00:00 [queued]>
[2022-05-02 16:45:57,620] {taskinstance.py:1238} INFO - 
--------------------------------------------------------------------------------
[2022-05-02 16:45:57,622] {taskinstance.py:1239} INFO - Starting attempt 1 of 2
[2022-05-02 16:45:57,623] {taskinstance.py:1240} INFO - 
--------------------------------------------------------------------------------
[2022-05-02 16:45:57,675] {taskinstance.py:1259} INFO - Executing <Task(PythonOperator): format_xl_to_pq_task> on 1993-01-01 00:00:00+00:00
[2022-05-02 16:45:57,701] {standard_task_runner.py:52} INFO - Started process 8532 to run task
[2022-05-02 16:45:57,713] {standard_task_runner.py:76} INFO - Running: ['***', 'tasks', 'run', 'data_ingestion_gcp_dag', 'format_xl_to_pq_task', 'scheduled__1993-01-01T00:00:00+00:00', '--job-id', '1262', '--raw', '--subdir', 'DAGS_FOLDER/ingest_to_gcs_dag.py', '--cfg-path', '/tmp/tmprd93cggs', '--error-file', '/tmp/tmpcphw1bua']
[2022-05-02 16:45:57,722] {standard_task_runner.py:77} INFO - Job 1262: Subtask format_xl_to_pq_task
[2022-05-02 16:45:58,163] {logging_mixin.py:109} INFO - Running <TaskInstance: data_ingestion_gcp_dag.format_xl_to_pq_task scheduled__1993-01-01T00:00:00+00:00 [running]> on host 9f5021834e17
[2022-05-02 16:45:58,434] {logging_mixin.py:109} WARNING - /home/***/.local/lib/python3.7/site-packages/***/utils/context.py:152 AirflowContextDeprecationWarning: Accessing 'execution_date' from the template is deprecated and will be removed in a future version. Please use 'data_interval_start' or 'logical_date' instead.
[2022-05-02 16:45:58,628] {taskinstance.py:1426} INFO - Exporting the following env vars:
AIRFLOW_CTX_DAG_OWNER=***
AIRFLOW_CTX_DAG_ID=data_ingestion_gcp_dag
AIRFLOW_CTX_TASK_ID=format_xl_to_pq_task
AIRFLOW_CTX_EXECUTION_DATE=1993-01-01T00:00:00+00:00
AIRFLOW_CTX_DAG_RUN_ID=scheduled__1993-01-01T00:00:00+00:00
[2022-05-02 16:46:04,478] {python.py:175} INFO - Done. Returned value was: None
[2022-05-02 16:46:04,584] {taskinstance.py:1277} INFO - Marking task as SUCCESS. dag_id=data_ingestion_gcp_dag, task_id=format_xl_to_pq_task, execution_date=19930101T000000, start_date=20220502T164557, end_date=20220502T164604
[2022-05-02 16:46:04,667] {local_task_job.py:154} INFO - Task exited with return code 0
[2022-05-02 16:46:04,896] {local_task_job.py:264} INFO - 1 downstream tasks scheduled from follow-on schedule check
