[2022-04-25 07:20:50,071] {taskinstance.py:1043} INFO - Dependencies all met for <TaskInstance: data_ingestion_gcp_dag.download_dataset_task scheduled__1997-01-01T00:00:00+00:00 [queued]>
[2022-04-25 07:20:50,109] {taskinstance.py:1043} INFO - Dependencies all met for <TaskInstance: data_ingestion_gcp_dag.download_dataset_task scheduled__1997-01-01T00:00:00+00:00 [queued]>
[2022-04-25 07:20:50,111] {taskinstance.py:1249} INFO - 
--------------------------------------------------------------------------------
[2022-04-25 07:20:50,112] {taskinstance.py:1250} INFO - Starting attempt 10 of 11
[2022-04-25 07:20:50,114] {taskinstance.py:1251} INFO - 
--------------------------------------------------------------------------------
[2022-04-25 07:20:50,154] {taskinstance.py:1270} INFO - Executing <Task(BashOperator): download_dataset_task> on 1997-01-01 00:00:00+00:00
[2022-04-25 07:20:50,164] {standard_task_runner.py:52} INFO - Started process 2543 to run task
[2022-04-25 07:20:50,172] {standard_task_runner.py:79} INFO - Running: ['***', 'tasks', 'run', 'data_ingestion_gcp_dag', 'download_dataset_task', 'scheduled__1997-01-01T00:00:00+00:00', '--job-id', '331', '--raw', '--subdir', 'DAGS_FOLDER/ingest_to_gcs_dag.py', '--cfg-path', '/tmp/tmpk0z43rld', '--error-file', '/tmp/tmpupmurfnj']
[2022-04-25 07:20:50,191] {standard_task_runner.py:80} INFO - Job 331: Subtask download_dataset_task
[2022-04-25 07:20:50,535] {logging_mixin.py:109} INFO - Running <TaskInstance: data_ingestion_gcp_dag.download_dataset_task scheduled__1997-01-01T00:00:00+00:00 [running]> on host 64c7187bd08f
[2022-04-25 07:20:50,763] {logging_mixin.py:109} WARNING - /home/***/.local/lib/python3.7/site-packages/***/utils/context.py:156 AirflowContextDeprecationWarning: Accessing 'execution_date' from the template is deprecated and will be removed in a future version. Please use 'data_interval_start' or 'logical_date' instead.
[2022-04-25 07:20:50,927] {taskinstance.py:1448} INFO - Exporting the following env vars:
AIRFLOW_CTX_DAG_OWNER=***
AIRFLOW_CTX_DAG_ID=data_ingestion_gcp_dag
AIRFLOW_CTX_TASK_ID=download_dataset_task
AIRFLOW_CTX_EXECUTION_DATE=1997-01-01T00:00:00+00:00
AIRFLOW_CTX_DAG_RUN_ID=scheduled__1997-01-01T00:00:00+00:00
[2022-04-25 07:20:50,933] {subprocess.py:62} INFO - Tmp dir root location: 
 /tmp
[2022-04-25 07:20:50,935] {subprocess.py:74} INFO - Running command: ['bash', '-c', 'curl -sSLf https://www.bls.gov/lau/laucnty97.xlsx > /opt/***//laucnty97.xlsx']
[2022-04-25 07:20:50,951] {subprocess.py:85} INFO - Output:
[2022-04-25 07:20:51,295] {subprocess.py:93} INFO - Command exited with return code 0
[2022-04-25 07:20:51,493] {taskinstance.py:1288} INFO - Marking task as SUCCESS. dag_id=data_ingestion_gcp_dag, task_id=download_dataset_task, execution_date=19970101T000000, start_date=20220425T072050, end_date=20220425T072051
[2022-04-25 07:20:51,568] {local_task_job.py:154} INFO - Task exited with return code 0
[2022-04-25 07:20:51,820] {local_task_job.py:264} INFO - 1 downstream tasks scheduled from follow-on schedule check
