[2022-04-25 07:30:53,980] {taskinstance.py:1043} INFO - Dependencies all met for <TaskInstance: data_ingestion_gcp_dag.download_dataset_task scheduled__1997-01-01T00:00:00+00:00 [queued]>
[2022-04-25 07:30:54,019] {taskinstance.py:1043} INFO - Dependencies all met for <TaskInstance: data_ingestion_gcp_dag.download_dataset_task scheduled__1997-01-01T00:00:00+00:00 [queued]>
[2022-04-25 07:30:54,021] {taskinstance.py:1249} INFO - 
--------------------------------------------------------------------------------
[2022-04-25 07:30:54,022] {taskinstance.py:1250} INFO - Starting attempt 12 of 13
[2022-04-25 07:30:54,023] {taskinstance.py:1251} INFO - 
--------------------------------------------------------------------------------
[2022-04-25 07:30:54,064] {taskinstance.py:1270} INFO - Executing <Task(BashOperator): download_dataset_task> on 1997-01-01 00:00:00+00:00
[2022-04-25 07:30:54,073] {standard_task_runner.py:52} INFO - Started process 3464 to run task
[2022-04-25 07:30:54,081] {standard_task_runner.py:79} INFO - Running: ['***', 'tasks', 'run', 'data_ingestion_gcp_dag', 'download_dataset_task', 'scheduled__1997-01-01T00:00:00+00:00', '--job-id', '338', '--raw', '--subdir', 'DAGS_FOLDER/ingest_to_gcs_dag.py', '--cfg-path', '/tmp/tmp36oi0jtx', '--error-file', '/tmp/tmps16ysmss']
[2022-04-25 07:30:54,084] {standard_task_runner.py:80} INFO - Job 338: Subtask download_dataset_task
[2022-04-25 07:30:54,422] {logging_mixin.py:109} INFO - Running <TaskInstance: data_ingestion_gcp_dag.download_dataset_task scheduled__1997-01-01T00:00:00+00:00 [running]> on host 64c7187bd08f
[2022-04-25 07:30:54,647] {logging_mixin.py:109} WARNING - /home/***/.local/lib/python3.7/site-packages/***/utils/context.py:156 AirflowContextDeprecationWarning: Accessing 'execution_date' from the template is deprecated and will be removed in a future version. Please use 'data_interval_start' or 'logical_date' instead.
[2022-04-25 07:30:54,815] {taskinstance.py:1448} INFO - Exporting the following env vars:
AIRFLOW_CTX_DAG_OWNER=***
AIRFLOW_CTX_DAG_ID=data_ingestion_gcp_dag
AIRFLOW_CTX_TASK_ID=download_dataset_task
AIRFLOW_CTX_EXECUTION_DATE=1997-01-01T00:00:00+00:00
AIRFLOW_CTX_DAG_RUN_ID=scheduled__1997-01-01T00:00:00+00:00
[2022-04-25 07:30:54,820] {subprocess.py:62} INFO - Tmp dir root location: 
 /tmp
[2022-04-25 07:30:54,823] {subprocess.py:74} INFO - Running command: ['bash', '-c', 'curl -sSLf https://www.bls.gov/lau/laucnty97.xlsx > /opt/***/laucnty97.xlsx']
[2022-04-25 07:30:54,839] {subprocess.py:85} INFO - Output:
[2022-04-25 07:30:55,174] {subprocess.py:93} INFO - Command exited with return code 0
[2022-04-25 07:30:55,361] {taskinstance.py:1288} INFO - Marking task as SUCCESS. dag_id=data_ingestion_gcp_dag, task_id=download_dataset_task, execution_date=19970101T000000, start_date=20220425T073053, end_date=20220425T073055
[2022-04-25 07:30:55,424] {local_task_job.py:154} INFO - Task exited with return code 0
[2022-04-25 07:30:55,657] {local_task_job.py:264} INFO - 1 downstream tasks scheduled from follow-on schedule check
