[2022-04-25 06:48:02,741] {taskinstance.py:1043} INFO - Dependencies all met for <TaskInstance: data_ingestion_gcp_dag.download_dataset_task scheduled__1997-01-01T00:00:00+00:00 [queued]>
[2022-04-25 06:48:02,788] {taskinstance.py:1043} INFO - Dependencies all met for <TaskInstance: data_ingestion_gcp_dag.download_dataset_task scheduled__1997-01-01T00:00:00+00:00 [queued]>
[2022-04-25 06:48:02,791] {taskinstance.py:1249} INFO - 
--------------------------------------------------------------------------------
[2022-04-25 06:48:02,792] {taskinstance.py:1250} INFO - Starting attempt 3 of 4
[2022-04-25 06:48:02,794] {taskinstance.py:1251} INFO - 
--------------------------------------------------------------------------------
[2022-04-25 06:48:02,845] {taskinstance.py:1270} INFO - Executing <Task(BashOperator): download_dataset_task> on 1997-01-01 00:00:00+00:00
[2022-04-25 06:48:02,855] {standard_task_runner.py:52} INFO - Started process 604 to run task
[2022-04-25 06:48:02,863] {standard_task_runner.py:79} INFO - Running: ['***', 'tasks', 'run', 'data_ingestion_gcp_dag', 'download_dataset_task', 'scheduled__1997-01-01T00:00:00+00:00', '--job-id', '315', '--raw', '--subdir', 'DAGS_FOLDER/ingest_to_gcs_dag.py', '--cfg-path', '/tmp/tmpb7n6g9_f', '--error-file', '/tmp/tmpk7p5ru9a']
[2022-04-25 06:48:02,867] {standard_task_runner.py:80} INFO - Job 315: Subtask download_dataset_task
[2022-04-25 06:48:03,232] {logging_mixin.py:109} INFO - Running <TaskInstance: data_ingestion_gcp_dag.download_dataset_task scheduled__1997-01-01T00:00:00+00:00 [running]> on host 53282612bf53
[2022-04-25 06:48:03,473] {logging_mixin.py:109} WARNING - /home/***/.local/lib/python3.7/site-packages/***/utils/context.py:156 AirflowContextDeprecationWarning: Accessing 'execution_date' from the template is deprecated and will be removed in a future version. Please use 'data_interval_start' or 'logical_date' instead.
[2022-04-25 06:48:03,667] {taskinstance.py:1448} INFO - Exporting the following env vars:
AIRFLOW_CTX_DAG_OWNER=***
AIRFLOW_CTX_DAG_ID=data_ingestion_gcp_dag
AIRFLOW_CTX_TASK_ID=download_dataset_task
AIRFLOW_CTX_EXECUTION_DATE=1997-01-01T00:00:00+00:00
AIRFLOW_CTX_DAG_RUN_ID=scheduled__1997-01-01T00:00:00+00:00
[2022-04-25 06:48:03,673] {subprocess.py:62} INFO - Tmp dir root location: 
 /tmp
[2022-04-25 06:48:03,676] {subprocess.py:74} INFO - Running command: ['bash', '-c', 'curl -sSLf https://www.bls.gov/lau/laucnty97.xlsx > /opt/***//laucnty97.xlsx']
[2022-04-25 06:48:03,698] {subprocess.py:85} INFO - Output:
[2022-04-25 06:48:04,134] {subprocess.py:93} INFO - Command exited with return code 0
[2022-04-25 06:48:04,332] {taskinstance.py:1288} INFO - Marking task as SUCCESS. dag_id=data_ingestion_gcp_dag, task_id=download_dataset_task, execution_date=19970101T000000, start_date=20220425T064802, end_date=20220425T064804
[2022-04-25 06:48:04,417] {local_task_job.py:154} INFO - Task exited with return code 0
[2022-04-25 06:48:04,664] {local_task_job.py:264} INFO - 1 downstream tasks scheduled from follow-on schedule check
