[2022-04-25 07:10:48,273] {taskinstance.py:1043} INFO - Dependencies all met for <TaskInstance: data_ingestion_gcp_dag.download_dataset_task scheduled__1997-01-01T00:00:00+00:00 [queued]>
[2022-04-25 07:10:48,312] {taskinstance.py:1043} INFO - Dependencies all met for <TaskInstance: data_ingestion_gcp_dag.download_dataset_task scheduled__1997-01-01T00:00:00+00:00 [queued]>
[2022-04-25 07:10:48,314] {taskinstance.py:1249} INFO - 
--------------------------------------------------------------------------------
[2022-04-25 07:10:48,315] {taskinstance.py:1250} INFO - Starting attempt 7 of 8
[2022-04-25 07:10:48,316] {taskinstance.py:1251} INFO - 
--------------------------------------------------------------------------------
[2022-04-25 07:10:48,357] {taskinstance.py:1270} INFO - Executing <Task(BashOperator): download_dataset_task> on 1997-01-01 00:00:00+00:00
[2022-04-25 07:10:48,366] {standard_task_runner.py:52} INFO - Started process 1663 to run task
[2022-04-25 07:10:48,374] {standard_task_runner.py:79} INFO - Running: ['***', 'tasks', 'run', 'data_ingestion_gcp_dag', 'download_dataset_task', 'scheduled__1997-01-01T00:00:00+00:00', '--job-id', '325', '--raw', '--subdir', 'DAGS_FOLDER/ingest_to_gcs_dag.py', '--cfg-path', '/tmp/tmpvb2w7oy_', '--error-file', '/tmp/tmpcfejwk9q']
[2022-04-25 07:10:48,377] {standard_task_runner.py:80} INFO - Job 325: Subtask download_dataset_task
[2022-04-25 07:10:48,717] {logging_mixin.py:109} INFO - Running <TaskInstance: data_ingestion_gcp_dag.download_dataset_task scheduled__1997-01-01T00:00:00+00:00 [running]> on host 64c7187bd08f
[2022-04-25 07:10:48,941] {logging_mixin.py:109} WARNING - /home/***/.local/lib/python3.7/site-packages/***/utils/context.py:156 AirflowContextDeprecationWarning: Accessing 'execution_date' from the template is deprecated and will be removed in a future version. Please use 'data_interval_start' or 'logical_date' instead.
[2022-04-25 07:10:49,105] {taskinstance.py:1448} INFO - Exporting the following env vars:
AIRFLOW_CTX_DAG_OWNER=***
AIRFLOW_CTX_DAG_ID=data_ingestion_gcp_dag
AIRFLOW_CTX_TASK_ID=download_dataset_task
AIRFLOW_CTX_EXECUTION_DATE=1997-01-01T00:00:00+00:00
AIRFLOW_CTX_DAG_RUN_ID=scheduled__1997-01-01T00:00:00+00:00
[2022-04-25 07:10:49,109] {subprocess.py:62} INFO - Tmp dir root location: 
 /tmp
[2022-04-25 07:10:49,112] {subprocess.py:74} INFO - Running command: ['bash', '-c', 'curl -sSLf https://www.bls.gov/lau/laucnty97.xlsx > /opt/***//laucnty97.xlsx']
[2022-04-25 07:10:49,127] {subprocess.py:85} INFO - Output:
[2022-04-25 07:10:49,534] {subprocess.py:93} INFO - Command exited with return code 0
[2022-04-25 07:10:49,723] {taskinstance.py:1288} INFO - Marking task as SUCCESS. dag_id=data_ingestion_gcp_dag, task_id=download_dataset_task, execution_date=19970101T000000, start_date=20220425T071048, end_date=20220425T071049
[2022-04-25 07:10:49,786] {local_task_job.py:154} INFO - Task exited with return code 0
[2022-04-25 07:10:50,021] {local_task_job.py:264} INFO - 1 downstream tasks scheduled from follow-on schedule check
