[2022-05-02 15:51:18,416] {taskinstance.py:1032} INFO - Dependencies all met for <TaskInstance: gcs_to_bq_dag.process_data_from_gcs_task manual__2022-05-02T15:51:12.539303+00:00 [queued]>
[2022-05-02 15:51:18,454] {taskinstance.py:1032} INFO - Dependencies all met for <TaskInstance: gcs_to_bq_dag.process_data_from_gcs_task manual__2022-05-02T15:51:12.539303+00:00 [queued]>
[2022-05-02 15:51:18,456] {taskinstance.py:1238} INFO - 
--------------------------------------------------------------------------------
[2022-05-02 15:51:18,457] {taskinstance.py:1239} INFO - Starting attempt 1 of 2
[2022-05-02 15:51:18,458] {taskinstance.py:1240} INFO - 
--------------------------------------------------------------------------------
[2022-05-02 15:51:18,498] {taskinstance.py:1259} INFO - Executing <Task(PythonOperator): process_data_from_gcs_task> on 2022-05-02 15:51:12.539303+00:00
[2022-05-02 15:51:18,508] {standard_task_runner.py:52} INFO - Started process 507 to run task
[2022-05-02 15:51:18,515] {standard_task_runner.py:76} INFO - Running: ['***', 'tasks', 'run', 'gcs_to_bq_dag', 'process_data_from_gcs_task', 'manual__2022-05-02T15:51:12.539303+00:00', '--job-id', '1040', '--raw', '--subdir', 'DAGS_FOLDER/gcs_to_bq_task.py', '--cfg-path', '/tmp/tmpaf_x_sjc', '--error-file', '/tmp/tmp6zww42is']
[2022-05-02 15:51:18,518] {standard_task_runner.py:77} INFO - Job 1040: Subtask process_data_from_gcs_task
[2022-05-02 15:51:18,877] {logging_mixin.py:109} INFO - Running <TaskInstance: gcs_to_bq_dag.process_data_from_gcs_task manual__2022-05-02T15:51:12.539303+00:00 [running]> on host 9f5021834e17
[2022-05-02 15:51:19,341] {taskinstance.py:1426} INFO - Exporting the following env vars:
AIRFLOW_CTX_DAG_OWNER=***
AIRFLOW_CTX_DAG_ID=gcs_to_bq_dag
AIRFLOW_CTX_TASK_ID=process_data_from_gcs_task
AIRFLOW_CTX_EXECUTION_DATE=2022-05-02T15:51:12.539303+00:00
AIRFLOW_CTX_DAG_RUN_ID=manual__2022-05-02T15:51:12.539303+00:00
[2022-05-02 15:51:41,973] {taskinstance.py:1700} ERROR - Task failed with exception
Traceback (most recent call last):
  File "/home/airflow/.local/lib/python3.7/site-packages/airflow/models/taskinstance.py", line 1329, in _run_raw_task
    self._execute_task_with_callbacks(context)
  File "/home/airflow/.local/lib/python3.7/site-packages/airflow/models/taskinstance.py", line 1455, in _execute_task_with_callbacks
    result = self._execute_task(context, self.task)
  File "/home/airflow/.local/lib/python3.7/site-packages/airflow/models/taskinstance.py", line 1511, in _execute_task
    result = execute_callable(context=context)
  File "/home/airflow/.local/lib/python3.7/site-packages/airflow/operators/python.py", line 174, in execute
    return_value = self.execute_callable()
  File "/home/airflow/.local/lib/python3.7/site-packages/airflow/operators/python.py", line 185, in execute_callable
    return self.python_callable(*self.op_args, **self.op_kwargs)
  File "/opt/airflow/dags/gcs_to_bq_task.py", line 96, in process_data
    df_emp = spark.read.option("header", "true").parquet(f'{AIRFLOW_HOME}/us_employment_*.parquet')
  File "/home/airflow/.local/lib/python3.7/site-packages/pyspark/sql/readwriter.py", line 301, in parquet
    return self._df(self._jreader.parquet(_to_seq(self._spark._sc, paths)))
  File "/home/airflow/.local/lib/python3.7/site-packages/py4j/java_gateway.py", line 1322, in __call__
    answer, self.gateway_client, self.target_id, self.name)
  File "/home/airflow/.local/lib/python3.7/site-packages/pyspark/sql/utils.py", line 117, in deco
    raise converted from None
pyspark.sql.utils.AnalysisException: Path does not exist: file:/opt/airflow/us_employment_*.parquet
[2022-05-02 15:51:42,137] {taskinstance.py:1277} INFO - Marking task as UP_FOR_RETRY. dag_id=gcs_to_bq_dag, task_id=process_data_from_gcs_task, execution_date=20220502T155112, start_date=20220502T155118, end_date=20220502T155142
[2022-05-02 15:51:42,263] {standard_task_runner.py:92} ERROR - Failed to execute job 1040 for task process_data_from_gcs_task
Traceback (most recent call last):
  File "/home/airflow/.local/lib/python3.7/site-packages/airflow/task/task_runner/standard_task_runner.py", line 85, in _start_by_fork
    args.func(args, dag=self.dag)
  File "/home/airflow/.local/lib/python3.7/site-packages/airflow/cli/cli_parser.py", line 48, in command
    return func(*args, **kwargs)
  File "/home/airflow/.local/lib/python3.7/site-packages/airflow/utils/cli.py", line 92, in wrapper
    return f(*args, **kwargs)
  File "/home/airflow/.local/lib/python3.7/site-packages/airflow/cli/commands/task_command.py", line 298, in task_run
    _run_task_by_selected_method(args, dag, ti)
  File "/home/airflow/.local/lib/python3.7/site-packages/airflow/cli/commands/task_command.py", line 107, in _run_task_by_selected_method
    _run_raw_task(args, ti)
  File "/home/airflow/.local/lib/python3.7/site-packages/airflow/cli/commands/task_command.py", line 184, in _run_raw_task
    error_file=args.error_file,
  File "/home/airflow/.local/lib/python3.7/site-packages/airflow/utils/session.py", line 70, in wrapper
    return func(*args, session=session, **kwargs)
  File "/home/airflow/.local/lib/python3.7/site-packages/airflow/models/taskinstance.py", line 1329, in _run_raw_task
    self._execute_task_with_callbacks(context)
  File "/home/airflow/.local/lib/python3.7/site-packages/airflow/models/taskinstance.py", line 1455, in _execute_task_with_callbacks
    result = self._execute_task(context, self.task)
  File "/home/airflow/.local/lib/python3.7/site-packages/airflow/models/taskinstance.py", line 1511, in _execute_task
    result = execute_callable(context=context)
  File "/home/airflow/.local/lib/python3.7/site-packages/airflow/operators/python.py", line 174, in execute
    return_value = self.execute_callable()
  File "/home/airflow/.local/lib/python3.7/site-packages/airflow/operators/python.py", line 185, in execute_callable
    return self.python_callable(*self.op_args, **self.op_kwargs)
  File "/opt/airflow/dags/gcs_to_bq_task.py", line 96, in process_data
    df_emp = spark.read.option("header", "true").parquet(f'{AIRFLOW_HOME}/us_employment_*.parquet')
  File "/home/airflow/.local/lib/python3.7/site-packages/pyspark/sql/readwriter.py", line 301, in parquet
    return self._df(self._jreader.parquet(_to_seq(self._spark._sc, paths)))
  File "/home/airflow/.local/lib/python3.7/site-packages/py4j/java_gateway.py", line 1322, in __call__
    answer, self.gateway_client, self.target_id, self.name)
  File "/home/airflow/.local/lib/python3.7/site-packages/pyspark/sql/utils.py", line 117, in deco
    raise converted from None
pyspark.sql.utils.AnalysisException: Path does not exist: file:/opt/airflow/us_employment_*.parquet
[2022-05-02 15:51:42,304] {local_task_job.py:154} INFO - Task exited with return code 1
[2022-05-02 15:51:42,619] {local_task_job.py:264} INFO - 0 downstream tasks scheduled from follow-on schedule check
