[2022-05-02 16:00:18,726] {taskinstance.py:1032} INFO - Dependencies all met for <TaskInstance: data_ingestion_gcp_dag.format_xl_to_pq_task scheduled__2013-01-01T00:00:00+00:00 [queued]>
[2022-05-02 16:00:18,828] {taskinstance.py:1032} INFO - Dependencies all met for <TaskInstance: data_ingestion_gcp_dag.format_xl_to_pq_task scheduled__2013-01-01T00:00:00+00:00 [queued]>
[2022-05-02 16:00:18,830] {taskinstance.py:1238} INFO - 
--------------------------------------------------------------------------------
[2022-05-02 16:00:18,831] {taskinstance.py:1239} INFO - Starting attempt 1 of 2
[2022-05-02 16:00:18,833] {taskinstance.py:1240} INFO - 
--------------------------------------------------------------------------------
[2022-05-02 16:00:18,911] {taskinstance.py:1259} INFO - Executing <Task(PythonOperator): format_xl_to_pq_task> on 2013-01-01 00:00:00+00:00
[2022-05-02 16:00:18,922] {standard_task_runner.py:52} INFO - Started process 2269 to run task
[2022-05-02 16:00:18,943] {standard_task_runner.py:76} INFO - Running: ['***', 'tasks', 'run', 'data_ingestion_gcp_dag', 'format_xl_to_pq_task', 'scheduled__2013-01-01T00:00:00+00:00', '--job-id', '1111', '--raw', '--subdir', 'DAGS_FOLDER/ingest_to_gcs_dag.py', '--cfg-path', '/tmp/tmpmmwdno31', '--error-file', '/tmp/tmpx4v4bolq']
[2022-05-02 16:00:18,959] {standard_task_runner.py:77} INFO - Job 1111: Subtask format_xl_to_pq_task
[2022-05-02 16:00:19,861] {logging_mixin.py:109} INFO - Running <TaskInstance: data_ingestion_gcp_dag.format_xl_to_pq_task scheduled__2013-01-01T00:00:00+00:00 [running]> on host 9f5021834e17
[2022-05-02 16:00:20,277] {logging_mixin.py:109} WARNING - /home/***/.local/lib/python3.7/site-packages/***/utils/context.py:152 AirflowContextDeprecationWarning: Accessing 'execution_date' from the template is deprecated and will be removed in a future version. Please use 'data_interval_start' or 'logical_date' instead.
[2022-05-02 16:00:20,577] {taskinstance.py:1426} INFO - Exporting the following env vars:
AIRFLOW_CTX_DAG_OWNER=***
AIRFLOW_CTX_DAG_ID=data_ingestion_gcp_dag
AIRFLOW_CTX_TASK_ID=format_xl_to_pq_task
AIRFLOW_CTX_EXECUTION_DATE=2013-01-01T00:00:00+00:00
AIRFLOW_CTX_DAG_RUN_ID=scheduled__2013-01-01T00:00:00+00:00
[2022-05-02 16:00:28,137] {python.py:175} INFO - Done. Returned value was: None
[2022-05-02 16:00:28,404] {taskinstance.py:1277} INFO - Marking task as SUCCESS. dag_id=data_ingestion_gcp_dag, task_id=format_xl_to_pq_task, execution_date=20130101T000000, start_date=20220502T160018, end_date=20220502T160028
[2022-05-02 16:00:28,536] {local_task_job.py:154} INFO - Task exited with return code 0
[2022-05-02 16:00:28,867] {local_task_job.py:264} INFO - 1 downstream tasks scheduled from follow-on schedule check
[2022-05-02 16:35:23,920] {taskinstance.py:1032} INFO - Dependencies all met for <TaskInstance: data_ingestion_gcp_dag.format_xl_to_pq_task scheduled__2013-01-01T00:00:00+00:00 [queued]>
[2022-05-02 16:35:23,987] {taskinstance.py:1032} INFO - Dependencies all met for <TaskInstance: data_ingestion_gcp_dag.format_xl_to_pq_task scheduled__2013-01-01T00:00:00+00:00 [queued]>
[2022-05-02 16:35:23,990] {taskinstance.py:1238} INFO - 
--------------------------------------------------------------------------------
[2022-05-02 16:35:23,992] {taskinstance.py:1239} INFO - Starting attempt 1 of 2
[2022-05-02 16:35:23,995] {taskinstance.py:1240} INFO - 
--------------------------------------------------------------------------------
[2022-05-02 16:35:24,060] {taskinstance.py:1259} INFO - Executing <Task(PythonOperator): format_xl_to_pq_task> on 2013-01-01 00:00:00+00:00
[2022-05-02 16:35:24,075] {standard_task_runner.py:52} INFO - Started process 6837 to run task
[2022-05-02 16:35:24,095] {standard_task_runner.py:76} INFO - Running: ['***', 'tasks', 'run', 'data_ingestion_gcp_dag', 'format_xl_to_pq_task', 'scheduled__2013-01-01T00:00:00+00:00', '--job-id', '1217', '--raw', '--subdir', 'DAGS_FOLDER/ingest_to_gcs_dag.py', '--cfg-path', '/tmp/tmpnofyi7_j', '--error-file', '/tmp/tmp3x7jnthi']
[2022-05-02 16:35:24,098] {standard_task_runner.py:77} INFO - Job 1217: Subtask format_xl_to_pq_task
[2022-05-02 16:35:24,586] {logging_mixin.py:109} INFO - Running <TaskInstance: data_ingestion_gcp_dag.format_xl_to_pq_task scheduled__2013-01-01T00:00:00+00:00 [running]> on host 9f5021834e17
[2022-05-02 16:35:25,005] {logging_mixin.py:109} WARNING - /home/***/.local/lib/python3.7/site-packages/***/utils/context.py:152 AirflowContextDeprecationWarning: Accessing 'execution_date' from the template is deprecated and will be removed in a future version. Please use 'data_interval_start' or 'logical_date' instead.
[2022-05-02 16:35:25,358] {taskinstance.py:1426} INFO - Exporting the following env vars:
AIRFLOW_CTX_DAG_OWNER=***
AIRFLOW_CTX_DAG_ID=data_ingestion_gcp_dag
AIRFLOW_CTX_TASK_ID=format_xl_to_pq_task
AIRFLOW_CTX_EXECUTION_DATE=2013-01-01T00:00:00+00:00
AIRFLOW_CTX_DAG_RUN_ID=scheduled__2013-01-01T00:00:00+00:00
[2022-05-02 16:35:33,806] {python.py:175} INFO - Done. Returned value was: None
[2022-05-02 16:35:33,945] {taskinstance.py:1277} INFO - Marking task as SUCCESS. dag_id=data_ingestion_gcp_dag, task_id=format_xl_to_pq_task, execution_date=20130101T000000, start_date=20220502T163523, end_date=20220502T163533
[2022-05-02 16:35:34,110] {local_task_job.py:154} INFO - Task exited with return code 0
[2022-05-02 16:35:34,537] {local_task_job.py:264} INFO - 1 downstream tasks scheduled from follow-on schedule check
[2022-05-02 16:51:13,247] {taskinstance.py:1032} INFO - Dependencies all met for <TaskInstance: data_ingestion_gcp_dag.format_xl_to_pq_task scheduled__2013-01-01T00:00:00+00:00 [queued]>
[2022-05-02 16:51:13,313] {taskinstance.py:1032} INFO - Dependencies all met for <TaskInstance: data_ingestion_gcp_dag.format_xl_to_pq_task scheduled__2013-01-01T00:00:00+00:00 [queued]>
[2022-05-02 16:51:13,314] {taskinstance.py:1238} INFO - 
--------------------------------------------------------------------------------
[2022-05-02 16:51:13,316] {taskinstance.py:1239} INFO - Starting attempt 1 of 2
[2022-05-02 16:51:13,318] {taskinstance.py:1240} INFO - 
--------------------------------------------------------------------------------
[2022-05-02 16:51:13,370] {taskinstance.py:1259} INFO - Executing <Task(PythonOperator): format_xl_to_pq_task> on 2013-01-01 00:00:00+00:00
[2022-05-02 16:51:13,380] {standard_task_runner.py:52} INFO - Started process 9745 to run task
[2022-05-02 16:51:13,395] {standard_task_runner.py:76} INFO - Running: ['***', 'tasks', 'run', 'data_ingestion_gcp_dag', 'format_xl_to_pq_task', 'scheduled__2013-01-01T00:00:00+00:00', '--job-id', '1327', '--raw', '--subdir', 'DAGS_FOLDER/ingest_to_gcs_dag.py', '--cfg-path', '/tmp/tmp46xgo4b1', '--error-file', '/tmp/tmpp5tsb5oz']
[2022-05-02 16:51:13,399] {standard_task_runner.py:77} INFO - Job 1327: Subtask format_xl_to_pq_task
[2022-05-02 16:51:13,916] {logging_mixin.py:109} INFO - Running <TaskInstance: data_ingestion_gcp_dag.format_xl_to_pq_task scheduled__2013-01-01T00:00:00+00:00 [running]> on host 9f5021834e17
[2022-05-02 16:51:14,281] {logging_mixin.py:109} WARNING - /home/***/.local/lib/python3.7/site-packages/***/utils/context.py:152 AirflowContextDeprecationWarning: Accessing 'execution_date' from the template is deprecated and will be removed in a future version. Please use 'data_interval_start' or 'logical_date' instead.
[2022-05-02 16:51:14,679] {taskinstance.py:1426} INFO - Exporting the following env vars:
AIRFLOW_CTX_DAG_OWNER=***
AIRFLOW_CTX_DAG_ID=data_ingestion_gcp_dag
AIRFLOW_CTX_TASK_ID=format_xl_to_pq_task
AIRFLOW_CTX_EXECUTION_DATE=2013-01-01T00:00:00+00:00
AIRFLOW_CTX_DAG_RUN_ID=scheduled__2013-01-01T00:00:00+00:00
[2022-05-02 16:51:22,056] {python.py:175} INFO - Done. Returned value was: None
[2022-05-02 16:51:22,168] {taskinstance.py:1277} INFO - Marking task as SUCCESS. dag_id=data_ingestion_gcp_dag, task_id=format_xl_to_pq_task, execution_date=20130101T000000, start_date=20220502T165113, end_date=20220502T165122
[2022-05-02 16:51:22,247] {local_task_job.py:154} INFO - Task exited with return code 0
[2022-05-02 16:51:22,510] {local_task_job.py:264} INFO - 1 downstream tasks scheduled from follow-on schedule check
