[2022-04-28 06:10:56,670] {taskinstance.py:1043} INFO - Dependencies all met for <TaskInstance: data_ingestion_gcp_dag.rm_files_task scheduled__2012-01-01T00:00:00+00:00 [queued]>
[2022-04-28 06:10:56,715] {taskinstance.py:1043} INFO - Dependencies all met for <TaskInstance: data_ingestion_gcp_dag.rm_files_task scheduled__2012-01-01T00:00:00+00:00 [queued]>
[2022-04-28 06:10:56,717] {taskinstance.py:1249} INFO - 
--------------------------------------------------------------------------------
[2022-04-28 06:10:56,718] {taskinstance.py:1250} INFO - Starting attempt 1 of 2
[2022-04-28 06:10:56,719] {taskinstance.py:1251} INFO - 
--------------------------------------------------------------------------------
[2022-04-28 06:10:56,767] {taskinstance.py:1270} INFO - Executing <Task(BashOperator): rm_files_task> on 2012-01-01 00:00:00+00:00
[2022-04-28 06:10:56,777] {standard_task_runner.py:52} INFO - Started process 2756 to run task
[2022-04-28 06:10:56,785] {standard_task_runner.py:79} INFO - Running: ['***', 'tasks', 'run', 'data_ingestion_gcp_dag', 'rm_files_task', 'scheduled__2012-01-01T00:00:00+00:00', '--job-id', '581', '--raw', '--subdir', 'DAGS_FOLDER/ingest_to_gcs_dag.py', '--cfg-path', '/tmp/tmp1obchp25', '--error-file', '/tmp/tmp4tsbtwwq']
[2022-04-28 06:10:56,788] {standard_task_runner.py:80} INFO - Job 581: Subtask rm_files_task
[2022-04-28 06:10:57,161] {logging_mixin.py:109} INFO - Running <TaskInstance: data_ingestion_gcp_dag.rm_files_task scheduled__2012-01-01T00:00:00+00:00 [running]> on host d4721d223bdd
[2022-04-28 06:10:57,437] {logging_mixin.py:109} WARNING - /home/***/.local/lib/python3.7/site-packages/***/utils/context.py:156 AirflowContextDeprecationWarning: Accessing 'execution_date' from the template is deprecated and will be removed in a future version. Please use 'data_interval_start' or 'logical_date' instead.
[2022-04-28 06:10:57,674] {taskinstance.py:1448} INFO - Exporting the following env vars:
AIRFLOW_CTX_DAG_OWNER=***
AIRFLOW_CTX_DAG_ID=data_ingestion_gcp_dag
AIRFLOW_CTX_TASK_ID=rm_files_task
AIRFLOW_CTX_EXECUTION_DATE=2012-01-01T00:00:00+00:00
AIRFLOW_CTX_DAG_RUN_ID=scheduled__2012-01-01T00:00:00+00:00
[2022-04-28 06:10:57,687] {subprocess.py:62} INFO - Tmp dir root location: 
 /tmp
[2022-04-28 06:10:57,690] {subprocess.py:74} INFO - Running command: ['bash', '-c', 'rm /opt/***/laucnty12.xlsx /opt/***/us_employment_12.parquet']
[2022-04-28 06:10:57,727] {subprocess.py:85} INFO - Output:
[2022-04-28 06:10:57,846] {subprocess.py:93} INFO - Command exited with return code 0
[2022-04-28 06:10:58,158] {taskinstance.py:1288} INFO - Marking task as SUCCESS. dag_id=data_ingestion_gcp_dag, task_id=rm_files_task, execution_date=20120101T000000, start_date=20220428T061056, end_date=20220428T061058
[2022-04-28 06:10:58,247] {local_task_job.py:154} INFO - Task exited with return code 0
[2022-04-28 06:10:58,550] {local_task_job.py:264} INFO - 0 downstream tasks scheduled from follow-on schedule check
[2022-04-29 02:39:15,221] {taskinstance.py:1043} INFO - Dependencies all met for <TaskInstance: data_ingestion_gcp_dag.rm_files_task scheduled__2012-01-01T00:00:00+00:00 [queued]>
[2022-04-29 02:39:15,269] {taskinstance.py:1043} INFO - Dependencies all met for <TaskInstance: data_ingestion_gcp_dag.rm_files_task scheduled__2012-01-01T00:00:00+00:00 [queued]>
[2022-04-29 02:39:15,270] {taskinstance.py:1249} INFO - 
--------------------------------------------------------------------------------
[2022-04-29 02:39:15,272] {taskinstance.py:1250} INFO - Starting attempt 1 of 2
[2022-04-29 02:39:15,274] {taskinstance.py:1251} INFO - 
--------------------------------------------------------------------------------
[2022-04-29 02:39:15,339] {taskinstance.py:1270} INFO - Executing <Task(BashOperator): rm_files_task> on 2012-01-01 00:00:00+00:00
[2022-04-29 02:39:15,354] {standard_task_runner.py:52} INFO - Started process 6226 to run task
[2022-04-29 02:39:15,371] {standard_task_runner.py:79} INFO - Running: ['***', 'tasks', 'run', 'data_ingestion_gcp_dag', 'rm_files_task', 'scheduled__2012-01-01T00:00:00+00:00', '--job-id', '761', '--raw', '--subdir', 'DAGS_FOLDER/ingest_to_gcs_dag.py', '--cfg-path', '/tmp/tmpdv73jx9p', '--error-file', '/tmp/tmphd7sbzz6']
[2022-04-29 02:39:15,376] {standard_task_runner.py:80} INFO - Job 761: Subtask rm_files_task
[2022-04-29 02:39:15,790] {logging_mixin.py:109} INFO - Running <TaskInstance: data_ingestion_gcp_dag.rm_files_task scheduled__2012-01-01T00:00:00+00:00 [running]> on host 6fd0ba274d58
[2022-04-29 02:39:16,068] {logging_mixin.py:109} WARNING - /home/***/.local/lib/python3.7/site-packages/***/utils/context.py:156 AirflowContextDeprecationWarning: Accessing 'execution_date' from the template is deprecated and will be removed in a future version. Please use 'data_interval_start' or 'logical_date' instead.
[2022-04-29 02:39:16,257] {taskinstance.py:1448} INFO - Exporting the following env vars:
AIRFLOW_CTX_DAG_OWNER=***
AIRFLOW_CTX_DAG_ID=data_ingestion_gcp_dag
AIRFLOW_CTX_TASK_ID=rm_files_task
AIRFLOW_CTX_EXECUTION_DATE=2012-01-01T00:00:00+00:00
AIRFLOW_CTX_DAG_RUN_ID=scheduled__2012-01-01T00:00:00+00:00
[2022-04-29 02:39:16,262] {subprocess.py:62} INFO - Tmp dir root location: 
 /tmp
[2022-04-29 02:39:16,264] {subprocess.py:74} INFO - Running command: ['bash', '-c', 'rm /opt/***/laucnty12.xlsx /opt/***/us_employment_2012.parquet']
[2022-04-29 02:39:16,283] {subprocess.py:85} INFO - Output:
[2022-04-29 02:39:16,351] {subprocess.py:93} INFO - Command exited with return code 0
[2022-04-29 02:39:16,561] {taskinstance.py:1288} INFO - Marking task as SUCCESS. dag_id=data_ingestion_gcp_dag, task_id=rm_files_task, execution_date=20120101T000000, start_date=20220429T023915, end_date=20220429T023916
[2022-04-29 02:39:16,620] {local_task_job.py:154} INFO - Task exited with return code 0
[2022-04-29 02:39:16,856] {local_task_job.py:264} INFO - 0 downstream tasks scheduled from follow-on schedule check
