[2022-05-02 16:56:29,702] {taskinstance.py:1032} INFO - Dependencies all met for <TaskInstance: gcs_to_bq_dag.bq_external_table_task manual__2022-05-02T16:54:02.970723+00:00 [queued]>
[2022-05-02 16:56:29,748] {taskinstance.py:1032} INFO - Dependencies all met for <TaskInstance: gcs_to_bq_dag.bq_external_table_task manual__2022-05-02T16:54:02.970723+00:00 [queued]>
[2022-05-02 16:56:29,749] {taskinstance.py:1238} INFO - 
--------------------------------------------------------------------------------
[2022-05-02 16:56:29,751] {taskinstance.py:1239} INFO - Starting attempt 1 of 2
[2022-05-02 16:56:29,752] {taskinstance.py:1240} INFO - 
--------------------------------------------------------------------------------
[2022-05-02 16:56:29,795] {taskinstance.py:1259} INFO - Executing <Task(BigQueryCreateExternalTableOperator): bq_external_table_task> on 2022-05-02 16:54:02.970723+00:00
[2022-05-02 16:56:29,805] {standard_task_runner.py:52} INFO - Started process 10765 to run task
[2022-05-02 16:56:29,815] {standard_task_runner.py:76} INFO - Running: ['***', 'tasks', 'run', 'gcs_to_bq_dag', 'bq_external_table_task', 'manual__2022-05-02T16:54:02.970723+00:00', '--job-id', '1353', '--raw', '--subdir', 'DAGS_FOLDER/gcs_to_bq_task.py', '--cfg-path', '/tmp/tmp773911xn', '--error-file', '/tmp/tmpeb73db9z']
[2022-05-02 16:56:29,818] {standard_task_runner.py:77} INFO - Job 1353: Subtask bq_external_table_task
[2022-05-02 16:56:30,203] {logging_mixin.py:109} INFO - Running <TaskInstance: gcs_to_bq_dag.bq_external_table_task manual__2022-05-02T16:54:02.970723+00:00 [running]> on host 9f5021834e17
[2022-05-02 16:56:30,696] {taskinstance.py:1426} INFO - Exporting the following env vars:
AIRFLOW_CTX_DAG_OWNER=***
AIRFLOW_CTX_DAG_ID=gcs_to_bq_dag
AIRFLOW_CTX_TASK_ID=bq_external_table_task
AIRFLOW_CTX_EXECUTION_DATE=2022-05-02T16:54:02.970723+00:00
AIRFLOW_CTX_DAG_RUN_ID=manual__2022-05-02T16:54:02.970723+00:00
[2022-05-02 16:56:30,701] {crypto.py:82} WARNING - empty cryptography key - values will not be stored encrypted.
[2022-05-02 16:56:31,998] {taskinstance.py:1277} INFO - Marking task as SUCCESS. dag_id=gcs_to_bq_dag, task_id=bq_external_table_task, execution_date=20220502T165402, start_date=20220502T165629, end_date=20220502T165631
[2022-05-02 16:56:32,059] {local_task_job.py:154} INFO - Task exited with return code 0
[2022-05-02 16:56:32,308] {local_task_job.py:264} INFO - 1 downstream tasks scheduled from follow-on schedule check
