[2022-04-28 06:13:16,699] {taskinstance.py:1043} INFO - Dependencies all met for <TaskInstance: data_ingestion_gcp_dag.rm_files_task scheduled__2018-01-01T00:00:00+00:00 [queued]>
[2022-04-28 06:13:16,744] {taskinstance.py:1043} INFO - Dependencies all met for <TaskInstance: data_ingestion_gcp_dag.rm_files_task scheduled__2018-01-01T00:00:00+00:00 [queued]>
[2022-04-28 06:13:16,746] {taskinstance.py:1249} INFO - 
--------------------------------------------------------------------------------
[2022-04-28 06:13:16,747] {taskinstance.py:1250} INFO - Starting attempt 1 of 2
[2022-04-28 06:13:16,748] {taskinstance.py:1251} INFO - 
--------------------------------------------------------------------------------
[2022-04-28 06:13:16,797] {taskinstance.py:1270} INFO - Executing <Task(BashOperator): rm_files_task> on 2018-01-01 00:00:00+00:00
[2022-04-28 06:13:16,806] {standard_task_runner.py:52} INFO - Started process 3281 to run task
[2022-04-28 06:13:16,815] {standard_task_runner.py:79} INFO - Running: ['***', 'tasks', 'run', 'data_ingestion_gcp_dag', 'rm_files_task', 'scheduled__2018-01-01T00:00:00+00:00', '--job-id', '613', '--raw', '--subdir', 'DAGS_FOLDER/ingest_to_gcs_dag.py', '--cfg-path', '/tmp/tmpm0k4qjvk', '--error-file', '/tmp/tmphatbql6b']
[2022-04-28 06:13:16,818] {standard_task_runner.py:80} INFO - Job 613: Subtask rm_files_task
[2022-04-28 06:13:17,296] {logging_mixin.py:109} INFO - Running <TaskInstance: data_ingestion_gcp_dag.rm_files_task scheduled__2018-01-01T00:00:00+00:00 [running]> on host d4721d223bdd
[2022-04-28 06:13:17,711] {logging_mixin.py:109} WARNING - /home/***/.local/lib/python3.7/site-packages/***/utils/context.py:156 AirflowContextDeprecationWarning: Accessing 'execution_date' from the template is deprecated and will be removed in a future version. Please use 'data_interval_start' or 'logical_date' instead.
[2022-04-28 06:13:17,967] {taskinstance.py:1448} INFO - Exporting the following env vars:
AIRFLOW_CTX_DAG_OWNER=***
AIRFLOW_CTX_DAG_ID=data_ingestion_gcp_dag
AIRFLOW_CTX_TASK_ID=rm_files_task
AIRFLOW_CTX_EXECUTION_DATE=2018-01-01T00:00:00+00:00
AIRFLOW_CTX_DAG_RUN_ID=scheduled__2018-01-01T00:00:00+00:00
[2022-04-28 06:13:17,972] {subprocess.py:62} INFO - Tmp dir root location: 
 /tmp
[2022-04-28 06:13:17,975] {subprocess.py:74} INFO - Running command: ['bash', '-c', 'rm /opt/***/laucnty18.xlsx /opt/***/us_employment_18.parquet']
[2022-04-28 06:13:17,994] {subprocess.py:85} INFO - Output:
[2022-04-28 06:13:18,062] {subprocess.py:93} INFO - Command exited with return code 0
[2022-04-28 06:13:18,270] {taskinstance.py:1288} INFO - Marking task as SUCCESS. dag_id=data_ingestion_gcp_dag, task_id=rm_files_task, execution_date=20180101T000000, start_date=20220428T061316, end_date=20220428T061318
[2022-04-28 06:13:18,355] {local_task_job.py:154} INFO - Task exited with return code 0
[2022-04-28 06:13:18,590] {local_task_job.py:264} INFO - 0 downstream tasks scheduled from follow-on schedule check
[2022-04-29 02:45:46,730] {taskinstance.py:1043} INFO - Dependencies all met for <TaskInstance: data_ingestion_gcp_dag.rm_files_task scheduled__2018-01-01T00:00:00+00:00 [queued]>
[2022-04-29 02:45:46,773] {taskinstance.py:1043} INFO - Dependencies all met for <TaskInstance: data_ingestion_gcp_dag.rm_files_task scheduled__2018-01-01T00:00:00+00:00 [queued]>
[2022-04-29 02:45:46,775] {taskinstance.py:1249} INFO - 
--------------------------------------------------------------------------------
[2022-04-29 02:45:46,776] {taskinstance.py:1250} INFO - Starting attempt 1 of 2
[2022-04-29 02:45:46,777] {taskinstance.py:1251} INFO - 
--------------------------------------------------------------------------------
[2022-04-29 02:45:46,823] {taskinstance.py:1270} INFO - Executing <Task(BashOperator): rm_files_task> on 2018-01-01 00:00:00+00:00
[2022-04-29 02:45:46,880] {standard_task_runner.py:52} INFO - Started process 7110 to run task
[2022-04-29 02:45:46,890] {standard_task_runner.py:79} INFO - Running: ['***', 'tasks', 'run', 'data_ingestion_gcp_dag', 'rm_files_task', 'scheduled__2018-01-01T00:00:00+00:00', '--job-id', '795', '--raw', '--subdir', 'DAGS_FOLDER/ingest_to_gcs_dag.py', '--cfg-path', '/tmp/tmpxendl2_n', '--error-file', '/tmp/tmpr11qx4vb']
[2022-04-29 02:45:46,893] {standard_task_runner.py:80} INFO - Job 795: Subtask rm_files_task
[2022-04-29 02:45:47,283] {logging_mixin.py:109} INFO - Running <TaskInstance: data_ingestion_gcp_dag.rm_files_task scheduled__2018-01-01T00:00:00+00:00 [running]> on host 6fd0ba274d58
[2022-04-29 02:45:47,543] {logging_mixin.py:109} WARNING - /home/***/.local/lib/python3.7/site-packages/***/utils/context.py:156 AirflowContextDeprecationWarning: Accessing 'execution_date' from the template is deprecated and will be removed in a future version. Please use 'data_interval_start' or 'logical_date' instead.
[2022-04-29 02:45:47,724] {taskinstance.py:1448} INFO - Exporting the following env vars:
AIRFLOW_CTX_DAG_OWNER=***
AIRFLOW_CTX_DAG_ID=data_ingestion_gcp_dag
AIRFLOW_CTX_TASK_ID=rm_files_task
AIRFLOW_CTX_EXECUTION_DATE=2018-01-01T00:00:00+00:00
AIRFLOW_CTX_DAG_RUN_ID=scheduled__2018-01-01T00:00:00+00:00
[2022-04-29 02:45:47,729] {subprocess.py:62} INFO - Tmp dir root location: 
 /tmp
[2022-04-29 02:45:47,731] {subprocess.py:74} INFO - Running command: ['bash', '-c', 'rm /opt/***/laucnty18.xlsx /opt/***/us_employment_2018.parquet']
[2022-04-29 02:45:47,749] {subprocess.py:85} INFO - Output:
[2022-04-29 02:45:47,813] {subprocess.py:93} INFO - Command exited with return code 0
[2022-04-29 02:45:48,015] {taskinstance.py:1288} INFO - Marking task as SUCCESS. dag_id=data_ingestion_gcp_dag, task_id=rm_files_task, execution_date=20180101T000000, start_date=20220429T024546, end_date=20220429T024548
[2022-04-29 02:45:48,101] {local_task_job.py:154} INFO - Task exited with return code 0
[2022-04-29 02:45:48,330] {local_task_job.py:264} INFO - 0 downstream tasks scheduled from follow-on schedule check
