[2022-05-02 16:27:49,464] {taskinstance.py:1032} INFO - Dependencies all met for <TaskInstance: gcs_to_bq_dag.rm_files_task manual__2022-05-02T16:02:24.903716+00:00 [queued]>
[2022-05-02 16:27:49,513] {taskinstance.py:1032} INFO - Dependencies all met for <TaskInstance: gcs_to_bq_dag.rm_files_task manual__2022-05-02T16:02:24.903716+00:00 [queued]>
[2022-05-02 16:27:49,515] {taskinstance.py:1238} INFO - 
--------------------------------------------------------------------------------
[2022-05-02 16:27:49,516] {taskinstance.py:1239} INFO - Starting attempt 1 of 2
[2022-05-02 16:27:49,518] {taskinstance.py:1240} INFO - 
--------------------------------------------------------------------------------
[2022-05-02 16:27:49,565] {taskinstance.py:1259} INFO - Executing <Task(BashOperator): rm_files_task> on 2022-05-02 16:02:24.903716+00:00
[2022-05-02 16:27:49,576] {standard_task_runner.py:52} INFO - Started process 5354 to run task
[2022-05-02 16:27:49,586] {standard_task_runner.py:76} INFO - Running: ['***', 'tasks', 'run', 'gcs_to_bq_dag', 'rm_files_task', 'manual__2022-05-02T16:02:24.903716+00:00', '--job-id', '1147', '--raw', '--subdir', 'DAGS_FOLDER/gcs_to_bq_task.py', '--cfg-path', '/tmp/tmpky_yxrmn', '--error-file', '/tmp/tmp4kor1cji']
[2022-05-02 16:27:49,589] {standard_task_runner.py:77} INFO - Job 1147: Subtask rm_files_task
[2022-05-02 16:27:49,954] {logging_mixin.py:109} INFO - Running <TaskInstance: gcs_to_bq_dag.rm_files_task manual__2022-05-02T16:02:24.903716+00:00 [running]> on host 9f5021834e17
[2022-05-02 16:27:50,427] {taskinstance.py:1426} INFO - Exporting the following env vars:
AIRFLOW_CTX_DAG_OWNER=***
AIRFLOW_CTX_DAG_ID=gcs_to_bq_dag
AIRFLOW_CTX_TASK_ID=rm_files_task
AIRFLOW_CTX_EXECUTION_DATE=2022-05-02T16:02:24.903716+00:00
AIRFLOW_CTX_DAG_RUN_ID=manual__2022-05-02T16:02:24.903716+00:00
[2022-05-02 16:27:50,432] {subprocess.py:62} INFO - Tmp dir root location: 
 /tmp
[2022-05-02 16:27:50,434] {subprocess.py:74} INFO - Running command: ['bash', '-c', 'rm /opt/***/*.xlsx /opt/***/us_employment_*.parquet']
[2022-05-02 16:27:50,452] {subprocess.py:85} INFO - Output:
[2022-05-02 16:27:50,548] {subprocess.py:93} INFO - Command exited with return code 0
[2022-05-02 16:27:50,765] {taskinstance.py:1277} INFO - Marking task as SUCCESS. dag_id=gcs_to_bq_dag, task_id=rm_files_task, execution_date=20220502T160224, start_date=20220502T162749, end_date=20220502T162750
[2022-05-02 16:27:50,856] {local_task_job.py:154} INFO - Task exited with return code 0
[2022-05-02 16:27:51,078] {local_task_job.py:264} INFO - 0 downstream tasks scheduled from follow-on schedule check
