[2022-05-02 15:59:00,620] {taskinstance.py:1032} INFO - Dependencies all met for <TaskInstance: data_ingestion_gcp_dag.format_xl_to_pq_task scheduled__2007-01-01T00:00:00+00:00 [queued]>
[2022-05-02 15:59:00,673] {taskinstance.py:1032} INFO - Dependencies all met for <TaskInstance: data_ingestion_gcp_dag.format_xl_to_pq_task scheduled__2007-01-01T00:00:00+00:00 [queued]>
[2022-05-02 15:59:00,675] {taskinstance.py:1238} INFO - 
--------------------------------------------------------------------------------
[2022-05-02 15:59:00,676] {taskinstance.py:1239} INFO - Starting attempt 1 of 2
[2022-05-02 15:59:00,678] {taskinstance.py:1240} INFO - 
--------------------------------------------------------------------------------
[2022-05-02 15:59:00,732] {taskinstance.py:1259} INFO - Executing <Task(PythonOperator): format_xl_to_pq_task> on 2007-01-01 00:00:00+00:00
[2022-05-02 15:59:00,743] {standard_task_runner.py:52} INFO - Started process 1947 to run task
[2022-05-02 15:59:00,764] {standard_task_runner.py:76} INFO - Running: ['***', 'tasks', 'run', 'data_ingestion_gcp_dag', 'format_xl_to_pq_task', 'scheduled__2007-01-01T00:00:00+00:00', '--job-id', '1092', '--raw', '--subdir', 'DAGS_FOLDER/ingest_to_gcs_dag.py', '--cfg-path', '/tmp/tmp7c241pqy', '--error-file', '/tmp/tmpgb9i89ka']
[2022-05-02 15:59:00,769] {standard_task_runner.py:77} INFO - Job 1092: Subtask format_xl_to_pq_task
[2022-05-02 15:59:01,298] {logging_mixin.py:109} INFO - Running <TaskInstance: data_ingestion_gcp_dag.format_xl_to_pq_task scheduled__2007-01-01T00:00:00+00:00 [running]> on host 9f5021834e17
[2022-05-02 15:59:01,720] {logging_mixin.py:109} WARNING - /home/***/.local/lib/python3.7/site-packages/***/utils/context.py:152 AirflowContextDeprecationWarning: Accessing 'execution_date' from the template is deprecated and will be removed in a future version. Please use 'data_interval_start' or 'logical_date' instead.
[2022-05-02 15:59:01,962] {taskinstance.py:1426} INFO - Exporting the following env vars:
AIRFLOW_CTX_DAG_OWNER=***
AIRFLOW_CTX_DAG_ID=data_ingestion_gcp_dag
AIRFLOW_CTX_TASK_ID=format_xl_to_pq_task
AIRFLOW_CTX_EXECUTION_DATE=2007-01-01T00:00:00+00:00
AIRFLOW_CTX_DAG_RUN_ID=scheduled__2007-01-01T00:00:00+00:00
[2022-05-02 15:59:08,196] {python.py:175} INFO - Done. Returned value was: None
[2022-05-02 15:59:08,299] {taskinstance.py:1277} INFO - Marking task as SUCCESS. dag_id=data_ingestion_gcp_dag, task_id=format_xl_to_pq_task, execution_date=20070101T000000, start_date=20220502T155900, end_date=20220502T155908
[2022-05-02 15:59:08,397] {local_task_job.py:154} INFO - Task exited with return code 0
[2022-05-02 15:59:08,657] {local_task_job.py:264} INFO - 1 downstream tasks scheduled from follow-on schedule check
[2022-05-02 16:34:12,346] {taskinstance.py:1032} INFO - Dependencies all met for <TaskInstance: data_ingestion_gcp_dag.format_xl_to_pq_task scheduled__2007-01-01T00:00:00+00:00 [queued]>
[2022-05-02 16:34:12,394] {taskinstance.py:1032} INFO - Dependencies all met for <TaskInstance: data_ingestion_gcp_dag.format_xl_to_pq_task scheduled__2007-01-01T00:00:00+00:00 [queued]>
[2022-05-02 16:34:12,396] {taskinstance.py:1238} INFO - 
--------------------------------------------------------------------------------
[2022-05-02 16:34:12,398] {taskinstance.py:1239} INFO - Starting attempt 1 of 2
[2022-05-02 16:34:12,401] {taskinstance.py:1240} INFO - 
--------------------------------------------------------------------------------
[2022-05-02 16:34:12,452] {taskinstance.py:1259} INFO - Executing <Task(PythonOperator): format_xl_to_pq_task> on 2007-01-01 00:00:00+00:00
[2022-05-02 16:34:12,465] {standard_task_runner.py:52} INFO - Started process 6544 to run task
[2022-05-02 16:34:12,475] {standard_task_runner.py:76} INFO - Running: ['***', 'tasks', 'run', 'data_ingestion_gcp_dag', 'format_xl_to_pq_task', 'scheduled__2007-01-01T00:00:00+00:00', '--job-id', '1200', '--raw', '--subdir', 'DAGS_FOLDER/ingest_to_gcs_dag.py', '--cfg-path', '/tmp/tmpvghmo7l3', '--error-file', '/tmp/tmp6xi3r4tw']
[2022-05-02 16:34:12,479] {standard_task_runner.py:77} INFO - Job 1200: Subtask format_xl_to_pq_task
[2022-05-02 16:34:12,949] {logging_mixin.py:109} INFO - Running <TaskInstance: data_ingestion_gcp_dag.format_xl_to_pq_task scheduled__2007-01-01T00:00:00+00:00 [running]> on host 9f5021834e17
[2022-05-02 16:34:13,256] {logging_mixin.py:109} WARNING - /home/***/.local/lib/python3.7/site-packages/***/utils/context.py:152 AirflowContextDeprecationWarning: Accessing 'execution_date' from the template is deprecated and will be removed in a future version. Please use 'data_interval_start' or 'logical_date' instead.
[2022-05-02 16:34:13,463] {taskinstance.py:1426} INFO - Exporting the following env vars:
AIRFLOW_CTX_DAG_OWNER=***
AIRFLOW_CTX_DAG_ID=data_ingestion_gcp_dag
AIRFLOW_CTX_TASK_ID=format_xl_to_pq_task
AIRFLOW_CTX_EXECUTION_DATE=2007-01-01T00:00:00+00:00
AIRFLOW_CTX_DAG_RUN_ID=scheduled__2007-01-01T00:00:00+00:00
[2022-05-02 16:34:20,493] {python.py:175} INFO - Done. Returned value was: None
[2022-05-02 16:34:20,609] {taskinstance.py:1277} INFO - Marking task as SUCCESS. dag_id=data_ingestion_gcp_dag, task_id=format_xl_to_pq_task, execution_date=20070101T000000, start_date=20220502T163412, end_date=20220502T163420
[2022-05-02 16:34:20,714] {local_task_job.py:154} INFO - Task exited with return code 0
[2022-05-02 16:34:21,133] {local_task_job.py:264} INFO - 0 downstream tasks scheduled from follow-on schedule check
[2022-05-02 16:49:47,432] {taskinstance.py:1032} INFO - Dependencies all met for <TaskInstance: data_ingestion_gcp_dag.format_xl_to_pq_task scheduled__2007-01-01T00:00:00+00:00 [queued]>
[2022-05-02 16:49:47,480] {taskinstance.py:1032} INFO - Dependencies all met for <TaskInstance: data_ingestion_gcp_dag.format_xl_to_pq_task scheduled__2007-01-01T00:00:00+00:00 [queued]>
[2022-05-02 16:49:47,482] {taskinstance.py:1238} INFO - 
--------------------------------------------------------------------------------
[2022-05-02 16:49:47,484] {taskinstance.py:1239} INFO - Starting attempt 1 of 2
[2022-05-02 16:49:47,485] {taskinstance.py:1240} INFO - 
--------------------------------------------------------------------------------
[2022-05-02 16:49:47,533] {taskinstance.py:1259} INFO - Executing <Task(PythonOperator): format_xl_to_pq_task> on 2007-01-01 00:00:00+00:00
[2022-05-02 16:49:47,546] {standard_task_runner.py:52} INFO - Started process 9336 to run task
[2022-05-02 16:49:47,554] {standard_task_runner.py:76} INFO - Running: ['***', 'tasks', 'run', 'data_ingestion_gcp_dag', 'format_xl_to_pq_task', 'scheduled__2007-01-01T00:00:00+00:00', '--job-id', '1304', '--raw', '--subdir', 'DAGS_FOLDER/ingest_to_gcs_dag.py', '--cfg-path', '/tmp/tmppdo742g6', '--error-file', '/tmp/tmp_5gko4fs']
[2022-05-02 16:49:47,558] {standard_task_runner.py:77} INFO - Job 1304: Subtask format_xl_to_pq_task
[2022-05-02 16:49:47,950] {logging_mixin.py:109} INFO - Running <TaskInstance: data_ingestion_gcp_dag.format_xl_to_pq_task scheduled__2007-01-01T00:00:00+00:00 [running]> on host 9f5021834e17
[2022-05-02 16:49:48,315] {logging_mixin.py:109} WARNING - /home/***/.local/lib/python3.7/site-packages/***/utils/context.py:152 AirflowContextDeprecationWarning: Accessing 'execution_date' from the template is deprecated and will be removed in a future version. Please use 'data_interval_start' or 'logical_date' instead.
[2022-05-02 16:49:48,538] {taskinstance.py:1426} INFO - Exporting the following env vars:
AIRFLOW_CTX_DAG_OWNER=***
AIRFLOW_CTX_DAG_ID=data_ingestion_gcp_dag
AIRFLOW_CTX_TASK_ID=format_xl_to_pq_task
AIRFLOW_CTX_EXECUTION_DATE=2007-01-01T00:00:00+00:00
AIRFLOW_CTX_DAG_RUN_ID=scheduled__2007-01-01T00:00:00+00:00
[2022-05-02 16:49:55,622] {python.py:175} INFO - Done. Returned value was: None
[2022-05-02 16:49:55,756] {taskinstance.py:1277} INFO - Marking task as SUCCESS. dag_id=data_ingestion_gcp_dag, task_id=format_xl_to_pq_task, execution_date=20070101T000000, start_date=20220502T164947, end_date=20220502T164955
[2022-05-02 16:49:55,845] {local_task_job.py:154} INFO - Task exited with return code 0
[2022-05-02 16:49:56,082] {local_task_job.py:264} INFO - 1 downstream tasks scheduled from follow-on schedule check
