[2022-05-02 15:55:45,438] {taskinstance.py:1032} INFO - Dependencies all met for <TaskInstance: data_ingestion_gcp_dag.format_xl_to_pq_task scheduled__1995-01-01T00:00:00+00:00 [queued]>
[2022-05-02 15:55:45,482] {taskinstance.py:1032} INFO - Dependencies all met for <TaskInstance: data_ingestion_gcp_dag.format_xl_to_pq_task scheduled__1995-01-01T00:00:00+00:00 [queued]>
[2022-05-02 15:55:45,484] {taskinstance.py:1238} INFO - 
--------------------------------------------------------------------------------
[2022-05-02 15:55:45,485] {taskinstance.py:1239} INFO - Starting attempt 1 of 2
[2022-05-02 15:55:45,487] {taskinstance.py:1240} INFO - 
--------------------------------------------------------------------------------
[2022-05-02 15:55:45,533] {taskinstance.py:1259} INFO - Executing <Task(PythonOperator): format_xl_to_pq_task> on 1995-01-01 00:00:00+00:00
[2022-05-02 15:55:45,544] {standard_task_runner.py:52} INFO - Started process 1242 to run task
[2022-05-02 15:55:45,552] {standard_task_runner.py:76} INFO - Running: ['***', 'tasks', 'run', 'data_ingestion_gcp_dag', 'format_xl_to_pq_task', 'scheduled__1995-01-01T00:00:00+00:00', '--job-id', '1056', '--raw', '--subdir', 'DAGS_FOLDER/ingest_to_gcs_dag.py', '--cfg-path', '/tmp/tmpbrzteilj', '--error-file', '/tmp/tmpodoo8mop']
[2022-05-02 15:55:45,555] {standard_task_runner.py:77} INFO - Job 1056: Subtask format_xl_to_pq_task
[2022-05-02 15:55:45,954] {logging_mixin.py:109} INFO - Running <TaskInstance: data_ingestion_gcp_dag.format_xl_to_pq_task scheduled__1995-01-01T00:00:00+00:00 [running]> on host 9f5021834e17
[2022-05-02 15:55:46,286] {logging_mixin.py:109} WARNING - /home/***/.local/lib/python3.7/site-packages/***/utils/context.py:152 AirflowContextDeprecationWarning: Accessing 'execution_date' from the template is deprecated and will be removed in a future version. Please use 'data_interval_start' or 'logical_date' instead.
[2022-05-02 15:55:46,523] {taskinstance.py:1426} INFO - Exporting the following env vars:
AIRFLOW_CTX_DAG_OWNER=***
AIRFLOW_CTX_DAG_ID=data_ingestion_gcp_dag
AIRFLOW_CTX_TASK_ID=format_xl_to_pq_task
AIRFLOW_CTX_EXECUTION_DATE=1995-01-01T00:00:00+00:00
AIRFLOW_CTX_DAG_RUN_ID=scheduled__1995-01-01T00:00:00+00:00
[2022-05-02 15:55:52,297] {python.py:175} INFO - Done. Returned value was: None
[2022-05-02 15:55:52,411] {taskinstance.py:1277} INFO - Marking task as SUCCESS. dag_id=data_ingestion_gcp_dag, task_id=format_xl_to_pq_task, execution_date=19950101T000000, start_date=20220502T155545, end_date=20220502T155552
[2022-05-02 15:55:52,506] {local_task_job.py:154} INFO - Task exited with return code 0
[2022-05-02 15:55:52,760] {local_task_job.py:264} INFO - 1 downstream tasks scheduled from follow-on schedule check
[2022-05-02 16:30:52,845] {taskinstance.py:1032} INFO - Dependencies all met for <TaskInstance: data_ingestion_gcp_dag.format_xl_to_pq_task scheduled__1995-01-01T00:00:00+00:00 [queued]>
[2022-05-02 16:30:52,892] {taskinstance.py:1032} INFO - Dependencies all met for <TaskInstance: data_ingestion_gcp_dag.format_xl_to_pq_task scheduled__1995-01-01T00:00:00+00:00 [queued]>
[2022-05-02 16:30:52,894] {taskinstance.py:1238} INFO - 
--------------------------------------------------------------------------------
[2022-05-02 16:30:52,895] {taskinstance.py:1239} INFO - Starting attempt 1 of 2
[2022-05-02 16:30:52,897] {taskinstance.py:1240} INFO - 
--------------------------------------------------------------------------------
[2022-05-02 16:30:52,945] {taskinstance.py:1259} INFO - Executing <Task(PythonOperator): format_xl_to_pq_task> on 1995-01-01 00:00:00+00:00
[2022-05-02 16:30:52,958] {standard_task_runner.py:52} INFO - Started process 5828 to run task
[2022-05-02 16:30:52,978] {standard_task_runner.py:76} INFO - Running: ['***', 'tasks', 'run', 'data_ingestion_gcp_dag', 'format_xl_to_pq_task', 'scheduled__1995-01-01T00:00:00+00:00', '--job-id', '1164', '--raw', '--subdir', 'DAGS_FOLDER/ingest_to_gcs_dag.py', '--cfg-path', '/tmp/tmpfsztxxte', '--error-file', '/tmp/tmp06j3i3ka']
[2022-05-02 16:30:52,982] {standard_task_runner.py:77} INFO - Job 1164: Subtask format_xl_to_pq_task
[2022-05-02 16:30:53,382] {logging_mixin.py:109} INFO - Running <TaskInstance: data_ingestion_gcp_dag.format_xl_to_pq_task scheduled__1995-01-01T00:00:00+00:00 [running]> on host 9f5021834e17
[2022-05-02 16:30:53,660] {logging_mixin.py:109} WARNING - /home/***/.local/lib/python3.7/site-packages/***/utils/context.py:152 AirflowContextDeprecationWarning: Accessing 'execution_date' from the template is deprecated and will be removed in a future version. Please use 'data_interval_start' or 'logical_date' instead.
[2022-05-02 16:30:53,897] {taskinstance.py:1426} INFO - Exporting the following env vars:
AIRFLOW_CTX_DAG_OWNER=***
AIRFLOW_CTX_DAG_ID=data_ingestion_gcp_dag
AIRFLOW_CTX_TASK_ID=format_xl_to_pq_task
AIRFLOW_CTX_EXECUTION_DATE=1995-01-01T00:00:00+00:00
AIRFLOW_CTX_DAG_RUN_ID=scheduled__1995-01-01T00:00:00+00:00
[2022-05-02 16:31:00,933] {python.py:175} INFO - Done. Returned value was: None
[2022-05-02 16:31:01,064] {taskinstance.py:1277} INFO - Marking task as SUCCESS. dag_id=data_ingestion_gcp_dag, task_id=format_xl_to_pq_task, execution_date=19950101T000000, start_date=20220502T163052, end_date=20220502T163101
[2022-05-02 16:31:01,150] {local_task_job.py:154} INFO - Task exited with return code 0
[2022-05-02 16:31:01,419] {local_task_job.py:264} INFO - 1 downstream tasks scheduled from follow-on schedule check
[2022-05-02 16:46:28,659] {taskinstance.py:1032} INFO - Dependencies all met for <TaskInstance: data_ingestion_gcp_dag.format_xl_to_pq_task scheduled__1995-01-01T00:00:00+00:00 [queued]>
[2022-05-02 16:46:28,711] {taskinstance.py:1032} INFO - Dependencies all met for <TaskInstance: data_ingestion_gcp_dag.format_xl_to_pq_task scheduled__1995-01-01T00:00:00+00:00 [queued]>
[2022-05-02 16:46:28,713] {taskinstance.py:1238} INFO - 
--------------------------------------------------------------------------------
[2022-05-02 16:46:28,715] {taskinstance.py:1239} INFO - Starting attempt 1 of 2
[2022-05-02 16:46:28,717] {taskinstance.py:1240} INFO - 
--------------------------------------------------------------------------------
[2022-05-02 16:46:28,765] {taskinstance.py:1259} INFO - Executing <Task(PythonOperator): format_xl_to_pq_task> on 1995-01-01 00:00:00+00:00
[2022-05-02 16:46:28,776] {standard_task_runner.py:52} INFO - Started process 8646 to run task
[2022-05-02 16:46:28,792] {standard_task_runner.py:76} INFO - Running: ['***', 'tasks', 'run', 'data_ingestion_gcp_dag', 'format_xl_to_pq_task', 'scheduled__1995-01-01T00:00:00+00:00', '--job-id', '1268', '--raw', '--subdir', 'DAGS_FOLDER/ingest_to_gcs_dag.py', '--cfg-path', '/tmp/tmpa48i5edv', '--error-file', '/tmp/tmp8a55m1iz']
[2022-05-02 16:46:28,795] {standard_task_runner.py:77} INFO - Job 1268: Subtask format_xl_to_pq_task
[2022-05-02 16:46:29,195] {logging_mixin.py:109} INFO - Running <TaskInstance: data_ingestion_gcp_dag.format_xl_to_pq_task scheduled__1995-01-01T00:00:00+00:00 [running]> on host 9f5021834e17
[2022-05-02 16:46:29,535] {logging_mixin.py:109} WARNING - /home/***/.local/lib/python3.7/site-packages/***/utils/context.py:152 AirflowContextDeprecationWarning: Accessing 'execution_date' from the template is deprecated and will be removed in a future version. Please use 'data_interval_start' or 'logical_date' instead.
[2022-05-02 16:46:29,804] {taskinstance.py:1426} INFO - Exporting the following env vars:
AIRFLOW_CTX_DAG_OWNER=***
AIRFLOW_CTX_DAG_ID=data_ingestion_gcp_dag
AIRFLOW_CTX_TASK_ID=format_xl_to_pq_task
AIRFLOW_CTX_EXECUTION_DATE=1995-01-01T00:00:00+00:00
AIRFLOW_CTX_DAG_RUN_ID=scheduled__1995-01-01T00:00:00+00:00
[2022-05-02 16:46:36,007] {python.py:175} INFO - Done. Returned value was: None
[2022-05-02 16:46:36,204] {taskinstance.py:1277} INFO - Marking task as SUCCESS. dag_id=data_ingestion_gcp_dag, task_id=format_xl_to_pq_task, execution_date=19950101T000000, start_date=20220502T164628, end_date=20220502T164636
[2022-05-02 16:46:36,288] {local_task_job.py:154} INFO - Task exited with return code 0
[2022-05-02 16:46:36,542] {local_task_job.py:264} INFO - 1 downstream tasks scheduled from follow-on schedule check
