[2022-04-28 06:03:34,914] {taskinstance.py:1043} INFO - Dependencies all met for <TaskInstance: data_ingestion_gcp_dag.local_to_gcs_task scheduled__1996-01-01T00:00:00+00:00 [queued]>
[2022-04-28 06:03:34,965] {taskinstance.py:1043} INFO - Dependencies all met for <TaskInstance: data_ingestion_gcp_dag.local_to_gcs_task scheduled__1996-01-01T00:00:00+00:00 [queued]>
[2022-04-28 06:03:34,967] {taskinstance.py:1249} INFO - 
--------------------------------------------------------------------------------
[2022-04-28 06:03:34,969] {taskinstance.py:1250} INFO - Starting attempt 1 of 2
[2022-04-28 06:03:34,971] {taskinstance.py:1251} INFO - 
--------------------------------------------------------------------------------
[2022-04-28 06:03:35,023] {taskinstance.py:1270} INFO - Executing <Task(PythonOperator): local_to_gcs_task> on 1996-01-01 00:00:00+00:00
[2022-04-28 06:03:35,035] {standard_task_runner.py:52} INFO - Started process 1419 to run task
[2022-04-28 06:03:35,051] {standard_task_runner.py:79} INFO - Running: ['***', 'tasks', 'run', 'data_ingestion_gcp_dag', 'local_to_gcs_task', 'scheduled__1996-01-01T00:00:00+00:00', '--job-id', '508', '--raw', '--subdir', 'DAGS_FOLDER/ingest_to_gcs_dag.py', '--cfg-path', '/tmp/tmp67nxni1y', '--error-file', '/tmp/tmp5w4g8mr0']
[2022-04-28 06:03:35,055] {standard_task_runner.py:80} INFO - Job 508: Subtask local_to_gcs_task
[2022-04-28 06:03:35,589] {logging_mixin.py:109} INFO - Running <TaskInstance: data_ingestion_gcp_dag.local_to_gcs_task scheduled__1996-01-01T00:00:00+00:00 [running]> on host d4721d223bdd
[2022-04-28 06:03:36,342] {logging_mixin.py:109} WARNING - /home/***/.local/lib/python3.7/site-packages/***/utils/context.py:156 AirflowContextDeprecationWarning: Accessing 'execution_date' from the template is deprecated and will be removed in a future version. Please use 'data_interval_start' or 'logical_date' instead.
[2022-04-28 06:03:36,613] {taskinstance.py:1448} INFO - Exporting the following env vars:
AIRFLOW_CTX_DAG_OWNER=***
AIRFLOW_CTX_DAG_ID=data_ingestion_gcp_dag
AIRFLOW_CTX_TASK_ID=local_to_gcs_task
AIRFLOW_CTX_EXECUTION_DATE=1996-01-01T00:00:00+00:00
AIRFLOW_CTX_DAG_RUN_ID=scheduled__1996-01-01T00:00:00+00:00
[2022-04-28 06:03:38,219] {python.py:175} INFO - Done. Returned value was: None
[2022-04-28 06:03:38,390] {taskinstance.py:1288} INFO - Marking task as SUCCESS. dag_id=data_ingestion_gcp_dag, task_id=local_to_gcs_task, execution_date=19960101T000000, start_date=20220428T060334, end_date=20220428T060338
[2022-04-28 06:03:38,475] {local_task_job.py:154} INFO - Task exited with return code 0
[2022-04-28 06:03:38,726] {local_task_job.py:264} INFO - 1 downstream tasks scheduled from follow-on schedule check
[2022-04-29 02:33:00,842] {taskinstance.py:1043} INFO - Dependencies all met for <TaskInstance: data_ingestion_gcp_dag.local_to_gcs_task scheduled__1996-01-01T00:00:00+00:00 [queued]>
[2022-04-29 02:33:00,885] {taskinstance.py:1043} INFO - Dependencies all met for <TaskInstance: data_ingestion_gcp_dag.local_to_gcs_task scheduled__1996-01-01T00:00:00+00:00 [queued]>
[2022-04-29 02:33:00,886] {taskinstance.py:1249} INFO - 
--------------------------------------------------------------------------------
[2022-04-29 02:33:00,888] {taskinstance.py:1250} INFO - Starting attempt 1 of 2
[2022-04-29 02:33:00,889] {taskinstance.py:1251} INFO - 
--------------------------------------------------------------------------------
[2022-04-29 02:33:00,932] {taskinstance.py:1270} INFO - Executing <Task(PythonOperator): local_to_gcs_task> on 1996-01-01 00:00:00+00:00
[2022-04-29 02:33:00,941] {standard_task_runner.py:52} INFO - Started process 4904 to run task
[2022-04-29 02:33:00,950] {standard_task_runner.py:79} INFO - Running: ['***', 'tasks', 'run', 'data_ingestion_gcp_dag', 'local_to_gcs_task', 'scheduled__1996-01-01T00:00:00+00:00', '--job-id', '686', '--raw', '--subdir', 'DAGS_FOLDER/ingest_to_gcs_dag.py', '--cfg-path', '/tmp/tmpvgpsc76q', '--error-file', '/tmp/tmpuv1kgmzf']
[2022-04-29 02:33:00,952] {standard_task_runner.py:80} INFO - Job 686: Subtask local_to_gcs_task
[2022-04-29 02:33:01,304] {logging_mixin.py:109} INFO - Running <TaskInstance: data_ingestion_gcp_dag.local_to_gcs_task scheduled__1996-01-01T00:00:00+00:00 [running]> on host 6fd0ba274d58
[2022-04-29 02:33:01,601] {logging_mixin.py:109} WARNING - /home/***/.local/lib/python3.7/site-packages/***/utils/context.py:156 AirflowContextDeprecationWarning: Accessing 'execution_date' from the template is deprecated and will be removed in a future version. Please use 'data_interval_start' or 'logical_date' instead.
[2022-04-29 02:33:01,785] {taskinstance.py:1448} INFO - Exporting the following env vars:
AIRFLOW_CTX_DAG_OWNER=***
AIRFLOW_CTX_DAG_ID=data_ingestion_gcp_dag
AIRFLOW_CTX_TASK_ID=local_to_gcs_task
AIRFLOW_CTX_EXECUTION_DATE=1996-01-01T00:00:00+00:00
AIRFLOW_CTX_DAG_RUN_ID=scheduled__1996-01-01T00:00:00+00:00
[2022-04-29 02:33:03,518] {python.py:175} INFO - Done. Returned value was: None
[2022-04-29 02:33:03,633] {taskinstance.py:1288} INFO - Marking task as SUCCESS. dag_id=data_ingestion_gcp_dag, task_id=local_to_gcs_task, execution_date=19960101T000000, start_date=20220429T023300, end_date=20220429T023303
[2022-04-29 02:33:03,696] {local_task_job.py:154} INFO - Task exited with return code 0
[2022-04-29 02:33:03,921] {local_task_job.py:264} INFO - 1 downstream tasks scheduled from follow-on schedule check
[2022-05-02 07:53:30,255] {taskinstance.py:1032} INFO - Dependencies all met for <TaskInstance: data_ingestion_gcp_dag.local_to_gcs_task scheduled__1996-01-01T00:00:00+00:00 [queued]>
[2022-05-02 07:53:30,294] {taskinstance.py:1032} INFO - Dependencies all met for <TaskInstance: data_ingestion_gcp_dag.local_to_gcs_task scheduled__1996-01-01T00:00:00+00:00 [queued]>
[2022-05-02 07:53:30,295] {taskinstance.py:1238} INFO - 
--------------------------------------------------------------------------------
[2022-05-02 07:53:30,297] {taskinstance.py:1239} INFO - Starting attempt 1 of 2
[2022-05-02 07:53:30,298] {taskinstance.py:1240} INFO - 
--------------------------------------------------------------------------------
[2022-05-02 07:53:30,339] {taskinstance.py:1259} INFO - Executing <Task(PythonOperator): local_to_gcs_task> on 1996-01-01 00:00:00+00:00
[2022-05-02 07:53:30,348] {standard_task_runner.py:52} INFO - Started process 8993 to run task
[2022-05-02 07:53:30,356] {standard_task_runner.py:76} INFO - Running: ['***', 'tasks', 'run', 'data_ingestion_gcp_dag', 'local_to_gcs_task', 'scheduled__1996-01-01T00:00:00+00:00', '--job-id', '844', '--raw', '--subdir', 'DAGS_FOLDER/ingest_to_gcs_dag.py', '--cfg-path', '/tmp/tmpyp1g4tzq', '--error-file', '/tmp/tmpzvc0p7on']
[2022-05-02 07:53:30,359] {standard_task_runner.py:77} INFO - Job 844: Subtask local_to_gcs_task
[2022-05-02 07:53:30,705] {logging_mixin.py:109} INFO - Running <TaskInstance: data_ingestion_gcp_dag.local_to_gcs_task scheduled__1996-01-01T00:00:00+00:00 [running]> on host ae42322ae538
[2022-05-02 07:53:30,951] {logging_mixin.py:109} WARNING - /home/***/.local/lib/python3.7/site-packages/***/utils/context.py:152 AirflowContextDeprecationWarning: Accessing 'execution_date' from the template is deprecated and will be removed in a future version. Please use 'data_interval_start' or 'logical_date' instead.
[2022-05-02 07:53:31,139] {taskinstance.py:1426} INFO - Exporting the following env vars:
AIRFLOW_CTX_DAG_OWNER=***
AIRFLOW_CTX_DAG_ID=data_ingestion_gcp_dag
AIRFLOW_CTX_TASK_ID=local_to_gcs_task
AIRFLOW_CTX_EXECUTION_DATE=1996-01-01T00:00:00+00:00
AIRFLOW_CTX_DAG_RUN_ID=scheduled__1996-01-01T00:00:00+00:00
[2022-05-02 07:53:31,881] {python.py:175} INFO - Done. Returned value was: None
[2022-05-02 07:53:32,006] {taskinstance.py:1277} INFO - Marking task as SUCCESS. dag_id=data_ingestion_gcp_dag, task_id=local_to_gcs_task, execution_date=19960101T000000, start_date=20220502T075330, end_date=20220502T075332
[2022-05-02 07:53:32,083] {local_task_job.py:154} INFO - Task exited with return code 0
[2022-05-02 07:53:32,300] {local_task_job.py:264} INFO - 0 downstream tasks scheduled from follow-on schedule check
[2022-05-02 09:15:27,350] {taskinstance.py:1032} INFO - Dependencies all met for <TaskInstance: data_ingestion_gcp_dag.local_to_gcs_task scheduled__1996-01-01T00:00:00+00:00 [queued]>
[2022-05-02 09:15:27,398] {taskinstance.py:1032} INFO - Dependencies all met for <TaskInstance: data_ingestion_gcp_dag.local_to_gcs_task scheduled__1996-01-01T00:00:00+00:00 [queued]>
[2022-05-02 09:15:27,399] {taskinstance.py:1238} INFO - 
--------------------------------------------------------------------------------
[2022-05-02 09:15:27,401] {taskinstance.py:1239} INFO - Starting attempt 1 of 2
[2022-05-02 09:15:27,402] {taskinstance.py:1240} INFO - 
--------------------------------------------------------------------------------
[2022-05-02 09:15:27,451] {taskinstance.py:1259} INFO - Executing <Task(PythonOperator): local_to_gcs_task> on 1996-01-01 00:00:00+00:00
[2022-05-02 09:15:27,460] {standard_task_runner.py:52} INFO - Started process 2268 to run task
[2022-05-02 09:15:27,469] {standard_task_runner.py:76} INFO - Running: ['***', 'tasks', 'run', 'data_ingestion_gcp_dag', 'local_to_gcs_task', 'scheduled__1996-01-01T00:00:00+00:00', '--job-id', '964', '--raw', '--subdir', 'DAGS_FOLDER/ingest_to_gcs_dag.py', '--cfg-path', '/tmp/tmpymuuj1fe', '--error-file', '/tmp/tmp2bifnruw']
[2022-05-02 09:15:27,471] {standard_task_runner.py:77} INFO - Job 964: Subtask local_to_gcs_task
[2022-05-02 09:15:27,846] {logging_mixin.py:109} INFO - Running <TaskInstance: data_ingestion_gcp_dag.local_to_gcs_task scheduled__1996-01-01T00:00:00+00:00 [running]> on host 98c324cf1bb6
[2022-05-02 09:15:28,110] {logging_mixin.py:109} WARNING - /home/***/.local/lib/python3.7/site-packages/***/utils/context.py:152 AirflowContextDeprecationWarning: Accessing 'execution_date' from the template is deprecated and will be removed in a future version. Please use 'data_interval_start' or 'logical_date' instead.
[2022-05-02 09:15:28,298] {taskinstance.py:1426} INFO - Exporting the following env vars:
AIRFLOW_CTX_DAG_OWNER=***
AIRFLOW_CTX_DAG_ID=data_ingestion_gcp_dag
AIRFLOW_CTX_TASK_ID=local_to_gcs_task
AIRFLOW_CTX_EXECUTION_DATE=1996-01-01T00:00:00+00:00
AIRFLOW_CTX_DAG_RUN_ID=scheduled__1996-01-01T00:00:00+00:00
[2022-05-02 09:15:29,068] {python.py:175} INFO - Done. Returned value was: None
[2022-05-02 09:15:29,370] {taskinstance.py:1277} INFO - Marking task as SUCCESS. dag_id=data_ingestion_gcp_dag, task_id=local_to_gcs_task, execution_date=19960101T000000, start_date=20220502T091527, end_date=20220502T091529
[2022-05-02 09:15:29,469] {local_task_job.py:154} INFO - Task exited with return code 0
[2022-05-02 09:15:29,728] {local_task_job.py:264} INFO - 0 downstream tasks scheduled from follow-on schedule check
[2022-05-02 15:56:39,488] {taskinstance.py:1032} INFO - Dependencies all met for <TaskInstance: data_ingestion_gcp_dag.local_to_gcs_task scheduled__1996-01-01T00:00:00+00:00 [queued]>
[2022-05-02 15:56:39,534] {taskinstance.py:1032} INFO - Dependencies all met for <TaskInstance: data_ingestion_gcp_dag.local_to_gcs_task scheduled__1996-01-01T00:00:00+00:00 [queued]>
[2022-05-02 15:56:39,536] {taskinstance.py:1238} INFO - 
--------------------------------------------------------------------------------
[2022-05-02 15:56:39,537] {taskinstance.py:1239} INFO - Starting attempt 1 of 2
[2022-05-02 15:56:39,538] {taskinstance.py:1240} INFO - 
--------------------------------------------------------------------------------
[2022-05-02 15:56:39,587] {taskinstance.py:1259} INFO - Executing <Task(PythonOperator): local_to_gcs_task> on 1996-01-01 00:00:00+00:00
[2022-05-02 15:56:39,596] {standard_task_runner.py:52} INFO - Started process 1412 to run task
[2022-05-02 15:56:39,604] {standard_task_runner.py:76} INFO - Running: ['***', 'tasks', 'run', 'data_ingestion_gcp_dag', 'local_to_gcs_task', 'scheduled__1996-01-01T00:00:00+00:00', '--job-id', '1065', '--raw', '--subdir', 'DAGS_FOLDER/ingest_to_gcs_dag.py', '--cfg-path', '/tmp/tmpp4xymzmn', '--error-file', '/tmp/tmpn9hjoley']
[2022-05-02 15:56:39,607] {standard_task_runner.py:77} INFO - Job 1065: Subtask local_to_gcs_task
[2022-05-02 15:56:40,000] {logging_mixin.py:109} INFO - Running <TaskInstance: data_ingestion_gcp_dag.local_to_gcs_task scheduled__1996-01-01T00:00:00+00:00 [running]> on host 9f5021834e17
[2022-05-02 15:56:40,258] {logging_mixin.py:109} WARNING - /home/***/.local/lib/python3.7/site-packages/***/utils/context.py:152 AirflowContextDeprecationWarning: Accessing 'execution_date' from the template is deprecated and will be removed in a future version. Please use 'data_interval_start' or 'logical_date' instead.
[2022-05-02 15:56:40,454] {taskinstance.py:1426} INFO - Exporting the following env vars:
AIRFLOW_CTX_DAG_OWNER=***
AIRFLOW_CTX_DAG_ID=data_ingestion_gcp_dag
AIRFLOW_CTX_TASK_ID=local_to_gcs_task
AIRFLOW_CTX_EXECUTION_DATE=1996-01-01T00:00:00+00:00
AIRFLOW_CTX_DAG_RUN_ID=scheduled__1996-01-01T00:00:00+00:00
[2022-05-02 15:56:41,199] {python.py:175} INFO - Done. Returned value was: None
[2022-05-02 15:56:41,314] {taskinstance.py:1277} INFO - Marking task as SUCCESS. dag_id=data_ingestion_gcp_dag, task_id=local_to_gcs_task, execution_date=19960101T000000, start_date=20220502T155639, end_date=20220502T155641
[2022-05-02 15:56:41,389] {local_task_job.py:154} INFO - Task exited with return code 0
[2022-05-02 15:56:41,616] {local_task_job.py:264} INFO - 0 downstream tasks scheduled from follow-on schedule check
[2022-05-02 16:31:39,503] {taskinstance.py:1032} INFO - Dependencies all met for <TaskInstance: data_ingestion_gcp_dag.local_to_gcs_task scheduled__1996-01-01T00:00:00+00:00 [queued]>
[2022-05-02 16:31:39,563] {taskinstance.py:1032} INFO - Dependencies all met for <TaskInstance: data_ingestion_gcp_dag.local_to_gcs_task scheduled__1996-01-01T00:00:00+00:00 [queued]>
[2022-05-02 16:31:39,565] {taskinstance.py:1238} INFO - 
--------------------------------------------------------------------------------
[2022-05-02 16:31:39,567] {taskinstance.py:1239} INFO - Starting attempt 1 of 2
[2022-05-02 16:31:39,568] {taskinstance.py:1240} INFO - 
--------------------------------------------------------------------------------
[2022-05-02 16:31:39,656] {taskinstance.py:1259} INFO - Executing <Task(PythonOperator): local_to_gcs_task> on 1996-01-01 00:00:00+00:00
[2022-05-02 16:31:39,673] {standard_task_runner.py:52} INFO - Started process 5974 to run task
[2022-05-02 16:31:39,706] {standard_task_runner.py:76} INFO - Running: ['***', 'tasks', 'run', 'data_ingestion_gcp_dag', 'local_to_gcs_task', 'scheduled__1996-01-01T00:00:00+00:00', '--job-id', '1172', '--raw', '--subdir', 'DAGS_FOLDER/ingest_to_gcs_dag.py', '--cfg-path', '/tmp/tmpm54ehsgb', '--error-file', '/tmp/tmpyrykbbl2']
[2022-05-02 16:31:39,731] {standard_task_runner.py:77} INFO - Job 1172: Subtask local_to_gcs_task
[2022-05-02 16:31:40,300] {logging_mixin.py:109} INFO - Running <TaskInstance: data_ingestion_gcp_dag.local_to_gcs_task scheduled__1996-01-01T00:00:00+00:00 [running]> on host 9f5021834e17
[2022-05-02 16:31:40,582] {logging_mixin.py:109} WARNING - /home/***/.local/lib/python3.7/site-packages/***/utils/context.py:152 AirflowContextDeprecationWarning: Accessing 'execution_date' from the template is deprecated and will be removed in a future version. Please use 'data_interval_start' or 'logical_date' instead.
[2022-05-02 16:31:40,794] {taskinstance.py:1426} INFO - Exporting the following env vars:
AIRFLOW_CTX_DAG_OWNER=***
AIRFLOW_CTX_DAG_ID=data_ingestion_gcp_dag
AIRFLOW_CTX_TASK_ID=local_to_gcs_task
AIRFLOW_CTX_EXECUTION_DATE=1996-01-01T00:00:00+00:00
AIRFLOW_CTX_DAG_RUN_ID=scheduled__1996-01-01T00:00:00+00:00
[2022-05-02 16:31:41,626] {python.py:175} INFO - Done. Returned value was: None
[2022-05-02 16:31:41,749] {taskinstance.py:1277} INFO - Marking task as SUCCESS. dag_id=data_ingestion_gcp_dag, task_id=local_to_gcs_task, execution_date=19960101T000000, start_date=20220502T163139, end_date=20220502T163141
[2022-05-02 16:31:41,845] {local_task_job.py:154} INFO - Task exited with return code 0
[2022-05-02 16:31:42,079] {local_task_job.py:264} INFO - 0 downstream tasks scheduled from follow-on schedule check
[2022-05-02 16:47:13,238] {taskinstance.py:1032} INFO - Dependencies all met for <TaskInstance: data_ingestion_gcp_dag.local_to_gcs_task scheduled__1996-01-01T00:00:00+00:00 [queued]>
[2022-05-02 16:47:13,283] {taskinstance.py:1032} INFO - Dependencies all met for <TaskInstance: data_ingestion_gcp_dag.local_to_gcs_task scheduled__1996-01-01T00:00:00+00:00 [queued]>
[2022-05-02 16:47:13,285] {taskinstance.py:1238} INFO - 
--------------------------------------------------------------------------------
[2022-05-02 16:47:13,287] {taskinstance.py:1239} INFO - Starting attempt 1 of 2
[2022-05-02 16:47:13,288] {taskinstance.py:1240} INFO - 
--------------------------------------------------------------------------------
[2022-05-02 16:47:13,335] {taskinstance.py:1259} INFO - Executing <Task(PythonOperator): local_to_gcs_task> on 1996-01-01 00:00:00+00:00
[2022-05-02 16:47:13,344] {standard_task_runner.py:52} INFO - Started process 8801 to run task
[2022-05-02 16:47:13,353] {standard_task_runner.py:76} INFO - Running: ['***', 'tasks', 'run', 'data_ingestion_gcp_dag', 'local_to_gcs_task', 'scheduled__1996-01-01T00:00:00+00:00', '--job-id', '1275', '--raw', '--subdir', 'DAGS_FOLDER/ingest_to_gcs_dag.py', '--cfg-path', '/tmp/tmpcm_2f38f', '--error-file', '/tmp/tmp5j9x20o1']
[2022-05-02 16:47:13,356] {standard_task_runner.py:77} INFO - Job 1275: Subtask local_to_gcs_task
[2022-05-02 16:47:13,740] {logging_mixin.py:109} INFO - Running <TaskInstance: data_ingestion_gcp_dag.local_to_gcs_task scheduled__1996-01-01T00:00:00+00:00 [running]> on host 9f5021834e17
[2022-05-02 16:47:13,994] {logging_mixin.py:109} WARNING - /home/***/.local/lib/python3.7/site-packages/***/utils/context.py:152 AirflowContextDeprecationWarning: Accessing 'execution_date' from the template is deprecated and will be removed in a future version. Please use 'data_interval_start' or 'logical_date' instead.
[2022-05-02 16:47:14,196] {taskinstance.py:1426} INFO - Exporting the following env vars:
AIRFLOW_CTX_DAG_OWNER=***
AIRFLOW_CTX_DAG_ID=data_ingestion_gcp_dag
AIRFLOW_CTX_TASK_ID=local_to_gcs_task
AIRFLOW_CTX_EXECUTION_DATE=1996-01-01T00:00:00+00:00
AIRFLOW_CTX_DAG_RUN_ID=scheduled__1996-01-01T00:00:00+00:00
[2022-05-02 16:47:14,989] {python.py:175} INFO - Done. Returned value was: None
[2022-05-02 16:47:15,092] {taskinstance.py:1277} INFO - Marking task as SUCCESS. dag_id=data_ingestion_gcp_dag, task_id=local_to_gcs_task, execution_date=19960101T000000, start_date=20220502T164713, end_date=20220502T164715
[2022-05-02 16:47:15,177] {local_task_job.py:154} INFO - Task exited with return code 0
[2022-05-02 16:47:15,539] {local_task_job.py:264} INFO - 0 downstream tasks scheduled from follow-on schedule check
