[2022-04-28 06:02:05,852] {taskinstance.py:1043} INFO - Dependencies all met for <TaskInstance: data_ingestion_gcp_dag.local_to_gcs_task scheduled__1993-01-01T00:00:00+00:00 [queued]>
[2022-04-28 06:02:05,917] {taskinstance.py:1043} INFO - Dependencies all met for <TaskInstance: data_ingestion_gcp_dag.local_to_gcs_task scheduled__1993-01-01T00:00:00+00:00 [queued]>
[2022-04-28 06:02:05,920] {taskinstance.py:1249} INFO - 
--------------------------------------------------------------------------------
[2022-04-28 06:02:05,922] {taskinstance.py:1250} INFO - Starting attempt 1 of 2
[2022-04-28 06:02:05,923] {taskinstance.py:1251} INFO - 
--------------------------------------------------------------------------------
[2022-04-28 06:02:05,993] {taskinstance.py:1270} INFO - Executing <Task(PythonOperator): local_to_gcs_task> on 1993-01-01 00:00:00+00:00
[2022-04-28 06:02:06,007] {standard_task_runner.py:52} INFO - Started process 1092 to run task
[2022-04-28 06:02:06,026] {standard_task_runner.py:79} INFO - Running: ['***', 'tasks', 'run', 'data_ingestion_gcp_dag', 'local_to_gcs_task', 'scheduled__1993-01-01T00:00:00+00:00', '--job-id', '489', '--raw', '--subdir', 'DAGS_FOLDER/ingest_to_gcs_dag.py', '--cfg-path', '/tmp/tmp30fxp0oa', '--error-file', '/tmp/tmpsax035xm']
[2022-04-28 06:02:06,032] {standard_task_runner.py:80} INFO - Job 489: Subtask local_to_gcs_task
[2022-04-28 06:02:06,588] {logging_mixin.py:109} INFO - Running <TaskInstance: data_ingestion_gcp_dag.local_to_gcs_task scheduled__1993-01-01T00:00:00+00:00 [running]> on host d4721d223bdd
[2022-04-28 06:02:06,963] {logging_mixin.py:109} WARNING - /home/***/.local/lib/python3.7/site-packages/***/utils/context.py:156 AirflowContextDeprecationWarning: Accessing 'execution_date' from the template is deprecated and will be removed in a future version. Please use 'data_interval_start' or 'logical_date' instead.
[2022-04-28 06:02:07,193] {taskinstance.py:1448} INFO - Exporting the following env vars:
AIRFLOW_CTX_DAG_OWNER=***
AIRFLOW_CTX_DAG_ID=data_ingestion_gcp_dag
AIRFLOW_CTX_TASK_ID=local_to_gcs_task
AIRFLOW_CTX_EXECUTION_DATE=1993-01-01T00:00:00+00:00
AIRFLOW_CTX_DAG_RUN_ID=scheduled__1993-01-01T00:00:00+00:00
[2022-04-28 06:02:08,566] {python.py:175} INFO - Done. Returned value was: None
[2022-04-28 06:02:08,696] {taskinstance.py:1288} INFO - Marking task as SUCCESS. dag_id=data_ingestion_gcp_dag, task_id=local_to_gcs_task, execution_date=19930101T000000, start_date=20220428T060205, end_date=20220428T060208
[2022-04-28 06:02:08,769] {local_task_job.py:154} INFO - Task exited with return code 0
[2022-04-28 06:02:08,995] {local_task_job.py:264} INFO - 1 downstream tasks scheduled from follow-on schedule check
[2022-04-29 02:29:20,402] {taskinstance.py:1043} INFO - Dependencies all met for <TaskInstance: data_ingestion_gcp_dag.local_to_gcs_task scheduled__1993-01-01T00:00:00+00:00 [queued]>
[2022-04-29 02:29:20,456] {taskinstance.py:1043} INFO - Dependencies all met for <TaskInstance: data_ingestion_gcp_dag.local_to_gcs_task scheduled__1993-01-01T00:00:00+00:00 [queued]>
[2022-04-29 02:29:20,458] {taskinstance.py:1249} INFO - 
--------------------------------------------------------------------------------
[2022-04-29 02:29:20,460] {taskinstance.py:1250} INFO - Starting attempt 1 of 2
[2022-04-29 02:29:20,462] {taskinstance.py:1251} INFO - 
--------------------------------------------------------------------------------
[2022-04-29 02:29:20,513] {taskinstance.py:1270} INFO - Executing <Task(PythonOperator): local_to_gcs_task> on 1993-01-01 00:00:00+00:00
[2022-04-29 02:29:20,522] {standard_task_runner.py:52} INFO - Started process 4341 to run task
[2022-04-29 02:29:20,540] {standard_task_runner.py:79} INFO - Running: ['***', 'tasks', 'run', 'data_ingestion_gcp_dag', 'local_to_gcs_task', 'scheduled__1993-01-01T00:00:00+00:00', '--job-id', '660', '--raw', '--subdir', 'DAGS_FOLDER/ingest_to_gcs_dag.py', '--cfg-path', '/tmp/tmpgn6_5dov', '--error-file', '/tmp/tmpheg3m0_q']
[2022-04-29 02:29:20,543] {standard_task_runner.py:80} INFO - Job 660: Subtask local_to_gcs_task
[2022-04-29 02:29:20,985] {logging_mixin.py:109} INFO - Running <TaskInstance: data_ingestion_gcp_dag.local_to_gcs_task scheduled__1993-01-01T00:00:00+00:00 [running]> on host 6fd0ba274d58
[2022-04-29 02:29:21,434] {logging_mixin.py:109} WARNING - /home/***/.local/lib/python3.7/site-packages/***/utils/context.py:156 AirflowContextDeprecationWarning: Accessing 'execution_date' from the template is deprecated and will be removed in a future version. Please use 'data_interval_start' or 'logical_date' instead.
[2022-04-29 02:29:21,734] {taskinstance.py:1448} INFO - Exporting the following env vars:
AIRFLOW_CTX_DAG_OWNER=***
AIRFLOW_CTX_DAG_ID=data_ingestion_gcp_dag
AIRFLOW_CTX_TASK_ID=local_to_gcs_task
AIRFLOW_CTX_EXECUTION_DATE=1993-01-01T00:00:00+00:00
AIRFLOW_CTX_DAG_RUN_ID=scheduled__1993-01-01T00:00:00+00:00
[2022-04-29 02:29:23,309] {python.py:175} INFO - Done. Returned value was: None
[2022-04-29 02:29:23,423] {taskinstance.py:1288} INFO - Marking task as SUCCESS. dag_id=data_ingestion_gcp_dag, task_id=local_to_gcs_task, execution_date=19930101T000000, start_date=20220429T022920, end_date=20220429T022923
[2022-04-29 02:29:23,489] {local_task_job.py:154} INFO - Task exited with return code 0
[2022-04-29 02:29:23,747] {local_task_job.py:264} INFO - 1 downstream tasks scheduled from follow-on schedule check
[2022-04-29 02:31:18,446] {taskinstance.py:1043} INFO - Dependencies all met for <TaskInstance: data_ingestion_gcp_dag.local_to_gcs_task scheduled__1993-01-01T00:00:00+00:00 [queued]>
[2022-04-29 02:31:18,489] {taskinstance.py:1043} INFO - Dependencies all met for <TaskInstance: data_ingestion_gcp_dag.local_to_gcs_task scheduled__1993-01-01T00:00:00+00:00 [queued]>
[2022-04-29 02:31:18,490] {taskinstance.py:1249} INFO - 
--------------------------------------------------------------------------------
[2022-04-29 02:31:18,492] {taskinstance.py:1250} INFO - Starting attempt 1 of 2
[2022-04-29 02:31:18,493] {taskinstance.py:1251} INFO - 
--------------------------------------------------------------------------------
[2022-04-29 02:31:18,538] {taskinstance.py:1270} INFO - Executing <Task(PythonOperator): local_to_gcs_task> on 1993-01-01 00:00:00+00:00
[2022-04-29 02:31:18,549] {standard_task_runner.py:52} INFO - Started process 4630 to run task
[2022-04-29 02:31:18,557] {standard_task_runner.py:79} INFO - Running: ['***', 'tasks', 'run', 'data_ingestion_gcp_dag', 'local_to_gcs_task', 'scheduled__1993-01-01T00:00:00+00:00', '--job-id', '674', '--raw', '--subdir', 'DAGS_FOLDER/ingest_to_gcs_dag.py', '--cfg-path', '/tmp/tmpzh9k3xxk', '--error-file', '/tmp/tmpnlq2gebd']
[2022-04-29 02:31:18,560] {standard_task_runner.py:80} INFO - Job 674: Subtask local_to_gcs_task
[2022-04-29 02:31:18,907] {logging_mixin.py:109} INFO - Running <TaskInstance: data_ingestion_gcp_dag.local_to_gcs_task scheduled__1993-01-01T00:00:00+00:00 [running]> on host 6fd0ba274d58
[2022-04-29 02:31:19,138] {logging_mixin.py:109} WARNING - /home/***/.local/lib/python3.7/site-packages/***/utils/context.py:156 AirflowContextDeprecationWarning: Accessing 'execution_date' from the template is deprecated and will be removed in a future version. Please use 'data_interval_start' or 'logical_date' instead.
[2022-04-29 02:31:19,317] {taskinstance.py:1448} INFO - Exporting the following env vars:
AIRFLOW_CTX_DAG_OWNER=***
AIRFLOW_CTX_DAG_ID=data_ingestion_gcp_dag
AIRFLOW_CTX_TASK_ID=local_to_gcs_task
AIRFLOW_CTX_EXECUTION_DATE=1993-01-01T00:00:00+00:00
AIRFLOW_CTX_DAG_RUN_ID=scheduled__1993-01-01T00:00:00+00:00
[2022-04-29 02:31:20,770] {python.py:175} INFO - Done. Returned value was: None
[2022-04-29 02:31:20,884] {taskinstance.py:1288} INFO - Marking task as SUCCESS. dag_id=data_ingestion_gcp_dag, task_id=local_to_gcs_task, execution_date=19930101T000000, start_date=20220429T023118, end_date=20220429T023120
[2022-04-29 02:31:20,972] {local_task_job.py:154} INFO - Task exited with return code 0
[2022-04-29 02:31:21,257] {local_task_job.py:264} INFO - 0 downstream tasks scheduled from follow-on schedule check
[2022-05-02 07:52:25,983] {taskinstance.py:1032} INFO - Dependencies all met for <TaskInstance: data_ingestion_gcp_dag.local_to_gcs_task scheduled__1993-01-01T00:00:00+00:00 [queued]>
[2022-05-02 07:52:26,026] {taskinstance.py:1032} INFO - Dependencies all met for <TaskInstance: data_ingestion_gcp_dag.local_to_gcs_task scheduled__1993-01-01T00:00:00+00:00 [queued]>
[2022-05-02 07:52:26,027] {taskinstance.py:1238} INFO - 
--------------------------------------------------------------------------------
[2022-05-02 07:52:26,029] {taskinstance.py:1239} INFO - Starting attempt 1 of 2
[2022-05-02 07:52:26,030] {taskinstance.py:1240} INFO - 
--------------------------------------------------------------------------------
[2022-05-02 07:52:26,073] {taskinstance.py:1259} INFO - Executing <Task(PythonOperator): local_to_gcs_task> on 1993-01-01 00:00:00+00:00
[2022-05-02 07:52:26,084] {standard_task_runner.py:52} INFO - Started process 8758 to run task
[2022-05-02 07:52:26,092] {standard_task_runner.py:76} INFO - Running: ['***', 'tasks', 'run', 'data_ingestion_gcp_dag', 'local_to_gcs_task', 'scheduled__1993-01-01T00:00:00+00:00', '--job-id', '833', '--raw', '--subdir', 'DAGS_FOLDER/ingest_to_gcs_dag.py', '--cfg-path', '/tmp/tmp612awfb4', '--error-file', '/tmp/tmpherv0chk']
[2022-05-02 07:52:26,095] {standard_task_runner.py:77} INFO - Job 833: Subtask local_to_gcs_task
[2022-05-02 07:52:26,445] {logging_mixin.py:109} INFO - Running <TaskInstance: data_ingestion_gcp_dag.local_to_gcs_task scheduled__1993-01-01T00:00:00+00:00 [running]> on host ae42322ae538
[2022-05-02 07:52:26,684] {logging_mixin.py:109} WARNING - /home/***/.local/lib/python3.7/site-packages/***/utils/context.py:152 AirflowContextDeprecationWarning: Accessing 'execution_date' from the template is deprecated and will be removed in a future version. Please use 'data_interval_start' or 'logical_date' instead.
[2022-05-02 07:52:26,922] {taskinstance.py:1426} INFO - Exporting the following env vars:
AIRFLOW_CTX_DAG_OWNER=***
AIRFLOW_CTX_DAG_ID=data_ingestion_gcp_dag
AIRFLOW_CTX_TASK_ID=local_to_gcs_task
AIRFLOW_CTX_EXECUTION_DATE=1993-01-01T00:00:00+00:00
AIRFLOW_CTX_DAG_RUN_ID=scheduled__1993-01-01T00:00:00+00:00
[2022-05-02 07:52:28,063] {python.py:175} INFO - Done. Returned value was: None
[2022-05-02 07:52:28,183] {taskinstance.py:1277} INFO - Marking task as SUCCESS. dag_id=data_ingestion_gcp_dag, task_id=local_to_gcs_task, execution_date=19930101T000000, start_date=20220502T075225, end_date=20220502T075228
[2022-05-02 07:52:28,243] {local_task_job.py:154} INFO - Task exited with return code 0
[2022-05-02 07:52:28,473] {local_task_job.py:264} INFO - 0 downstream tasks scheduled from follow-on schedule check
[2022-05-02 09:14:29,199] {taskinstance.py:1032} INFO - Dependencies all met for <TaskInstance: data_ingestion_gcp_dag.local_to_gcs_task scheduled__1993-01-01T00:00:00+00:00 [queued]>
[2022-05-02 09:14:29,245] {taskinstance.py:1032} INFO - Dependencies all met for <TaskInstance: data_ingestion_gcp_dag.local_to_gcs_task scheduled__1993-01-01T00:00:00+00:00 [queued]>
[2022-05-02 09:14:29,247] {taskinstance.py:1238} INFO - 
--------------------------------------------------------------------------------
[2022-05-02 09:14:29,248] {taskinstance.py:1239} INFO - Starting attempt 1 of 2
[2022-05-02 09:14:29,249] {taskinstance.py:1240} INFO - 
--------------------------------------------------------------------------------
[2022-05-02 09:14:29,294] {taskinstance.py:1259} INFO - Executing <Task(PythonOperator): local_to_gcs_task> on 1993-01-01 00:00:00+00:00
[2022-05-02 09:14:29,304] {standard_task_runner.py:52} INFO - Started process 2045 to run task
[2022-05-02 09:14:29,312] {standard_task_runner.py:76} INFO - Running: ['***', 'tasks', 'run', 'data_ingestion_gcp_dag', 'local_to_gcs_task', 'scheduled__1993-01-01T00:00:00+00:00', '--job-id', '951', '--raw', '--subdir', 'DAGS_FOLDER/ingest_to_gcs_dag.py', '--cfg-path', '/tmp/tmpt8o59wyk', '--error-file', '/tmp/tmp59sqp1d2']
[2022-05-02 09:14:29,315] {standard_task_runner.py:77} INFO - Job 951: Subtask local_to_gcs_task
[2022-05-02 09:14:29,708] {logging_mixin.py:109} INFO - Running <TaskInstance: data_ingestion_gcp_dag.local_to_gcs_task scheduled__1993-01-01T00:00:00+00:00 [running]> on host 98c324cf1bb6
[2022-05-02 09:14:29,964] {logging_mixin.py:109} WARNING - /home/***/.local/lib/python3.7/site-packages/***/utils/context.py:152 AirflowContextDeprecationWarning: Accessing 'execution_date' from the template is deprecated and will be removed in a future version. Please use 'data_interval_start' or 'logical_date' instead.
[2022-05-02 09:14:30,153] {taskinstance.py:1426} INFO - Exporting the following env vars:
AIRFLOW_CTX_DAG_OWNER=***
AIRFLOW_CTX_DAG_ID=data_ingestion_gcp_dag
AIRFLOW_CTX_TASK_ID=local_to_gcs_task
AIRFLOW_CTX_EXECUTION_DATE=1993-01-01T00:00:00+00:00
AIRFLOW_CTX_DAG_RUN_ID=scheduled__1993-01-01T00:00:00+00:00
[2022-05-02 09:14:30,908] {python.py:175} INFO - Done. Returned value was: None
[2022-05-02 09:14:31,011] {taskinstance.py:1277} INFO - Marking task as SUCCESS. dag_id=data_ingestion_gcp_dag, task_id=local_to_gcs_task, execution_date=19930101T000000, start_date=20220502T091429, end_date=20220502T091431
[2022-05-02 09:14:31,105] {local_task_job.py:154} INFO - Task exited with return code 0
[2022-05-02 09:14:31,333] {local_task_job.py:264} INFO - 0 downstream tasks scheduled from follow-on schedule check
[2022-05-02 15:55:28,927] {taskinstance.py:1032} INFO - Dependencies all met for <TaskInstance: data_ingestion_gcp_dag.local_to_gcs_task scheduled__1993-01-01T00:00:00+00:00 [queued]>
[2022-05-02 15:55:28,976] {taskinstance.py:1032} INFO - Dependencies all met for <TaskInstance: data_ingestion_gcp_dag.local_to_gcs_task scheduled__1993-01-01T00:00:00+00:00 [queued]>
[2022-05-02 15:55:28,978] {taskinstance.py:1238} INFO - 
--------------------------------------------------------------------------------
[2022-05-02 15:55:28,980] {taskinstance.py:1239} INFO - Starting attempt 1 of 2
[2022-05-02 15:55:28,981] {taskinstance.py:1240} INFO - 
--------------------------------------------------------------------------------
[2022-05-02 15:55:29,028] {taskinstance.py:1259} INFO - Executing <Task(PythonOperator): local_to_gcs_task> on 1993-01-01 00:00:00+00:00
[2022-05-02 15:55:29,047] {standard_task_runner.py:52} INFO - Started process 1161 to run task
[2022-05-02 15:55:29,064] {standard_task_runner.py:76} INFO - Running: ['***', 'tasks', 'run', 'data_ingestion_gcp_dag', 'local_to_gcs_task', 'scheduled__1993-01-01T00:00:00+00:00', '--job-id', '1053', '--raw', '--subdir', 'DAGS_FOLDER/ingest_to_gcs_dag.py', '--cfg-path', '/tmp/tmpfxc1iak0', '--error-file', '/tmp/tmpeko7ncye']
[2022-05-02 15:55:29,088] {standard_task_runner.py:77} INFO - Job 1053: Subtask local_to_gcs_task
[2022-05-02 15:55:29,473] {logging_mixin.py:109} INFO - Running <TaskInstance: data_ingestion_gcp_dag.local_to_gcs_task scheduled__1993-01-01T00:00:00+00:00 [running]> on host 9f5021834e17
[2022-05-02 15:55:29,895] {logging_mixin.py:109} WARNING - /home/***/.local/lib/python3.7/site-packages/***/utils/context.py:152 AirflowContextDeprecationWarning: Accessing 'execution_date' from the template is deprecated and will be removed in a future version. Please use 'data_interval_start' or 'logical_date' instead.
[2022-05-02 15:55:30,115] {taskinstance.py:1426} INFO - Exporting the following env vars:
AIRFLOW_CTX_DAG_OWNER=***
AIRFLOW_CTX_DAG_ID=data_ingestion_gcp_dag
AIRFLOW_CTX_TASK_ID=local_to_gcs_task
AIRFLOW_CTX_EXECUTION_DATE=1993-01-01T00:00:00+00:00
AIRFLOW_CTX_DAG_RUN_ID=scheduled__1993-01-01T00:00:00+00:00
[2022-05-02 15:55:30,853] {python.py:175} INFO - Done. Returned value was: None
[2022-05-02 15:55:31,179] {taskinstance.py:1277} INFO - Marking task as SUCCESS. dag_id=data_ingestion_gcp_dag, task_id=local_to_gcs_task, execution_date=19930101T000000, start_date=20220502T155528, end_date=20220502T155531
[2022-05-02 15:55:31,265] {local_task_job.py:154} INFO - Task exited with return code 0
[2022-05-02 15:55:31,508] {local_task_job.py:264} INFO - 0 downstream tasks scheduled from follow-on schedule check
[2022-05-02 16:30:33,950] {taskinstance.py:1032} INFO - Dependencies all met for <TaskInstance: data_ingestion_gcp_dag.local_to_gcs_task scheduled__1993-01-01T00:00:00+00:00 [queued]>
[2022-05-02 16:30:34,004] {taskinstance.py:1032} INFO - Dependencies all met for <TaskInstance: data_ingestion_gcp_dag.local_to_gcs_task scheduled__1993-01-01T00:00:00+00:00 [queued]>
[2022-05-02 16:30:34,006] {taskinstance.py:1238} INFO - 
--------------------------------------------------------------------------------
[2022-05-02 16:30:34,008] {taskinstance.py:1239} INFO - Starting attempt 1 of 2
[2022-05-02 16:30:34,010] {taskinstance.py:1240} INFO - 
--------------------------------------------------------------------------------
[2022-05-02 16:30:34,065] {taskinstance.py:1259} INFO - Executing <Task(PythonOperator): local_to_gcs_task> on 1993-01-01 00:00:00+00:00
[2022-05-02 16:30:34,078] {standard_task_runner.py:52} INFO - Started process 5745 to run task
[2022-05-02 16:30:34,095] {standard_task_runner.py:76} INFO - Running: ['***', 'tasks', 'run', 'data_ingestion_gcp_dag', 'local_to_gcs_task', 'scheduled__1993-01-01T00:00:00+00:00', '--job-id', '1160', '--raw', '--subdir', 'DAGS_FOLDER/ingest_to_gcs_dag.py', '--cfg-path', '/tmp/tmp609hnctl', '--error-file', '/tmp/tmphppcg6xa']
[2022-05-02 16:30:34,099] {standard_task_runner.py:77} INFO - Job 1160: Subtask local_to_gcs_task
[2022-05-02 16:30:34,503] {logging_mixin.py:109} INFO - Running <TaskInstance: data_ingestion_gcp_dag.local_to_gcs_task scheduled__1993-01-01T00:00:00+00:00 [running]> on host 9f5021834e17
[2022-05-02 16:30:34,781] {logging_mixin.py:109} WARNING - /home/***/.local/lib/python3.7/site-packages/***/utils/context.py:152 AirflowContextDeprecationWarning: Accessing 'execution_date' from the template is deprecated and will be removed in a future version. Please use 'data_interval_start' or 'logical_date' instead.
[2022-05-02 16:30:35,050] {taskinstance.py:1426} INFO - Exporting the following env vars:
AIRFLOW_CTX_DAG_OWNER=***
AIRFLOW_CTX_DAG_ID=data_ingestion_gcp_dag
AIRFLOW_CTX_TASK_ID=local_to_gcs_task
AIRFLOW_CTX_EXECUTION_DATE=1993-01-01T00:00:00+00:00
AIRFLOW_CTX_DAG_RUN_ID=scheduled__1993-01-01T00:00:00+00:00
[2022-05-02 16:30:35,915] {python.py:175} INFO - Done. Returned value was: None
[2022-05-02 16:30:36,032] {taskinstance.py:1277} INFO - Marking task as SUCCESS. dag_id=data_ingestion_gcp_dag, task_id=local_to_gcs_task, execution_date=19930101T000000, start_date=20220502T163033, end_date=20220502T163036
[2022-05-02 16:30:36,131] {local_task_job.py:154} INFO - Task exited with return code 0
[2022-05-02 16:30:36,543] {local_task_job.py:264} INFO - 0 downstream tasks scheduled from follow-on schedule check
[2022-05-02 16:46:08,669] {taskinstance.py:1032} INFO - Dependencies all met for <TaskInstance: data_ingestion_gcp_dag.local_to_gcs_task scheduled__1993-01-01T00:00:00+00:00 [queued]>
[2022-05-02 16:46:08,716] {taskinstance.py:1032} INFO - Dependencies all met for <TaskInstance: data_ingestion_gcp_dag.local_to_gcs_task scheduled__1993-01-01T00:00:00+00:00 [queued]>
[2022-05-02 16:46:08,718] {taskinstance.py:1238} INFO - 
--------------------------------------------------------------------------------
[2022-05-02 16:46:08,719] {taskinstance.py:1239} INFO - Starting attempt 1 of 2
[2022-05-02 16:46:08,720] {taskinstance.py:1240} INFO - 
--------------------------------------------------------------------------------
[2022-05-02 16:46:08,765] {taskinstance.py:1259} INFO - Executing <Task(PythonOperator): local_to_gcs_task> on 1993-01-01 00:00:00+00:00
[2022-05-02 16:46:08,775] {standard_task_runner.py:52} INFO - Started process 8566 to run task
[2022-05-02 16:46:08,784] {standard_task_runner.py:76} INFO - Running: ['***', 'tasks', 'run', 'data_ingestion_gcp_dag', 'local_to_gcs_task', 'scheduled__1993-01-01T00:00:00+00:00', '--job-id', '1263', '--raw', '--subdir', 'DAGS_FOLDER/ingest_to_gcs_dag.py', '--cfg-path', '/tmp/tmpxyfj057m', '--error-file', '/tmp/tmp552cvhiu']
[2022-05-02 16:46:08,787] {standard_task_runner.py:77} INFO - Job 1263: Subtask local_to_gcs_task
[2022-05-02 16:46:09,169] {logging_mixin.py:109} INFO - Running <TaskInstance: data_ingestion_gcp_dag.local_to_gcs_task scheduled__1993-01-01T00:00:00+00:00 [running]> on host 9f5021834e17
[2022-05-02 16:46:09,431] {logging_mixin.py:109} WARNING - /home/***/.local/lib/python3.7/site-packages/***/utils/context.py:152 AirflowContextDeprecationWarning: Accessing 'execution_date' from the template is deprecated and will be removed in a future version. Please use 'data_interval_start' or 'logical_date' instead.
[2022-05-02 16:46:09,626] {taskinstance.py:1426} INFO - Exporting the following env vars:
AIRFLOW_CTX_DAG_OWNER=***
AIRFLOW_CTX_DAG_ID=data_ingestion_gcp_dag
AIRFLOW_CTX_TASK_ID=local_to_gcs_task
AIRFLOW_CTX_EXECUTION_DATE=1993-01-01T00:00:00+00:00
AIRFLOW_CTX_DAG_RUN_ID=scheduled__1993-01-01T00:00:00+00:00
[2022-05-02 16:46:10,460] {python.py:175} INFO - Done. Returned value was: None
[2022-05-02 16:46:10,568] {taskinstance.py:1277} INFO - Marking task as SUCCESS. dag_id=data_ingestion_gcp_dag, task_id=local_to_gcs_task, execution_date=19930101T000000, start_date=20220502T164608, end_date=20220502T164610
[2022-05-02 16:46:10,654] {local_task_job.py:154} INFO - Task exited with return code 0
[2022-05-02 16:46:10,882] {local_task_job.py:264} INFO - 0 downstream tasks scheduled from follow-on schedule check
