[2022-04-28 06:05:07,463] {taskinstance.py:1043} INFO - Dependencies all met for <TaskInstance: data_ingestion_gcp_dag.local_to_gcs_task scheduled__2000-01-01T00:00:00+00:00 [queued]>
[2022-04-28 06:05:07,506] {taskinstance.py:1043} INFO - Dependencies all met for <TaskInstance: data_ingestion_gcp_dag.local_to_gcs_task scheduled__2000-01-01T00:00:00+00:00 [queued]>
[2022-04-28 06:05:07,507] {taskinstance.py:1249} INFO - 
--------------------------------------------------------------------------------
[2022-04-28 06:05:07,508] {taskinstance.py:1250} INFO - Starting attempt 1 of 2
[2022-04-28 06:05:07,509] {taskinstance.py:1251} INFO - 
--------------------------------------------------------------------------------
[2022-04-28 06:05:07,552] {taskinstance.py:1270} INFO - Executing <Task(PythonOperator): local_to_gcs_task> on 2000-01-01 00:00:00+00:00
[2022-04-28 06:05:07,562] {standard_task_runner.py:52} INFO - Started process 1734 to run task
[2022-04-28 06:05:07,570] {standard_task_runner.py:79} INFO - Running: ['***', 'tasks', 'run', 'data_ingestion_gcp_dag', 'local_to_gcs_task', 'scheduled__2000-01-01T00:00:00+00:00', '--job-id', '528', '--raw', '--subdir', 'DAGS_FOLDER/ingest_to_gcs_dag.py', '--cfg-path', '/tmp/tmpa1m3onec', '--error-file', '/tmp/tmpdehxzjr2']
[2022-04-28 06:05:07,575] {standard_task_runner.py:80} INFO - Job 528: Subtask local_to_gcs_task
[2022-04-28 06:05:07,957] {logging_mixin.py:109} INFO - Running <TaskInstance: data_ingestion_gcp_dag.local_to_gcs_task scheduled__2000-01-01T00:00:00+00:00 [running]> on host d4721d223bdd
[2022-04-28 06:05:08,332] {logging_mixin.py:109} WARNING - /home/***/.local/lib/python3.7/site-packages/***/utils/context.py:156 AirflowContextDeprecationWarning: Accessing 'execution_date' from the template is deprecated and will be removed in a future version. Please use 'data_interval_start' or 'logical_date' instead.
[2022-04-28 06:05:08,520] {taskinstance.py:1448} INFO - Exporting the following env vars:
AIRFLOW_CTX_DAG_OWNER=***
AIRFLOW_CTX_DAG_ID=data_ingestion_gcp_dag
AIRFLOW_CTX_TASK_ID=local_to_gcs_task
AIRFLOW_CTX_EXECUTION_DATE=2000-01-01T00:00:00+00:00
AIRFLOW_CTX_DAG_RUN_ID=scheduled__2000-01-01T00:00:00+00:00
[2022-04-28 06:05:10,117] {python.py:175} INFO - Done. Returned value was: None
[2022-04-28 06:05:10,279] {taskinstance.py:1288} INFO - Marking task as SUCCESS. dag_id=data_ingestion_gcp_dag, task_id=local_to_gcs_task, execution_date=20000101T000000, start_date=20220428T060507, end_date=20220428T060510
[2022-04-28 06:05:10,351] {local_task_job.py:154} INFO - Task exited with return code 0
[2022-04-28 06:05:10,752] {local_task_job.py:264} INFO - 0 downstream tasks scheduled from follow-on schedule check
[2022-04-29 02:35:15,162] {taskinstance.py:1043} INFO - Dependencies all met for <TaskInstance: data_ingestion_gcp_dag.local_to_gcs_task scheduled__2000-01-01T00:00:00+00:00 [queued]>
[2022-04-29 02:35:15,203] {taskinstance.py:1043} INFO - Dependencies all met for <TaskInstance: data_ingestion_gcp_dag.local_to_gcs_task scheduled__2000-01-01T00:00:00+00:00 [queued]>
[2022-04-29 02:35:15,204] {taskinstance.py:1249} INFO - 
--------------------------------------------------------------------------------
[2022-04-29 02:35:15,206] {taskinstance.py:1250} INFO - Starting attempt 1 of 2
[2022-04-29 02:35:15,207] {taskinstance.py:1251} INFO - 
--------------------------------------------------------------------------------
[2022-04-29 02:35:15,250] {taskinstance.py:1270} INFO - Executing <Task(PythonOperator): local_to_gcs_task> on 2000-01-01 00:00:00+00:00
[2022-04-29 02:35:15,261] {standard_task_runner.py:52} INFO - Started process 5251 to run task
[2022-04-29 02:35:15,269] {standard_task_runner.py:79} INFO - Running: ['***', 'tasks', 'run', 'data_ingestion_gcp_dag', 'local_to_gcs_task', 'scheduled__2000-01-01T00:00:00+00:00', '--job-id', '702', '--raw', '--subdir', 'DAGS_FOLDER/ingest_to_gcs_dag.py', '--cfg-path', '/tmp/tmpw555b0to', '--error-file', '/tmp/tmpk36iec84']
[2022-04-29 02:35:15,272] {standard_task_runner.py:80} INFO - Job 702: Subtask local_to_gcs_task
[2022-04-29 02:35:15,614] {logging_mixin.py:109} INFO - Running <TaskInstance: data_ingestion_gcp_dag.local_to_gcs_task scheduled__2000-01-01T00:00:00+00:00 [running]> on host 6fd0ba274d58
[2022-04-29 02:35:15,860] {logging_mixin.py:109} WARNING - /home/***/.local/lib/python3.7/site-packages/***/utils/context.py:156 AirflowContextDeprecationWarning: Accessing 'execution_date' from the template is deprecated and will be removed in a future version. Please use 'data_interval_start' or 'logical_date' instead.
[2022-04-29 02:35:16,044] {taskinstance.py:1448} INFO - Exporting the following env vars:
AIRFLOW_CTX_DAG_OWNER=***
AIRFLOW_CTX_DAG_ID=data_ingestion_gcp_dag
AIRFLOW_CTX_TASK_ID=local_to_gcs_task
AIRFLOW_CTX_EXECUTION_DATE=2000-01-01T00:00:00+00:00
AIRFLOW_CTX_DAG_RUN_ID=scheduled__2000-01-01T00:00:00+00:00
[2022-04-29 02:35:17,547] {python.py:175} INFO - Done. Returned value was: None
[2022-04-29 02:35:17,656] {taskinstance.py:1288} INFO - Marking task as SUCCESS. dag_id=data_ingestion_gcp_dag, task_id=local_to_gcs_task, execution_date=20000101T000000, start_date=20220429T023515, end_date=20220429T023517
[2022-04-29 02:35:17,732] {local_task_job.py:154} INFO - Task exited with return code 0
[2022-04-29 02:35:17,967] {local_task_job.py:264} INFO - 1 downstream tasks scheduled from follow-on schedule check
[2022-05-02 07:54:35,058] {taskinstance.py:1032} INFO - Dependencies all met for <TaskInstance: data_ingestion_gcp_dag.local_to_gcs_task scheduled__2000-01-01T00:00:00+00:00 [queued]>
[2022-05-02 07:54:35,108] {taskinstance.py:1032} INFO - Dependencies all met for <TaskInstance: data_ingestion_gcp_dag.local_to_gcs_task scheduled__2000-01-01T00:00:00+00:00 [queued]>
[2022-05-02 07:54:35,110] {taskinstance.py:1238} INFO - 
--------------------------------------------------------------------------------
[2022-05-02 07:54:35,111] {taskinstance.py:1239} INFO - Starting attempt 1 of 2
[2022-05-02 07:54:35,113] {taskinstance.py:1240} INFO - 
--------------------------------------------------------------------------------
[2022-05-02 07:54:35,156] {taskinstance.py:1259} INFO - Executing <Task(PythonOperator): local_to_gcs_task> on 2000-01-01 00:00:00+00:00
[2022-05-02 07:54:35,166] {standard_task_runner.py:52} INFO - Started process 9247 to run task
[2022-05-02 07:54:35,173] {standard_task_runner.py:76} INFO - Running: ['***', 'tasks', 'run', 'data_ingestion_gcp_dag', 'local_to_gcs_task', 'scheduled__2000-01-01T00:00:00+00:00', '--job-id', '857', '--raw', '--subdir', 'DAGS_FOLDER/ingest_to_gcs_dag.py', '--cfg-path', '/tmp/tmpvko9v328', '--error-file', '/tmp/tmpb4n2w9ru']
[2022-05-02 07:54:35,176] {standard_task_runner.py:77} INFO - Job 857: Subtask local_to_gcs_task
[2022-05-02 07:54:35,579] {logging_mixin.py:109} INFO - Running <TaskInstance: data_ingestion_gcp_dag.local_to_gcs_task scheduled__2000-01-01T00:00:00+00:00 [running]> on host ae42322ae538
[2022-05-02 07:54:35,847] {logging_mixin.py:109} WARNING - /home/***/.local/lib/python3.7/site-packages/***/utils/context.py:152 AirflowContextDeprecationWarning: Accessing 'execution_date' from the template is deprecated and will be removed in a future version. Please use 'data_interval_start' or 'logical_date' instead.
[2022-05-02 07:54:36,045] {taskinstance.py:1426} INFO - Exporting the following env vars:
AIRFLOW_CTX_DAG_OWNER=***
AIRFLOW_CTX_DAG_ID=data_ingestion_gcp_dag
AIRFLOW_CTX_TASK_ID=local_to_gcs_task
AIRFLOW_CTX_EXECUTION_DATE=2000-01-01T00:00:00+00:00
AIRFLOW_CTX_DAG_RUN_ID=scheduled__2000-01-01T00:00:00+00:00
[2022-05-02 07:54:36,819] {python.py:175} INFO - Done. Returned value was: None
[2022-05-02 07:54:37,084] {taskinstance.py:1277} INFO - Marking task as SUCCESS. dag_id=data_ingestion_gcp_dag, task_id=local_to_gcs_task, execution_date=20000101T000000, start_date=20220502T075435, end_date=20220502T075437
[2022-05-02 07:54:37,160] {local_task_job.py:154} INFO - Task exited with return code 0
[2022-05-02 07:54:37,408] {local_task_job.py:264} INFO - 0 downstream tasks scheduled from follow-on schedule check
[2022-05-02 09:16:40,020] {taskinstance.py:1032} INFO - Dependencies all met for <TaskInstance: data_ingestion_gcp_dag.local_to_gcs_task scheduled__2000-01-01T00:00:00+00:00 [queued]>
[2022-05-02 09:16:40,067] {taskinstance.py:1032} INFO - Dependencies all met for <TaskInstance: data_ingestion_gcp_dag.local_to_gcs_task scheduled__2000-01-01T00:00:00+00:00 [queued]>
[2022-05-02 09:16:40,069] {taskinstance.py:1238} INFO - 
--------------------------------------------------------------------------------
[2022-05-02 09:16:40,072] {taskinstance.py:1239} INFO - Starting attempt 1 of 2
[2022-05-02 09:16:40,073] {taskinstance.py:1240} INFO - 
--------------------------------------------------------------------------------
[2022-05-02 09:16:40,121] {taskinstance.py:1259} INFO - Executing <Task(PythonOperator): local_to_gcs_task> on 2000-01-01 00:00:00+00:00
[2022-05-02 09:16:40,131] {standard_task_runner.py:52} INFO - Started process 2503 to run task
[2022-05-02 09:16:40,148] {standard_task_runner.py:76} INFO - Running: ['***', 'tasks', 'run', 'data_ingestion_gcp_dag', 'local_to_gcs_task', 'scheduled__2000-01-01T00:00:00+00:00', '--job-id', '975', '--raw', '--subdir', 'DAGS_FOLDER/ingest_to_gcs_dag.py', '--cfg-path', '/tmp/tmp2dbj90ua', '--error-file', '/tmp/tmphtzlggpt']
[2022-05-02 09:16:40,151] {standard_task_runner.py:77} INFO - Job 975: Subtask local_to_gcs_task
[2022-05-02 09:16:40,523] {logging_mixin.py:109} INFO - Running <TaskInstance: data_ingestion_gcp_dag.local_to_gcs_task scheduled__2000-01-01T00:00:00+00:00 [running]> on host 98c324cf1bb6
[2022-05-02 09:16:40,790] {logging_mixin.py:109} WARNING - /home/***/.local/lib/python3.7/site-packages/***/utils/context.py:152 AirflowContextDeprecationWarning: Accessing 'execution_date' from the template is deprecated and will be removed in a future version. Please use 'data_interval_start' or 'logical_date' instead.
[2022-05-02 09:16:40,982] {taskinstance.py:1426} INFO - Exporting the following env vars:
AIRFLOW_CTX_DAG_OWNER=***
AIRFLOW_CTX_DAG_ID=data_ingestion_gcp_dag
AIRFLOW_CTX_TASK_ID=local_to_gcs_task
AIRFLOW_CTX_EXECUTION_DATE=2000-01-01T00:00:00+00:00
AIRFLOW_CTX_DAG_RUN_ID=scheduled__2000-01-01T00:00:00+00:00
[2022-05-02 09:16:41,789] {python.py:175} INFO - Done. Returned value was: None
[2022-05-02 09:16:41,893] {taskinstance.py:1277} INFO - Marking task as SUCCESS. dag_id=data_ingestion_gcp_dag, task_id=local_to_gcs_task, execution_date=20000101T000000, start_date=20220502T091640, end_date=20220502T091641
[2022-05-02 09:16:41,950] {local_task_job.py:154} INFO - Task exited with return code 0
[2022-05-02 09:16:42,168] {local_task_job.py:264} INFO - 0 downstream tasks scheduled from follow-on schedule check
[2022-05-02 15:57:45,373] {taskinstance.py:1032} INFO - Dependencies all met for <TaskInstance: data_ingestion_gcp_dag.local_to_gcs_task scheduled__2000-01-01T00:00:00+00:00 [queued]>
[2022-05-02 15:57:45,415] {taskinstance.py:1032} INFO - Dependencies all met for <TaskInstance: data_ingestion_gcp_dag.local_to_gcs_task scheduled__2000-01-01T00:00:00+00:00 [queued]>
[2022-05-02 15:57:45,416] {taskinstance.py:1238} INFO - 
--------------------------------------------------------------------------------
[2022-05-02 15:57:45,418] {taskinstance.py:1239} INFO - Starting attempt 1 of 2
[2022-05-02 15:57:45,419] {taskinstance.py:1240} INFO - 
--------------------------------------------------------------------------------
[2022-05-02 15:57:45,461] {taskinstance.py:1259} INFO - Executing <Task(PythonOperator): local_to_gcs_task> on 2000-01-01 00:00:00+00:00
[2022-05-02 15:57:45,473] {standard_task_runner.py:52} INFO - Started process 1642 to run task
[2022-05-02 15:57:45,482] {standard_task_runner.py:76} INFO - Running: ['***', 'tasks', 'run', 'data_ingestion_gcp_dag', 'local_to_gcs_task', 'scheduled__2000-01-01T00:00:00+00:00', '--job-id', '1076', '--raw', '--subdir', 'DAGS_FOLDER/ingest_to_gcs_dag.py', '--cfg-path', '/tmp/tmpl5uro_a3', '--error-file', '/tmp/tmpbimmatya']
[2022-05-02 15:57:45,486] {standard_task_runner.py:77} INFO - Job 1076: Subtask local_to_gcs_task
[2022-05-02 15:57:45,852] {logging_mixin.py:109} INFO - Running <TaskInstance: data_ingestion_gcp_dag.local_to_gcs_task scheduled__2000-01-01T00:00:00+00:00 [running]> on host 9f5021834e17
[2022-05-02 15:57:46,093] {logging_mixin.py:109} WARNING - /home/***/.local/lib/python3.7/site-packages/***/utils/context.py:152 AirflowContextDeprecationWarning: Accessing 'execution_date' from the template is deprecated and will be removed in a future version. Please use 'data_interval_start' or 'logical_date' instead.
[2022-05-02 15:57:46,278] {taskinstance.py:1426} INFO - Exporting the following env vars:
AIRFLOW_CTX_DAG_OWNER=***
AIRFLOW_CTX_DAG_ID=data_ingestion_gcp_dag
AIRFLOW_CTX_TASK_ID=local_to_gcs_task
AIRFLOW_CTX_EXECUTION_DATE=2000-01-01T00:00:00+00:00
AIRFLOW_CTX_DAG_RUN_ID=scheduled__2000-01-01T00:00:00+00:00
[2022-05-02 15:57:47,058] {python.py:175} INFO - Done. Returned value was: None
[2022-05-02 15:57:47,188] {taskinstance.py:1277} INFO - Marking task as SUCCESS. dag_id=data_ingestion_gcp_dag, task_id=local_to_gcs_task, execution_date=20000101T000000, start_date=20220502T155745, end_date=20220502T155747
[2022-05-02 15:57:47,255] {local_task_job.py:154} INFO - Task exited with return code 0
[2022-05-02 15:57:47,525] {local_task_job.py:264} INFO - 0 downstream tasks scheduled from follow-on schedule check
[2022-05-02 16:32:45,862] {taskinstance.py:1032} INFO - Dependencies all met for <TaskInstance: data_ingestion_gcp_dag.local_to_gcs_task scheduled__2000-01-01T00:00:00+00:00 [queued]>
[2022-05-02 16:32:45,905] {taskinstance.py:1032} INFO - Dependencies all met for <TaskInstance: data_ingestion_gcp_dag.local_to_gcs_task scheduled__2000-01-01T00:00:00+00:00 [queued]>
[2022-05-02 16:32:45,907] {taskinstance.py:1238} INFO - 
--------------------------------------------------------------------------------
[2022-05-02 16:32:45,909] {taskinstance.py:1239} INFO - Starting attempt 1 of 2
[2022-05-02 16:32:45,910] {taskinstance.py:1240} INFO - 
--------------------------------------------------------------------------------
[2022-05-02 16:32:45,965] {taskinstance.py:1259} INFO - Executing <Task(PythonOperator): local_to_gcs_task> on 2000-01-01 00:00:00+00:00
[2022-05-02 16:32:45,976] {standard_task_runner.py:52} INFO - Started process 6208 to run task
[2022-05-02 16:32:45,986] {standard_task_runner.py:76} INFO - Running: ['***', 'tasks', 'run', 'data_ingestion_gcp_dag', 'local_to_gcs_task', 'scheduled__2000-01-01T00:00:00+00:00', '--job-id', '1184', '--raw', '--subdir', 'DAGS_FOLDER/ingest_to_gcs_dag.py', '--cfg-path', '/tmp/tmpw0ex3k3c', '--error-file', '/tmp/tmp68g4jdmc']
[2022-05-02 16:32:45,990] {standard_task_runner.py:77} INFO - Job 1184: Subtask local_to_gcs_task
[2022-05-02 16:32:46,366] {logging_mixin.py:109} INFO - Running <TaskInstance: data_ingestion_gcp_dag.local_to_gcs_task scheduled__2000-01-01T00:00:00+00:00 [running]> on host 9f5021834e17
[2022-05-02 16:32:46,623] {logging_mixin.py:109} WARNING - /home/***/.local/lib/python3.7/site-packages/***/utils/context.py:152 AirflowContextDeprecationWarning: Accessing 'execution_date' from the template is deprecated and will be removed in a future version. Please use 'data_interval_start' or 'logical_date' instead.
[2022-05-02 16:32:46,820] {taskinstance.py:1426} INFO - Exporting the following env vars:
AIRFLOW_CTX_DAG_OWNER=***
AIRFLOW_CTX_DAG_ID=data_ingestion_gcp_dag
AIRFLOW_CTX_TASK_ID=local_to_gcs_task
AIRFLOW_CTX_EXECUTION_DATE=2000-01-01T00:00:00+00:00
AIRFLOW_CTX_DAG_RUN_ID=scheduled__2000-01-01T00:00:00+00:00
[2022-05-02 16:32:47,585] {python.py:175} INFO - Done. Returned value was: None
[2022-05-02 16:32:47,697] {taskinstance.py:1277} INFO - Marking task as SUCCESS. dag_id=data_ingestion_gcp_dag, task_id=local_to_gcs_task, execution_date=20000101T000000, start_date=20220502T163245, end_date=20220502T163247
[2022-05-02 16:32:47,793] {local_task_job.py:154} INFO - Task exited with return code 0
[2022-05-02 16:32:48,017] {local_task_job.py:264} INFO - 0 downstream tasks scheduled from follow-on schedule check
[2022-05-02 16:48:18,447] {taskinstance.py:1032} INFO - Dependencies all met for <TaskInstance: data_ingestion_gcp_dag.local_to_gcs_task scheduled__2000-01-01T00:00:00+00:00 [queued]>
[2022-05-02 16:48:18,495] {taskinstance.py:1032} INFO - Dependencies all met for <TaskInstance: data_ingestion_gcp_dag.local_to_gcs_task scheduled__2000-01-01T00:00:00+00:00 [queued]>
[2022-05-02 16:48:18,497] {taskinstance.py:1238} INFO - 
--------------------------------------------------------------------------------
[2022-05-02 16:48:18,498] {taskinstance.py:1239} INFO - Starting attempt 1 of 2
[2022-05-02 16:48:18,500] {taskinstance.py:1240} INFO - 
--------------------------------------------------------------------------------
[2022-05-02 16:48:18,553] {taskinstance.py:1259} INFO - Executing <Task(PythonOperator): local_to_gcs_task> on 2000-01-01 00:00:00+00:00
[2022-05-02 16:48:18,563] {standard_task_runner.py:52} INFO - Started process 9030 to run task
[2022-05-02 16:48:18,578] {standard_task_runner.py:76} INFO - Running: ['***', 'tasks', 'run', 'data_ingestion_gcp_dag', 'local_to_gcs_task', 'scheduled__2000-01-01T00:00:00+00:00', '--job-id', '1287', '--raw', '--subdir', 'DAGS_FOLDER/ingest_to_gcs_dag.py', '--cfg-path', '/tmp/tmpd5_3l4mn', '--error-file', '/tmp/tmpplt62bh0']
[2022-05-02 16:48:18,582] {standard_task_runner.py:77} INFO - Job 1287: Subtask local_to_gcs_task
[2022-05-02 16:48:19,018] {logging_mixin.py:109} INFO - Running <TaskInstance: data_ingestion_gcp_dag.local_to_gcs_task scheduled__2000-01-01T00:00:00+00:00 [running]> on host 9f5021834e17
[2022-05-02 16:48:19,275] {logging_mixin.py:109} WARNING - /home/***/.local/lib/python3.7/site-packages/***/utils/context.py:152 AirflowContextDeprecationWarning: Accessing 'execution_date' from the template is deprecated and will be removed in a future version. Please use 'data_interval_start' or 'logical_date' instead.
[2022-05-02 16:48:19,473] {taskinstance.py:1426} INFO - Exporting the following env vars:
AIRFLOW_CTX_DAG_OWNER=***
AIRFLOW_CTX_DAG_ID=data_ingestion_gcp_dag
AIRFLOW_CTX_TASK_ID=local_to_gcs_task
AIRFLOW_CTX_EXECUTION_DATE=2000-01-01T00:00:00+00:00
AIRFLOW_CTX_DAG_RUN_ID=scheduled__2000-01-01T00:00:00+00:00
[2022-05-02 16:48:20,227] {python.py:175} INFO - Done. Returned value was: None
[2022-05-02 16:48:20,536] {taskinstance.py:1277} INFO - Marking task as SUCCESS. dag_id=data_ingestion_gcp_dag, task_id=local_to_gcs_task, execution_date=20000101T000000, start_date=20220502T164818, end_date=20220502T164820
[2022-05-02 16:48:20,632] {local_task_job.py:154} INFO - Task exited with return code 0
[2022-05-02 16:48:20,861] {local_task_job.py:264} INFO - 0 downstream tasks scheduled from follow-on schedule check
