[2022-04-29 02:22:26,101] {taskinstance.py:1043} INFO - Dependencies all met for <TaskInstance: data_ingestion_gcp_dag.rm_files_task scheduled__2005-01-01T00:00:00+00:00 [queued]>
[2022-04-29 02:22:26,177] {taskinstance.py:1043} INFO - Dependencies all met for <TaskInstance: data_ingestion_gcp_dag.rm_files_task scheduled__2005-01-01T00:00:00+00:00 [queued]>
[2022-04-29 02:22:26,179] {taskinstance.py:1249} INFO - 
--------------------------------------------------------------------------------
[2022-04-29 02:22:26,180] {taskinstance.py:1250} INFO - Starting attempt 1 of 2
[2022-04-29 02:22:26,182] {taskinstance.py:1251} INFO - 
--------------------------------------------------------------------------------
[2022-04-29 02:22:26,277] {taskinstance.py:1270} INFO - Executing <Task(BashOperator): rm_files_task> on 2005-01-01 00:00:00+00:00
[2022-04-29 02:22:26,296] {standard_task_runner.py:52} INFO - Started process 3552 to run task
[2022-04-29 02:22:26,321] {standard_task_runner.py:79} INFO - Running: ['***', 'tasks', 'run', 'data_ingestion_gcp_dag', 'rm_files_task', 'scheduled__2005-01-01T00:00:00+00:00', '--job-id', '641', '--raw', '--subdir', 'DAGS_FOLDER/ingest_to_gcs_dag.py', '--cfg-path', '/tmp/tmpodrw5cvw', '--error-file', '/tmp/tmp92vbdlhu']
[2022-04-29 02:22:26,325] {standard_task_runner.py:80} INFO - Job 641: Subtask rm_files_task
[2022-04-29 02:22:26,826] {logging_mixin.py:109} INFO - Running <TaskInstance: data_ingestion_gcp_dag.rm_files_task scheduled__2005-01-01T00:00:00+00:00 [running]> on host 6fd0ba274d58
[2022-04-29 02:22:27,142] {logging_mixin.py:109} WARNING - /home/***/.local/lib/python3.7/site-packages/***/utils/context.py:156 AirflowContextDeprecationWarning: Accessing 'execution_date' from the template is deprecated and will be removed in a future version. Please use 'data_interval_start' or 'logical_date' instead.
[2022-04-29 02:22:27,379] {taskinstance.py:1448} INFO - Exporting the following env vars:
AIRFLOW_CTX_DAG_OWNER=***
AIRFLOW_CTX_DAG_ID=data_ingestion_gcp_dag
AIRFLOW_CTX_TASK_ID=rm_files_task
AIRFLOW_CTX_EXECUTION_DATE=2005-01-01T00:00:00+00:00
AIRFLOW_CTX_DAG_RUN_ID=scheduled__2005-01-01T00:00:00+00:00
[2022-04-29 02:22:27,389] {subprocess.py:62} INFO - Tmp dir root location: 
 /tmp
[2022-04-29 02:22:27,393] {subprocess.py:74} INFO - Running command: ['bash', '-c', 'rm /opt/***/laucnty05.xlsx /opt/***/us_employment_2005.parquet']
[2022-04-29 02:22:27,418] {subprocess.py:85} INFO - Output:
[2022-04-29 02:22:27,505] {subprocess.py:93} INFO - Command exited with return code 0
[2022-04-29 02:22:27,741] {taskinstance.py:1288} INFO - Marking task as SUCCESS. dag_id=data_ingestion_gcp_dag, task_id=rm_files_task, execution_date=20050101T000000, start_date=20220429T022226, end_date=20220429T022227
[2022-04-29 02:22:27,848] {local_task_job.py:154} INFO - Task exited with return code 0
[2022-04-29 02:22:28,312] {local_task_job.py:264} INFO - 0 downstream tasks scheduled from follow-on schedule check
[2022-04-29 02:37:14,110] {taskinstance.py:1043} INFO - Dependencies all met for <TaskInstance: data_ingestion_gcp_dag.rm_files_task scheduled__2005-01-01T00:00:00+00:00 [queued]>
[2022-04-29 02:37:14,166] {taskinstance.py:1043} INFO - Dependencies all met for <TaskInstance: data_ingestion_gcp_dag.rm_files_task scheduled__2005-01-01T00:00:00+00:00 [queued]>
[2022-04-29 02:37:14,168] {taskinstance.py:1249} INFO - 
--------------------------------------------------------------------------------
[2022-04-29 02:37:14,171] {taskinstance.py:1250} INFO - Starting attempt 1 of 2
[2022-04-29 02:37:14,172] {taskinstance.py:1251} INFO - 
--------------------------------------------------------------------------------
[2022-04-29 02:37:14,226] {taskinstance.py:1270} INFO - Executing <Task(BashOperator): rm_files_task> on 2005-01-01 00:00:00+00:00
[2022-04-29 02:37:14,237] {standard_task_runner.py:52} INFO - Started process 5686 to run task
[2022-04-29 02:37:14,255] {standard_task_runner.py:79} INFO - Running: ['***', 'tasks', 'run', 'data_ingestion_gcp_dag', 'rm_files_task', 'scheduled__2005-01-01T00:00:00+00:00', '--job-id', '727', '--raw', '--subdir', 'DAGS_FOLDER/ingest_to_gcs_dag.py', '--cfg-path', '/tmp/tmpgta01x0u', '--error-file', '/tmp/tmpw3pgla12']
[2022-04-29 02:37:14,263] {standard_task_runner.py:80} INFO - Job 727: Subtask rm_files_task
[2022-04-29 02:37:14,699] {logging_mixin.py:109} INFO - Running <TaskInstance: data_ingestion_gcp_dag.rm_files_task scheduled__2005-01-01T00:00:00+00:00 [running]> on host 6fd0ba274d58
[2022-04-29 02:37:14,961] {logging_mixin.py:109} WARNING - /home/***/.local/lib/python3.7/site-packages/***/utils/context.py:156 AirflowContextDeprecationWarning: Accessing 'execution_date' from the template is deprecated and will be removed in a future version. Please use 'data_interval_start' or 'logical_date' instead.
[2022-04-29 02:37:15,149] {taskinstance.py:1448} INFO - Exporting the following env vars:
AIRFLOW_CTX_DAG_OWNER=***
AIRFLOW_CTX_DAG_ID=data_ingestion_gcp_dag
AIRFLOW_CTX_TASK_ID=rm_files_task
AIRFLOW_CTX_EXECUTION_DATE=2005-01-01T00:00:00+00:00
AIRFLOW_CTX_DAG_RUN_ID=scheduled__2005-01-01T00:00:00+00:00
[2022-04-29 02:37:15,154] {subprocess.py:62} INFO - Tmp dir root location: 
 /tmp
[2022-04-29 02:37:15,157] {subprocess.py:74} INFO - Running command: ['bash', '-c', 'rm /opt/***/laucnty05.xlsx /opt/***/us_employment_2005.parquet']
[2022-04-29 02:37:15,175] {subprocess.py:85} INFO - Output:
[2022-04-29 02:37:15,246] {subprocess.py:93} INFO - Command exited with return code 0
[2022-04-29 02:37:15,628] {taskinstance.py:1288} INFO - Marking task as SUCCESS. dag_id=data_ingestion_gcp_dag, task_id=rm_files_task, execution_date=20050101T000000, start_date=20220429T023714, end_date=20220429T023715
[2022-04-29 02:37:15,747] {local_task_job.py:154} INFO - Task exited with return code 0
[2022-04-29 02:37:16,262] {local_task_job.py:264} INFO - 0 downstream tasks scheduled from follow-on schedule check
