[2022-04-28 06:13:49,830] {taskinstance.py:1043} INFO - Dependencies all met for <TaskInstance: data_ingestion_gcp_dag.rm_files_task scheduled__2019-01-01T00:00:00+00:00 [queued]>
[2022-04-28 06:13:49,880] {taskinstance.py:1043} INFO - Dependencies all met for <TaskInstance: data_ingestion_gcp_dag.rm_files_task scheduled__2019-01-01T00:00:00+00:00 [queued]>
[2022-04-28 06:13:49,882] {taskinstance.py:1249} INFO - 
--------------------------------------------------------------------------------
[2022-04-28 06:13:49,883] {taskinstance.py:1250} INFO - Starting attempt 1 of 2
[2022-04-28 06:13:49,885] {taskinstance.py:1251} INFO - 
--------------------------------------------------------------------------------
[2022-04-28 06:13:49,934] {taskinstance.py:1270} INFO - Executing <Task(BashOperator): rm_files_task> on 2019-01-01 00:00:00+00:00
[2022-04-28 06:13:49,945] {standard_task_runner.py:52} INFO - Started process 3416 to run task
[2022-04-28 06:13:49,954] {standard_task_runner.py:79} INFO - Running: ['***', 'tasks', 'run', 'data_ingestion_gcp_dag', 'rm_files_task', 'scheduled__2019-01-01T00:00:00+00:00', '--job-id', '622', '--raw', '--subdir', 'DAGS_FOLDER/ingest_to_gcs_dag.py', '--cfg-path', '/tmp/tmp5yv5n86r', '--error-file', '/tmp/tmp1c8ej55p']
[2022-04-28 06:13:49,957] {standard_task_runner.py:80} INFO - Job 622: Subtask rm_files_task
[2022-04-28 06:13:50,539] {logging_mixin.py:109} INFO - Running <TaskInstance: data_ingestion_gcp_dag.rm_files_task scheduled__2019-01-01T00:00:00+00:00 [running]> on host d4721d223bdd
[2022-04-28 06:13:51,141] {logging_mixin.py:109} WARNING - /home/***/.local/lib/python3.7/site-packages/***/utils/context.py:156 AirflowContextDeprecationWarning: Accessing 'execution_date' from the template is deprecated and will be removed in a future version. Please use 'data_interval_start' or 'logical_date' instead.
[2022-04-28 06:13:51,347] {taskinstance.py:1448} INFO - Exporting the following env vars:
AIRFLOW_CTX_DAG_OWNER=***
AIRFLOW_CTX_DAG_ID=data_ingestion_gcp_dag
AIRFLOW_CTX_TASK_ID=rm_files_task
AIRFLOW_CTX_EXECUTION_DATE=2019-01-01T00:00:00+00:00
AIRFLOW_CTX_DAG_RUN_ID=scheduled__2019-01-01T00:00:00+00:00
[2022-04-28 06:13:51,353] {subprocess.py:62} INFO - Tmp dir root location: 
 /tmp
[2022-04-28 06:13:51,356] {subprocess.py:74} INFO - Running command: ['bash', '-c', 'rm /opt/***/laucnty19.xlsx /opt/***/us_employment_19.parquet']
[2022-04-28 06:13:51,386] {subprocess.py:85} INFO - Output:
[2022-04-28 06:13:51,483] {subprocess.py:93} INFO - Command exited with return code 0
[2022-04-28 06:13:51,865] {taskinstance.py:1288} INFO - Marking task as SUCCESS. dag_id=data_ingestion_gcp_dag, task_id=rm_files_task, execution_date=20190101T000000, start_date=20220428T061349, end_date=20220428T061351
[2022-04-28 06:13:51,943] {local_task_job.py:154} INFO - Task exited with return code 0
[2022-04-28 06:13:52,389] {local_task_job.py:264} INFO - 0 downstream tasks scheduled from follow-on schedule check
[2022-04-29 02:40:39,564] {taskinstance.py:1043} INFO - Dependencies all met for <TaskInstance: data_ingestion_gcp_dag.rm_files_task scheduled__2019-01-01T00:00:00+00:00 [queued]>
[2022-04-29 02:40:39,614] {taskinstance.py:1043} INFO - Dependencies all met for <TaskInstance: data_ingestion_gcp_dag.rm_files_task scheduled__2019-01-01T00:00:00+00:00 [queued]>
[2022-04-29 02:40:39,616] {taskinstance.py:1249} INFO - 
--------------------------------------------------------------------------------
[2022-04-29 02:40:39,619] {taskinstance.py:1250} INFO - Starting attempt 1 of 2
[2022-04-29 02:40:39,621] {taskinstance.py:1251} INFO - 
--------------------------------------------------------------------------------
[2022-04-29 02:40:39,685] {taskinstance.py:1270} INFO - Executing <Task(BashOperator): rm_files_task> on 2019-01-01 00:00:00+00:00
[2022-04-29 02:40:39,699] {standard_task_runner.py:52} INFO - Started process 6584 to run task
[2022-04-29 02:40:39,710] {standard_task_runner.py:79} INFO - Running: ['***', 'tasks', 'run', 'data_ingestion_gcp_dag', 'rm_files_task', 'scheduled__2019-01-01T00:00:00+00:00', '--job-id', '784', '--raw', '--subdir', 'DAGS_FOLDER/ingest_to_gcs_dag.py', '--cfg-path', '/tmp/tmpwqbnc_4q', '--error-file', '/tmp/tmp6qxe6auz']
[2022-04-29 02:40:39,717] {standard_task_runner.py:80} INFO - Job 784: Subtask rm_files_task
[2022-04-29 02:40:40,181] {logging_mixin.py:109} INFO - Running <TaskInstance: data_ingestion_gcp_dag.rm_files_task scheduled__2019-01-01T00:00:00+00:00 [running]> on host 6fd0ba274d58
[2022-04-29 02:40:40,548] {logging_mixin.py:109} WARNING - /home/***/.local/lib/python3.7/site-packages/***/utils/context.py:156 AirflowContextDeprecationWarning: Accessing 'execution_date' from the template is deprecated and will be removed in a future version. Please use 'data_interval_start' or 'logical_date' instead.
[2022-04-29 02:40:40,789] {taskinstance.py:1448} INFO - Exporting the following env vars:
AIRFLOW_CTX_DAG_OWNER=***
AIRFLOW_CTX_DAG_ID=data_ingestion_gcp_dag
AIRFLOW_CTX_TASK_ID=rm_files_task
AIRFLOW_CTX_EXECUTION_DATE=2019-01-01T00:00:00+00:00
AIRFLOW_CTX_DAG_RUN_ID=scheduled__2019-01-01T00:00:00+00:00
[2022-04-29 02:40:40,798] {subprocess.py:62} INFO - Tmp dir root location: 
 /tmp
[2022-04-29 02:40:40,802] {subprocess.py:74} INFO - Running command: ['bash', '-c', 'rm /opt/***/laucnty19.xlsx /opt/***/us_employment_2019.parquet']
[2022-04-29 02:40:40,829] {subprocess.py:85} INFO - Output:
[2022-04-29 02:40:40,911] {subprocess.py:93} INFO - Command exited with return code 0
[2022-04-29 02:40:41,167] {taskinstance.py:1288} INFO - Marking task as SUCCESS. dag_id=data_ingestion_gcp_dag, task_id=rm_files_task, execution_date=20190101T000000, start_date=20220429T024039, end_date=20220429T024041
[2022-04-29 02:40:41,265] {local_task_job.py:154} INFO - Task exited with return code 0
[2022-04-29 02:40:41,519] {local_task_job.py:264} INFO - 0 downstream tasks scheduled from follow-on schedule check
