[2022-05-02 16:42:20,088] {taskinstance.py:1032} INFO - Dependencies all met for <TaskInstance: gcs_to_bq_dag.rm_files_task manual__2022-05-02T16:38:29.679858+00:00 [queued]>
[2022-05-02 16:42:20,130] {taskinstance.py:1032} INFO - Dependencies all met for <TaskInstance: gcs_to_bq_dag.rm_files_task manual__2022-05-02T16:38:29.679858+00:00 [queued]>
[2022-05-02 16:42:20,131] {taskinstance.py:1238} INFO - 
--------------------------------------------------------------------------------
[2022-05-02 16:42:20,132] {taskinstance.py:1239} INFO - Starting attempt 1 of 2
[2022-05-02 16:42:20,134] {taskinstance.py:1240} INFO - 
--------------------------------------------------------------------------------
[2022-05-02 16:42:20,174] {taskinstance.py:1259} INFO - Executing <Task(BashOperator): rm_files_task> on 2022-05-02 16:38:29.679858+00:00
[2022-05-02 16:42:20,199] {standard_task_runner.py:52} INFO - Started process 8073 to run task
[2022-05-02 16:42:20,207] {standard_task_runner.py:76} INFO - Running: ['***', 'tasks', 'run', 'gcs_to_bq_dag', 'rm_files_task', 'manual__2022-05-02T16:38:29.679858+00:00', '--job-id', '1251', '--raw', '--subdir', 'DAGS_FOLDER/gcs_to_bq_task.py', '--cfg-path', '/tmp/tmppfhkqkhq', '--error-file', '/tmp/tmp3m73pu9r']
[2022-05-02 16:42:20,210] {standard_task_runner.py:77} INFO - Job 1251: Subtask rm_files_task
[2022-05-02 16:42:20,524] {logging_mixin.py:109} INFO - Running <TaskInstance: gcs_to_bq_dag.rm_files_task manual__2022-05-02T16:38:29.679858+00:00 [running]> on host 9f5021834e17
[2022-05-02 16:42:20,873] {taskinstance.py:1426} INFO - Exporting the following env vars:
AIRFLOW_CTX_DAG_OWNER=***
AIRFLOW_CTX_DAG_ID=gcs_to_bq_dag
AIRFLOW_CTX_TASK_ID=rm_files_task
AIRFLOW_CTX_EXECUTION_DATE=2022-05-02T16:38:29.679858+00:00
AIRFLOW_CTX_DAG_RUN_ID=manual__2022-05-02T16:38:29.679858+00:00
[2022-05-02 16:42:20,879] {subprocess.py:62} INFO - Tmp dir root location: 
 /tmp
[2022-05-02 16:42:20,882] {subprocess.py:74} INFO - Running command: ['bash', '-c', 'rm /opt/***/*.xlsx /opt/***/us_employment_*.parquet /opt/***/data/*.snappy.parquet']
[2022-05-02 16:42:20,902] {subprocess.py:85} INFO - Output:
[2022-05-02 16:42:21,027] {subprocess.py:93} INFO - Command exited with return code 0
[2022-05-02 16:42:21,240] {taskinstance.py:1277} INFO - Marking task as SUCCESS. dag_id=gcs_to_bq_dag, task_id=rm_files_task, execution_date=20220502T163829, start_date=20220502T164220, end_date=20220502T164221
[2022-05-02 16:42:21,321] {local_task_job.py:154} INFO - Task exited with return code 0
[2022-05-02 16:42:21,561] {local_task_job.py:264} INFO - 0 downstream tasks scheduled from follow-on schedule check
