[2022-04-28 06:09:20,486] {taskinstance.py:1043} INFO - Dependencies all met for <TaskInstance: data_ingestion_gcp_dag.format_to_parquet_task scheduled__2010-01-01T00:00:00+00:00 [queued]>
[2022-04-28 06:09:20,529] {taskinstance.py:1043} INFO - Dependencies all met for <TaskInstance: data_ingestion_gcp_dag.format_to_parquet_task scheduled__2010-01-01T00:00:00+00:00 [queued]>
[2022-04-28 06:09:20,531] {taskinstance.py:1249} INFO - 
--------------------------------------------------------------------------------
[2022-04-28 06:09:20,532] {taskinstance.py:1250} INFO - Starting attempt 1 of 2
[2022-04-28 06:09:20,534] {taskinstance.py:1251} INFO - 
--------------------------------------------------------------------------------
[2022-04-28 06:09:20,577] {taskinstance.py:1270} INFO - Executing <Task(PythonOperator): format_to_parquet_task> on 2010-01-01 00:00:00+00:00
[2022-04-28 06:09:20,587] {standard_task_runner.py:52} INFO - Started process 2500 to run task
[2022-04-28 06:09:20,595] {standard_task_runner.py:79} INFO - Running: ['***', 'tasks', 'run', 'data_ingestion_gcp_dag', 'format_to_parquet_task', 'scheduled__2010-01-01T00:00:00+00:00', '--job-id', '569', '--raw', '--subdir', 'DAGS_FOLDER/ingest_to_gcs_dag.py', '--cfg-path', '/tmp/tmps51bkb41', '--error-file', '/tmp/tmpbvufmaym']
[2022-04-28 06:09:20,599] {standard_task_runner.py:80} INFO - Job 569: Subtask format_to_parquet_task
[2022-04-28 06:09:20,971] {logging_mixin.py:109} INFO - Running <TaskInstance: data_ingestion_gcp_dag.format_to_parquet_task scheduled__2010-01-01T00:00:00+00:00 [running]> on host d4721d223bdd
[2022-04-28 06:09:21,288] {logging_mixin.py:109} WARNING - /home/***/.local/lib/python3.7/site-packages/***/utils/context.py:156 AirflowContextDeprecationWarning: Accessing 'execution_date' from the template is deprecated and will be removed in a future version. Please use 'data_interval_start' or 'logical_date' instead.
[2022-04-28 06:09:21,562] {taskinstance.py:1448} INFO - Exporting the following env vars:
AIRFLOW_CTX_DAG_OWNER=***
AIRFLOW_CTX_DAG_ID=data_ingestion_gcp_dag
AIRFLOW_CTX_TASK_ID=format_to_parquet_task
AIRFLOW_CTX_EXECUTION_DATE=2010-01-01T00:00:00+00:00
AIRFLOW_CTX_DAG_RUN_ID=scheduled__2010-01-01T00:00:00+00:00
[2022-04-28 06:09:21,980] {python.py:175} INFO - Done. Returned value was: None
[2022-04-28 06:09:22,085] {taskinstance.py:1288} INFO - Marking task as SUCCESS. dag_id=data_ingestion_gcp_dag, task_id=format_to_parquet_task, execution_date=20100101T000000, start_date=20220428T060920, end_date=20220428T060922
[2022-04-28 06:09:22,149] {local_task_job.py:154} INFO - Task exited with return code 0
[2022-04-28 06:09:22,399] {local_task_job.py:264} INFO - 1 downstream tasks scheduled from follow-on schedule check
