[2022-04-28 06:07:22,244] {taskinstance.py:1043} INFO - Dependencies all met for <TaskInstance: data_ingestion_gcp_dag.local_to_gcs_task scheduled__2007-01-01T00:00:00+00:00 [queued]>
[2022-04-28 06:07:22,289] {taskinstance.py:1043} INFO - Dependencies all met for <TaskInstance: data_ingestion_gcp_dag.local_to_gcs_task scheduled__2007-01-01T00:00:00+00:00 [queued]>
[2022-04-28 06:07:22,291] {taskinstance.py:1249} INFO - 
--------------------------------------------------------------------------------
[2022-04-28 06:07:22,292] {taskinstance.py:1250} INFO - Starting attempt 1 of 2
[2022-04-28 06:07:22,294] {taskinstance.py:1251} INFO - 
--------------------------------------------------------------------------------
[2022-04-28 06:07:22,341] {taskinstance.py:1270} INFO - Executing <Task(PythonOperator): local_to_gcs_task> on 2007-01-01 00:00:00+00:00
[2022-04-28 06:07:22,352] {standard_task_runner.py:52} INFO - Started process 2205 to run task
[2022-04-28 06:07:22,361] {standard_task_runner.py:79} INFO - Running: ['***', 'tasks', 'run', 'data_ingestion_gcp_dag', 'local_to_gcs_task', 'scheduled__2007-01-01T00:00:00+00:00', '--job-id', '555', '--raw', '--subdir', 'DAGS_FOLDER/ingest_to_gcs_dag.py', '--cfg-path', '/tmp/tmpb40wltp_', '--error-file', '/tmp/tmpzdb3t1i4']
[2022-04-28 06:07:22,364] {standard_task_runner.py:80} INFO - Job 555: Subtask local_to_gcs_task
[2022-04-28 06:07:22,778] {logging_mixin.py:109} INFO - Running <TaskInstance: data_ingestion_gcp_dag.local_to_gcs_task scheduled__2007-01-01T00:00:00+00:00 [running]> on host d4721d223bdd
[2022-04-28 06:07:23,093] {logging_mixin.py:109} WARNING - /home/***/.local/lib/python3.7/site-packages/***/utils/context.py:156 AirflowContextDeprecationWarning: Accessing 'execution_date' from the template is deprecated and will be removed in a future version. Please use 'data_interval_start' or 'logical_date' instead.
[2022-04-28 06:07:23,282] {taskinstance.py:1448} INFO - Exporting the following env vars:
AIRFLOW_CTX_DAG_OWNER=***
AIRFLOW_CTX_DAG_ID=data_ingestion_gcp_dag
AIRFLOW_CTX_TASK_ID=local_to_gcs_task
AIRFLOW_CTX_EXECUTION_DATE=2007-01-01T00:00:00+00:00
AIRFLOW_CTX_DAG_RUN_ID=scheduled__2007-01-01T00:00:00+00:00
[2022-04-28 06:07:24,705] {python.py:175} INFO - Done. Returned value was: None
[2022-04-28 06:07:24,816] {taskinstance.py:1288} INFO - Marking task as SUCCESS. dag_id=data_ingestion_gcp_dag, task_id=local_to_gcs_task, execution_date=20070101T000000, start_date=20220428T060722, end_date=20220428T060724
[2022-04-28 06:07:24,893] {local_task_job.py:154} INFO - Task exited with return code 0
[2022-04-28 06:07:25,128] {local_task_job.py:264} INFO - 1 downstream tasks scheduled from follow-on schedule check
[2022-04-29 02:37:45,478] {taskinstance.py:1043} INFO - Dependencies all met for <TaskInstance: data_ingestion_gcp_dag.local_to_gcs_task scheduled__2007-01-01T00:00:00+00:00 [queued]>
[2022-04-29 02:37:45,526] {taskinstance.py:1043} INFO - Dependencies all met for <TaskInstance: data_ingestion_gcp_dag.local_to_gcs_task scheduled__2007-01-01T00:00:00+00:00 [queued]>
[2022-04-29 02:37:45,527] {taskinstance.py:1249} INFO - 
--------------------------------------------------------------------------------
[2022-04-29 02:37:45,528] {taskinstance.py:1250} INFO - Starting attempt 1 of 2
[2022-04-29 02:37:45,529] {taskinstance.py:1251} INFO - 
--------------------------------------------------------------------------------
[2022-04-29 02:37:45,582] {taskinstance.py:1270} INFO - Executing <Task(PythonOperator): local_to_gcs_task> on 2007-01-01 00:00:00+00:00
[2022-04-29 02:37:45,593] {standard_task_runner.py:52} INFO - Started process 5830 to run task
[2022-04-29 02:37:45,602] {standard_task_runner.py:79} INFO - Running: ['***', 'tasks', 'run', 'data_ingestion_gcp_dag', 'local_to_gcs_task', 'scheduled__2007-01-01T00:00:00+00:00', '--job-id', '736', '--raw', '--subdir', 'DAGS_FOLDER/ingest_to_gcs_dag.py', '--cfg-path', '/tmp/tmpz01_c08s', '--error-file', '/tmp/tmpkyuykw4k']
[2022-04-29 02:37:45,607] {standard_task_runner.py:80} INFO - Job 736: Subtask local_to_gcs_task
[2022-04-29 02:37:45,991] {logging_mixin.py:109} INFO - Running <TaskInstance: data_ingestion_gcp_dag.local_to_gcs_task scheduled__2007-01-01T00:00:00+00:00 [running]> on host 6fd0ba274d58
[2022-04-29 02:37:46,241] {logging_mixin.py:109} WARNING - /home/***/.local/lib/python3.7/site-packages/***/utils/context.py:156 AirflowContextDeprecationWarning: Accessing 'execution_date' from the template is deprecated and will be removed in a future version. Please use 'data_interval_start' or 'logical_date' instead.
[2022-04-29 02:37:46,479] {taskinstance.py:1448} INFO - Exporting the following env vars:
AIRFLOW_CTX_DAG_OWNER=***
AIRFLOW_CTX_DAG_ID=data_ingestion_gcp_dag
AIRFLOW_CTX_TASK_ID=local_to_gcs_task
AIRFLOW_CTX_EXECUTION_DATE=2007-01-01T00:00:00+00:00
AIRFLOW_CTX_DAG_RUN_ID=scheduled__2007-01-01T00:00:00+00:00
[2022-04-29 02:37:48,018] {python.py:175} INFO - Done. Returned value was: None
[2022-04-29 02:37:48,130] {taskinstance.py:1288} INFO - Marking task as SUCCESS. dag_id=data_ingestion_gcp_dag, task_id=local_to_gcs_task, execution_date=20070101T000000, start_date=20220429T023745, end_date=20220429T023748
[2022-04-29 02:37:48,199] {local_task_job.py:154} INFO - Task exited with return code 0
[2022-04-29 02:37:48,460] {local_task_job.py:264} INFO - 1 downstream tasks scheduled from follow-on schedule check
[2022-05-02 07:56:13,398] {taskinstance.py:1032} INFO - Dependencies all met for <TaskInstance: data_ingestion_gcp_dag.local_to_gcs_task scheduled__2007-01-01T00:00:00+00:00 [queued]>
[2022-05-02 07:56:13,448] {taskinstance.py:1032} INFO - Dependencies all met for <TaskInstance: data_ingestion_gcp_dag.local_to_gcs_task scheduled__2007-01-01T00:00:00+00:00 [queued]>
[2022-05-02 07:56:13,450] {taskinstance.py:1238} INFO - 
--------------------------------------------------------------------------------
[2022-05-02 07:56:13,451] {taskinstance.py:1239} INFO - Starting attempt 1 of 2
[2022-05-02 07:56:13,453] {taskinstance.py:1240} INFO - 
--------------------------------------------------------------------------------
[2022-05-02 07:56:13,501] {taskinstance.py:1259} INFO - Executing <Task(PythonOperator): local_to_gcs_task> on 2007-01-01 00:00:00+00:00
[2022-05-02 07:56:13,512] {standard_task_runner.py:52} INFO - Started process 9594 to run task
[2022-05-02 07:56:13,533] {standard_task_runner.py:76} INFO - Running: ['***', 'tasks', 'run', 'data_ingestion_gcp_dag', 'local_to_gcs_task', 'scheduled__2007-01-01T00:00:00+00:00', '--job-id', '874', '--raw', '--subdir', 'DAGS_FOLDER/ingest_to_gcs_dag.py', '--cfg-path', '/tmp/tmpam759c29', '--error-file', '/tmp/tmp5hio5o9j']
[2022-05-02 07:56:13,537] {standard_task_runner.py:77} INFO - Job 874: Subtask local_to_gcs_task
[2022-05-02 07:56:13,920] {logging_mixin.py:109} INFO - Running <TaskInstance: data_ingestion_gcp_dag.local_to_gcs_task scheduled__2007-01-01T00:00:00+00:00 [running]> on host ae42322ae538
[2022-05-02 07:56:14,175] {logging_mixin.py:109} WARNING - /home/***/.local/lib/python3.7/site-packages/***/utils/context.py:152 AirflowContextDeprecationWarning: Accessing 'execution_date' from the template is deprecated and will be removed in a future version. Please use 'data_interval_start' or 'logical_date' instead.
[2022-05-02 07:56:14,365] {taskinstance.py:1426} INFO - Exporting the following env vars:
AIRFLOW_CTX_DAG_OWNER=***
AIRFLOW_CTX_DAG_ID=data_ingestion_gcp_dag
AIRFLOW_CTX_TASK_ID=local_to_gcs_task
AIRFLOW_CTX_EXECUTION_DATE=2007-01-01T00:00:00+00:00
AIRFLOW_CTX_DAG_RUN_ID=scheduled__2007-01-01T00:00:00+00:00
[2022-05-02 07:56:15,139] {python.py:175} INFO - Done. Returned value was: None
[2022-05-02 07:56:15,244] {taskinstance.py:1277} INFO - Marking task as SUCCESS. dag_id=data_ingestion_gcp_dag, task_id=local_to_gcs_task, execution_date=20070101T000000, start_date=20220502T075613, end_date=20220502T075615
[2022-05-02 07:56:15,300] {local_task_job.py:154} INFO - Task exited with return code 0
[2022-05-02 07:56:15,527] {local_task_job.py:264} INFO - 0 downstream tasks scheduled from follow-on schedule check
[2022-05-02 09:18:11,775] {taskinstance.py:1032} INFO - Dependencies all met for <TaskInstance: data_ingestion_gcp_dag.local_to_gcs_task scheduled__2007-01-01T00:00:00+00:00 [queued]>
[2022-05-02 09:18:11,821] {taskinstance.py:1032} INFO - Dependencies all met for <TaskInstance: data_ingestion_gcp_dag.local_to_gcs_task scheduled__2007-01-01T00:00:00+00:00 [queued]>
[2022-05-02 09:18:11,822] {taskinstance.py:1238} INFO - 
--------------------------------------------------------------------------------
[2022-05-02 09:18:11,823] {taskinstance.py:1239} INFO - Starting attempt 1 of 2
[2022-05-02 09:18:11,824] {taskinstance.py:1240} INFO - 
--------------------------------------------------------------------------------
[2022-05-02 09:18:11,868] {taskinstance.py:1259} INFO - Executing <Task(PythonOperator): local_to_gcs_task> on 2007-01-01 00:00:00+00:00
[2022-05-02 09:18:11,880] {standard_task_runner.py:52} INFO - Started process 2847 to run task
[2022-05-02 09:18:11,888] {standard_task_runner.py:76} INFO - Running: ['***', 'tasks', 'run', 'data_ingestion_gcp_dag', 'local_to_gcs_task', 'scheduled__2007-01-01T00:00:00+00:00', '--job-id', '993', '--raw', '--subdir', 'DAGS_FOLDER/ingest_to_gcs_dag.py', '--cfg-path', '/tmp/tmp6_vz0doh', '--error-file', '/tmp/tmpbh6bxma3']
[2022-05-02 09:18:11,891] {standard_task_runner.py:77} INFO - Job 993: Subtask local_to_gcs_task
[2022-05-02 09:18:12,268] {logging_mixin.py:109} INFO - Running <TaskInstance: data_ingestion_gcp_dag.local_to_gcs_task scheduled__2007-01-01T00:00:00+00:00 [running]> on host 98c324cf1bb6
[2022-05-02 09:18:12,536] {logging_mixin.py:109} WARNING - /home/***/.local/lib/python3.7/site-packages/***/utils/context.py:152 AirflowContextDeprecationWarning: Accessing 'execution_date' from the template is deprecated and will be removed in a future version. Please use 'data_interval_start' or 'logical_date' instead.
[2022-05-02 09:18:12,735] {taskinstance.py:1426} INFO - Exporting the following env vars:
AIRFLOW_CTX_DAG_OWNER=***
AIRFLOW_CTX_DAG_ID=data_ingestion_gcp_dag
AIRFLOW_CTX_TASK_ID=local_to_gcs_task
AIRFLOW_CTX_EXECUTION_DATE=2007-01-01T00:00:00+00:00
AIRFLOW_CTX_DAG_RUN_ID=scheduled__2007-01-01T00:00:00+00:00
[2022-05-02 09:18:13,476] {python.py:175} INFO - Done. Returned value was: None
[2022-05-02 09:18:13,582] {taskinstance.py:1277} INFO - Marking task as SUCCESS. dag_id=data_ingestion_gcp_dag, task_id=local_to_gcs_task, execution_date=20070101T000000, start_date=20220502T091811, end_date=20220502T091813
[2022-05-02 09:18:13,674] {local_task_job.py:154} INFO - Task exited with return code 0
[2022-05-02 09:18:13,907] {local_task_job.py:264} INFO - 0 downstream tasks scheduled from follow-on schedule check
[2022-05-02 15:59:13,176] {taskinstance.py:1032} INFO - Dependencies all met for <TaskInstance: data_ingestion_gcp_dag.local_to_gcs_task scheduled__2007-01-01T00:00:00+00:00 [queued]>
[2022-05-02 15:59:13,273] {taskinstance.py:1032} INFO - Dependencies all met for <TaskInstance: data_ingestion_gcp_dag.local_to_gcs_task scheduled__2007-01-01T00:00:00+00:00 [queued]>
[2022-05-02 15:59:13,276] {taskinstance.py:1238} INFO - 
--------------------------------------------------------------------------------
[2022-05-02 15:59:13,278] {taskinstance.py:1239} INFO - Starting attempt 1 of 2
[2022-05-02 15:59:13,280] {taskinstance.py:1240} INFO - 
--------------------------------------------------------------------------------
[2022-05-02 15:59:13,393] {taskinstance.py:1259} INFO - Executing <Task(PythonOperator): local_to_gcs_task> on 2007-01-01 00:00:00+00:00
[2022-05-02 15:59:13,408] {standard_task_runner.py:52} INFO - Started process 2006 to run task
[2022-05-02 15:59:13,422] {standard_task_runner.py:76} INFO - Running: ['***', 'tasks', 'run', 'data_ingestion_gcp_dag', 'local_to_gcs_task', 'scheduled__2007-01-01T00:00:00+00:00', '--job-id', '1095', '--raw', '--subdir', 'DAGS_FOLDER/ingest_to_gcs_dag.py', '--cfg-path', '/tmp/tmplcpzx4op', '--error-file', '/tmp/tmp5z1pzw9e']
[2022-05-02 15:59:13,425] {standard_task_runner.py:77} INFO - Job 1095: Subtask local_to_gcs_task
[2022-05-02 15:59:13,822] {logging_mixin.py:109} INFO - Running <TaskInstance: data_ingestion_gcp_dag.local_to_gcs_task scheduled__2007-01-01T00:00:00+00:00 [running]> on host 9f5021834e17
[2022-05-02 15:59:14,108] {logging_mixin.py:109} WARNING - /home/***/.local/lib/python3.7/site-packages/***/utils/context.py:152 AirflowContextDeprecationWarning: Accessing 'execution_date' from the template is deprecated and will be removed in a future version. Please use 'data_interval_start' or 'logical_date' instead.
[2022-05-02 15:59:14,492] {taskinstance.py:1426} INFO - Exporting the following env vars:
AIRFLOW_CTX_DAG_OWNER=***
AIRFLOW_CTX_DAG_ID=data_ingestion_gcp_dag
AIRFLOW_CTX_TASK_ID=local_to_gcs_task
AIRFLOW_CTX_EXECUTION_DATE=2007-01-01T00:00:00+00:00
AIRFLOW_CTX_DAG_RUN_ID=scheduled__2007-01-01T00:00:00+00:00
[2022-05-02 15:59:15,392] {python.py:175} INFO - Done. Returned value was: None
[2022-05-02 15:59:15,505] {taskinstance.py:1277} INFO - Marking task as SUCCESS. dag_id=data_ingestion_gcp_dag, task_id=local_to_gcs_task, execution_date=20070101T000000, start_date=20220502T155913, end_date=20220502T155915
[2022-05-02 15:59:15,570] {local_task_job.py:154} INFO - Task exited with return code 0
[2022-05-02 15:59:16,008] {local_task_job.py:264} INFO - 0 downstream tasks scheduled from follow-on schedule check
[2022-05-02 16:34:25,562] {taskinstance.py:1032} INFO - Dependencies all met for <TaskInstance: data_ingestion_gcp_dag.local_to_gcs_task scheduled__2007-01-01T00:00:00+00:00 [queued]>
[2022-05-02 16:34:25,610] {taskinstance.py:1032} INFO - Dependencies all met for <TaskInstance: data_ingestion_gcp_dag.local_to_gcs_task scheduled__2007-01-01T00:00:00+00:00 [queued]>
[2022-05-02 16:34:25,612] {taskinstance.py:1238} INFO - 
--------------------------------------------------------------------------------
[2022-05-02 16:34:25,613] {taskinstance.py:1239} INFO - Starting attempt 1 of 2
[2022-05-02 16:34:25,615] {taskinstance.py:1240} INFO - 
--------------------------------------------------------------------------------
[2022-05-02 16:34:25,662] {taskinstance.py:1259} INFO - Executing <Task(PythonOperator): local_to_gcs_task> on 2007-01-01 00:00:00+00:00
[2022-05-02 16:34:25,673] {standard_task_runner.py:52} INFO - Started process 6572 to run task
[2022-05-02 16:34:25,683] {standard_task_runner.py:76} INFO - Running: ['***', 'tasks', 'run', 'data_ingestion_gcp_dag', 'local_to_gcs_task', 'scheduled__2007-01-01T00:00:00+00:00', '--job-id', '1201', '--raw', '--subdir', 'DAGS_FOLDER/ingest_to_gcs_dag.py', '--cfg-path', '/tmp/tmpd4xmhiu4', '--error-file', '/tmp/tmpiibl2llw']
[2022-05-02 16:34:25,687] {standard_task_runner.py:77} INFO - Job 1201: Subtask local_to_gcs_task
[2022-05-02 16:34:26,068] {logging_mixin.py:109} INFO - Running <TaskInstance: data_ingestion_gcp_dag.local_to_gcs_task scheduled__2007-01-01T00:00:00+00:00 [running]> on host 9f5021834e17
[2022-05-02 16:34:26,335] {logging_mixin.py:109} WARNING - /home/***/.local/lib/python3.7/site-packages/***/utils/context.py:152 AirflowContextDeprecationWarning: Accessing 'execution_date' from the template is deprecated and will be removed in a future version. Please use 'data_interval_start' or 'logical_date' instead.
[2022-05-02 16:34:26,537] {taskinstance.py:1426} INFO - Exporting the following env vars:
AIRFLOW_CTX_DAG_OWNER=***
AIRFLOW_CTX_DAG_ID=data_ingestion_gcp_dag
AIRFLOW_CTX_TASK_ID=local_to_gcs_task
AIRFLOW_CTX_EXECUTION_DATE=2007-01-01T00:00:00+00:00
AIRFLOW_CTX_DAG_RUN_ID=scheduled__2007-01-01T00:00:00+00:00
[2022-05-02 16:34:27,290] {python.py:175} INFO - Done. Returned value was: None
[2022-05-02 16:34:27,401] {taskinstance.py:1277} INFO - Marking task as SUCCESS. dag_id=data_ingestion_gcp_dag, task_id=local_to_gcs_task, execution_date=20070101T000000, start_date=20220502T163425, end_date=20220502T163427
[2022-05-02 16:34:27,494] {local_task_job.py:154} INFO - Task exited with return code 0
[2022-05-02 16:34:27,877] {local_task_job.py:264} INFO - 0 downstream tasks scheduled from follow-on schedule check
[2022-05-02 16:50:00,373] {taskinstance.py:1032} INFO - Dependencies all met for <TaskInstance: data_ingestion_gcp_dag.local_to_gcs_task scheduled__2007-01-01T00:00:00+00:00 [queued]>
[2022-05-02 16:50:00,423] {taskinstance.py:1032} INFO - Dependencies all met for <TaskInstance: data_ingestion_gcp_dag.local_to_gcs_task scheduled__2007-01-01T00:00:00+00:00 [queued]>
[2022-05-02 16:50:00,424] {taskinstance.py:1238} INFO - 
--------------------------------------------------------------------------------
[2022-05-02 16:50:00,427] {taskinstance.py:1239} INFO - Starting attempt 1 of 2
[2022-05-02 16:50:00,430] {taskinstance.py:1240} INFO - 
--------------------------------------------------------------------------------
[2022-05-02 16:50:00,485] {taskinstance.py:1259} INFO - Executing <Task(PythonOperator): local_to_gcs_task> on 2007-01-01 00:00:00+00:00
[2022-05-02 16:50:00,496] {standard_task_runner.py:52} INFO - Started process 9386 to run task
[2022-05-02 16:50:00,512] {standard_task_runner.py:76} INFO - Running: ['***', 'tasks', 'run', 'data_ingestion_gcp_dag', 'local_to_gcs_task', 'scheduled__2007-01-01T00:00:00+00:00', '--job-id', '1306', '--raw', '--subdir', 'DAGS_FOLDER/ingest_to_gcs_dag.py', '--cfg-path', '/tmp/tmparp3qwhn', '--error-file', '/tmp/tmp0g_5s_gs']
[2022-05-02 16:50:00,515] {standard_task_runner.py:77} INFO - Job 1306: Subtask local_to_gcs_task
[2022-05-02 16:50:00,886] {logging_mixin.py:109} INFO - Running <TaskInstance: data_ingestion_gcp_dag.local_to_gcs_task scheduled__2007-01-01T00:00:00+00:00 [running]> on host 9f5021834e17
[2022-05-02 16:50:01,150] {logging_mixin.py:109} WARNING - /home/***/.local/lib/python3.7/site-packages/***/utils/context.py:152 AirflowContextDeprecationWarning: Accessing 'execution_date' from the template is deprecated and will be removed in a future version. Please use 'data_interval_start' or 'logical_date' instead.
[2022-05-02 16:50:01,347] {taskinstance.py:1426} INFO - Exporting the following env vars:
AIRFLOW_CTX_DAG_OWNER=***
AIRFLOW_CTX_DAG_ID=data_ingestion_gcp_dag
AIRFLOW_CTX_TASK_ID=local_to_gcs_task
AIRFLOW_CTX_EXECUTION_DATE=2007-01-01T00:00:00+00:00
AIRFLOW_CTX_DAG_RUN_ID=scheduled__2007-01-01T00:00:00+00:00
[2022-05-02 16:50:02,087] {python.py:175} INFO - Done. Returned value was: None
[2022-05-02 16:50:02,229] {taskinstance.py:1277} INFO - Marking task as SUCCESS. dag_id=data_ingestion_gcp_dag, task_id=local_to_gcs_task, execution_date=20070101T000000, start_date=20220502T165000, end_date=20220502T165002
[2022-05-02 16:50:02,306] {local_task_job.py:154} INFO - Task exited with return code 0
[2022-05-02 16:50:02,619] {local_task_job.py:264} INFO - 0 downstream tasks scheduled from follow-on schedule check
