[2022-04-29 02:22:06,362] {taskinstance.py:1043} INFO - Dependencies all met for <TaskInstance: data_ingestion_gcp_dag.format_xl_to_csv_task scheduled__2020-01-01T00:00:00+00:00 [queued]>
[2022-04-29 02:22:06,406] {taskinstance.py:1043} INFO - Dependencies all met for <TaskInstance: data_ingestion_gcp_dag.format_xl_to_csv_task scheduled__2020-01-01T00:00:00+00:00 [queued]>
[2022-04-29 02:22:06,408] {taskinstance.py:1249} INFO - 
--------------------------------------------------------------------------------
[2022-04-29 02:22:06,409] {taskinstance.py:1250} INFO - Starting attempt 3 of 4
[2022-04-29 02:22:06,410] {taskinstance.py:1251} INFO - 
--------------------------------------------------------------------------------
[2022-04-29 02:22:06,453] {taskinstance.py:1270} INFO - Executing <Task(PythonOperator): format_xl_to_csv_task> on 2020-01-01 00:00:00+00:00
[2022-04-29 02:22:06,462] {standard_task_runner.py:52} INFO - Started process 3465 to run task
[2022-04-29 02:22:06,470] {standard_task_runner.py:79} INFO - Running: ['***', 'tasks', 'run', 'data_ingestion_gcp_dag', 'format_xl_to_csv_task', 'scheduled__2020-01-01T00:00:00+00:00', '--job-id', '635', '--raw', '--subdir', 'DAGS_FOLDER/ingest_to_gcs_dag.py', '--cfg-path', '/tmp/tmpagx8ikk0', '--error-file', '/tmp/tmpjhr008uk']
[2022-04-29 02:22:06,473] {standard_task_runner.py:80} INFO - Job 635: Subtask format_xl_to_csv_task
[2022-04-29 02:22:06,837] {logging_mixin.py:109} INFO - Running <TaskInstance: data_ingestion_gcp_dag.format_xl_to_csv_task scheduled__2020-01-01T00:00:00+00:00 [running]> on host 6fd0ba274d58
[2022-04-29 02:22:07,095] {logging_mixin.py:109} WARNING - /home/***/.local/lib/python3.7/site-packages/***/utils/context.py:156 AirflowContextDeprecationWarning: Accessing 'execution_date' from the template is deprecated and will be removed in a future version. Please use 'data_interval_start' or 'logical_date' instead.
[2022-04-29 02:22:07,289] {taskinstance.py:1448} INFO - Exporting the following env vars:
AIRFLOW_CTX_DAG_OWNER=***
AIRFLOW_CTX_DAG_ID=data_ingestion_gcp_dag
AIRFLOW_CTX_TASK_ID=format_xl_to_csv_task
AIRFLOW_CTX_EXECUTION_DATE=2020-01-01T00:00:00+00:00
AIRFLOW_CTX_DAG_RUN_ID=scheduled__2020-01-01T00:00:00+00:00
[2022-04-29 02:22:13,776] {python.py:175} INFO - Done. Returned value was: None
[2022-04-29 02:22:13,932] {taskinstance.py:1288} INFO - Marking task as SUCCESS. dag_id=data_ingestion_gcp_dag, task_id=format_xl_to_csv_task, execution_date=20200101T000000, start_date=20220429T022206, end_date=20220429T022213
[2022-04-29 02:22:14,122] {local_task_job.py:154} INFO - Task exited with return code 0
[2022-04-29 02:22:14,841] {local_task_job.py:264} INFO - 0 downstream tasks scheduled from follow-on schedule check
