[2022-05-02 16:04:47,600] {taskinstance.py:1032} INFO - Dependencies all met for <TaskInstance: gcs_to_bq_dag.processed_to_gcs_task manual__2022-05-02T16:02:24.903716+00:00 [queued]>
[2022-05-02 16:04:47,639] {taskinstance.py:1032} INFO - Dependencies all met for <TaskInstance: gcs_to_bq_dag.processed_to_gcs_task manual__2022-05-02T16:02:24.903716+00:00 [queued]>
[2022-05-02 16:04:47,640] {taskinstance.py:1238} INFO - 
--------------------------------------------------------------------------------
[2022-05-02 16:04:47,642] {taskinstance.py:1239} INFO - Starting attempt 1 of 2
[2022-05-02 16:04:47,643] {taskinstance.py:1240} INFO - 
--------------------------------------------------------------------------------
[2022-05-02 16:04:47,684] {taskinstance.py:1259} INFO - Executing <Task(PythonOperator): processed_to_gcs_task> on 2022-05-02 16:02:24.903716+00:00
[2022-05-02 16:04:47,694] {standard_task_runner.py:52} INFO - Started process 3249 to run task
[2022-05-02 16:04:47,702] {standard_task_runner.py:76} INFO - Running: ['***', 'tasks', 'run', 'gcs_to_bq_dag', 'processed_to_gcs_task', 'manual__2022-05-02T16:02:24.903716+00:00', '--job-id', '1141', '--raw', '--subdir', 'DAGS_FOLDER/gcs_to_bq_task.py', '--cfg-path', '/tmp/tmp_hq7qxei', '--error-file', '/tmp/tmpz661yks5']
[2022-05-02 16:04:47,705] {standard_task_runner.py:77} INFO - Job 1141: Subtask processed_to_gcs_task
[2022-05-02 16:04:48,039] {logging_mixin.py:109} INFO - Running <TaskInstance: gcs_to_bq_dag.processed_to_gcs_task manual__2022-05-02T16:02:24.903716+00:00 [running]> on host 9f5021834e17
[2022-05-02 16:04:48,418] {taskinstance.py:1426} INFO - Exporting the following env vars:
AIRFLOW_CTX_DAG_OWNER=***
AIRFLOW_CTX_DAG_ID=gcs_to_bq_dag
AIRFLOW_CTX_TASK_ID=processed_to_gcs_task
AIRFLOW_CTX_EXECUTION_DATE=2022-05-02T16:02:24.903716+00:00
AIRFLOW_CTX_DAG_RUN_ID=manual__2022-05-02T16:02:24.903716+00:00
[2022-05-02 16:04:49,361] {python.py:175} INFO - Done. Returned value was: None
[2022-05-02 16:04:49,494] {taskinstance.py:1277} INFO - Marking task as SUCCESS. dag_id=gcs_to_bq_dag, task_id=processed_to_gcs_task, execution_date=20220502T160224, start_date=20220502T160447, end_date=20220502T160449
[2022-05-02 16:04:49,573] {local_task_job.py:154} INFO - Task exited with return code 0
[2022-05-02 16:04:49,820] {local_task_job.py:264} INFO - 1 downstream tasks scheduled from follow-on schedule check
