[2022-05-02 16:04:41,486] {taskinstance.py:1032} INFO - Dependencies all met for <TaskInstance: gcs_to_bq_dag.rename_datasets_task manual__2022-05-02T16:02:24.903716+00:00 [queued]>
[2022-05-02 16:04:41,530] {taskinstance.py:1032} INFO - Dependencies all met for <TaskInstance: gcs_to_bq_dag.rename_datasets_task manual__2022-05-02T16:02:24.903716+00:00 [queued]>
[2022-05-02 16:04:41,532] {taskinstance.py:1238} INFO - 
--------------------------------------------------------------------------------
[2022-05-02 16:04:41,533] {taskinstance.py:1239} INFO - Starting attempt 1 of 2
[2022-05-02 16:04:41,534] {taskinstance.py:1240} INFO - 
--------------------------------------------------------------------------------
[2022-05-02 16:04:41,578] {taskinstance.py:1259} INFO - Executing <Task(BashOperator): rename_datasets_task> on 2022-05-02 16:02:24.903716+00:00
[2022-05-02 16:04:41,589] {standard_task_runner.py:52} INFO - Started process 3235 to run task
[2022-05-02 16:04:41,597] {standard_task_runner.py:76} INFO - Running: ['***', 'tasks', 'run', 'gcs_to_bq_dag', 'rename_datasets_task', 'manual__2022-05-02T16:02:24.903716+00:00', '--job-id', '1140', '--raw', '--subdir', 'DAGS_FOLDER/gcs_to_bq_task.py', '--cfg-path', '/tmp/tmpo9z417_7', '--error-file', '/tmp/tmppnrwqfve']
[2022-05-02 16:04:41,601] {standard_task_runner.py:77} INFO - Job 1140: Subtask rename_datasets_task
[2022-05-02 16:04:41,956] {logging_mixin.py:109} INFO - Running <TaskInstance: gcs_to_bq_dag.rename_datasets_task manual__2022-05-02T16:02:24.903716+00:00 [running]> on host 9f5021834e17
[2022-05-02 16:04:42,637] {taskinstance.py:1426} INFO - Exporting the following env vars:
AIRFLOW_CTX_DAG_OWNER=***
AIRFLOW_CTX_DAG_ID=gcs_to_bq_dag
AIRFLOW_CTX_TASK_ID=rename_datasets_task
AIRFLOW_CTX_EXECUTION_DATE=2022-05-02T16:02:24.903716+00:00
AIRFLOW_CTX_DAG_RUN_ID=manual__2022-05-02T16:02:24.903716+00:00
[2022-05-02 16:04:42,646] {subprocess.py:62} INFO - Tmp dir root location: 
 /tmp
[2022-05-02 16:04:42,650] {subprocess.py:74} INFO - Running command: ['bash', '-c', 'cat /opt/***/data/*.snappy.parquet > /opt/***/data/us_employment.snappy.parquet']
[2022-05-02 16:04:42,676] {subprocess.py:85} INFO - Output:
[2022-05-02 16:04:42,759] {subprocess.py:93} INFO - Command exited with return code 0
[2022-05-02 16:04:42,966] {taskinstance.py:1277} INFO - Marking task as SUCCESS. dag_id=gcs_to_bq_dag, task_id=rename_datasets_task, execution_date=20220502T160224, start_date=20220502T160441, end_date=20220502T160442
[2022-05-02 16:04:43,042] {local_task_job.py:154} INFO - Task exited with return code 0
[2022-05-02 16:04:43,339] {local_task_job.py:264} INFO - 1 downstream tasks scheduled from follow-on schedule check
