[2022-05-02 16:01:20,007] {taskinstance.py:1032} INFO - Dependencies all met for <TaskInstance: data_ingestion_gcp_dag.format_xl_to_pq_task scheduled__2019-01-01T00:00:00+00:00 [queued]>
[2022-05-02 16:01:20,075] {taskinstance.py:1032} INFO - Dependencies all met for <TaskInstance: data_ingestion_gcp_dag.format_xl_to_pq_task scheduled__2019-01-01T00:00:00+00:00 [queued]>
[2022-05-02 16:01:20,080] {taskinstance.py:1238} INFO - 
--------------------------------------------------------------------------------
[2022-05-02 16:01:20,086] {taskinstance.py:1239} INFO - Starting attempt 1 of 2
[2022-05-02 16:01:20,089] {taskinstance.py:1240} INFO - 
--------------------------------------------------------------------------------
[2022-05-02 16:01:20,199] {taskinstance.py:1259} INFO - Executing <Task(PythonOperator): format_xl_to_pq_task> on 2019-01-01 00:00:00+00:00
[2022-05-02 16:01:20,228] {standard_task_runner.py:52} INFO - Started process 2563 to run task
[2022-05-02 16:01:20,265] {standard_task_runner.py:76} INFO - Running: ['***', 'tasks', 'run', 'data_ingestion_gcp_dag', 'format_xl_to_pq_task', 'scheduled__2019-01-01T00:00:00+00:00', '--job-id', '1128', '--raw', '--subdir', 'DAGS_FOLDER/ingest_to_gcs_dag.py', '--cfg-path', '/tmp/tmp1fr6u6_5', '--error-file', '/tmp/tmp6ub4dxls']
[2022-05-02 16:01:20,271] {standard_task_runner.py:77} INFO - Job 1128: Subtask format_xl_to_pq_task
[2022-05-02 16:01:20,888] {logging_mixin.py:109} INFO - Running <TaskInstance: data_ingestion_gcp_dag.format_xl_to_pq_task scheduled__2019-01-01T00:00:00+00:00 [running]> on host 9f5021834e17
[2022-05-02 16:01:21,195] {logging_mixin.py:109} WARNING - /home/***/.local/lib/python3.7/site-packages/***/utils/context.py:152 AirflowContextDeprecationWarning: Accessing 'execution_date' from the template is deprecated and will be removed in a future version. Please use 'data_interval_start' or 'logical_date' instead.
[2022-05-02 16:01:21,407] {taskinstance.py:1426} INFO - Exporting the following env vars:
AIRFLOW_CTX_DAG_OWNER=***
AIRFLOW_CTX_DAG_ID=data_ingestion_gcp_dag
AIRFLOW_CTX_TASK_ID=format_xl_to_pq_task
AIRFLOW_CTX_EXECUTION_DATE=2019-01-01T00:00:00+00:00
AIRFLOW_CTX_DAG_RUN_ID=scheduled__2019-01-01T00:00:00+00:00
[2022-05-02 16:01:28,176] {python.py:175} INFO - Done. Returned value was: None
[2022-05-02 16:01:28,288] {taskinstance.py:1277} INFO - Marking task as SUCCESS. dag_id=data_ingestion_gcp_dag, task_id=format_xl_to_pq_task, execution_date=20190101T000000, start_date=20220502T160120, end_date=20220502T160128
[2022-05-02 16:01:28,363] {local_task_job.py:154} INFO - Task exited with return code 0
[2022-05-02 16:01:28,599] {local_task_job.py:264} INFO - 1 downstream tasks scheduled from follow-on schedule check
[2022-05-02 16:36:55,535] {taskinstance.py:1032} INFO - Dependencies all met for <TaskInstance: data_ingestion_gcp_dag.format_xl_to_pq_task scheduled__2019-01-01T00:00:00+00:00 [queued]>
[2022-05-02 16:36:55,613] {taskinstance.py:1032} INFO - Dependencies all met for <TaskInstance: data_ingestion_gcp_dag.format_xl_to_pq_task scheduled__2019-01-01T00:00:00+00:00 [queued]>
[2022-05-02 16:36:55,616] {taskinstance.py:1238} INFO - 
--------------------------------------------------------------------------------
[2022-05-02 16:36:55,619] {taskinstance.py:1239} INFO - Starting attempt 1 of 2
[2022-05-02 16:36:55,622] {taskinstance.py:1240} INFO - 
--------------------------------------------------------------------------------
[2022-05-02 16:36:55,690] {taskinstance.py:1259} INFO - Executing <Task(PythonOperator): format_xl_to_pq_task> on 2019-01-01 00:00:00+00:00
[2022-05-02 16:36:55,706] {standard_task_runner.py:52} INFO - Started process 7223 to run task
[2022-05-02 16:36:55,729] {standard_task_runner.py:76} INFO - Running: ['***', 'tasks', 'run', 'data_ingestion_gcp_dag', 'format_xl_to_pq_task', 'scheduled__2019-01-01T00:00:00+00:00', '--job-id', '1239', '--raw', '--subdir', 'DAGS_FOLDER/ingest_to_gcs_dag.py', '--cfg-path', '/tmp/tmpndqx52us', '--error-file', '/tmp/tmpzf7q_0js']
[2022-05-02 16:36:55,733] {standard_task_runner.py:77} INFO - Job 1239: Subtask format_xl_to_pq_task
[2022-05-02 16:36:56,360] {logging_mixin.py:109} INFO - Running <TaskInstance: data_ingestion_gcp_dag.format_xl_to_pq_task scheduled__2019-01-01T00:00:00+00:00 [running]> on host 9f5021834e17
[2022-05-02 16:36:56,818] {logging_mixin.py:109} WARNING - /home/***/.local/lib/python3.7/site-packages/***/utils/context.py:152 AirflowContextDeprecationWarning: Accessing 'execution_date' from the template is deprecated and will be removed in a future version. Please use 'data_interval_start' or 'logical_date' instead.
[2022-05-02 16:36:57,088] {taskinstance.py:1426} INFO - Exporting the following env vars:
AIRFLOW_CTX_DAG_OWNER=***
AIRFLOW_CTX_DAG_ID=data_ingestion_gcp_dag
AIRFLOW_CTX_TASK_ID=format_xl_to_pq_task
AIRFLOW_CTX_EXECUTION_DATE=2019-01-01T00:00:00+00:00
AIRFLOW_CTX_DAG_RUN_ID=scheduled__2019-01-01T00:00:00+00:00
[2022-05-02 16:37:06,932] {python.py:175} INFO - Done. Returned value was: None
[2022-05-02 16:37:07,209] {taskinstance.py:1277} INFO - Marking task as SUCCESS. dag_id=data_ingestion_gcp_dag, task_id=format_xl_to_pq_task, execution_date=20190101T000000, start_date=20220502T163655, end_date=20220502T163707
[2022-05-02 16:37:07,398] {local_task_job.py:154} INFO - Task exited with return code 0
[2022-05-02 16:37:08,126] {local_task_job.py:264} INFO - 0 downstream tasks scheduled from follow-on schedule check
[2022-05-02 16:52:32,455] {taskinstance.py:1032} INFO - Dependencies all met for <TaskInstance: data_ingestion_gcp_dag.format_xl_to_pq_task scheduled__2019-01-01T00:00:00+00:00 [queued]>
[2022-05-02 16:52:32,550] {taskinstance.py:1032} INFO - Dependencies all met for <TaskInstance: data_ingestion_gcp_dag.format_xl_to_pq_task scheduled__2019-01-01T00:00:00+00:00 [queued]>
[2022-05-02 16:52:32,552] {taskinstance.py:1238} INFO - 
--------------------------------------------------------------------------------
[2022-05-02 16:52:32,553] {taskinstance.py:1239} INFO - Starting attempt 1 of 2
[2022-05-02 16:52:32,554] {taskinstance.py:1240} INFO - 
--------------------------------------------------------------------------------
[2022-05-02 16:52:32,644] {taskinstance.py:1259} INFO - Executing <Task(PythonOperator): format_xl_to_pq_task> on 2019-01-01 00:00:00+00:00
[2022-05-02 16:52:32,655] {standard_task_runner.py:52} INFO - Started process 10080 to run task
[2022-05-02 16:52:32,673] {standard_task_runner.py:76} INFO - Running: ['***', 'tasks', 'run', 'data_ingestion_gcp_dag', 'format_xl_to_pq_task', 'scheduled__2019-01-01T00:00:00+00:00', '--job-id', '1344', '--raw', '--subdir', 'DAGS_FOLDER/ingest_to_gcs_dag.py', '--cfg-path', '/tmp/tmp210hy4y0', '--error-file', '/tmp/tmpt72rzdgq']
[2022-05-02 16:52:32,686] {standard_task_runner.py:77} INFO - Job 1344: Subtask format_xl_to_pq_task
[2022-05-02 16:52:33,102] {logging_mixin.py:109} INFO - Running <TaskInstance: data_ingestion_gcp_dag.format_xl_to_pq_task scheduled__2019-01-01T00:00:00+00:00 [running]> on host 9f5021834e17
[2022-05-02 16:52:33,366] {logging_mixin.py:109} WARNING - /home/***/.local/lib/python3.7/site-packages/***/utils/context.py:152 AirflowContextDeprecationWarning: Accessing 'execution_date' from the template is deprecated and will be removed in a future version. Please use 'data_interval_start' or 'logical_date' instead.
[2022-05-02 16:52:33,573] {taskinstance.py:1426} INFO - Exporting the following env vars:
AIRFLOW_CTX_DAG_OWNER=***
AIRFLOW_CTX_DAG_ID=data_ingestion_gcp_dag
AIRFLOW_CTX_TASK_ID=format_xl_to_pq_task
AIRFLOW_CTX_EXECUTION_DATE=2019-01-01T00:00:00+00:00
AIRFLOW_CTX_DAG_RUN_ID=scheduled__2019-01-01T00:00:00+00:00
[2022-05-02 16:52:40,827] {python.py:175} INFO - Done. Returned value was: None
[2022-05-02 16:52:40,958] {taskinstance.py:1277} INFO - Marking task as SUCCESS. dag_id=data_ingestion_gcp_dag, task_id=format_xl_to_pq_task, execution_date=20190101T000000, start_date=20220502T165232, end_date=20220502T165240
[2022-05-02 16:52:41,050] {local_task_job.py:154} INFO - Task exited with return code 0
[2022-05-02 16:52:41,357] {local_task_job.py:264} INFO - 1 downstream tasks scheduled from follow-on schedule check
