[2022-04-28 06:11:12,652] {taskinstance.py:1043} INFO - Dependencies all met for <TaskInstance: data_ingestion_gcp_dag.format_xl_to_csv_task scheduled__2013-01-01T00:00:00+00:00 [queued]>
[2022-04-28 06:11:12,705] {taskinstance.py:1043} INFO - Dependencies all met for <TaskInstance: data_ingestion_gcp_dag.format_xl_to_csv_task scheduled__2013-01-01T00:00:00+00:00 [queued]>
[2022-04-28 06:11:12,707] {taskinstance.py:1249} INFO - 
--------------------------------------------------------------------------------
[2022-04-28 06:11:12,709] {taskinstance.py:1250} INFO - Starting attempt 1 of 2
[2022-04-28 06:11:12,710] {taskinstance.py:1251} INFO - 
--------------------------------------------------------------------------------
[2022-04-28 06:11:12,764] {taskinstance.py:1270} INFO - Executing <Task(PythonOperator): format_xl_to_csv_task> on 2013-01-01 00:00:00+00:00
[2022-04-28 06:11:12,775] {standard_task_runner.py:52} INFO - Started process 2812 to run task
[2022-04-28 06:11:12,784] {standard_task_runner.py:79} INFO - Running: ['***', 'tasks', 'run', 'data_ingestion_gcp_dag', 'format_xl_to_csv_task', 'scheduled__2013-01-01T00:00:00+00:00', '--job-id', '583', '--raw', '--subdir', 'DAGS_FOLDER/ingest_to_gcs_dag.py', '--cfg-path', '/tmp/tmpzzagyf5z', '--error-file', '/tmp/tmpo17mm9c9']
[2022-04-28 06:11:12,787] {standard_task_runner.py:80} INFO - Job 583: Subtask format_xl_to_csv_task
[2022-04-28 06:11:13,204] {logging_mixin.py:109} INFO - Running <TaskInstance: data_ingestion_gcp_dag.format_xl_to_csv_task scheduled__2013-01-01T00:00:00+00:00 [running]> on host d4721d223bdd
[2022-04-28 06:11:13,536] {logging_mixin.py:109} WARNING - /home/***/.local/lib/python3.7/site-packages/***/utils/context.py:156 AirflowContextDeprecationWarning: Accessing 'execution_date' from the template is deprecated and will be removed in a future version. Please use 'data_interval_start' or 'logical_date' instead.
[2022-04-28 06:11:13,724] {taskinstance.py:1448} INFO - Exporting the following env vars:
AIRFLOW_CTX_DAG_OWNER=***
AIRFLOW_CTX_DAG_ID=data_ingestion_gcp_dag
AIRFLOW_CTX_TASK_ID=format_xl_to_csv_task
AIRFLOW_CTX_EXECUTION_DATE=2013-01-01T00:00:00+00:00
AIRFLOW_CTX_DAG_RUN_ID=scheduled__2013-01-01T00:00:00+00:00
[2022-04-28 06:11:19,136] {python.py:175} INFO - Done. Returned value was: None
[2022-04-28 06:11:19,456] {taskinstance.py:1288} INFO - Marking task as SUCCESS. dag_id=data_ingestion_gcp_dag, task_id=format_xl_to_csv_task, execution_date=20130101T000000, start_date=20220428T061112, end_date=20220428T061119
[2022-04-28 06:11:19,528] {local_task_job.py:154} INFO - Task exited with return code 0
[2022-04-28 06:11:19,776] {local_task_job.py:264} INFO - 1 downstream tasks scheduled from follow-on schedule check
[2022-04-29 02:38:53,742] {taskinstance.py:1043} INFO - Dependencies all met for <TaskInstance: data_ingestion_gcp_dag.format_xl_to_csv_task scheduled__2013-01-01T00:00:00+00:00 [queued]>
[2022-04-29 02:38:53,801] {taskinstance.py:1043} INFO - Dependencies all met for <TaskInstance: data_ingestion_gcp_dag.format_xl_to_csv_task scheduled__2013-01-01T00:00:00+00:00 [queued]>
[2022-04-29 02:38:53,803] {taskinstance.py:1249} INFO - 
--------------------------------------------------------------------------------
[2022-04-29 02:38:53,806] {taskinstance.py:1250} INFO - Starting attempt 1 of 2
[2022-04-29 02:38:53,807] {taskinstance.py:1251} INFO - 
--------------------------------------------------------------------------------
[2022-04-29 02:38:53,861] {taskinstance.py:1270} INFO - Executing <Task(PythonOperator): format_xl_to_csv_task> on 2013-01-01 00:00:00+00:00
[2022-04-29 02:38:53,872] {standard_task_runner.py:52} INFO - Started process 6132 to run task
[2022-04-29 02:38:53,889] {standard_task_runner.py:79} INFO - Running: ['***', 'tasks', 'run', 'data_ingestion_gcp_dag', 'format_xl_to_csv_task', 'scheduled__2013-01-01T00:00:00+00:00', '--job-id', '755', '--raw', '--subdir', 'DAGS_FOLDER/ingest_to_gcs_dag.py', '--cfg-path', '/tmp/tmpdmcgd83a', '--error-file', '/tmp/tmpxbcup4_i']
[2022-04-29 02:38:53,893] {standard_task_runner.py:80} INFO - Job 755: Subtask format_xl_to_csv_task
[2022-04-29 02:38:54,280] {logging_mixin.py:109} INFO - Running <TaskInstance: data_ingestion_gcp_dag.format_xl_to_csv_task scheduled__2013-01-01T00:00:00+00:00 [running]> on host 6fd0ba274d58
[2022-04-29 02:38:54,569] {logging_mixin.py:109} WARNING - /home/***/.local/lib/python3.7/site-packages/***/utils/context.py:156 AirflowContextDeprecationWarning: Accessing 'execution_date' from the template is deprecated and will be removed in a future version. Please use 'data_interval_start' or 'logical_date' instead.
[2022-04-29 02:38:54,784] {taskinstance.py:1448} INFO - Exporting the following env vars:
AIRFLOW_CTX_DAG_OWNER=***
AIRFLOW_CTX_DAG_ID=data_ingestion_gcp_dag
AIRFLOW_CTX_TASK_ID=format_xl_to_csv_task
AIRFLOW_CTX_EXECUTION_DATE=2013-01-01T00:00:00+00:00
AIRFLOW_CTX_DAG_RUN_ID=scheduled__2013-01-01T00:00:00+00:00
[2022-04-29 02:39:00,712] {python.py:175} INFO - Done. Returned value was: None
[2022-04-29 02:39:01,068] {taskinstance.py:1288} INFO - Marking task as SUCCESS. dag_id=data_ingestion_gcp_dag, task_id=format_xl_to_csv_task, execution_date=20130101T000000, start_date=20220429T023853, end_date=20220429T023901
[2022-04-29 02:39:01,141] {local_task_job.py:154} INFO - Task exited with return code 0
[2022-04-29 02:39:01,668] {local_task_job.py:264} INFO - 0 downstream tasks scheduled from follow-on schedule check
[2022-05-02 07:57:31,978] {taskinstance.py:1032} INFO - Dependencies all met for <TaskInstance: data_ingestion_gcp_dag.format_xl_to_csv_task scheduled__2013-01-01T00:00:00+00:00 [queued]>
[2022-05-02 07:57:32,064] {taskinstance.py:1032} INFO - Dependencies all met for <TaskInstance: data_ingestion_gcp_dag.format_xl_to_csv_task scheduled__2013-01-01T00:00:00+00:00 [queued]>
[2022-05-02 07:57:32,065] {taskinstance.py:1238} INFO - 
--------------------------------------------------------------------------------
[2022-05-02 07:57:32,067] {taskinstance.py:1239} INFO - Starting attempt 1 of 2
[2022-05-02 07:57:32,068] {taskinstance.py:1240} INFO - 
--------------------------------------------------------------------------------
[2022-05-02 07:57:32,157] {taskinstance.py:1259} INFO - Executing <Task(PythonOperator): format_xl_to_csv_task> on 2013-01-01 00:00:00+00:00
[2022-05-02 07:57:32,168] {standard_task_runner.py:52} INFO - Started process 9948 to run task
[2022-05-02 07:57:32,198] {standard_task_runner.py:76} INFO - Running: ['***', 'tasks', 'run', 'data_ingestion_gcp_dag', 'format_xl_to_csv_task', 'scheduled__2013-01-01T00:00:00+00:00', '--job-id', '897', '--raw', '--subdir', 'DAGS_FOLDER/ingest_to_gcs_dag.py', '--cfg-path', '/tmp/tmp1u7owv1f', '--error-file', '/tmp/tmp4iv4ocdm']
[2022-05-02 07:57:32,202] {standard_task_runner.py:77} INFO - Job 897: Subtask format_xl_to_csv_task
[2022-05-02 07:57:32,594] {logging_mixin.py:109} INFO - Running <TaskInstance: data_ingestion_gcp_dag.format_xl_to_csv_task scheduled__2013-01-01T00:00:00+00:00 [running]> on host ae42322ae538
[2022-05-02 07:57:32,858] {logging_mixin.py:109} WARNING - /home/***/.local/lib/python3.7/site-packages/***/utils/context.py:152 AirflowContextDeprecationWarning: Accessing 'execution_date' from the template is deprecated and will be removed in a future version. Please use 'data_interval_start' or 'logical_date' instead.
[2022-05-02 07:57:33,046] {taskinstance.py:1426} INFO - Exporting the following env vars:
AIRFLOW_CTX_DAG_OWNER=***
AIRFLOW_CTX_DAG_ID=data_ingestion_gcp_dag
AIRFLOW_CTX_TASK_ID=format_xl_to_csv_task
AIRFLOW_CTX_EXECUTION_DATE=2013-01-01T00:00:00+00:00
AIRFLOW_CTX_DAG_RUN_ID=scheduled__2013-01-01T00:00:00+00:00
[2022-05-02 07:57:39,946] {python.py:175} INFO - Done. Returned value was: None
[2022-05-02 07:57:40,078] {taskinstance.py:1277} INFO - Marking task as SUCCESS. dag_id=data_ingestion_gcp_dag, task_id=format_xl_to_csv_task, execution_date=20130101T000000, start_date=20220502T075731, end_date=20220502T075740
[2022-05-02 07:57:40,183] {local_task_job.py:154} INFO - Task exited with return code 0
[2022-05-02 07:57:40,536] {local_task_job.py:264} INFO - 1 downstream tasks scheduled from follow-on schedule check
[2022-05-02 09:19:14,510] {taskinstance.py:1032} INFO - Dependencies all met for <TaskInstance: data_ingestion_gcp_dag.format_xl_to_csv_task scheduled__2013-01-01T00:00:00+00:00 [queued]>
[2022-05-02 09:19:14,597] {taskinstance.py:1032} INFO - Dependencies all met for <TaskInstance: data_ingestion_gcp_dag.format_xl_to_csv_task scheduled__2013-01-01T00:00:00+00:00 [queued]>
[2022-05-02 09:19:14,600] {taskinstance.py:1238} INFO - 
--------------------------------------------------------------------------------
[2022-05-02 09:19:14,602] {taskinstance.py:1239} INFO - Starting attempt 1 of 2
[2022-05-02 09:19:14,605] {taskinstance.py:1240} INFO - 
--------------------------------------------------------------------------------
[2022-05-02 09:19:14,662] {taskinstance.py:1259} INFO - Executing <Task(PythonOperator): format_xl_to_csv_task> on 2013-01-01 00:00:00+00:00
[2022-05-02 09:19:14,672] {standard_task_runner.py:52} INFO - Started process 3122 to run task
[2022-05-02 09:19:14,689] {standard_task_runner.py:76} INFO - Running: ['***', 'tasks', 'run', 'data_ingestion_gcp_dag', 'format_xl_to_csv_task', 'scheduled__2013-01-01T00:00:00+00:00', '--job-id', '1009', '--raw', '--subdir', 'DAGS_FOLDER/ingest_to_gcs_dag.py', '--cfg-path', '/tmp/tmp1wwqraj6', '--error-file', '/tmp/tmps4o2oz2m']
[2022-05-02 09:19:14,694] {standard_task_runner.py:77} INFO - Job 1009: Subtask format_xl_to_csv_task
[2022-05-02 09:19:15,102] {logging_mixin.py:109} INFO - Running <TaskInstance: data_ingestion_gcp_dag.format_xl_to_csv_task scheduled__2013-01-01T00:00:00+00:00 [running]> on host 98c324cf1bb6
[2022-05-02 09:19:15,391] {logging_mixin.py:109} WARNING - /home/***/.local/lib/python3.7/site-packages/***/utils/context.py:152 AirflowContextDeprecationWarning: Accessing 'execution_date' from the template is deprecated and will be removed in a future version. Please use 'data_interval_start' or 'logical_date' instead.
[2022-05-02 09:19:15,622] {taskinstance.py:1426} INFO - Exporting the following env vars:
AIRFLOW_CTX_DAG_OWNER=***
AIRFLOW_CTX_DAG_ID=data_ingestion_gcp_dag
AIRFLOW_CTX_TASK_ID=format_xl_to_csv_task
AIRFLOW_CTX_EXECUTION_DATE=2013-01-01T00:00:00+00:00
AIRFLOW_CTX_DAG_RUN_ID=scheduled__2013-01-01T00:00:00+00:00
[2022-05-02 09:19:21,906] {python.py:175} INFO - Done. Returned value was: None
[2022-05-02 09:19:22,018] {taskinstance.py:1277} INFO - Marking task as SUCCESS. dag_id=data_ingestion_gcp_dag, task_id=format_xl_to_csv_task, execution_date=20130101T000000, start_date=20220502T091914, end_date=20220502T091922
[2022-05-02 09:19:22,098] {local_task_job.py:154} INFO - Task exited with return code 0
[2022-05-02 09:19:22,339] {local_task_job.py:264} INFO - 1 downstream tasks scheduled from follow-on schedule check
