[2022-04-28 06:02:14,148] {taskinstance.py:1043} INFO - Dependencies all met for <TaskInstance: data_ingestion_gcp_dag.rm_files_task scheduled__1993-01-01T00:00:00+00:00 [queued]>
[2022-04-28 06:02:14,194] {taskinstance.py:1043} INFO - Dependencies all met for <TaskInstance: data_ingestion_gcp_dag.rm_files_task scheduled__1993-01-01T00:00:00+00:00 [queued]>
[2022-04-28 06:02:14,196] {taskinstance.py:1249} INFO - 
--------------------------------------------------------------------------------
[2022-04-28 06:02:14,197] {taskinstance.py:1250} INFO - Starting attempt 1 of 2
[2022-04-28 06:02:14,199] {taskinstance.py:1251} INFO - 
--------------------------------------------------------------------------------
[2022-04-28 06:02:14,247] {taskinstance.py:1270} INFO - Executing <Task(BashOperator): rm_files_task> on 1993-01-01 00:00:00+00:00
[2022-04-28 06:02:14,257] {standard_task_runner.py:52} INFO - Started process 1106 to run task
[2022-04-28 06:02:14,266] {standard_task_runner.py:79} INFO - Running: ['***', 'tasks', 'run', 'data_ingestion_gcp_dag', 'rm_files_task', 'scheduled__1993-01-01T00:00:00+00:00', '--job-id', '490', '--raw', '--subdir', 'DAGS_FOLDER/ingest_to_gcs_dag.py', '--cfg-path', '/tmp/tmpolnxhidv', '--error-file', '/tmp/tmp01fa_7ct']
[2022-04-28 06:02:14,271] {standard_task_runner.py:80} INFO - Job 490: Subtask rm_files_task
[2022-04-28 06:02:14,700] {logging_mixin.py:109} INFO - Running <TaskInstance: data_ingestion_gcp_dag.rm_files_task scheduled__1993-01-01T00:00:00+00:00 [running]> on host d4721d223bdd
[2022-04-28 06:02:15,031] {logging_mixin.py:109} WARNING - /home/***/.local/lib/python3.7/site-packages/***/utils/context.py:156 AirflowContextDeprecationWarning: Accessing 'execution_date' from the template is deprecated and will be removed in a future version. Please use 'data_interval_start' or 'logical_date' instead.
[2022-04-28 06:02:15,326] {taskinstance.py:1448} INFO - Exporting the following env vars:
AIRFLOW_CTX_DAG_OWNER=***
AIRFLOW_CTX_DAG_ID=data_ingestion_gcp_dag
AIRFLOW_CTX_TASK_ID=rm_files_task
AIRFLOW_CTX_EXECUTION_DATE=1993-01-01T00:00:00+00:00
AIRFLOW_CTX_DAG_RUN_ID=scheduled__1993-01-01T00:00:00+00:00
[2022-04-28 06:02:15,333] {subprocess.py:62} INFO - Tmp dir root location: 
 /tmp
[2022-04-28 06:02:15,335] {subprocess.py:74} INFO - Running command: ['bash', '-c', 'rm /opt/***/laucnty93.xlsx /opt/***/us_employment_93.parquet']
[2022-04-28 06:02:15,355] {subprocess.py:85} INFO - Output:
[2022-04-28 06:02:15,425] {subprocess.py:93} INFO - Command exited with return code 0
[2022-04-28 06:02:15,640] {taskinstance.py:1288} INFO - Marking task as SUCCESS. dag_id=data_ingestion_gcp_dag, task_id=rm_files_task, execution_date=19930101T000000, start_date=20220428T060214, end_date=20220428T060215
[2022-04-28 06:02:15,735] {local_task_job.py:154} INFO - Task exited with return code 0
[2022-04-28 06:02:15,969] {local_task_job.py:264} INFO - 0 downstream tasks scheduled from follow-on schedule check
[2022-04-29 02:31:25,849] {taskinstance.py:1043} INFO - Dependencies all met for <TaskInstance: data_ingestion_gcp_dag.rm_files_task scheduled__1993-01-01T00:00:00+00:00 [queued]>
[2022-04-29 02:31:25,907] {taskinstance.py:1043} INFO - Dependencies all met for <TaskInstance: data_ingestion_gcp_dag.rm_files_task scheduled__1993-01-01T00:00:00+00:00 [queued]>
[2022-04-29 02:31:25,909] {taskinstance.py:1249} INFO - 
--------------------------------------------------------------------------------
[2022-04-29 02:31:25,913] {taskinstance.py:1250} INFO - Starting attempt 1 of 2
[2022-04-29 02:31:25,915] {taskinstance.py:1251} INFO - 
--------------------------------------------------------------------------------
[2022-04-29 02:31:25,975] {taskinstance.py:1270} INFO - Executing <Task(BashOperator): rm_files_task> on 1993-01-01 00:00:00+00:00
[2022-04-29 02:31:25,987] {standard_task_runner.py:52} INFO - Started process 4656 to run task
[2022-04-29 02:31:25,998] {standard_task_runner.py:79} INFO - Running: ['***', 'tasks', 'run', 'data_ingestion_gcp_dag', 'rm_files_task', 'scheduled__1993-01-01T00:00:00+00:00', '--job-id', '675', '--raw', '--subdir', 'DAGS_FOLDER/ingest_to_gcs_dag.py', '--cfg-path', '/tmp/tmpsbr8btpd', '--error-file', '/tmp/tmp3r1_ojiu']
[2022-04-29 02:31:26,004] {standard_task_runner.py:80} INFO - Job 675: Subtask rm_files_task
[2022-04-29 02:31:26,390] {logging_mixin.py:109} INFO - Running <TaskInstance: data_ingestion_gcp_dag.rm_files_task scheduled__1993-01-01T00:00:00+00:00 [running]> on host 6fd0ba274d58
[2022-04-29 02:31:26,651] {logging_mixin.py:109} WARNING - /home/***/.local/lib/python3.7/site-packages/***/utils/context.py:156 AirflowContextDeprecationWarning: Accessing 'execution_date' from the template is deprecated and will be removed in a future version. Please use 'data_interval_start' or 'logical_date' instead.
[2022-04-29 02:31:26,852] {taskinstance.py:1448} INFO - Exporting the following env vars:
AIRFLOW_CTX_DAG_OWNER=***
AIRFLOW_CTX_DAG_ID=data_ingestion_gcp_dag
AIRFLOW_CTX_TASK_ID=rm_files_task
AIRFLOW_CTX_EXECUTION_DATE=1993-01-01T00:00:00+00:00
AIRFLOW_CTX_DAG_RUN_ID=scheduled__1993-01-01T00:00:00+00:00
[2022-04-29 02:31:26,857] {subprocess.py:62} INFO - Tmp dir root location: 
 /tmp
[2022-04-29 02:31:26,860] {subprocess.py:74} INFO - Running command: ['bash', '-c', 'rm /opt/***/laucnty93.xlsx /opt/***/us_employment_1993.parquet']
[2022-04-29 02:31:26,880] {subprocess.py:85} INFO - Output:
[2022-04-29 02:31:26,945] {subprocess.py:93} INFO - Command exited with return code 0
[2022-04-29 02:31:27,151] {taskinstance.py:1288} INFO - Marking task as SUCCESS. dag_id=data_ingestion_gcp_dag, task_id=rm_files_task, execution_date=19930101T000000, start_date=20220429T023125, end_date=20220429T023127
[2022-04-29 02:31:27,228] {local_task_job.py:154} INFO - Task exited with return code 0
[2022-04-29 02:31:27,454] {local_task_job.py:264} INFO - 0 downstream tasks scheduled from follow-on schedule check
