[2022-04-28 06:11:56,935] {taskinstance.py:1043} INFO - Dependencies all met for <TaskInstance: data_ingestion_gcp_dag.format_xl_to_csv_task scheduled__2015-01-01T00:00:00+00:00 [queued]>
[2022-04-28 06:11:57,002] {taskinstance.py:1043} INFO - Dependencies all met for <TaskInstance: data_ingestion_gcp_dag.format_xl_to_csv_task scheduled__2015-01-01T00:00:00+00:00 [queued]>
[2022-04-28 06:11:57,005] {taskinstance.py:1249} INFO - 
--------------------------------------------------------------------------------
[2022-04-28 06:11:57,008] {taskinstance.py:1250} INFO - Starting attempt 1 of 2
[2022-04-28 06:11:57,010] {taskinstance.py:1251} INFO - 
--------------------------------------------------------------------------------
[2022-04-28 06:11:57,079] {taskinstance.py:1270} INFO - Executing <Task(PythonOperator): format_xl_to_csv_task> on 2015-01-01 00:00:00+00:00
[2022-04-28 06:11:57,096] {standard_task_runner.py:52} INFO - Started process 2949 to run task
[2022-04-28 06:11:57,108] {standard_task_runner.py:79} INFO - Running: ['***', 'tasks', 'run', 'data_ingestion_gcp_dag', 'format_xl_to_csv_task', 'scheduled__2015-01-01T00:00:00+00:00', '--job-id', '591', '--raw', '--subdir', 'DAGS_FOLDER/ingest_to_gcs_dag.py', '--cfg-path', '/tmp/tmp0vrrxjk1', '--error-file', '/tmp/tmpmt45jjtv']
[2022-04-28 06:11:57,116] {standard_task_runner.py:80} INFO - Job 591: Subtask format_xl_to_csv_task
[2022-04-28 06:11:57,671] {logging_mixin.py:109} INFO - Running <TaskInstance: data_ingestion_gcp_dag.format_xl_to_csv_task scheduled__2015-01-01T00:00:00+00:00 [running]> on host d4721d223bdd
[2022-04-28 06:11:57,996] {logging_mixin.py:109} WARNING - /home/***/.local/lib/python3.7/site-packages/***/utils/context.py:156 AirflowContextDeprecationWarning: Accessing 'execution_date' from the template is deprecated and will be removed in a future version. Please use 'data_interval_start' or 'logical_date' instead.
[2022-04-28 06:11:58,199] {taskinstance.py:1448} INFO - Exporting the following env vars:
AIRFLOW_CTX_DAG_OWNER=***
AIRFLOW_CTX_DAG_ID=data_ingestion_gcp_dag
AIRFLOW_CTX_TASK_ID=format_xl_to_csv_task
AIRFLOW_CTX_EXECUTION_DATE=2015-01-01T00:00:00+00:00
AIRFLOW_CTX_DAG_RUN_ID=scheduled__2015-01-01T00:00:00+00:00
[2022-04-28 06:12:04,231] {python.py:175} INFO - Done. Returned value was: None
[2022-04-28 06:12:04,571] {taskinstance.py:1288} INFO - Marking task as SUCCESS. dag_id=data_ingestion_gcp_dag, task_id=format_xl_to_csv_task, execution_date=20150101T000000, start_date=20220428T061156, end_date=20220428T061204
[2022-04-28 06:12:04,663] {local_task_job.py:154} INFO - Task exited with return code 0
[2022-04-28 06:12:05,119] {local_task_job.py:264} INFO - 0 downstream tasks scheduled from follow-on schedule check
[2022-04-29 02:39:34,971] {taskinstance.py:1043} INFO - Dependencies all met for <TaskInstance: data_ingestion_gcp_dag.format_xl_to_csv_task scheduled__2015-01-01T00:00:00+00:00 [queued]>
[2022-04-29 02:39:35,019] {taskinstance.py:1043} INFO - Dependencies all met for <TaskInstance: data_ingestion_gcp_dag.format_xl_to_csv_task scheduled__2015-01-01T00:00:00+00:00 [queued]>
[2022-04-29 02:39:35,021] {taskinstance.py:1249} INFO - 
--------------------------------------------------------------------------------
[2022-04-29 02:39:35,023] {taskinstance.py:1250} INFO - Starting attempt 1 of 2
[2022-04-29 02:39:35,024] {taskinstance.py:1251} INFO - 
--------------------------------------------------------------------------------
[2022-04-29 02:39:35,075] {taskinstance.py:1270} INFO - Executing <Task(PythonOperator): format_xl_to_csv_task> on 2015-01-01 00:00:00+00:00
[2022-04-29 02:39:35,085] {standard_task_runner.py:52} INFO - Started process 6314 to run task
[2022-04-29 02:39:35,094] {standard_task_runner.py:79} INFO - Running: ['***', 'tasks', 'run', 'data_ingestion_gcp_dag', 'format_xl_to_csv_task', 'scheduled__2015-01-01T00:00:00+00:00', '--job-id', '766', '--raw', '--subdir', 'DAGS_FOLDER/ingest_to_gcs_dag.py', '--cfg-path', '/tmp/tmpohiddwi3', '--error-file', '/tmp/tmpyg9k6iih']
[2022-04-29 02:39:35,098] {standard_task_runner.py:80} INFO - Job 766: Subtask format_xl_to_csv_task
[2022-04-29 02:39:35,485] {logging_mixin.py:109} INFO - Running <TaskInstance: data_ingestion_gcp_dag.format_xl_to_csv_task scheduled__2015-01-01T00:00:00+00:00 [running]> on host 6fd0ba274d58
[2022-04-29 02:39:35,752] {logging_mixin.py:109} WARNING - /home/***/.local/lib/python3.7/site-packages/***/utils/context.py:156 AirflowContextDeprecationWarning: Accessing 'execution_date' from the template is deprecated and will be removed in a future version. Please use 'data_interval_start' or 'logical_date' instead.
[2022-04-29 02:39:35,959] {taskinstance.py:1448} INFO - Exporting the following env vars:
AIRFLOW_CTX_DAG_OWNER=***
AIRFLOW_CTX_DAG_ID=data_ingestion_gcp_dag
AIRFLOW_CTX_TASK_ID=format_xl_to_csv_task
AIRFLOW_CTX_EXECUTION_DATE=2015-01-01T00:00:00+00:00
AIRFLOW_CTX_DAG_RUN_ID=scheduled__2015-01-01T00:00:00+00:00
[2022-04-29 02:39:41,912] {python.py:175} INFO - Done. Returned value was: None
[2022-04-29 02:39:42,046] {taskinstance.py:1288} INFO - Marking task as SUCCESS. dag_id=data_ingestion_gcp_dag, task_id=format_xl_to_csv_task, execution_date=20150101T000000, start_date=20220429T023934, end_date=20220429T023942
[2022-04-29 02:39:42,143] {local_task_job.py:154} INFO - Task exited with return code 0
[2022-04-29 02:39:42,825] {local_task_job.py:264} INFO - 0 downstream tasks scheduled from follow-on schedule check
[2022-05-02 07:57:31,832] {taskinstance.py:1032} INFO - Dependencies all met for <TaskInstance: data_ingestion_gcp_dag.format_xl_to_csv_task scheduled__2015-01-01T00:00:00+00:00 [queued]>
[2022-05-02 07:57:31,903] {taskinstance.py:1032} INFO - Dependencies all met for <TaskInstance: data_ingestion_gcp_dag.format_xl_to_csv_task scheduled__2015-01-01T00:00:00+00:00 [queued]>
[2022-05-02 07:57:31,905] {taskinstance.py:1238} INFO - 
--------------------------------------------------------------------------------
[2022-05-02 07:57:31,907] {taskinstance.py:1239} INFO - Starting attempt 1 of 2
[2022-05-02 07:57:31,917] {taskinstance.py:1240} INFO - 
--------------------------------------------------------------------------------
[2022-05-02 07:57:31,976] {taskinstance.py:1259} INFO - Executing <Task(PythonOperator): format_xl_to_csv_task> on 2015-01-01 00:00:00+00:00
[2022-05-02 07:57:31,986] {standard_task_runner.py:52} INFO - Started process 9946 to run task
[2022-05-02 07:57:32,001] {standard_task_runner.py:76} INFO - Running: ['***', 'tasks', 'run', 'data_ingestion_gcp_dag', 'format_xl_to_csv_task', 'scheduled__2015-01-01T00:00:00+00:00', '--job-id', '896', '--raw', '--subdir', 'DAGS_FOLDER/ingest_to_gcs_dag.py', '--cfg-path', '/tmp/tmpawuedh4q', '--error-file', '/tmp/tmpu529d672']
[2022-05-02 07:57:32,004] {standard_task_runner.py:77} INFO - Job 896: Subtask format_xl_to_csv_task
[2022-05-02 07:57:32,497] {logging_mixin.py:109} INFO - Running <TaskInstance: data_ingestion_gcp_dag.format_xl_to_csv_task scheduled__2015-01-01T00:00:00+00:00 [running]> on host ae42322ae538
[2022-05-02 07:57:32,767] {logging_mixin.py:109} WARNING - /home/***/.local/lib/python3.7/site-packages/***/utils/context.py:152 AirflowContextDeprecationWarning: Accessing 'execution_date' from the template is deprecated and will be removed in a future version. Please use 'data_interval_start' or 'logical_date' instead.
[2022-05-02 07:57:32,958] {taskinstance.py:1426} INFO - Exporting the following env vars:
AIRFLOW_CTX_DAG_OWNER=***
AIRFLOW_CTX_DAG_ID=data_ingestion_gcp_dag
AIRFLOW_CTX_TASK_ID=format_xl_to_csv_task
AIRFLOW_CTX_EXECUTION_DATE=2015-01-01T00:00:00+00:00
AIRFLOW_CTX_DAG_RUN_ID=scheduled__2015-01-01T00:00:00+00:00
[2022-05-02 07:57:39,805] {python.py:175} INFO - Done. Returned value was: None
[2022-05-02 07:57:40,081] {taskinstance.py:1277} INFO - Marking task as SUCCESS. dag_id=data_ingestion_gcp_dag, task_id=format_xl_to_csv_task, execution_date=20150101T000000, start_date=20220502T075731, end_date=20220502T075740
[2022-05-02 07:57:40,180] {local_task_job.py:154} INFO - Task exited with return code 0
[2022-05-02 07:57:40,502] {local_task_job.py:264} INFO - 1 downstream tasks scheduled from follow-on schedule check
[2022-05-02 09:19:45,121] {taskinstance.py:1032} INFO - Dependencies all met for <TaskInstance: data_ingestion_gcp_dag.format_xl_to_csv_task scheduled__2015-01-01T00:00:00+00:00 [queued]>
[2022-05-02 09:19:45,168] {taskinstance.py:1032} INFO - Dependencies all met for <TaskInstance: data_ingestion_gcp_dag.format_xl_to_csv_task scheduled__2015-01-01T00:00:00+00:00 [queued]>
[2022-05-02 09:19:45,170] {taskinstance.py:1238} INFO - 
--------------------------------------------------------------------------------
[2022-05-02 09:19:45,172] {taskinstance.py:1239} INFO - Starting attempt 1 of 2
[2022-05-02 09:19:45,173] {taskinstance.py:1240} INFO - 
--------------------------------------------------------------------------------
[2022-05-02 09:19:45,224] {taskinstance.py:1259} INFO - Executing <Task(PythonOperator): format_xl_to_csv_task> on 2015-01-01 00:00:00+00:00
[2022-05-02 09:19:45,233] {standard_task_runner.py:52} INFO - Started process 3281 to run task
[2022-05-02 09:19:45,247] {standard_task_runner.py:76} INFO - Running: ['***', 'tasks', 'run', 'data_ingestion_gcp_dag', 'format_xl_to_csv_task', 'scheduled__2015-01-01T00:00:00+00:00', '--job-id', '1018', '--raw', '--subdir', 'DAGS_FOLDER/ingest_to_gcs_dag.py', '--cfg-path', '/tmp/tmpsow79m16', '--error-file', '/tmp/tmpfyk074e5']
[2022-05-02 09:19:45,250] {standard_task_runner.py:77} INFO - Job 1018: Subtask format_xl_to_csv_task
[2022-05-02 09:19:45,652] {logging_mixin.py:109} INFO - Running <TaskInstance: data_ingestion_gcp_dag.format_xl_to_csv_task scheduled__2015-01-01T00:00:00+00:00 [running]> on host 98c324cf1bb6
[2022-05-02 09:19:45,929] {logging_mixin.py:109} WARNING - /home/***/.local/lib/python3.7/site-packages/***/utils/context.py:152 AirflowContextDeprecationWarning: Accessing 'execution_date' from the template is deprecated and will be removed in a future version. Please use 'data_interval_start' or 'logical_date' instead.
[2022-05-02 09:19:46,129] {taskinstance.py:1426} INFO - Exporting the following env vars:
AIRFLOW_CTX_DAG_OWNER=***
AIRFLOW_CTX_DAG_ID=data_ingestion_gcp_dag
AIRFLOW_CTX_TASK_ID=format_xl_to_csv_task
AIRFLOW_CTX_EXECUTION_DATE=2015-01-01T00:00:00+00:00
AIRFLOW_CTX_DAG_RUN_ID=scheduled__2015-01-01T00:00:00+00:00
[2022-05-02 09:19:53,232] {python.py:175} INFO - Done. Returned value was: None
[2022-05-02 09:19:53,340] {taskinstance.py:1277} INFO - Marking task as SUCCESS. dag_id=data_ingestion_gcp_dag, task_id=format_xl_to_csv_task, execution_date=20150101T000000, start_date=20220502T091945, end_date=20220502T091953
[2022-05-02 09:19:53,421] {local_task_job.py:154} INFO - Task exited with return code 0
[2022-05-02 09:19:53,671] {local_task_job.py:264} INFO - 1 downstream tasks scheduled from follow-on schedule check
