[2022-04-28 06:05:44,237] {taskinstance.py:1043} INFO - Dependencies all met for <TaskInstance: data_ingestion_gcp_dag.format_to_parquet_task scheduled__2003-01-01T00:00:00+00:00 [queued]>
[2022-04-28 06:05:44,304] {taskinstance.py:1043} INFO - Dependencies all met for <TaskInstance: data_ingestion_gcp_dag.format_to_parquet_task scheduled__2003-01-01T00:00:00+00:00 [queued]>
[2022-04-28 06:05:44,307] {taskinstance.py:1249} INFO - 
--------------------------------------------------------------------------------
[2022-04-28 06:05:44,317] {taskinstance.py:1250} INFO - Starting attempt 1 of 2
[2022-04-28 06:05:44,320] {taskinstance.py:1251} INFO - 
--------------------------------------------------------------------------------
[2022-04-28 06:05:44,378] {taskinstance.py:1270} INFO - Executing <Task(PythonOperator): format_to_parquet_task> on 2003-01-01 00:00:00+00:00
[2022-04-28 06:05:44,390] {standard_task_runner.py:52} INFO - Started process 1870 to run task
[2022-04-28 06:05:44,401] {standard_task_runner.py:79} INFO - Running: ['***', 'tasks', 'run', 'data_ingestion_gcp_dag', 'format_to_parquet_task', 'scheduled__2003-01-01T00:00:00+00:00', '--job-id', '537', '--raw', '--subdir', 'DAGS_FOLDER/ingest_to_gcs_dag.py', '--cfg-path', '/tmp/tmpcfg4t4fu', '--error-file', '/tmp/tmpsfibm778']
[2022-04-28 06:05:44,408] {standard_task_runner.py:80} INFO - Job 537: Subtask format_to_parquet_task
[2022-04-28 06:05:44,882] {logging_mixin.py:109} INFO - Running <TaskInstance: data_ingestion_gcp_dag.format_to_parquet_task scheduled__2003-01-01T00:00:00+00:00 [running]> on host d4721d223bdd
[2022-04-28 06:05:45,204] {logging_mixin.py:109} WARNING - /home/***/.local/lib/python3.7/site-packages/***/utils/context.py:156 AirflowContextDeprecationWarning: Accessing 'execution_date' from the template is deprecated and will be removed in a future version. Please use 'data_interval_start' or 'logical_date' instead.
[2022-04-28 06:05:45,392] {taskinstance.py:1448} INFO - Exporting the following env vars:
AIRFLOW_CTX_DAG_OWNER=***
AIRFLOW_CTX_DAG_ID=data_ingestion_gcp_dag
AIRFLOW_CTX_TASK_ID=format_to_parquet_task
AIRFLOW_CTX_EXECUTION_DATE=2003-01-01T00:00:00+00:00
AIRFLOW_CTX_DAG_RUN_ID=scheduled__2003-01-01T00:00:00+00:00
[2022-04-28 06:05:45,756] {python.py:175} INFO - Done. Returned value was: None
[2022-04-28 06:05:45,867] {taskinstance.py:1288} INFO - Marking task as SUCCESS. dag_id=data_ingestion_gcp_dag, task_id=format_to_parquet_task, execution_date=20030101T000000, start_date=20220428T060544, end_date=20220428T060545
[2022-04-28 06:05:45,955] {local_task_job.py:154} INFO - Task exited with return code 0
[2022-04-28 06:05:46,203] {local_task_job.py:264} INFO - 1 downstream tasks scheduled from follow-on schedule check
