[2022-05-02 15:58:31,069] {taskinstance.py:1032} INFO - Dependencies all met for <TaskInstance: data_ingestion_gcp_dag.format_xl_to_pq_task scheduled__2004-01-01T00:00:00+00:00 [queued]>
[2022-05-02 15:58:31,111] {taskinstance.py:1032} INFO - Dependencies all met for <TaskInstance: data_ingestion_gcp_dag.format_xl_to_pq_task scheduled__2004-01-01T00:00:00+00:00 [queued]>
[2022-05-02 15:58:31,112] {taskinstance.py:1238} INFO - 
--------------------------------------------------------------------------------
[2022-05-02 15:58:31,114] {taskinstance.py:1239} INFO - Starting attempt 1 of 2
[2022-05-02 15:58:31,115] {taskinstance.py:1240} INFO - 
--------------------------------------------------------------------------------
[2022-05-02 15:58:31,155] {taskinstance.py:1259} INFO - Executing <Task(PythonOperator): format_xl_to_pq_task> on 2004-01-01 00:00:00+00:00
[2022-05-02 15:58:31,164] {standard_task_runner.py:52} INFO - Started process 1822 to run task
[2022-05-02 15:58:31,173] {standard_task_runner.py:76} INFO - Running: ['***', 'tasks', 'run', 'data_ingestion_gcp_dag', 'format_xl_to_pq_task', 'scheduled__2004-01-01T00:00:00+00:00', '--job-id', '1086', '--raw', '--subdir', 'DAGS_FOLDER/ingest_to_gcs_dag.py', '--cfg-path', '/tmp/tmpt2gl1ign', '--error-file', '/tmp/tmpeczz772h']
[2022-05-02 15:58:31,176] {standard_task_runner.py:77} INFO - Job 1086: Subtask format_xl_to_pq_task
[2022-05-02 15:58:31,603] {logging_mixin.py:109} INFO - Running <TaskInstance: data_ingestion_gcp_dag.format_xl_to_pq_task scheduled__2004-01-01T00:00:00+00:00 [running]> on host 9f5021834e17
[2022-05-02 15:58:31,976] {logging_mixin.py:109} WARNING - /home/***/.local/lib/python3.7/site-packages/***/utils/context.py:152 AirflowContextDeprecationWarning: Accessing 'execution_date' from the template is deprecated and will be removed in a future version. Please use 'data_interval_start' or 'logical_date' instead.
[2022-05-02 15:58:32,217] {taskinstance.py:1426} INFO - Exporting the following env vars:
AIRFLOW_CTX_DAG_OWNER=***
AIRFLOW_CTX_DAG_ID=data_ingestion_gcp_dag
AIRFLOW_CTX_TASK_ID=format_xl_to_pq_task
AIRFLOW_CTX_EXECUTION_DATE=2004-01-01T00:00:00+00:00
AIRFLOW_CTX_DAG_RUN_ID=scheduled__2004-01-01T00:00:00+00:00
[2022-05-02 15:58:38,964] {python.py:175} INFO - Done. Returned value was: None
[2022-05-02 15:58:39,120] {taskinstance.py:1277} INFO - Marking task as SUCCESS. dag_id=data_ingestion_gcp_dag, task_id=format_xl_to_pq_task, execution_date=20040101T000000, start_date=20220502T155831, end_date=20220502T155839
[2022-05-02 15:58:39,229] {local_task_job.py:154} INFO - Task exited with return code 0
[2022-05-02 15:58:39,463] {local_task_job.py:264} INFO - 1 downstream tasks scheduled from follow-on schedule check
[2022-05-02 16:33:39,980] {taskinstance.py:1032} INFO - Dependencies all met for <TaskInstance: data_ingestion_gcp_dag.format_xl_to_pq_task scheduled__2004-01-01T00:00:00+00:00 [queued]>
[2022-05-02 16:33:40,046] {taskinstance.py:1032} INFO - Dependencies all met for <TaskInstance: data_ingestion_gcp_dag.format_xl_to_pq_task scheduled__2004-01-01T00:00:00+00:00 [queued]>
[2022-05-02 16:33:40,049] {taskinstance.py:1238} INFO - 
--------------------------------------------------------------------------------
[2022-05-02 16:33:40,050] {taskinstance.py:1239} INFO - Starting attempt 1 of 2
[2022-05-02 16:33:40,053] {taskinstance.py:1240} INFO - 
--------------------------------------------------------------------------------
[2022-05-02 16:33:40,110] {taskinstance.py:1259} INFO - Executing <Task(PythonOperator): format_xl_to_pq_task> on 2004-01-01 00:00:00+00:00
[2022-05-02 16:33:40,122] {standard_task_runner.py:52} INFO - Started process 6414 to run task
[2022-05-02 16:33:40,142] {standard_task_runner.py:76} INFO - Running: ['***', 'tasks', 'run', 'data_ingestion_gcp_dag', 'format_xl_to_pq_task', 'scheduled__2004-01-01T00:00:00+00:00', '--job-id', '1193', '--raw', '--subdir', 'DAGS_FOLDER/ingest_to_gcs_dag.py', '--cfg-path', '/tmp/tmp23xu56b3', '--error-file', '/tmp/tmpgkft5ksw']
[2022-05-02 16:33:40,146] {standard_task_runner.py:77} INFO - Job 1193: Subtask format_xl_to_pq_task
[2022-05-02 16:33:40,588] {logging_mixin.py:109} INFO - Running <TaskInstance: data_ingestion_gcp_dag.format_xl_to_pq_task scheduled__2004-01-01T00:00:00+00:00 [running]> on host 9f5021834e17
[2022-05-02 16:33:40,868] {logging_mixin.py:109} WARNING - /home/***/.local/lib/python3.7/site-packages/***/utils/context.py:152 AirflowContextDeprecationWarning: Accessing 'execution_date' from the template is deprecated and will be removed in a future version. Please use 'data_interval_start' or 'logical_date' instead.
[2022-05-02 16:33:41,074] {taskinstance.py:1426} INFO - Exporting the following env vars:
AIRFLOW_CTX_DAG_OWNER=***
AIRFLOW_CTX_DAG_ID=data_ingestion_gcp_dag
AIRFLOW_CTX_TASK_ID=format_xl_to_pq_task
AIRFLOW_CTX_EXECUTION_DATE=2004-01-01T00:00:00+00:00
AIRFLOW_CTX_DAG_RUN_ID=scheduled__2004-01-01T00:00:00+00:00
[2022-05-02 16:33:47,392] {python.py:175} INFO - Done. Returned value was: None
[2022-05-02 16:33:47,497] {taskinstance.py:1277} INFO - Marking task as SUCCESS. dag_id=data_ingestion_gcp_dag, task_id=format_xl_to_pq_task, execution_date=20040101T000000, start_date=20220502T163339, end_date=20220502T163347
[2022-05-02 16:33:47,595] {local_task_job.py:154} INFO - Task exited with return code 0
[2022-05-02 16:33:47,830] {local_task_job.py:264} INFO - 1 downstream tasks scheduled from follow-on schedule check
[2022-05-02 16:49:13,892] {taskinstance.py:1032} INFO - Dependencies all met for <TaskInstance: data_ingestion_gcp_dag.format_xl_to_pq_task scheduled__2004-01-01T00:00:00+00:00 [queued]>
[2022-05-02 16:49:13,937] {taskinstance.py:1032} INFO - Dependencies all met for <TaskInstance: data_ingestion_gcp_dag.format_xl_to_pq_task scheduled__2004-01-01T00:00:00+00:00 [queued]>
[2022-05-02 16:49:13,939] {taskinstance.py:1238} INFO - 
--------------------------------------------------------------------------------
[2022-05-02 16:49:13,941] {taskinstance.py:1239} INFO - Starting attempt 1 of 2
[2022-05-02 16:49:13,942] {taskinstance.py:1240} INFO - 
--------------------------------------------------------------------------------
[2022-05-02 16:49:13,987] {taskinstance.py:1259} INFO - Executing <Task(PythonOperator): format_xl_to_pq_task> on 2004-01-01 00:00:00+00:00
[2022-05-02 16:49:13,996] {standard_task_runner.py:52} INFO - Started process 9230 to run task
[2022-05-02 16:49:14,005] {standard_task_runner.py:76} INFO - Running: ['***', 'tasks', 'run', 'data_ingestion_gcp_dag', 'format_xl_to_pq_task', 'scheduled__2004-01-01T00:00:00+00:00', '--job-id', '1298', '--raw', '--subdir', 'DAGS_FOLDER/ingest_to_gcs_dag.py', '--cfg-path', '/tmp/tmpam9a2pi5', '--error-file', '/tmp/tmpkta10j3u']
[2022-05-02 16:49:14,008] {standard_task_runner.py:77} INFO - Job 1298: Subtask format_xl_to_pq_task
[2022-05-02 16:49:14,401] {logging_mixin.py:109} INFO - Running <TaskInstance: data_ingestion_gcp_dag.format_xl_to_pq_task scheduled__2004-01-01T00:00:00+00:00 [running]> on host 9f5021834e17
[2022-05-02 16:49:14,655] {logging_mixin.py:109} WARNING - /home/***/.local/lib/python3.7/site-packages/***/utils/context.py:152 AirflowContextDeprecationWarning: Accessing 'execution_date' from the template is deprecated and will be removed in a future version. Please use 'data_interval_start' or 'logical_date' instead.
[2022-05-02 16:49:14,849] {taskinstance.py:1426} INFO - Exporting the following env vars:
AIRFLOW_CTX_DAG_OWNER=***
AIRFLOW_CTX_DAG_ID=data_ingestion_gcp_dag
AIRFLOW_CTX_TASK_ID=format_xl_to_pq_task
AIRFLOW_CTX_EXECUTION_DATE=2004-01-01T00:00:00+00:00
AIRFLOW_CTX_DAG_RUN_ID=scheduled__2004-01-01T00:00:00+00:00
[2022-05-02 16:49:21,513] {python.py:175} INFO - Done. Returned value was: None
[2022-05-02 16:49:21,639] {taskinstance.py:1277} INFO - Marking task as SUCCESS. dag_id=data_ingestion_gcp_dag, task_id=format_xl_to_pq_task, execution_date=20040101T000000, start_date=20220502T164913, end_date=20220502T164921
[2022-05-02 16:49:21,717] {local_task_job.py:154} INFO - Task exited with return code 0
[2022-05-02 16:49:21,944] {local_task_job.py:264} INFO - 1 downstream tasks scheduled from follow-on schedule check
