[2022-04-28 06:02:14,180] {taskinstance.py:1043} INFO - Dependencies all met for <TaskInstance: data_ingestion_gcp_dag.rm_files_task scheduled__1992-01-01T00:00:00+00:00 [queued]>
[2022-04-28 06:02:14,226] {taskinstance.py:1043} INFO - Dependencies all met for <TaskInstance: data_ingestion_gcp_dag.rm_files_task scheduled__1992-01-01T00:00:00+00:00 [queued]>
[2022-04-28 06:02:14,228] {taskinstance.py:1249} INFO - 
--------------------------------------------------------------------------------
[2022-04-28 06:02:14,229] {taskinstance.py:1250} INFO - Starting attempt 1 of 2
[2022-04-28 06:02:14,231] {taskinstance.py:1251} INFO - 
--------------------------------------------------------------------------------
[2022-04-28 06:02:14,290] {taskinstance.py:1270} INFO - Executing <Task(BashOperator): rm_files_task> on 1992-01-01 00:00:00+00:00
[2022-04-28 06:02:14,301] {standard_task_runner.py:52} INFO - Started process 1108 to run task
[2022-04-28 06:02:14,314] {standard_task_runner.py:79} INFO - Running: ['***', 'tasks', 'run', 'data_ingestion_gcp_dag', 'rm_files_task', 'scheduled__1992-01-01T00:00:00+00:00', '--job-id', '491', '--raw', '--subdir', 'DAGS_FOLDER/ingest_to_gcs_dag.py', '--cfg-path', '/tmp/tmpucf2qrmv', '--error-file', '/tmp/tmpq1gvl6nm']
[2022-04-28 06:02:14,319] {standard_task_runner.py:80} INFO - Job 491: Subtask rm_files_task
[2022-04-28 06:02:14,753] {logging_mixin.py:109} INFO - Running <TaskInstance: data_ingestion_gcp_dag.rm_files_task scheduled__1992-01-01T00:00:00+00:00 [running]> on host d4721d223bdd
[2022-04-28 06:02:15,136] {logging_mixin.py:109} WARNING - /home/***/.local/lib/python3.7/site-packages/***/utils/context.py:156 AirflowContextDeprecationWarning: Accessing 'execution_date' from the template is deprecated and will be removed in a future version. Please use 'data_interval_start' or 'logical_date' instead.
[2022-04-28 06:02:15,381] {taskinstance.py:1448} INFO - Exporting the following env vars:
AIRFLOW_CTX_DAG_OWNER=***
AIRFLOW_CTX_DAG_ID=data_ingestion_gcp_dag
AIRFLOW_CTX_TASK_ID=rm_files_task
AIRFLOW_CTX_EXECUTION_DATE=1992-01-01T00:00:00+00:00
AIRFLOW_CTX_DAG_RUN_ID=scheduled__1992-01-01T00:00:00+00:00
[2022-04-28 06:02:15,386] {subprocess.py:62} INFO - Tmp dir root location: 
 /tmp
[2022-04-28 06:02:15,389] {subprocess.py:74} INFO - Running command: ['bash', '-c', 'rm /opt/***/laucnty92.xlsx /opt/***/us_employment_92.parquet']
[2022-04-28 06:02:15,406] {subprocess.py:85} INFO - Output:
[2022-04-28 06:02:15,475] {subprocess.py:93} INFO - Command exited with return code 0
[2022-04-28 06:02:15,689] {taskinstance.py:1288} INFO - Marking task as SUCCESS. dag_id=data_ingestion_gcp_dag, task_id=rm_files_task, execution_date=19920101T000000, start_date=20220428T060214, end_date=20220428T060215
[2022-04-28 06:02:15,783] {local_task_job.py:154} INFO - Task exited with return code 0
[2022-04-28 06:02:16,017] {local_task_job.py:264} INFO - 0 downstream tasks scheduled from follow-on schedule check
[2022-04-29 02:37:42,907] {taskinstance.py:1043} INFO - Dependencies all met for <TaskInstance: data_ingestion_gcp_dag.rm_files_task scheduled__1992-01-01T00:00:00+00:00 [queued]>
[2022-04-29 02:37:42,955] {taskinstance.py:1043} INFO - Dependencies all met for <TaskInstance: data_ingestion_gcp_dag.rm_files_task scheduled__1992-01-01T00:00:00+00:00 [queued]>
[2022-04-29 02:37:42,957] {taskinstance.py:1249} INFO - 
--------------------------------------------------------------------------------
[2022-04-29 02:37:42,958] {taskinstance.py:1250} INFO - Starting attempt 1 of 2
[2022-04-29 02:37:42,959] {taskinstance.py:1251} INFO - 
--------------------------------------------------------------------------------
[2022-04-29 02:37:43,005] {taskinstance.py:1270} INFO - Executing <Task(BashOperator): rm_files_task> on 1992-01-01 00:00:00+00:00
[2022-04-29 02:37:43,014] {standard_task_runner.py:52} INFO - Started process 5807 to run task
[2022-04-29 02:37:43,024] {standard_task_runner.py:79} INFO - Running: ['***', 'tasks', 'run', 'data_ingestion_gcp_dag', 'rm_files_task', 'scheduled__1992-01-01T00:00:00+00:00', '--job-id', '735', '--raw', '--subdir', 'DAGS_FOLDER/ingest_to_gcs_dag.py', '--cfg-path', '/tmp/tmp4pqocp6b', '--error-file', '/tmp/tmp__1eixmb']
[2022-04-29 02:37:43,029] {standard_task_runner.py:80} INFO - Job 735: Subtask rm_files_task
[2022-04-29 02:37:43,410] {logging_mixin.py:109} INFO - Running <TaskInstance: data_ingestion_gcp_dag.rm_files_task scheduled__1992-01-01T00:00:00+00:00 [running]> on host 6fd0ba274d58
[2022-04-29 02:37:43,675] {logging_mixin.py:109} WARNING - /home/***/.local/lib/python3.7/site-packages/***/utils/context.py:156 AirflowContextDeprecationWarning: Accessing 'execution_date' from the template is deprecated and will be removed in a future version. Please use 'data_interval_start' or 'logical_date' instead.
[2022-04-29 02:37:43,874] {taskinstance.py:1448} INFO - Exporting the following env vars:
AIRFLOW_CTX_DAG_OWNER=***
AIRFLOW_CTX_DAG_ID=data_ingestion_gcp_dag
AIRFLOW_CTX_TASK_ID=rm_files_task
AIRFLOW_CTX_EXECUTION_DATE=1992-01-01T00:00:00+00:00
AIRFLOW_CTX_DAG_RUN_ID=scheduled__1992-01-01T00:00:00+00:00
[2022-04-29 02:37:43,880] {subprocess.py:62} INFO - Tmp dir root location: 
 /tmp
[2022-04-29 02:37:43,882] {subprocess.py:74} INFO - Running command: ['bash', '-c', 'rm /opt/***/laucnty92.xlsx /opt/***/us_employment_1992.parquet']
[2022-04-29 02:37:43,914] {subprocess.py:85} INFO - Output:
[2022-04-29 02:37:43,989] {subprocess.py:93} INFO - Command exited with return code 0
[2022-04-29 02:37:44,194] {taskinstance.py:1288} INFO - Marking task as SUCCESS. dag_id=data_ingestion_gcp_dag, task_id=rm_files_task, execution_date=19920101T000000, start_date=20220429T023742, end_date=20220429T023744
[2022-04-29 02:37:44,282] {local_task_job.py:154} INFO - Task exited with return code 0
[2022-04-29 02:37:44,505] {local_task_job.py:264} INFO - 0 downstream tasks scheduled from follow-on schedule check
