[2022-05-02 15:57:33,462] {taskinstance.py:1032} INFO - Dependencies all met for <TaskInstance: data_ingestion_gcp_dag.format_xl_to_pq_task scheduled__2000-01-01T00:00:00+00:00 [queued]>
[2022-05-02 15:57:33,511] {taskinstance.py:1032} INFO - Dependencies all met for <TaskInstance: data_ingestion_gcp_dag.format_xl_to_pq_task scheduled__2000-01-01T00:00:00+00:00 [queued]>
[2022-05-02 15:57:33,512] {taskinstance.py:1238} INFO - 
--------------------------------------------------------------------------------
[2022-05-02 15:57:33,514] {taskinstance.py:1239} INFO - Starting attempt 1 of 2
[2022-05-02 15:57:33,515] {taskinstance.py:1240} INFO - 
--------------------------------------------------------------------------------
[2022-05-02 15:57:33,564] {taskinstance.py:1259} INFO - Executing <Task(PythonOperator): format_xl_to_pq_task> on 2000-01-01 00:00:00+00:00
[2022-05-02 15:57:33,573] {standard_task_runner.py:52} INFO - Started process 1618 to run task
[2022-05-02 15:57:33,591] {standard_task_runner.py:76} INFO - Running: ['***', 'tasks', 'run', 'data_ingestion_gcp_dag', 'format_xl_to_pq_task', 'scheduled__2000-01-01T00:00:00+00:00', '--job-id', '1075', '--raw', '--subdir', 'DAGS_FOLDER/ingest_to_gcs_dag.py', '--cfg-path', '/tmp/tmp8eeh92el', '--error-file', '/tmp/tmplvsfml1m']
[2022-05-02 15:57:33,594] {standard_task_runner.py:77} INFO - Job 1075: Subtask format_xl_to_pq_task
[2022-05-02 15:57:34,038] {logging_mixin.py:109} INFO - Running <TaskInstance: data_ingestion_gcp_dag.format_xl_to_pq_task scheduled__2000-01-01T00:00:00+00:00 [running]> on host 9f5021834e17
[2022-05-02 15:57:34,440] {logging_mixin.py:109} WARNING - /home/***/.local/lib/python3.7/site-packages/***/utils/context.py:152 AirflowContextDeprecationWarning: Accessing 'execution_date' from the template is deprecated and will be removed in a future version. Please use 'data_interval_start' or 'logical_date' instead.
[2022-05-02 15:57:34,642] {taskinstance.py:1426} INFO - Exporting the following env vars:
AIRFLOW_CTX_DAG_OWNER=***
AIRFLOW_CTX_DAG_ID=data_ingestion_gcp_dag
AIRFLOW_CTX_TASK_ID=format_xl_to_pq_task
AIRFLOW_CTX_EXECUTION_DATE=2000-01-01T00:00:00+00:00
AIRFLOW_CTX_DAG_RUN_ID=scheduled__2000-01-01T00:00:00+00:00
[2022-05-02 15:57:40,816] {python.py:175} INFO - Done. Returned value was: None
[2022-05-02 15:57:40,963] {taskinstance.py:1277} INFO - Marking task as SUCCESS. dag_id=data_ingestion_gcp_dag, task_id=format_xl_to_pq_task, execution_date=20000101T000000, start_date=20220502T155733, end_date=20220502T155740
[2022-05-02 15:57:41,044] {local_task_job.py:154} INFO - Task exited with return code 0
[2022-05-02 15:57:41,285] {local_task_job.py:264} INFO - 1 downstream tasks scheduled from follow-on schedule check
[2022-05-02 16:32:33,379] {taskinstance.py:1032} INFO - Dependencies all met for <TaskInstance: data_ingestion_gcp_dag.format_xl_to_pq_task scheduled__2000-01-01T00:00:00+00:00 [queued]>
[2022-05-02 16:32:33,427] {taskinstance.py:1032} INFO - Dependencies all met for <TaskInstance: data_ingestion_gcp_dag.format_xl_to_pq_task scheduled__2000-01-01T00:00:00+00:00 [queued]>
[2022-05-02 16:32:33,429] {taskinstance.py:1238} INFO - 
--------------------------------------------------------------------------------
[2022-05-02 16:32:33,432] {taskinstance.py:1239} INFO - Starting attempt 1 of 2
[2022-05-02 16:32:33,433] {taskinstance.py:1240} INFO - 
--------------------------------------------------------------------------------
[2022-05-02 16:32:33,481] {taskinstance.py:1259} INFO - Executing <Task(PythonOperator): format_xl_to_pq_task> on 2000-01-01 00:00:00+00:00
[2022-05-02 16:32:33,493] {standard_task_runner.py:52} INFO - Started process 6182 to run task
[2022-05-02 16:32:33,504] {standard_task_runner.py:76} INFO - Running: ['***', 'tasks', 'run', 'data_ingestion_gcp_dag', 'format_xl_to_pq_task', 'scheduled__2000-01-01T00:00:00+00:00', '--job-id', '1181', '--raw', '--subdir', 'DAGS_FOLDER/ingest_to_gcs_dag.py', '--cfg-path', '/tmp/tmp73il52te', '--error-file', '/tmp/tmpwlc1so54']
[2022-05-02 16:32:33,507] {standard_task_runner.py:77} INFO - Job 1181: Subtask format_xl_to_pq_task
[2022-05-02 16:32:33,972] {logging_mixin.py:109} INFO - Running <TaskInstance: data_ingestion_gcp_dag.format_xl_to_pq_task scheduled__2000-01-01T00:00:00+00:00 [running]> on host 9f5021834e17
[2022-05-02 16:32:34,301] {logging_mixin.py:109} WARNING - /home/***/.local/lib/python3.7/site-packages/***/utils/context.py:152 AirflowContextDeprecationWarning: Accessing 'execution_date' from the template is deprecated and will be removed in a future version. Please use 'data_interval_start' or 'logical_date' instead.
[2022-05-02 16:32:34,528] {taskinstance.py:1426} INFO - Exporting the following env vars:
AIRFLOW_CTX_DAG_OWNER=***
AIRFLOW_CTX_DAG_ID=data_ingestion_gcp_dag
AIRFLOW_CTX_TASK_ID=format_xl_to_pq_task
AIRFLOW_CTX_EXECUTION_DATE=2000-01-01T00:00:00+00:00
AIRFLOW_CTX_DAG_RUN_ID=scheduled__2000-01-01T00:00:00+00:00
[2022-05-02 16:32:41,421] {python.py:175} INFO - Done. Returned value was: None
[2022-05-02 16:32:41,536] {taskinstance.py:1277} INFO - Marking task as SUCCESS. dag_id=data_ingestion_gcp_dag, task_id=format_xl_to_pq_task, execution_date=20000101T000000, start_date=20220502T163233, end_date=20220502T163241
[2022-05-02 16:32:41,621] {local_task_job.py:154} INFO - Task exited with return code 0
[2022-05-02 16:32:41,885] {local_task_job.py:264} INFO - 1 downstream tasks scheduled from follow-on schedule check
[2022-05-02 16:48:06,966] {taskinstance.py:1032} INFO - Dependencies all met for <TaskInstance: data_ingestion_gcp_dag.format_xl_to_pq_task scheduled__2000-01-01T00:00:00+00:00 [queued]>
[2022-05-02 16:48:07,007] {taskinstance.py:1032} INFO - Dependencies all met for <TaskInstance: data_ingestion_gcp_dag.format_xl_to_pq_task scheduled__2000-01-01T00:00:00+00:00 [queued]>
[2022-05-02 16:48:07,009] {taskinstance.py:1238} INFO - 
--------------------------------------------------------------------------------
[2022-05-02 16:48:07,009] {taskinstance.py:1239} INFO - Starting attempt 1 of 2
[2022-05-02 16:48:07,010] {taskinstance.py:1240} INFO - 
--------------------------------------------------------------------------------
[2022-05-02 16:48:07,052] {taskinstance.py:1259} INFO - Executing <Task(PythonOperator): format_xl_to_pq_task> on 2000-01-01 00:00:00+00:00
[2022-05-02 16:48:07,062] {standard_task_runner.py:52} INFO - Started process 8982 to run task
[2022-05-02 16:48:07,077] {standard_task_runner.py:76} INFO - Running: ['***', 'tasks', 'run', 'data_ingestion_gcp_dag', 'format_xl_to_pq_task', 'scheduled__2000-01-01T00:00:00+00:00', '--job-id', '1285', '--raw', '--subdir', 'DAGS_FOLDER/ingest_to_gcs_dag.py', '--cfg-path', '/tmp/tmp_0s4sn9l', '--error-file', '/tmp/tmp572l_4ku']
[2022-05-02 16:48:07,080] {standard_task_runner.py:77} INFO - Job 1285: Subtask format_xl_to_pq_task
[2022-05-02 16:48:07,446] {logging_mixin.py:109} INFO - Running <TaskInstance: data_ingestion_gcp_dag.format_xl_to_pq_task scheduled__2000-01-01T00:00:00+00:00 [running]> on host 9f5021834e17
[2022-05-02 16:48:07,682] {logging_mixin.py:109} WARNING - /home/***/.local/lib/python3.7/site-packages/***/utils/context.py:152 AirflowContextDeprecationWarning: Accessing 'execution_date' from the template is deprecated and will be removed in a future version. Please use 'data_interval_start' or 'logical_date' instead.
[2022-05-02 16:48:07,875] {taskinstance.py:1426} INFO - Exporting the following env vars:
AIRFLOW_CTX_DAG_OWNER=***
AIRFLOW_CTX_DAG_ID=data_ingestion_gcp_dag
AIRFLOW_CTX_TASK_ID=format_xl_to_pq_task
AIRFLOW_CTX_EXECUTION_DATE=2000-01-01T00:00:00+00:00
AIRFLOW_CTX_DAG_RUN_ID=scheduled__2000-01-01T00:00:00+00:00
[2022-05-02 16:48:14,627] {python.py:175} INFO - Done. Returned value was: None
[2022-05-02 16:48:14,734] {taskinstance.py:1277} INFO - Marking task as SUCCESS. dag_id=data_ingestion_gcp_dag, task_id=format_xl_to_pq_task, execution_date=20000101T000000, start_date=20220502T164806, end_date=20220502T164814
[2022-05-02 16:48:14,813] {local_task_job.py:154} INFO - Task exited with return code 0
[2022-05-02 16:48:15,149] {local_task_job.py:264} INFO - 0 downstream tasks scheduled from follow-on schedule check
