[2022-04-28 06:05:32,010] {taskinstance.py:1043} INFO - Dependencies all met for <TaskInstance: data_ingestion_gcp_dag.format_xl_to_csv_task scheduled__2003-01-01T00:00:00+00:00 [queued]>
[2022-04-28 06:05:32,092] {taskinstance.py:1043} INFO - Dependencies all met for <TaskInstance: data_ingestion_gcp_dag.format_xl_to_csv_task scheduled__2003-01-01T00:00:00+00:00 [queued]>
[2022-04-28 06:05:32,096] {taskinstance.py:1249} INFO - 
--------------------------------------------------------------------------------
[2022-04-28 06:05:32,099] {taskinstance.py:1250} INFO - Starting attempt 1 of 2
[2022-04-28 06:05:32,103] {taskinstance.py:1251} INFO - 
--------------------------------------------------------------------------------
[2022-04-28 06:05:32,186] {taskinstance.py:1270} INFO - Executing <Task(PythonOperator): format_xl_to_csv_task> on 2003-01-01 00:00:00+00:00
[2022-04-28 06:05:32,204] {standard_task_runner.py:52} INFO - Started process 1854 to run task
[2022-04-28 06:05:32,227] {standard_task_runner.py:79} INFO - Running: ['***', 'tasks', 'run', 'data_ingestion_gcp_dag', 'format_xl_to_csv_task', 'scheduled__2003-01-01T00:00:00+00:00', '--job-id', '535', '--raw', '--subdir', 'DAGS_FOLDER/ingest_to_gcs_dag.py', '--cfg-path', '/tmp/tmp62c31lmk', '--error-file', '/tmp/tmpk61_h9si']
[2022-04-28 06:05:32,238] {standard_task_runner.py:80} INFO - Job 535: Subtask format_xl_to_csv_task
[2022-04-28 06:05:32,931] {logging_mixin.py:109} INFO - Running <TaskInstance: data_ingestion_gcp_dag.format_xl_to_csv_task scheduled__2003-01-01T00:00:00+00:00 [running]> on host d4721d223bdd
[2022-04-28 06:05:33,254] {logging_mixin.py:109} WARNING - /home/***/.local/lib/python3.7/site-packages/***/utils/context.py:156 AirflowContextDeprecationWarning: Accessing 'execution_date' from the template is deprecated and will be removed in a future version. Please use 'data_interval_start' or 'logical_date' instead.
[2022-04-28 06:05:33,467] {taskinstance.py:1448} INFO - Exporting the following env vars:
AIRFLOW_CTX_DAG_OWNER=***
AIRFLOW_CTX_DAG_ID=data_ingestion_gcp_dag
AIRFLOW_CTX_TASK_ID=format_xl_to_csv_task
AIRFLOW_CTX_EXECUTION_DATE=2003-01-01T00:00:00+00:00
AIRFLOW_CTX_DAG_RUN_ID=scheduled__2003-01-01T00:00:00+00:00
[2022-04-28 06:05:39,330] {python.py:175} INFO - Done. Returned value was: None
[2022-04-28 06:05:39,436] {taskinstance.py:1288} INFO - Marking task as SUCCESS. dag_id=data_ingestion_gcp_dag, task_id=format_xl_to_csv_task, execution_date=20030101T000000, start_date=20220428T060532, end_date=20220428T060539
[2022-04-28 06:05:39,522] {local_task_job.py:154} INFO - Task exited with return code 0
[2022-04-28 06:05:40,107] {local_task_job.py:264} INFO - 0 downstream tasks scheduled from follow-on schedule check
[2022-04-29 02:36:14,247] {taskinstance.py:1043} INFO - Dependencies all met for <TaskInstance: data_ingestion_gcp_dag.format_xl_to_csv_task scheduled__2003-01-01T00:00:00+00:00 [queued]>
[2022-04-29 02:36:14,367] {taskinstance.py:1043} INFO - Dependencies all met for <TaskInstance: data_ingestion_gcp_dag.format_xl_to_csv_task scheduled__2003-01-01T00:00:00+00:00 [queued]>
[2022-04-29 02:36:14,369] {taskinstance.py:1249} INFO - 
--------------------------------------------------------------------------------
[2022-04-29 02:36:14,373] {taskinstance.py:1250} INFO - Starting attempt 1 of 2
[2022-04-29 02:36:14,377] {taskinstance.py:1251} INFO - 
--------------------------------------------------------------------------------
[2022-04-29 02:36:14,483] {taskinstance.py:1270} INFO - Executing <Task(PythonOperator): format_xl_to_csv_task> on 2003-01-01 00:00:00+00:00
[2022-04-29 02:36:14,506] {standard_task_runner.py:52} INFO - Started process 5469 to run task
[2022-04-29 02:36:14,526] {standard_task_runner.py:79} INFO - Running: ['***', 'tasks', 'run', 'data_ingestion_gcp_dag', 'format_xl_to_csv_task', 'scheduled__2003-01-01T00:00:00+00:00', '--job-id', '714', '--raw', '--subdir', 'DAGS_FOLDER/ingest_to_gcs_dag.py', '--cfg-path', '/tmp/tmpb8uo783t', '--error-file', '/tmp/tmpiwthb77m']
[2022-04-29 02:36:14,539] {standard_task_runner.py:80} INFO - Job 714: Subtask format_xl_to_csv_task
[2022-04-29 02:36:15,027] {logging_mixin.py:109} INFO - Running <TaskInstance: data_ingestion_gcp_dag.format_xl_to_csv_task scheduled__2003-01-01T00:00:00+00:00 [running]> on host 6fd0ba274d58
[2022-04-29 02:36:15,304] {logging_mixin.py:109} WARNING - /home/***/.local/lib/python3.7/site-packages/***/utils/context.py:156 AirflowContextDeprecationWarning: Accessing 'execution_date' from the template is deprecated and will be removed in a future version. Please use 'data_interval_start' or 'logical_date' instead.
[2022-04-29 02:36:15,508] {taskinstance.py:1448} INFO - Exporting the following env vars:
AIRFLOW_CTX_DAG_OWNER=***
AIRFLOW_CTX_DAG_ID=data_ingestion_gcp_dag
AIRFLOW_CTX_TASK_ID=format_xl_to_csv_task
AIRFLOW_CTX_EXECUTION_DATE=2003-01-01T00:00:00+00:00
AIRFLOW_CTX_DAG_RUN_ID=scheduled__2003-01-01T00:00:00+00:00
[2022-04-29 02:36:21,228] {python.py:175} INFO - Done. Returned value was: None
[2022-04-29 02:36:21,331] {taskinstance.py:1288} INFO - Marking task as SUCCESS. dag_id=data_ingestion_gcp_dag, task_id=format_xl_to_csv_task, execution_date=20030101T000000, start_date=20220429T023614, end_date=20220429T023621
[2022-04-29 02:36:21,397] {local_task_job.py:154} INFO - Task exited with return code 0
[2022-04-29 02:36:21,648] {local_task_job.py:264} INFO - 1 downstream tasks scheduled from follow-on schedule check
[2022-05-02 07:54:50,879] {taskinstance.py:1032} INFO - Dependencies all met for <TaskInstance: data_ingestion_gcp_dag.format_xl_to_csv_task scheduled__2003-01-01T00:00:00+00:00 [queued]>
[2022-05-02 07:54:50,921] {taskinstance.py:1032} INFO - Dependencies all met for <TaskInstance: data_ingestion_gcp_dag.format_xl_to_csv_task scheduled__2003-01-01T00:00:00+00:00 [queued]>
[2022-05-02 07:54:50,922] {taskinstance.py:1238} INFO - 
--------------------------------------------------------------------------------
[2022-05-02 07:54:50,923] {taskinstance.py:1239} INFO - Starting attempt 1 of 2
[2022-05-02 07:54:50,924] {taskinstance.py:1240} INFO - 
--------------------------------------------------------------------------------
[2022-05-02 07:54:50,966] {taskinstance.py:1259} INFO - Executing <Task(PythonOperator): format_xl_to_csv_task> on 2003-01-01 00:00:00+00:00
[2022-05-02 07:54:50,975] {standard_task_runner.py:52} INFO - Started process 9301 to run task
[2022-05-02 07:54:50,983] {standard_task_runner.py:76} INFO - Running: ['***', 'tasks', 'run', 'data_ingestion_gcp_dag', 'format_xl_to_csv_task', 'scheduled__2003-01-01T00:00:00+00:00', '--job-id', '860', '--raw', '--subdir', 'DAGS_FOLDER/ingest_to_gcs_dag.py', '--cfg-path', '/tmp/tmpen4ntk8g', '--error-file', '/tmp/tmpsvwbm1p8']
[2022-05-02 07:54:50,985] {standard_task_runner.py:77} INFO - Job 860: Subtask format_xl_to_csv_task
[2022-05-02 07:54:51,335] {logging_mixin.py:109} INFO - Running <TaskInstance: data_ingestion_gcp_dag.format_xl_to_csv_task scheduled__2003-01-01T00:00:00+00:00 [running]> on host ae42322ae538
[2022-05-02 07:54:51,569] {logging_mixin.py:109} WARNING - /home/***/.local/lib/python3.7/site-packages/***/utils/context.py:152 AirflowContextDeprecationWarning: Accessing 'execution_date' from the template is deprecated and will be removed in a future version. Please use 'data_interval_start' or 'logical_date' instead.
[2022-05-02 07:54:51,756] {taskinstance.py:1426} INFO - Exporting the following env vars:
AIRFLOW_CTX_DAG_OWNER=***
AIRFLOW_CTX_DAG_ID=data_ingestion_gcp_dag
AIRFLOW_CTX_TASK_ID=format_xl_to_csv_task
AIRFLOW_CTX_EXECUTION_DATE=2003-01-01T00:00:00+00:00
AIRFLOW_CTX_DAG_RUN_ID=scheduled__2003-01-01T00:00:00+00:00
[2022-05-02 07:54:57,779] {python.py:175} INFO - Done. Returned value was: None
[2022-05-02 07:54:57,885] {taskinstance.py:1277} INFO - Marking task as SUCCESS. dag_id=data_ingestion_gcp_dag, task_id=format_xl_to_csv_task, execution_date=20030101T000000, start_date=20220502T075450, end_date=20220502T075457
[2022-05-02 07:54:57,982] {local_task_job.py:154} INFO - Task exited with return code 0
[2022-05-02 07:54:58,213] {local_task_job.py:264} INFO - 1 downstream tasks scheduled from follow-on schedule check
[2022-05-02 09:16:56,045] {taskinstance.py:1032} INFO - Dependencies all met for <TaskInstance: data_ingestion_gcp_dag.format_xl_to_csv_task scheduled__2003-01-01T00:00:00+00:00 [queued]>
[2022-05-02 09:16:56,093] {taskinstance.py:1032} INFO - Dependencies all met for <TaskInstance: data_ingestion_gcp_dag.format_xl_to_csv_task scheduled__2003-01-01T00:00:00+00:00 [queued]>
[2022-05-02 09:16:56,095] {taskinstance.py:1238} INFO - 
--------------------------------------------------------------------------------
[2022-05-02 09:16:56,096] {taskinstance.py:1239} INFO - Starting attempt 1 of 2
[2022-05-02 09:16:56,097] {taskinstance.py:1240} INFO - 
--------------------------------------------------------------------------------
[2022-05-02 09:16:56,145] {taskinstance.py:1259} INFO - Executing <Task(PythonOperator): format_xl_to_csv_task> on 2003-01-01 00:00:00+00:00
[2022-05-02 09:16:56,155] {standard_task_runner.py:52} INFO - Started process 2580 to run task
[2022-05-02 09:16:56,164] {standard_task_runner.py:76} INFO - Running: ['***', 'tasks', 'run', 'data_ingestion_gcp_dag', 'format_xl_to_csv_task', 'scheduled__2003-01-01T00:00:00+00:00', '--job-id', '980', '--raw', '--subdir', 'DAGS_FOLDER/ingest_to_gcs_dag.py', '--cfg-path', '/tmp/tmpdx7sqz31', '--error-file', '/tmp/tmpj_qzd3dg']
[2022-05-02 09:16:56,167] {standard_task_runner.py:77} INFO - Job 980: Subtask format_xl_to_csv_task
[2022-05-02 09:16:56,554] {logging_mixin.py:109} INFO - Running <TaskInstance: data_ingestion_gcp_dag.format_xl_to_csv_task scheduled__2003-01-01T00:00:00+00:00 [running]> on host 98c324cf1bb6
[2022-05-02 09:16:56,799] {logging_mixin.py:109} WARNING - /home/***/.local/lib/python3.7/site-packages/***/utils/context.py:152 AirflowContextDeprecationWarning: Accessing 'execution_date' from the template is deprecated and will be removed in a future version. Please use 'data_interval_start' or 'logical_date' instead.
[2022-05-02 09:16:56,981] {taskinstance.py:1426} INFO - Exporting the following env vars:
AIRFLOW_CTX_DAG_OWNER=***
AIRFLOW_CTX_DAG_ID=data_ingestion_gcp_dag
AIRFLOW_CTX_TASK_ID=format_xl_to_csv_task
AIRFLOW_CTX_EXECUTION_DATE=2003-01-01T00:00:00+00:00
AIRFLOW_CTX_DAG_RUN_ID=scheduled__2003-01-01T00:00:00+00:00
[2022-05-02 09:17:02,550] {python.py:175} INFO - Done. Returned value was: None
[2022-05-02 09:17:02,651] {taskinstance.py:1277} INFO - Marking task as SUCCESS. dag_id=data_ingestion_gcp_dag, task_id=format_xl_to_csv_task, execution_date=20030101T000000, start_date=20220502T091656, end_date=20220502T091702
[2022-05-02 09:17:02,715] {local_task_job.py:154} INFO - Task exited with return code 0
[2022-05-02 09:17:02,936] {local_task_job.py:264} INFO - 1 downstream tasks scheduled from follow-on schedule check
