[2022-05-02 16:01:20,156] {taskinstance.py:1032} INFO - Dependencies all met for <TaskInstance: data_ingestion_gcp_dag.format_xl_to_pq_task scheduled__2017-01-01T00:00:00+00:00 [queued]>
[2022-05-02 16:01:20,319] {taskinstance.py:1032} INFO - Dependencies all met for <TaskInstance: data_ingestion_gcp_dag.format_xl_to_pq_task scheduled__2017-01-01T00:00:00+00:00 [queued]>
[2022-05-02 16:01:20,321] {taskinstance.py:1238} INFO - 
--------------------------------------------------------------------------------
[2022-05-02 16:01:20,323] {taskinstance.py:1239} INFO - Starting attempt 1 of 2
[2022-05-02 16:01:20,325] {taskinstance.py:1240} INFO - 
--------------------------------------------------------------------------------
[2022-05-02 16:01:20,465] {taskinstance.py:1259} INFO - Executing <Task(PythonOperator): format_xl_to_pq_task> on 2017-01-01 00:00:00+00:00
[2022-05-02 16:01:20,476] {standard_task_runner.py:52} INFO - Started process 2565 to run task
[2022-05-02 16:01:20,489] {standard_task_runner.py:76} INFO - Running: ['***', 'tasks', 'run', 'data_ingestion_gcp_dag', 'format_xl_to_pq_task', 'scheduled__2017-01-01T00:00:00+00:00', '--job-id', '1129', '--raw', '--subdir', 'DAGS_FOLDER/ingest_to_gcs_dag.py', '--cfg-path', '/tmp/tmpb7pb5t49', '--error-file', '/tmp/tmp0t_wpulw']
[2022-05-02 16:01:20,493] {standard_task_runner.py:77} INFO - Job 1129: Subtask format_xl_to_pq_task
[2022-05-02 16:01:21,119] {logging_mixin.py:109} INFO - Running <TaskInstance: data_ingestion_gcp_dag.format_xl_to_pq_task scheduled__2017-01-01T00:00:00+00:00 [running]> on host 9f5021834e17
[2022-05-02 16:01:21,415] {logging_mixin.py:109} WARNING - /home/***/.local/lib/python3.7/site-packages/***/utils/context.py:152 AirflowContextDeprecationWarning: Accessing 'execution_date' from the template is deprecated and will be removed in a future version. Please use 'data_interval_start' or 'logical_date' instead.
[2022-05-02 16:01:21,619] {taskinstance.py:1426} INFO - Exporting the following env vars:
AIRFLOW_CTX_DAG_OWNER=***
AIRFLOW_CTX_DAG_ID=data_ingestion_gcp_dag
AIRFLOW_CTX_TASK_ID=format_xl_to_pq_task
AIRFLOW_CTX_EXECUTION_DATE=2017-01-01T00:00:00+00:00
AIRFLOW_CTX_DAG_RUN_ID=scheduled__2017-01-01T00:00:00+00:00
[2022-05-02 16:01:28,011] {python.py:175} INFO - Done. Returned value was: None
[2022-05-02 16:01:28,184] {taskinstance.py:1277} INFO - Marking task as SUCCESS. dag_id=data_ingestion_gcp_dag, task_id=format_xl_to_pq_task, execution_date=20170101T000000, start_date=20220502T160120, end_date=20220502T160128
[2022-05-02 16:01:28,259] {local_task_job.py:154} INFO - Task exited with return code 0
[2022-05-02 16:01:28,508] {local_task_job.py:264} INFO - 1 downstream tasks scheduled from follow-on schedule check
[2022-05-02 16:36:27,141] {taskinstance.py:1032} INFO - Dependencies all met for <TaskInstance: data_ingestion_gcp_dag.format_xl_to_pq_task scheduled__2017-01-01T00:00:00+00:00 [queued]>
[2022-05-02 16:36:27,180] {taskinstance.py:1032} INFO - Dependencies all met for <TaskInstance: data_ingestion_gcp_dag.format_xl_to_pq_task scheduled__2017-01-01T00:00:00+00:00 [queued]>
[2022-05-02 16:36:27,181] {taskinstance.py:1238} INFO - 
--------------------------------------------------------------------------------
[2022-05-02 16:36:27,183] {taskinstance.py:1239} INFO - Starting attempt 1 of 2
[2022-05-02 16:36:27,185] {taskinstance.py:1240} INFO - 
--------------------------------------------------------------------------------
[2022-05-02 16:36:27,225] {taskinstance.py:1259} INFO - Executing <Task(PythonOperator): format_xl_to_pq_task> on 2017-01-01 00:00:00+00:00
[2022-05-02 16:36:27,234] {standard_task_runner.py:52} INFO - Started process 7084 to run task
[2022-05-02 16:36:27,242] {standard_task_runner.py:76} INFO - Running: ['***', 'tasks', 'run', 'data_ingestion_gcp_dag', 'format_xl_to_pq_task', 'scheduled__2017-01-01T00:00:00+00:00', '--job-id', '1232', '--raw', '--subdir', 'DAGS_FOLDER/ingest_to_gcs_dag.py', '--cfg-path', '/tmp/tmpc_k3ewer', '--error-file', '/tmp/tmpo2lkq_99']
[2022-05-02 16:36:27,246] {standard_task_runner.py:77} INFO - Job 1232: Subtask format_xl_to_pq_task
[2022-05-02 16:36:27,605] {logging_mixin.py:109} INFO - Running <TaskInstance: data_ingestion_gcp_dag.format_xl_to_pq_task scheduled__2017-01-01T00:00:00+00:00 [running]> on host 9f5021834e17
[2022-05-02 16:36:27,857] {logging_mixin.py:109} WARNING - /home/***/.local/lib/python3.7/site-packages/***/utils/context.py:152 AirflowContextDeprecationWarning: Accessing 'execution_date' from the template is deprecated and will be removed in a future version. Please use 'data_interval_start' or 'logical_date' instead.
[2022-05-02 16:36:28,180] {taskinstance.py:1426} INFO - Exporting the following env vars:
AIRFLOW_CTX_DAG_OWNER=***
AIRFLOW_CTX_DAG_ID=data_ingestion_gcp_dag
AIRFLOW_CTX_TASK_ID=format_xl_to_pq_task
AIRFLOW_CTX_EXECUTION_DATE=2017-01-01T00:00:00+00:00
AIRFLOW_CTX_DAG_RUN_ID=scheduled__2017-01-01T00:00:00+00:00
[2022-05-02 16:36:34,323] {python.py:175} INFO - Done. Returned value was: None
[2022-05-02 16:36:34,429] {taskinstance.py:1277} INFO - Marking task as SUCCESS. dag_id=data_ingestion_gcp_dag, task_id=format_xl_to_pq_task, execution_date=20170101T000000, start_date=20220502T163627, end_date=20220502T163634
[2022-05-02 16:36:34,509] {local_task_job.py:154} INFO - Task exited with return code 0
[2022-05-02 16:36:34,743] {local_task_job.py:264} INFO - 1 downstream tasks scheduled from follow-on schedule check
[2022-05-02 16:52:03,257] {taskinstance.py:1032} INFO - Dependencies all met for <TaskInstance: data_ingestion_gcp_dag.format_xl_to_pq_task scheduled__2017-01-01T00:00:00+00:00 [queued]>
[2022-05-02 16:52:03,303] {taskinstance.py:1032} INFO - Dependencies all met for <TaskInstance: data_ingestion_gcp_dag.format_xl_to_pq_task scheduled__2017-01-01T00:00:00+00:00 [queued]>
[2022-05-02 16:52:03,304] {taskinstance.py:1238} INFO - 
--------------------------------------------------------------------------------
[2022-05-02 16:52:03,306] {taskinstance.py:1239} INFO - Starting attempt 1 of 2
[2022-05-02 16:52:03,307] {taskinstance.py:1240} INFO - 
--------------------------------------------------------------------------------
[2022-05-02 16:52:03,357] {taskinstance.py:1259} INFO - Executing <Task(PythonOperator): format_xl_to_pq_task> on 2017-01-01 00:00:00+00:00
[2022-05-02 16:52:03,367] {standard_task_runner.py:52} INFO - Started process 9919 to run task
[2022-05-02 16:52:03,382] {standard_task_runner.py:76} INFO - Running: ['***', 'tasks', 'run', 'data_ingestion_gcp_dag', 'format_xl_to_pq_task', 'scheduled__2017-01-01T00:00:00+00:00', '--job-id', '1336', '--raw', '--subdir', 'DAGS_FOLDER/ingest_to_gcs_dag.py', '--cfg-path', '/tmp/tmpvxv1_e16', '--error-file', '/tmp/tmp39keqt6z']
[2022-05-02 16:52:03,386] {standard_task_runner.py:77} INFO - Job 1336: Subtask format_xl_to_pq_task
[2022-05-02 16:52:03,759] {logging_mixin.py:109} INFO - Running <TaskInstance: data_ingestion_gcp_dag.format_xl_to_pq_task scheduled__2017-01-01T00:00:00+00:00 [running]> on host 9f5021834e17
[2022-05-02 16:52:04,018] {logging_mixin.py:109} WARNING - /home/***/.local/lib/python3.7/site-packages/***/utils/context.py:152 AirflowContextDeprecationWarning: Accessing 'execution_date' from the template is deprecated and will be removed in a future version. Please use 'data_interval_start' or 'logical_date' instead.
[2022-05-02 16:52:04,213] {taskinstance.py:1426} INFO - Exporting the following env vars:
AIRFLOW_CTX_DAG_OWNER=***
AIRFLOW_CTX_DAG_ID=data_ingestion_gcp_dag
AIRFLOW_CTX_TASK_ID=format_xl_to_pq_task
AIRFLOW_CTX_EXECUTION_DATE=2017-01-01T00:00:00+00:00
AIRFLOW_CTX_DAG_RUN_ID=scheduled__2017-01-01T00:00:00+00:00
[2022-05-02 16:52:11,420] {python.py:175} INFO - Done. Returned value was: None
[2022-05-02 16:52:11,533] {taskinstance.py:1277} INFO - Marking task as SUCCESS. dag_id=data_ingestion_gcp_dag, task_id=format_xl_to_pq_task, execution_date=20170101T000000, start_date=20220502T165203, end_date=20220502T165211
[2022-05-02 16:52:11,614] {local_task_job.py:154} INFO - Task exited with return code 0
[2022-05-02 16:52:11,883] {local_task_job.py:264} INFO - 1 downstream tasks scheduled from follow-on schedule check
