[2022-04-29 02:21:45,795] {taskinstance.py:1043} INFO - Dependencies all met for <TaskInstance: data_ingestion_gcp_dag.download_dataset_task scheduled__2005-01-01T00:00:00+00:00 [queued]>
[2022-04-29 02:21:45,835] {taskinstance.py:1043} INFO - Dependencies all met for <TaskInstance: data_ingestion_gcp_dag.download_dataset_task scheduled__2005-01-01T00:00:00+00:00 [queued]>
[2022-04-29 02:21:45,837] {taskinstance.py:1249} INFO - 
--------------------------------------------------------------------------------
[2022-04-29 02:21:45,838] {taskinstance.py:1250} INFO - Starting attempt 2 of 3
[2022-04-29 02:21:45,839] {taskinstance.py:1251} INFO - 
--------------------------------------------------------------------------------
[2022-04-29 02:21:45,879] {taskinstance.py:1270} INFO - Executing <Task(BashOperator): download_dataset_task> on 2005-01-01 00:00:00+00:00
[2022-04-29 02:21:45,889] {standard_task_runner.py:52} INFO - Started process 3372 to run task
[2022-04-29 02:21:45,896] {standard_task_runner.py:79} INFO - Running: ['***', 'tasks', 'run', 'data_ingestion_gcp_dag', 'download_dataset_task', 'scheduled__2005-01-01T00:00:00+00:00', '--job-id', '630', '--raw', '--subdir', 'DAGS_FOLDER/ingest_to_gcs_dag.py', '--cfg-path', '/tmp/tmp3rrkjz96', '--error-file', '/tmp/tmp181nezb_']
[2022-04-29 02:21:45,900] {standard_task_runner.py:80} INFO - Job 630: Subtask download_dataset_task
[2022-04-29 02:21:46,261] {logging_mixin.py:109} INFO - Running <TaskInstance: data_ingestion_gcp_dag.download_dataset_task scheduled__2005-01-01T00:00:00+00:00 [running]> on host 6fd0ba274d58
[2022-04-29 02:21:46,514] {logging_mixin.py:109} WARNING - /home/***/.local/lib/python3.7/site-packages/***/utils/context.py:156 AirflowContextDeprecationWarning: Accessing 'execution_date' from the template is deprecated and will be removed in a future version. Please use 'data_interval_start' or 'logical_date' instead.
[2022-04-29 02:21:46,688] {taskinstance.py:1448} INFO - Exporting the following env vars:
AIRFLOW_CTX_DAG_OWNER=***
AIRFLOW_CTX_DAG_ID=data_ingestion_gcp_dag
AIRFLOW_CTX_TASK_ID=download_dataset_task
AIRFLOW_CTX_EXECUTION_DATE=2005-01-01T00:00:00+00:00
AIRFLOW_CTX_DAG_RUN_ID=scheduled__2005-01-01T00:00:00+00:00
[2022-04-29 02:21:46,693] {subprocess.py:62} INFO - Tmp dir root location: 
 /tmp
[2022-04-29 02:21:46,696] {subprocess.py:74} INFO - Running command: ['bash', '-c', 'curl -sSLf https://www.bls.gov/lau/laucnty05.xlsx > /opt/***/laucnty05.xlsx']
[2022-04-29 02:21:46,711] {subprocess.py:85} INFO - Output:
[2022-04-29 02:21:47,615] {subprocess.py:93} INFO - Command exited with return code 0
[2022-04-29 02:21:48,146] {taskinstance.py:1288} INFO - Marking task as SUCCESS. dag_id=data_ingestion_gcp_dag, task_id=download_dataset_task, execution_date=20050101T000000, start_date=20220429T022145, end_date=20220429T022148
[2022-04-29 02:21:48,218] {local_task_job.py:154} INFO - Task exited with return code 0
[2022-04-29 02:21:48,498] {local_task_job.py:264} INFO - 1 downstream tasks scheduled from follow-on schedule check
