[2022-04-28 05:22:00,439] {taskinstance.py:1043} INFO - Dependencies all met for <TaskInstance: data_ingestion_gcp_dag.format_to_parquet_task scheduled__2000-01-01T00:00:00+00:00 [queued]>
[2022-04-28 05:22:00,481] {taskinstance.py:1043} INFO - Dependencies all met for <TaskInstance: data_ingestion_gcp_dag.format_to_parquet_task scheduled__2000-01-01T00:00:00+00:00 [queued]>
[2022-04-28 05:22:00,483] {taskinstance.py:1249} INFO - 
--------------------------------------------------------------------------------
[2022-04-28 05:22:00,484] {taskinstance.py:1250} INFO - Starting attempt 1 of 2
[2022-04-28 05:22:00,485] {taskinstance.py:1251} INFO - 
--------------------------------------------------------------------------------
[2022-04-28 05:22:00,527] {taskinstance.py:1270} INFO - Executing <Task(PythonOperator): format_to_parquet_task> on 2000-01-01 00:00:00+00:00
[2022-04-28 05:22:00,538] {standard_task_runner.py:52} INFO - Started process 4827 to run task
[2022-04-28 05:22:00,545] {standard_task_runner.py:79} INFO - Running: ['***', 'tasks', 'run', 'data_ingestion_gcp_dag', 'format_to_parquet_task', 'scheduled__2000-01-01T00:00:00+00:00', '--job-id', '436', '--raw', '--subdir', 'DAGS_FOLDER/ingest_to_gcs_dag.py', '--cfg-path', '/tmp/tmp81s7luet', '--error-file', '/tmp/tmp8i62du_p']
[2022-04-28 05:22:00,548] {standard_task_runner.py:80} INFO - Job 436: Subtask format_to_parquet_task
[2022-04-28 05:22:00,872] {logging_mixin.py:109} INFO - Running <TaskInstance: data_ingestion_gcp_dag.format_to_parquet_task scheduled__2000-01-01T00:00:00+00:00 [running]> on host 65f5b8b3c17c
[2022-04-28 05:22:01,119] {logging_mixin.py:109} WARNING - /home/***/.local/lib/python3.7/site-packages/***/utils/context.py:156 AirflowContextDeprecationWarning: Accessing 'execution_date' from the template is deprecated and will be removed in a future version. Please use 'data_interval_start' or 'logical_date' instead.
[2022-04-28 05:22:01,309] {taskinstance.py:1448} INFO - Exporting the following env vars:
AIRFLOW_CTX_DAG_OWNER=***
AIRFLOW_CTX_DAG_ID=data_ingestion_gcp_dag
AIRFLOW_CTX_TASK_ID=format_to_parquet_task
AIRFLOW_CTX_EXECUTION_DATE=2000-01-01T00:00:00+00:00
AIRFLOW_CTX_DAG_RUN_ID=scheduled__2000-01-01T00:00:00+00:00
[2022-04-28 05:22:01,321] {taskinstance.py:1774} ERROR - Task failed with exception
Traceback (most recent call last):
  File "/home/airflow/.local/lib/python3.7/site-packages/airflow/operators/python.py", line 174, in execute
    return_value = self.execute_callable()
  File "/home/airflow/.local/lib/python3.7/site-packages/airflow/operators/python.py", line 188, in execute_callable
    return self.python_callable(*self.op_args, **self.op_kwargs)
  File "/opt/airflow/dags/ingest_to_gcs_dag.py", line 65, in format_to_parquet
    table = pcsv.read_csv(src_file)
  File "pyarrow/_csv.pyx", line 881, in pyarrow._csv.read_csv
  File "pyarrow/_csv.pyx", line 774, in pyarrow._csv._get_reader
  File "pyarrow/io.pxi", line 1631, in pyarrow.lib.get_input_stream
  File "pyarrow/io.pxi", line 1602, in pyarrow.lib.get_native_file
  File "pyarrow/io.pxi", line 896, in pyarrow.lib.OSFile.__cinit__
  File "pyarrow/io.pxi", line 906, in pyarrow.lib.OSFile._open_readable
  File "pyarrow/error.pxi", line 143, in pyarrow.lib.pyarrow_internal_check_status
  File "pyarrow/error.pxi", line 112, in pyarrow.lib.check_status
FileNotFoundError: [Errno 2] Failed to open local file '/opt/airflow/us_employment_00.csv'. Detail: [errno 2] No such file or directory
[2022-04-28 05:22:01,426] {taskinstance.py:1288} INFO - Marking task as UP_FOR_RETRY. dag_id=data_ingestion_gcp_dag, task_id=format_to_parquet_task, execution_date=20000101T000000, start_date=20220428T052200, end_date=20220428T052201
[2022-04-28 05:22:01,472] {standard_task_runner.py:98} ERROR - Failed to execute job 436 for task format_to_parquet_task ([Errno 2] Failed to open local file '/opt/airflow/us_employment_00.csv'. Detail: [errno 2] No such file or directory; 4827)
[2022-04-28 05:22:01,503] {local_task_job.py:154} INFO - Task exited with return code 1
[2022-04-28 05:22:01,866] {local_task_job.py:264} INFO - 0 downstream tasks scheduled from follow-on schedule check
[2022-04-28 06:05:00,405] {taskinstance.py:1043} INFO - Dependencies all met for <TaskInstance: data_ingestion_gcp_dag.format_to_parquet_task scheduled__2000-01-01T00:00:00+00:00 [queued]>
[2022-04-28 06:05:00,461] {taskinstance.py:1043} INFO - Dependencies all met for <TaskInstance: data_ingestion_gcp_dag.format_to_parquet_task scheduled__2000-01-01T00:00:00+00:00 [queued]>
[2022-04-28 06:05:00,463] {taskinstance.py:1249} INFO - 
--------------------------------------------------------------------------------
[2022-04-28 06:05:00,466] {taskinstance.py:1250} INFO - Starting attempt 1 of 2
[2022-04-28 06:05:00,467] {taskinstance.py:1251} INFO - 
--------------------------------------------------------------------------------
[2022-04-28 06:05:00,554] {taskinstance.py:1270} INFO - Executing <Task(PythonOperator): format_to_parquet_task> on 2000-01-01 00:00:00+00:00
[2022-04-28 06:05:00,573] {standard_task_runner.py:52} INFO - Started process 1710 to run task
[2022-04-28 06:05:00,587] {standard_task_runner.py:79} INFO - Running: ['***', 'tasks', 'run', 'data_ingestion_gcp_dag', 'format_to_parquet_task', 'scheduled__2000-01-01T00:00:00+00:00', '--job-id', '527', '--raw', '--subdir', 'DAGS_FOLDER/ingest_to_gcs_dag.py', '--cfg-path', '/tmp/tmpcv1rgt5j', '--error-file', '/tmp/tmpf1ejkh0b']
[2022-04-28 06:05:00,594] {standard_task_runner.py:80} INFO - Job 527: Subtask format_to_parquet_task
[2022-04-28 06:05:01,358] {logging_mixin.py:109} INFO - Running <TaskInstance: data_ingestion_gcp_dag.format_to_parquet_task scheduled__2000-01-01T00:00:00+00:00 [running]> on host d4721d223bdd
[2022-04-28 06:05:01,795] {logging_mixin.py:109} WARNING - /home/***/.local/lib/python3.7/site-packages/***/utils/context.py:156 AirflowContextDeprecationWarning: Accessing 'execution_date' from the template is deprecated and will be removed in a future version. Please use 'data_interval_start' or 'logical_date' instead.
[2022-04-28 06:05:01,987] {taskinstance.py:1448} INFO - Exporting the following env vars:
AIRFLOW_CTX_DAG_OWNER=***
AIRFLOW_CTX_DAG_ID=data_ingestion_gcp_dag
AIRFLOW_CTX_TASK_ID=format_to_parquet_task
AIRFLOW_CTX_EXECUTION_DATE=2000-01-01T00:00:00+00:00
AIRFLOW_CTX_DAG_RUN_ID=scheduled__2000-01-01T00:00:00+00:00
[2022-04-28 06:05:02,344] {python.py:175} INFO - Done. Returned value was: None
[2022-04-28 06:05:02,448] {taskinstance.py:1288} INFO - Marking task as SUCCESS. dag_id=data_ingestion_gcp_dag, task_id=format_to_parquet_task, execution_date=20000101T000000, start_date=20220428T060500, end_date=20220428T060502
[2022-04-28 06:05:02,546] {local_task_job.py:154} INFO - Task exited with return code 0
[2022-04-28 06:05:02,806] {local_task_job.py:264} INFO - 1 downstream tasks scheduled from follow-on schedule check
