[2022-04-28 06:03:44,056] {taskinstance.py:1043} INFO - Dependencies all met for <TaskInstance: data_ingestion_gcp_dag.rm_files_task scheduled__1996-01-01T00:00:00+00:00 [queued]>
[2022-04-28 06:03:44,106] {taskinstance.py:1043} INFO - Dependencies all met for <TaskInstance: data_ingestion_gcp_dag.rm_files_task scheduled__1996-01-01T00:00:00+00:00 [queued]>
[2022-04-28 06:03:44,108] {taskinstance.py:1249} INFO - 
--------------------------------------------------------------------------------
[2022-04-28 06:03:44,109] {taskinstance.py:1250} INFO - Starting attempt 1 of 2
[2022-04-28 06:03:44,110] {taskinstance.py:1251} INFO - 
--------------------------------------------------------------------------------
[2022-04-28 06:03:44,157] {taskinstance.py:1270} INFO - Executing <Task(BashOperator): rm_files_task> on 1996-01-01 00:00:00+00:00
[2022-04-28 06:03:44,168] {standard_task_runner.py:52} INFO - Started process 1443 to run task
[2022-04-28 06:03:44,177] {standard_task_runner.py:79} INFO - Running: ['***', 'tasks', 'run', 'data_ingestion_gcp_dag', 'rm_files_task', 'scheduled__1996-01-01T00:00:00+00:00', '--job-id', '510', '--raw', '--subdir', 'DAGS_FOLDER/ingest_to_gcs_dag.py', '--cfg-path', '/tmp/tmpzlsmgwy3', '--error-file', '/tmp/tmpdstx_69o']
[2022-04-28 06:03:44,181] {standard_task_runner.py:80} INFO - Job 510: Subtask rm_files_task
[2022-04-28 06:03:44,726] {logging_mixin.py:109} INFO - Running <TaskInstance: data_ingestion_gcp_dag.rm_files_task scheduled__1996-01-01T00:00:00+00:00 [running]> on host d4721d223bdd
[2022-04-28 06:03:45,076] {logging_mixin.py:109} WARNING - /home/***/.local/lib/python3.7/site-packages/***/utils/context.py:156 AirflowContextDeprecationWarning: Accessing 'execution_date' from the template is deprecated and will be removed in a future version. Please use 'data_interval_start' or 'logical_date' instead.
[2022-04-28 06:03:45,345] {taskinstance.py:1448} INFO - Exporting the following env vars:
AIRFLOW_CTX_DAG_OWNER=***
AIRFLOW_CTX_DAG_ID=data_ingestion_gcp_dag
AIRFLOW_CTX_TASK_ID=rm_files_task
AIRFLOW_CTX_EXECUTION_DATE=1996-01-01T00:00:00+00:00
AIRFLOW_CTX_DAG_RUN_ID=scheduled__1996-01-01T00:00:00+00:00
[2022-04-28 06:03:45,358] {subprocess.py:62} INFO - Tmp dir root location: 
 /tmp
[2022-04-28 06:03:45,363] {subprocess.py:74} INFO - Running command: ['bash', '-c', 'rm /opt/***/laucnty96.xlsx /opt/***/us_employment_96.parquet']
[2022-04-28 06:03:45,382] {subprocess.py:85} INFO - Output:
[2022-04-28 06:03:45,447] {subprocess.py:93} INFO - Command exited with return code 0
[2022-04-28 06:03:45,664] {taskinstance.py:1288} INFO - Marking task as SUCCESS. dag_id=data_ingestion_gcp_dag, task_id=rm_files_task, execution_date=19960101T000000, start_date=20220428T060344, end_date=20220428T060345
[2022-04-28 06:03:45,771] {local_task_job.py:154} INFO - Task exited with return code 0
[2022-04-28 06:03:46,004] {local_task_job.py:264} INFO - 0 downstream tasks scheduled from follow-on schedule check
[2022-04-29 02:33:07,813] {taskinstance.py:1043} INFO - Dependencies all met for <TaskInstance: data_ingestion_gcp_dag.rm_files_task scheduled__1996-01-01T00:00:00+00:00 [queued]>
[2022-04-29 02:33:07,856] {taskinstance.py:1043} INFO - Dependencies all met for <TaskInstance: data_ingestion_gcp_dag.rm_files_task scheduled__1996-01-01T00:00:00+00:00 [queued]>
[2022-04-29 02:33:07,858] {taskinstance.py:1249} INFO - 
--------------------------------------------------------------------------------
[2022-04-29 02:33:07,860] {taskinstance.py:1250} INFO - Starting attempt 1 of 2
[2022-04-29 02:33:07,862] {taskinstance.py:1251} INFO - 
--------------------------------------------------------------------------------
[2022-04-29 02:33:07,905] {taskinstance.py:1270} INFO - Executing <Task(BashOperator): rm_files_task> on 1996-01-01 00:00:00+00:00
[2022-04-29 02:33:07,916] {standard_task_runner.py:52} INFO - Started process 4912 to run task
[2022-04-29 02:33:07,924] {standard_task_runner.py:79} INFO - Running: ['***', 'tasks', 'run', 'data_ingestion_gcp_dag', 'rm_files_task', 'scheduled__1996-01-01T00:00:00+00:00', '--job-id', '687', '--raw', '--subdir', 'DAGS_FOLDER/ingest_to_gcs_dag.py', '--cfg-path', '/tmp/tmp312_rspm', '--error-file', '/tmp/tmp8k089f2d']
[2022-04-29 02:33:07,928] {standard_task_runner.py:80} INFO - Job 687: Subtask rm_files_task
[2022-04-29 02:33:08,307] {logging_mixin.py:109} INFO - Running <TaskInstance: data_ingestion_gcp_dag.rm_files_task scheduled__1996-01-01T00:00:00+00:00 [running]> on host 6fd0ba274d58
[2022-04-29 02:33:08,550] {logging_mixin.py:109} WARNING - /home/***/.local/lib/python3.7/site-packages/***/utils/context.py:156 AirflowContextDeprecationWarning: Accessing 'execution_date' from the template is deprecated and will be removed in a future version. Please use 'data_interval_start' or 'logical_date' instead.
[2022-04-29 02:33:08,725] {taskinstance.py:1448} INFO - Exporting the following env vars:
AIRFLOW_CTX_DAG_OWNER=***
AIRFLOW_CTX_DAG_ID=data_ingestion_gcp_dag
AIRFLOW_CTX_TASK_ID=rm_files_task
AIRFLOW_CTX_EXECUTION_DATE=1996-01-01T00:00:00+00:00
AIRFLOW_CTX_DAG_RUN_ID=scheduled__1996-01-01T00:00:00+00:00
[2022-04-29 02:33:08,731] {subprocess.py:62} INFO - Tmp dir root location: 
 /tmp
[2022-04-29 02:33:08,733] {subprocess.py:74} INFO - Running command: ['bash', '-c', 'rm /opt/***/laucnty96.xlsx /opt/***/us_employment_1996.parquet']
[2022-04-29 02:33:08,750] {subprocess.py:85} INFO - Output:
[2022-04-29 02:33:08,811] {subprocess.py:93} INFO - Command exited with return code 0
[2022-04-29 02:33:09,005] {taskinstance.py:1288} INFO - Marking task as SUCCESS. dag_id=data_ingestion_gcp_dag, task_id=rm_files_task, execution_date=19960101T000000, start_date=20220429T023307, end_date=20220429T023309
[2022-04-29 02:33:09,095] {local_task_job.py:154} INFO - Task exited with return code 0
[2022-04-29 02:33:09,504] {local_task_job.py:264} INFO - 0 downstream tasks scheduled from follow-on schedule check
