[2022-05-02 05:08:27,259] {taskinstance.py:1043} INFO - Dependencies all met for <TaskInstance: gcs_to_bq_dag.process_data_from_gcs_task manual__2022-05-02T03:24:48.721222+00:00 [queued]>
[2022-05-02 05:08:27,302] {taskinstance.py:1043} INFO - Dependencies all met for <TaskInstance: gcs_to_bq_dag.process_data_from_gcs_task manual__2022-05-02T03:24:48.721222+00:00 [queued]>
[2022-05-02 05:08:27,304] {taskinstance.py:1249} INFO - 
--------------------------------------------------------------------------------
[2022-05-02 05:08:27,306] {taskinstance.py:1250} INFO - Starting attempt 5 of 6
[2022-05-02 05:08:27,307] {taskinstance.py:1251} INFO - 
--------------------------------------------------------------------------------
[2022-05-02 05:08:27,352] {taskinstance.py:1270} INFO - Executing <Task(PythonOperator): process_data_from_gcs_task> on 2022-05-02 03:24:48.721222+00:00
[2022-05-02 05:08:27,361] {standard_task_runner.py:52} INFO - Started process 760 to run task
[2022-05-02 05:08:27,370] {standard_task_runner.py:79} INFO - Running: ['***', 'tasks', 'run', 'gcs_to_bq_dag', 'process_data_from_gcs_task', 'manual__2022-05-02T03:24:48.721222+00:00', '--job-id', '804', '--raw', '--subdir', 'DAGS_FOLDER/gcs_to_bq_task.py', '--cfg-path', '/tmp/tmphjwp41ih', '--error-file', '/tmp/tmp0gsfhhdh']
[2022-05-02 05:08:27,373] {standard_task_runner.py:80} INFO - Job 804: Subtask process_data_from_gcs_task
[2022-05-02 05:08:27,695] {logging_mixin.py:109} INFO - Running <TaskInstance: gcs_to_bq_dag.process_data_from_gcs_task manual__2022-05-02T03:24:48.721222+00:00 [running]> on host 7c674aa3f32a
[2022-05-02 05:08:28,064] {taskinstance.py:1448} INFO - Exporting the following env vars:
AIRFLOW_CTX_DAG_OWNER=***
AIRFLOW_CTX_DAG_ID=gcs_to_bq_dag
AIRFLOW_CTX_TASK_ID=process_data_from_gcs_task
AIRFLOW_CTX_EXECUTION_DATE=2022-05-02T03:24:48.721222+00:00
AIRFLOW_CTX_DAG_RUN_ID=manual__2022-05-02T03:24:48.721222+00:00
[2022-05-02 05:08:28,408] {taskinstance.py:1774} ERROR - Task failed with exception
Traceback (most recent call last):
  File "/home/airflow/.local/lib/python3.7/site-packages/airflow/operators/python.py", line 174, in execute
    return_value = self.execute_callable()
  File "/home/airflow/.local/lib/python3.7/site-packages/airflow/operators/python.py", line 188, in execute_callable
    return self.python_callable(*self.op_args, **self.op_kwargs)
  File "/opt/airflow/dags/gcs_to_bq_task.py", line 80, in process_data
    sc = SparkContext(conf=conf)
  File "/home/airflow/.local/lib/python3.7/site-packages/pyspark/context.py", line 144, in __init__
    SparkContext._ensure_initialized(self, gateway=gateway, conf=conf)
  File "/home/airflow/.local/lib/python3.7/site-packages/pyspark/context.py", line 339, in _ensure_initialized
    SparkContext._gateway = gateway or launch_gateway(conf)
  File "/home/airflow/.local/lib/python3.7/site-packages/pyspark/java_gateway.py", line 108, in launch_gateway
    raise RuntimeError("Java gateway process exited before sending its port number")
RuntimeError: Java gateway process exited before sending its port number
[2022-05-02 05:08:28,515] {taskinstance.py:1288} INFO - Marking task as UP_FOR_RETRY. dag_id=gcs_to_bq_dag, task_id=process_data_from_gcs_task, execution_date=20220502T032448, start_date=20220502T050827, end_date=20220502T050828
[2022-05-02 05:08:28,560] {standard_task_runner.py:98} ERROR - Failed to execute job 804 for task process_data_from_gcs_task (Java gateway process exited before sending its port number; 760)
[2022-05-02 05:08:28,589] {local_task_job.py:154} INFO - Task exited with return code 1
[2022-05-02 05:08:28,841] {local_task_job.py:264} INFO - 0 downstream tasks scheduled from follow-on schedule check
