[2022-04-28 06:07:30,423] {taskinstance.py:1043} INFO - Dependencies all met for <TaskInstance: data_ingestion_gcp_dag.rm_files_task scheduled__2007-01-01T00:00:00+00:00 [queued]>
[2022-04-28 06:07:30,466] {taskinstance.py:1043} INFO - Dependencies all met for <TaskInstance: data_ingestion_gcp_dag.rm_files_task scheduled__2007-01-01T00:00:00+00:00 [queued]>
[2022-04-28 06:07:30,468] {taskinstance.py:1249} INFO - 
--------------------------------------------------------------------------------
[2022-04-28 06:07:30,469] {taskinstance.py:1250} INFO - Starting attempt 1 of 2
[2022-04-28 06:07:30,470] {taskinstance.py:1251} INFO - 
--------------------------------------------------------------------------------
[2022-04-28 06:07:30,514] {taskinstance.py:1270} INFO - Executing <Task(BashOperator): rm_files_task> on 2007-01-01 00:00:00+00:00
[2022-04-28 06:07:30,525] {standard_task_runner.py:52} INFO - Started process 2213 to run task
[2022-04-28 06:07:30,534] {standard_task_runner.py:79} INFO - Running: ['***', 'tasks', 'run', 'data_ingestion_gcp_dag', 'rm_files_task', 'scheduled__2007-01-01T00:00:00+00:00', '--job-id', '556', '--raw', '--subdir', 'DAGS_FOLDER/ingest_to_gcs_dag.py', '--cfg-path', '/tmp/tmpvemfrzfu', '--error-file', '/tmp/tmplifgo6hn']
[2022-04-28 06:07:30,537] {standard_task_runner.py:80} INFO - Job 556: Subtask rm_files_task
[2022-04-28 06:07:30,943] {logging_mixin.py:109} INFO - Running <TaskInstance: data_ingestion_gcp_dag.rm_files_task scheduled__2007-01-01T00:00:00+00:00 [running]> on host d4721d223bdd
[2022-04-28 06:07:31,257] {logging_mixin.py:109} WARNING - /home/***/.local/lib/python3.7/site-packages/***/utils/context.py:156 AirflowContextDeprecationWarning: Accessing 'execution_date' from the template is deprecated and will be removed in a future version. Please use 'data_interval_start' or 'logical_date' instead.
[2022-04-28 06:07:31,483] {taskinstance.py:1448} INFO - Exporting the following env vars:
AIRFLOW_CTX_DAG_OWNER=***
AIRFLOW_CTX_DAG_ID=data_ingestion_gcp_dag
AIRFLOW_CTX_TASK_ID=rm_files_task
AIRFLOW_CTX_EXECUTION_DATE=2007-01-01T00:00:00+00:00
AIRFLOW_CTX_DAG_RUN_ID=scheduled__2007-01-01T00:00:00+00:00
[2022-04-28 06:07:31,492] {subprocess.py:62} INFO - Tmp dir root location: 
 /tmp
[2022-04-28 06:07:31,499] {subprocess.py:74} INFO - Running command: ['bash', '-c', 'rm /opt/***/laucnty07.xlsx /opt/***/us_employment_07.parquet']
[2022-04-28 06:07:31,526] {subprocess.py:85} INFO - Output:
[2022-04-28 06:07:31,642] {subprocess.py:93} INFO - Command exited with return code 0
[2022-04-28 06:07:31,913] {taskinstance.py:1288} INFO - Marking task as SUCCESS. dag_id=data_ingestion_gcp_dag, task_id=rm_files_task, execution_date=20070101T000000, start_date=20220428T060730, end_date=20220428T060731
[2022-04-28 06:07:31,975] {local_task_job.py:154} INFO - Task exited with return code 0
[2022-04-28 06:07:32,189] {local_task_job.py:264} INFO - 0 downstream tasks scheduled from follow-on schedule check
[2022-04-29 02:37:54,086] {taskinstance.py:1043} INFO - Dependencies all met for <TaskInstance: data_ingestion_gcp_dag.rm_files_task scheduled__2007-01-01T00:00:00+00:00 [queued]>
[2022-04-29 02:37:54,129] {taskinstance.py:1043} INFO - Dependencies all met for <TaskInstance: data_ingestion_gcp_dag.rm_files_task scheduled__2007-01-01T00:00:00+00:00 [queued]>
[2022-04-29 02:37:54,131] {taskinstance.py:1249} INFO - 
--------------------------------------------------------------------------------
[2022-04-29 02:37:54,132] {taskinstance.py:1250} INFO - Starting attempt 1 of 2
[2022-04-29 02:37:54,133] {taskinstance.py:1251} INFO - 
--------------------------------------------------------------------------------
[2022-04-29 02:37:54,178] {taskinstance.py:1270} INFO - Executing <Task(BashOperator): rm_files_task> on 2007-01-01 00:00:00+00:00
[2022-04-29 02:37:54,188] {standard_task_runner.py:52} INFO - Started process 5856 to run task
[2022-04-29 02:37:54,195] {standard_task_runner.py:79} INFO - Running: ['***', 'tasks', 'run', 'data_ingestion_gcp_dag', 'rm_files_task', 'scheduled__2007-01-01T00:00:00+00:00', '--job-id', '738', '--raw', '--subdir', 'DAGS_FOLDER/ingest_to_gcs_dag.py', '--cfg-path', '/tmp/tmp_5k1dh2p', '--error-file', '/tmp/tmphoakvmv2']
[2022-04-29 02:37:54,199] {standard_task_runner.py:80} INFO - Job 738: Subtask rm_files_task
[2022-04-29 02:37:54,597] {logging_mixin.py:109} INFO - Running <TaskInstance: data_ingestion_gcp_dag.rm_files_task scheduled__2007-01-01T00:00:00+00:00 [running]> on host 6fd0ba274d58
[2022-04-29 02:37:54,844] {logging_mixin.py:109} WARNING - /home/***/.local/lib/python3.7/site-packages/***/utils/context.py:156 AirflowContextDeprecationWarning: Accessing 'execution_date' from the template is deprecated and will be removed in a future version. Please use 'data_interval_start' or 'logical_date' instead.
[2022-04-29 02:37:55,023] {taskinstance.py:1448} INFO - Exporting the following env vars:
AIRFLOW_CTX_DAG_OWNER=***
AIRFLOW_CTX_DAG_ID=data_ingestion_gcp_dag
AIRFLOW_CTX_TASK_ID=rm_files_task
AIRFLOW_CTX_EXECUTION_DATE=2007-01-01T00:00:00+00:00
AIRFLOW_CTX_DAG_RUN_ID=scheduled__2007-01-01T00:00:00+00:00
[2022-04-29 02:37:55,028] {subprocess.py:62} INFO - Tmp dir root location: 
 /tmp
[2022-04-29 02:37:55,030] {subprocess.py:74} INFO - Running command: ['bash', '-c', 'rm /opt/***/laucnty07.xlsx /opt/***/us_employment_2007.parquet']
[2022-04-29 02:37:55,047] {subprocess.py:85} INFO - Output:
[2022-04-29 02:37:55,112] {subprocess.py:93} INFO - Command exited with return code 0
[2022-04-29 02:37:55,312] {taskinstance.py:1288} INFO - Marking task as SUCCESS. dag_id=data_ingestion_gcp_dag, task_id=rm_files_task, execution_date=20070101T000000, start_date=20220429T023754, end_date=20220429T023755
[2022-04-29 02:37:55,385] {local_task_job.py:154} INFO - Task exited with return code 0
[2022-04-29 02:37:55,605] {local_task_job.py:264} INFO - 0 downstream tasks scheduled from follow-on schedule check
