[2022-05-02 16:00:48,628] {taskinstance.py:1032} INFO - Dependencies all met for <TaskInstance: data_ingestion_gcp_dag.format_xl_to_pq_task scheduled__2016-01-01T00:00:00+00:00 [queued]>
[2022-05-02 16:00:48,675] {taskinstance.py:1032} INFO - Dependencies all met for <TaskInstance: data_ingestion_gcp_dag.format_xl_to_pq_task scheduled__2016-01-01T00:00:00+00:00 [queued]>
[2022-05-02 16:00:48,677] {taskinstance.py:1238} INFO - 
--------------------------------------------------------------------------------
[2022-05-02 16:00:48,680] {taskinstance.py:1239} INFO - Starting attempt 1 of 2
[2022-05-02 16:00:48,682] {taskinstance.py:1240} INFO - 
--------------------------------------------------------------------------------
[2022-05-02 16:00:48,739] {taskinstance.py:1259} INFO - Executing <Task(PythonOperator): format_xl_to_pq_task> on 2016-01-01 00:00:00+00:00
[2022-05-02 16:00:48,750] {standard_task_runner.py:52} INFO - Started process 2401 to run task
[2022-05-02 16:00:48,763] {standard_task_runner.py:76} INFO - Running: ['***', 'tasks', 'run', 'data_ingestion_gcp_dag', 'format_xl_to_pq_task', 'scheduled__2016-01-01T00:00:00+00:00', '--job-id', '1119', '--raw', '--subdir', 'DAGS_FOLDER/ingest_to_gcs_dag.py', '--cfg-path', '/tmp/tmp966c6lyr', '--error-file', '/tmp/tmpqam_sqgc']
[2022-05-02 16:00:48,767] {standard_task_runner.py:77} INFO - Job 1119: Subtask format_xl_to_pq_task
[2022-05-02 16:00:49,269] {logging_mixin.py:109} INFO - Running <TaskInstance: data_ingestion_gcp_dag.format_xl_to_pq_task scheduled__2016-01-01T00:00:00+00:00 [running]> on host 9f5021834e17
[2022-05-02 16:00:49,554] {logging_mixin.py:109} WARNING - /home/***/.local/lib/python3.7/site-packages/***/utils/context.py:152 AirflowContextDeprecationWarning: Accessing 'execution_date' from the template is deprecated and will be removed in a future version. Please use 'data_interval_start' or 'logical_date' instead.
[2022-05-02 16:00:49,756] {taskinstance.py:1426} INFO - Exporting the following env vars:
AIRFLOW_CTX_DAG_OWNER=***
AIRFLOW_CTX_DAG_ID=data_ingestion_gcp_dag
AIRFLOW_CTX_TASK_ID=format_xl_to_pq_task
AIRFLOW_CTX_EXECUTION_DATE=2016-01-01T00:00:00+00:00
AIRFLOW_CTX_DAG_RUN_ID=scheduled__2016-01-01T00:00:00+00:00
[2022-05-02 16:00:57,998] {python.py:175} INFO - Done. Returned value was: None
[2022-05-02 16:00:58,219] {taskinstance.py:1277} INFO - Marking task as SUCCESS. dag_id=data_ingestion_gcp_dag, task_id=format_xl_to_pq_task, execution_date=20160101T000000, start_date=20220502T160048, end_date=20220502T160058
[2022-05-02 16:00:58,335] {local_task_job.py:154} INFO - Task exited with return code 0
[2022-05-02 16:00:58,758] {local_task_job.py:264} INFO - 1 downstream tasks scheduled from follow-on schedule check
[2022-05-02 16:36:00,792] {taskinstance.py:1032} INFO - Dependencies all met for <TaskInstance: data_ingestion_gcp_dag.format_xl_to_pq_task scheduled__2016-01-01T00:00:00+00:00 [queued]>
[2022-05-02 16:36:00,855] {taskinstance.py:1032} INFO - Dependencies all met for <TaskInstance: data_ingestion_gcp_dag.format_xl_to_pq_task scheduled__2016-01-01T00:00:00+00:00 [queued]>
[2022-05-02 16:36:00,857] {taskinstance.py:1238} INFO - 
--------------------------------------------------------------------------------
[2022-05-02 16:36:00,858] {taskinstance.py:1239} INFO - Starting attempt 1 of 2
[2022-05-02 16:36:00,860] {taskinstance.py:1240} INFO - 
--------------------------------------------------------------------------------
[2022-05-02 16:36:00,916] {taskinstance.py:1259} INFO - Executing <Task(PythonOperator): format_xl_to_pq_task> on 2016-01-01 00:00:00+00:00
[2022-05-02 16:36:00,929] {standard_task_runner.py:52} INFO - Started process 6998 to run task
[2022-05-02 16:36:00,946] {standard_task_runner.py:76} INFO - Running: ['***', 'tasks', 'run', 'data_ingestion_gcp_dag', 'format_xl_to_pq_task', 'scheduled__2016-01-01T00:00:00+00:00', '--job-id', '1227', '--raw', '--subdir', 'DAGS_FOLDER/ingest_to_gcs_dag.py', '--cfg-path', '/tmp/tmpvb2hisoo', '--error-file', '/tmp/tmpnu_ewx60']
[2022-05-02 16:36:00,955] {standard_task_runner.py:77} INFO - Job 1227: Subtask format_xl_to_pq_task
[2022-05-02 16:36:01,431] {logging_mixin.py:109} INFO - Running <TaskInstance: data_ingestion_gcp_dag.format_xl_to_pq_task scheduled__2016-01-01T00:00:00+00:00 [running]> on host 9f5021834e17
[2022-05-02 16:36:01,863] {logging_mixin.py:109} WARNING - /home/***/.local/lib/python3.7/site-packages/***/utils/context.py:152 AirflowContextDeprecationWarning: Accessing 'execution_date' from the template is deprecated and will be removed in a future version. Please use 'data_interval_start' or 'logical_date' instead.
[2022-05-02 16:36:02,161] {taskinstance.py:1426} INFO - Exporting the following env vars:
AIRFLOW_CTX_DAG_OWNER=***
AIRFLOW_CTX_DAG_ID=data_ingestion_gcp_dag
AIRFLOW_CTX_TASK_ID=format_xl_to_pq_task
AIRFLOW_CTX_EXECUTION_DATE=2016-01-01T00:00:00+00:00
AIRFLOW_CTX_DAG_RUN_ID=scheduled__2016-01-01T00:00:00+00:00
[2022-05-02 16:36:10,284] {python.py:175} INFO - Done. Returned value was: None
[2022-05-02 16:36:10,426] {taskinstance.py:1277} INFO - Marking task as SUCCESS. dag_id=data_ingestion_gcp_dag, task_id=format_xl_to_pq_task, execution_date=20160101T000000, start_date=20220502T163600, end_date=20220502T163610
[2022-05-02 16:36:10,552] {local_task_job.py:154} INFO - Task exited with return code 0
[2022-05-02 16:36:10,875] {local_task_job.py:264} INFO - 1 downstream tasks scheduled from follow-on schedule check
[2022-05-02 16:52:03,257] {taskinstance.py:1032} INFO - Dependencies all met for <TaskInstance: data_ingestion_gcp_dag.format_xl_to_pq_task scheduled__2016-01-01T00:00:00+00:00 [queued]>
[2022-05-02 16:52:03,303] {taskinstance.py:1032} INFO - Dependencies all met for <TaskInstance: data_ingestion_gcp_dag.format_xl_to_pq_task scheduled__2016-01-01T00:00:00+00:00 [queued]>
[2022-05-02 16:52:03,305] {taskinstance.py:1238} INFO - 
--------------------------------------------------------------------------------
[2022-05-02 16:52:03,307] {taskinstance.py:1239} INFO - Starting attempt 1 of 2
[2022-05-02 16:52:03,308] {taskinstance.py:1240} INFO - 
--------------------------------------------------------------------------------
[2022-05-02 16:52:03,355] {taskinstance.py:1259} INFO - Executing <Task(PythonOperator): format_xl_to_pq_task> on 2016-01-01 00:00:00+00:00
[2022-05-02 16:52:03,366] {standard_task_runner.py:52} INFO - Started process 9917 to run task
[2022-05-02 16:52:03,374] {standard_task_runner.py:76} INFO - Running: ['***', 'tasks', 'run', 'data_ingestion_gcp_dag', 'format_xl_to_pq_task', 'scheduled__2016-01-01T00:00:00+00:00', '--job-id', '1335', '--raw', '--subdir', 'DAGS_FOLDER/ingest_to_gcs_dag.py', '--cfg-path', '/tmp/tmp2v7m889p', '--error-file', '/tmp/tmpc5fq9_ft']
[2022-05-02 16:52:03,377] {standard_task_runner.py:77} INFO - Job 1335: Subtask format_xl_to_pq_task
[2022-05-02 16:52:03,761] {logging_mixin.py:109} INFO - Running <TaskInstance: data_ingestion_gcp_dag.format_xl_to_pq_task scheduled__2016-01-01T00:00:00+00:00 [running]> on host 9f5021834e17
[2022-05-02 16:52:04,018] {logging_mixin.py:109} WARNING - /home/***/.local/lib/python3.7/site-packages/***/utils/context.py:152 AirflowContextDeprecationWarning: Accessing 'execution_date' from the template is deprecated and will be removed in a future version. Please use 'data_interval_start' or 'logical_date' instead.
[2022-05-02 16:52:04,212] {taskinstance.py:1426} INFO - Exporting the following env vars:
AIRFLOW_CTX_DAG_OWNER=***
AIRFLOW_CTX_DAG_ID=data_ingestion_gcp_dag
AIRFLOW_CTX_TASK_ID=format_xl_to_pq_task
AIRFLOW_CTX_EXECUTION_DATE=2016-01-01T00:00:00+00:00
AIRFLOW_CTX_DAG_RUN_ID=scheduled__2016-01-01T00:00:00+00:00
[2022-05-02 16:52:11,116] {python.py:175} INFO - Done. Returned value was: None
[2022-05-02 16:52:11,227] {taskinstance.py:1277} INFO - Marking task as SUCCESS. dag_id=data_ingestion_gcp_dag, task_id=format_xl_to_pq_task, execution_date=20160101T000000, start_date=20220502T165203, end_date=20220502T165211
[2022-05-02 16:52:11,314] {local_task_job.py:154} INFO - Task exited with return code 0
[2022-05-02 16:52:11,563] {local_task_job.py:264} INFO - 1 downstream tasks scheduled from follow-on schedule check
