[2022-04-28 06:12:44,429] {taskinstance.py:1043} INFO - Dependencies all met for <TaskInstance: data_ingestion_gcp_dag.format_xl_to_csv_task scheduled__2018-01-01T00:00:00+00:00 [queued]>
[2022-04-28 06:12:44,484] {taskinstance.py:1043} INFO - Dependencies all met for <TaskInstance: data_ingestion_gcp_dag.format_xl_to_csv_task scheduled__2018-01-01T00:00:00+00:00 [queued]>
[2022-04-28 06:12:44,486] {taskinstance.py:1249} INFO - 
--------------------------------------------------------------------------------
[2022-04-28 06:12:44,488] {taskinstance.py:1250} INFO - Starting attempt 1 of 2
[2022-04-28 06:12:44,490] {taskinstance.py:1251} INFO - 
--------------------------------------------------------------------------------
[2022-04-28 06:12:44,543] {taskinstance.py:1270} INFO - Executing <Task(PythonOperator): format_xl_to_csv_task> on 2018-01-01 00:00:00+00:00
[2022-04-28 06:12:44,561] {standard_task_runner.py:52} INFO - Started process 3160 to run task
[2022-04-28 06:12:44,570] {standard_task_runner.py:79} INFO - Running: ['***', 'tasks', 'run', 'data_ingestion_gcp_dag', 'format_xl_to_csv_task', 'scheduled__2018-01-01T00:00:00+00:00', '--job-id', '605', '--raw', '--subdir', 'DAGS_FOLDER/ingest_to_gcs_dag.py', '--cfg-path', '/tmp/tmpofk4ncx7', '--error-file', '/tmp/tmp6w4okety']
[2022-04-28 06:12:44,576] {standard_task_runner.py:80} INFO - Job 605: Subtask format_xl_to_csv_task
[2022-04-28 06:12:45,301] {logging_mixin.py:109} INFO - Running <TaskInstance: data_ingestion_gcp_dag.format_xl_to_csv_task scheduled__2018-01-01T00:00:00+00:00 [running]> on host d4721d223bdd
[2022-04-28 06:12:45,951] {logging_mixin.py:109} WARNING - /home/***/.local/lib/python3.7/site-packages/***/utils/context.py:156 AirflowContextDeprecationWarning: Accessing 'execution_date' from the template is deprecated and will be removed in a future version. Please use 'data_interval_start' or 'logical_date' instead.
[2022-04-28 06:12:46,293] {taskinstance.py:1448} INFO - Exporting the following env vars:
AIRFLOW_CTX_DAG_OWNER=***
AIRFLOW_CTX_DAG_ID=data_ingestion_gcp_dag
AIRFLOW_CTX_TASK_ID=format_xl_to_csv_task
AIRFLOW_CTX_EXECUTION_DATE=2018-01-01T00:00:00+00:00
AIRFLOW_CTX_DAG_RUN_ID=scheduled__2018-01-01T00:00:00+00:00
[2022-04-28 06:12:53,942] {python.py:175} INFO - Done. Returned value was: None
[2022-04-28 06:12:54,053] {taskinstance.py:1288} INFO - Marking task as SUCCESS. dag_id=data_ingestion_gcp_dag, task_id=format_xl_to_csv_task, execution_date=20180101T000000, start_date=20220428T061244, end_date=20220428T061254
[2022-04-28 06:12:54,130] {local_task_job.py:154} INFO - Task exited with return code 0
[2022-04-28 06:12:54,400] {local_task_job.py:264} INFO - 1 downstream tasks scheduled from follow-on schedule check
[2022-04-29 02:40:16,567] {taskinstance.py:1043} INFO - Dependencies all met for <TaskInstance: data_ingestion_gcp_dag.format_xl_to_csv_task scheduled__2018-01-01T00:00:00+00:00 [queued]>
[2022-04-29 02:40:16,617] {taskinstance.py:1043} INFO - Dependencies all met for <TaskInstance: data_ingestion_gcp_dag.format_xl_to_csv_task scheduled__2018-01-01T00:00:00+00:00 [queued]>
[2022-04-29 02:40:16,619] {taskinstance.py:1249} INFO - 
--------------------------------------------------------------------------------
[2022-04-29 02:40:16,621] {taskinstance.py:1250} INFO - Starting attempt 1 of 2
[2022-04-29 02:40:16,623] {taskinstance.py:1251} INFO - 
--------------------------------------------------------------------------------
[2022-04-29 02:40:16,674] {taskinstance.py:1270} INFO - Executing <Task(PythonOperator): format_xl_to_csv_task> on 2018-01-01 00:00:00+00:00
[2022-04-29 02:40:16,685] {standard_task_runner.py:52} INFO - Started process 6495 to run task
[2022-04-29 02:40:16,693] {standard_task_runner.py:79} INFO - Running: ['***', 'tasks', 'run', 'data_ingestion_gcp_dag', 'format_xl_to_csv_task', 'scheduled__2018-01-01T00:00:00+00:00', '--job-id', '778', '--raw', '--subdir', 'DAGS_FOLDER/ingest_to_gcs_dag.py', '--cfg-path', '/tmp/tmp5iz3br_j', '--error-file', '/tmp/tmpdfb94qhq']
[2022-04-29 02:40:16,697] {standard_task_runner.py:80} INFO - Job 778: Subtask format_xl_to_csv_task
[2022-04-29 02:40:17,086] {logging_mixin.py:109} INFO - Running <TaskInstance: data_ingestion_gcp_dag.format_xl_to_csv_task scheduled__2018-01-01T00:00:00+00:00 [running]> on host 6fd0ba274d58
[2022-04-29 02:40:17,349] {logging_mixin.py:109} WARNING - /home/***/.local/lib/python3.7/site-packages/***/utils/context.py:156 AirflowContextDeprecationWarning: Accessing 'execution_date' from the template is deprecated and will be removed in a future version. Please use 'data_interval_start' or 'logical_date' instead.
[2022-04-29 02:40:17,561] {taskinstance.py:1448} INFO - Exporting the following env vars:
AIRFLOW_CTX_DAG_OWNER=***
AIRFLOW_CTX_DAG_ID=data_ingestion_gcp_dag
AIRFLOW_CTX_TASK_ID=format_xl_to_csv_task
AIRFLOW_CTX_EXECUTION_DATE=2018-01-01T00:00:00+00:00
AIRFLOW_CTX_DAG_RUN_ID=scheduled__2018-01-01T00:00:00+00:00
[2022-04-29 02:40:24,504] {python.py:175} INFO - Done. Returned value was: None
[2022-04-29 02:40:24,665] {taskinstance.py:1288} INFO - Marking task as SUCCESS. dag_id=data_ingestion_gcp_dag, task_id=format_xl_to_csv_task, execution_date=20180101T000000, start_date=20220429T024016, end_date=20220429T024024
[2022-04-29 02:40:24,770] {local_task_job.py:154} INFO - Task exited with return code 0
[2022-04-29 02:40:25,076] {local_task_job.py:264} INFO - 1 downstream tasks scheduled from follow-on schedule check
[2022-05-02 07:58:16,601] {taskinstance.py:1032} INFO - Dependencies all met for <TaskInstance: data_ingestion_gcp_dag.format_xl_to_csv_task scheduled__2018-01-01T00:00:00+00:00 [queued]>
[2022-05-02 07:58:16,649] {taskinstance.py:1032} INFO - Dependencies all met for <TaskInstance: data_ingestion_gcp_dag.format_xl_to_csv_task scheduled__2018-01-01T00:00:00+00:00 [queued]>
[2022-05-02 07:58:16,650] {taskinstance.py:1238} INFO - 
--------------------------------------------------------------------------------
[2022-05-02 07:58:16,652] {taskinstance.py:1239} INFO - Starting attempt 1 of 2
[2022-05-02 07:58:16,653] {taskinstance.py:1240} INFO - 
--------------------------------------------------------------------------------
[2022-05-02 07:58:16,707] {taskinstance.py:1259} INFO - Executing <Task(PythonOperator): format_xl_to_csv_task> on 2018-01-01 00:00:00+00:00
[2022-05-02 07:58:16,717] {standard_task_runner.py:52} INFO - Started process 10125 to run task
[2022-05-02 07:58:16,736] {standard_task_runner.py:76} INFO - Running: ['***', 'tasks', 'run', 'data_ingestion_gcp_dag', 'format_xl_to_csv_task', 'scheduled__2018-01-01T00:00:00+00:00', '--job-id', '904', '--raw', '--subdir', 'DAGS_FOLDER/ingest_to_gcs_dag.py', '--cfg-path', '/tmp/tmpn0rofrg_', '--error-file', '/tmp/tmp7jz9zvzo']
[2022-05-02 07:58:16,740] {standard_task_runner.py:77} INFO - Job 904: Subtask format_xl_to_csv_task
[2022-05-02 07:58:17,131] {logging_mixin.py:109} INFO - Running <TaskInstance: data_ingestion_gcp_dag.format_xl_to_csv_task scheduled__2018-01-01T00:00:00+00:00 [running]> on host ae42322ae538
[2022-05-02 07:58:17,400] {logging_mixin.py:109} WARNING - /home/***/.local/lib/python3.7/site-packages/***/utils/context.py:152 AirflowContextDeprecationWarning: Accessing 'execution_date' from the template is deprecated and will be removed in a future version. Please use 'data_interval_start' or 'logical_date' instead.
[2022-05-02 07:58:17,600] {taskinstance.py:1426} INFO - Exporting the following env vars:
AIRFLOW_CTX_DAG_OWNER=***
AIRFLOW_CTX_DAG_ID=data_ingestion_gcp_dag
AIRFLOW_CTX_TASK_ID=format_xl_to_csv_task
AIRFLOW_CTX_EXECUTION_DATE=2018-01-01T00:00:00+00:00
AIRFLOW_CTX_DAG_RUN_ID=scheduled__2018-01-01T00:00:00+00:00
[2022-05-02 07:58:24,761] {python.py:175} INFO - Done. Returned value was: None
[2022-05-02 07:58:24,907] {taskinstance.py:1277} INFO - Marking task as SUCCESS. dag_id=data_ingestion_gcp_dag, task_id=format_xl_to_csv_task, execution_date=20180101T000000, start_date=20220502T075816, end_date=20220502T075824
[2022-05-02 07:58:24,977] {local_task_job.py:154} INFO - Task exited with return code 0
[2022-05-02 07:58:25,222] {local_task_job.py:264} INFO - 1 downstream tasks scheduled from follow-on schedule check
[2022-05-02 09:20:15,288] {taskinstance.py:1032} INFO - Dependencies all met for <TaskInstance: data_ingestion_gcp_dag.format_xl_to_csv_task scheduled__2018-01-01T00:00:00+00:00 [queued]>
[2022-05-02 09:20:15,339] {taskinstance.py:1032} INFO - Dependencies all met for <TaskInstance: data_ingestion_gcp_dag.format_xl_to_csv_task scheduled__2018-01-01T00:00:00+00:00 [queued]>
[2022-05-02 09:20:15,341] {taskinstance.py:1238} INFO - 
--------------------------------------------------------------------------------
[2022-05-02 09:20:15,344] {taskinstance.py:1239} INFO - Starting attempt 1 of 2
[2022-05-02 09:20:15,346] {taskinstance.py:1240} INFO - 
--------------------------------------------------------------------------------
[2022-05-02 09:20:15,443] {taskinstance.py:1259} INFO - Executing <Task(PythonOperator): format_xl_to_csv_task> on 2018-01-01 00:00:00+00:00
[2022-05-02 09:20:15,458] {standard_task_runner.py:52} INFO - Started process 3420 to run task
[2022-05-02 09:20:15,480] {standard_task_runner.py:76} INFO - Running: ['***', 'tasks', 'run', 'data_ingestion_gcp_dag', 'format_xl_to_csv_task', 'scheduled__2018-01-01T00:00:00+00:00', '--job-id', '1026', '--raw', '--subdir', 'DAGS_FOLDER/ingest_to_gcs_dag.py', '--cfg-path', '/tmp/tmpypmbbar2', '--error-file', '/tmp/tmp5jn1thyw']
[2022-05-02 09:20:15,483] {standard_task_runner.py:77} INFO - Job 1026: Subtask format_xl_to_csv_task
[2022-05-02 09:20:15,871] {logging_mixin.py:109} INFO - Running <TaskInstance: data_ingestion_gcp_dag.format_xl_to_csv_task scheduled__2018-01-01T00:00:00+00:00 [running]> on host 98c324cf1bb6
[2022-05-02 09:20:16,145] {logging_mixin.py:109} WARNING - /home/***/.local/lib/python3.7/site-packages/***/utils/context.py:152 AirflowContextDeprecationWarning: Accessing 'execution_date' from the template is deprecated and will be removed in a future version. Please use 'data_interval_start' or 'logical_date' instead.
[2022-05-02 09:20:16,345] {taskinstance.py:1426} INFO - Exporting the following env vars:
AIRFLOW_CTX_DAG_OWNER=***
AIRFLOW_CTX_DAG_ID=data_ingestion_gcp_dag
AIRFLOW_CTX_TASK_ID=format_xl_to_csv_task
AIRFLOW_CTX_EXECUTION_DATE=2018-01-01T00:00:00+00:00
AIRFLOW_CTX_DAG_RUN_ID=scheduled__2018-01-01T00:00:00+00:00
[2022-05-02 09:20:22,588] {python.py:175} INFO - Done. Returned value was: None
[2022-05-02 09:20:22,694] {taskinstance.py:1277} INFO - Marking task as SUCCESS. dag_id=data_ingestion_gcp_dag, task_id=format_xl_to_csv_task, execution_date=20180101T000000, start_date=20220502T092015, end_date=20220502T092022
[2022-05-02 09:20:22,767] {local_task_job.py:154} INFO - Task exited with return code 0
[2022-05-02 09:20:23,003] {local_task_job.py:264} INFO - 1 downstream tasks scheduled from follow-on schedule check
