[2022-05-02 16:41:02,869] {taskinstance.py:1032} INFO - Dependencies all met for <TaskInstance: gcs_to_bq_dag.bq_create_partitioned_table_task manual__2022-05-02T16:38:29.679858+00:00 [queued]>
[2022-05-02 16:41:02,914] {taskinstance.py:1032} INFO - Dependencies all met for <TaskInstance: gcs_to_bq_dag.bq_create_partitioned_table_task manual__2022-05-02T16:38:29.679858+00:00 [queued]>
[2022-05-02 16:41:02,916] {taskinstance.py:1238} INFO - 
--------------------------------------------------------------------------------
[2022-05-02 16:41:02,917] {taskinstance.py:1239} INFO - Starting attempt 1 of 2
[2022-05-02 16:41:02,918] {taskinstance.py:1240} INFO - 
--------------------------------------------------------------------------------
[2022-05-02 16:41:02,964] {taskinstance.py:1259} INFO - Executing <Task(BigQueryInsertJobOperator): bq_create_partitioned_table_task> on 2022-05-02 16:38:29.679858+00:00
[2022-05-02 16:41:02,979] {standard_task_runner.py:52} INFO - Started process 7947 to run task
[2022-05-02 16:41:02,991] {standard_task_runner.py:76} INFO - Running: ['***', 'tasks', 'run', 'gcs_to_bq_dag', 'bq_create_partitioned_table_task', 'manual__2022-05-02T16:38:29.679858+00:00', '--job-id', '1250', '--raw', '--subdir', 'DAGS_FOLDER/gcs_to_bq_task.py', '--cfg-path', '/tmp/tmpa0yclgqn', '--error-file', '/tmp/tmp96pz280d']
[2022-05-02 16:41:02,994] {standard_task_runner.py:77} INFO - Job 1250: Subtask bq_create_partitioned_table_task
[2022-05-02 16:41:03,487] {logging_mixin.py:109} INFO - Running <TaskInstance: gcs_to_bq_dag.bq_create_partitioned_table_task manual__2022-05-02T16:38:29.679858+00:00 [running]> on host 9f5021834e17
[2022-05-02 16:41:03,871] {taskinstance.py:1426} INFO - Exporting the following env vars:
AIRFLOW_CTX_DAG_OWNER=***
AIRFLOW_CTX_DAG_ID=gcs_to_bq_dag
AIRFLOW_CTX_TASK_ID=bq_create_partitioned_table_task
AIRFLOW_CTX_EXECUTION_DATE=2022-05-02T16:38:29.679858+00:00
AIRFLOW_CTX_DAG_RUN_ID=manual__2022-05-02T16:38:29.679858+00:00
[2022-05-02 16:41:03,878] {crypto.py:82} WARNING - empty cryptography key - values will not be stored encrypted.
[2022-05-02 16:41:03,910] {logging_mixin.py:109} WARNING - /home/***/.local/lib/python3.7/site-packages/***/utils/context.py:152 AirflowContextDeprecationWarning: Accessing 'execution_date' from the template is deprecated and will be removed in a future version. Please use 'data_interval_start' or 'logical_date' instead.
[2022-05-02 16:41:03,970] {bigquery.py:1637} INFO - Inserting job ***_gcs_to_bq_dag_bq_create_partitioned_table_task_2022_05_02T16_38_29_679858_00_00_5f85a147f09d1af3598b8be1039fc53a
[2022-05-02 16:41:05,683] {taskinstance.py:1700} ERROR - Task failed with exception
Traceback (most recent call last):
  File "/home/airflow/.local/lib/python3.7/site-packages/airflow/models/taskinstance.py", line 1329, in _run_raw_task
    self._execute_task_with_callbacks(context)
  File "/home/airflow/.local/lib/python3.7/site-packages/airflow/models/taskinstance.py", line 1455, in _execute_task_with_callbacks
    result = self._execute_task(context, self.task)
  File "/home/airflow/.local/lib/python3.7/site-packages/airflow/models/taskinstance.py", line 1511, in _execute_task
    result = execute_callable(context=context)
  File "/home/airflow/.local/lib/python3.7/site-packages/airflow/providers/google/cloud/operators/bigquery.py", line 2287, in execute
    job = self._submit_job(hook, job_id)
  File "/home/airflow/.local/lib/python3.7/site-packages/airflow/providers/google/cloud/operators/bigquery.py", line 2253, in _submit_job
    job_id=job_id,
  File "/home/airflow/.local/lib/python3.7/site-packages/airflow/providers/google/common/hooks/base_google.py", line 430, in inner_wrapper
    return func(self, *args, **kwargs)
  File "/home/airflow/.local/lib/python3.7/site-packages/airflow/providers/google/cloud/hooks/bigquery.py", line 1639, in insert_job
    job.result()
  File "/home/airflow/.local/lib/python3.7/site-packages/google/cloud/bigquery/job/query.py", line 1447, in result
    do_get_result()
  File "/home/airflow/.local/lib/python3.7/site-packages/google/cloud/bigquery/job/query.py", line 1437, in do_get_result
    super(QueryJob, self).result(retry=retry, timeout=timeout)
  File "/home/airflow/.local/lib/python3.7/site-packages/google/cloud/bigquery/job/base.py", line 727, in result
    return super(_AsyncJob, self).result(timeout=timeout, **kwargs)
  File "/home/airflow/.local/lib/python3.7/site-packages/google/api_core/future/polling.py", line 135, in result
    raise self._exception
google.api_core.exceptions.BadRequest: 400 Error while reading table: us_employment_all.us_employment_external_table, error message: Failed to import values for column 'LAUS_code': Unexpected end of stream: Page was smaller (1980) than expected (11746)

(job ID: airflow_gcs_to_bq_dag_bq_create_partitioned_table_task_2022_05_02T16_38_29_679858_00_00_5f85a147f09d1af3598b8be1039fc53a)

                                                                       -----Query Job SQL Follows-----                                                                       

    |    .    |    .    |    .    |    .    |    .    |    .    |    .    |    .    |    .    |    .    |    .    |    .    |    .    |    .    |    .    |    .    |
   1:CREATE OR REPLACE TABLE intense-glow-347320.us_employment_all.us_employment_partitioned         AS         SELECT * FROM us_employment_all.us_employment_external_table;
    |    .    |    .    |    .    |    .    |    .    |    .    |    .    |    .    |    .    |    .    |    .    |    .    |    .    |    .    |    .    |    .    |
[2022-05-02 16:41:05,811] {taskinstance.py:1277} INFO - Marking task as UP_FOR_RETRY. dag_id=gcs_to_bq_dag, task_id=bq_create_partitioned_table_task, execution_date=20220502T163829, start_date=20220502T164102, end_date=20220502T164105
[2022-05-02 16:41:05,860] {standard_task_runner.py:92} ERROR - Failed to execute job 1250 for task bq_create_partitioned_table_task
Traceback (most recent call last):
  File "/home/airflow/.local/lib/python3.7/site-packages/airflow/task/task_runner/standard_task_runner.py", line 85, in _start_by_fork
    args.func(args, dag=self.dag)
  File "/home/airflow/.local/lib/python3.7/site-packages/airflow/cli/cli_parser.py", line 48, in command
    return func(*args, **kwargs)
  File "/home/airflow/.local/lib/python3.7/site-packages/airflow/utils/cli.py", line 92, in wrapper
    return f(*args, **kwargs)
  File "/home/airflow/.local/lib/python3.7/site-packages/airflow/cli/commands/task_command.py", line 298, in task_run
    _run_task_by_selected_method(args, dag, ti)
  File "/home/airflow/.local/lib/python3.7/site-packages/airflow/cli/commands/task_command.py", line 107, in _run_task_by_selected_method
    _run_raw_task(args, ti)
  File "/home/airflow/.local/lib/python3.7/site-packages/airflow/cli/commands/task_command.py", line 184, in _run_raw_task
    error_file=args.error_file,
  File "/home/airflow/.local/lib/python3.7/site-packages/airflow/utils/session.py", line 70, in wrapper
    return func(*args, session=session, **kwargs)
  File "/home/airflow/.local/lib/python3.7/site-packages/airflow/models/taskinstance.py", line 1329, in _run_raw_task
    self._execute_task_with_callbacks(context)
  File "/home/airflow/.local/lib/python3.7/site-packages/airflow/models/taskinstance.py", line 1455, in _execute_task_with_callbacks
    result = self._execute_task(context, self.task)
  File "/home/airflow/.local/lib/python3.7/site-packages/airflow/models/taskinstance.py", line 1511, in _execute_task
    result = execute_callable(context=context)
  File "/home/airflow/.local/lib/python3.7/site-packages/airflow/providers/google/cloud/operators/bigquery.py", line 2287, in execute
    job = self._submit_job(hook, job_id)
  File "/home/airflow/.local/lib/python3.7/site-packages/airflow/providers/google/cloud/operators/bigquery.py", line 2253, in _submit_job
    job_id=job_id,
  File "/home/airflow/.local/lib/python3.7/site-packages/airflow/providers/google/common/hooks/base_google.py", line 430, in inner_wrapper
    return func(self, *args, **kwargs)
  File "/home/airflow/.local/lib/python3.7/site-packages/airflow/providers/google/cloud/hooks/bigquery.py", line 1639, in insert_job
    job.result()
  File "/home/airflow/.local/lib/python3.7/site-packages/google/cloud/bigquery/job/query.py", line 1447, in result
    do_get_result()
  File "/home/airflow/.local/lib/python3.7/site-packages/google/cloud/bigquery/job/query.py", line 1437, in do_get_result
    super(QueryJob, self).result(retry=retry, timeout=timeout)
  File "/home/airflow/.local/lib/python3.7/site-packages/google/cloud/bigquery/job/base.py", line 727, in result
    return super(_AsyncJob, self).result(timeout=timeout, **kwargs)
  File "/home/airflow/.local/lib/python3.7/site-packages/google/api_core/future/polling.py", line 135, in result
    raise self._exception
google.api_core.exceptions.BadRequest: 400 Error while reading table: us_employment_all.us_employment_external_table, error message: Failed to import values for column 'LAUS_code': Unexpected end of stream: Page was smaller (1980) than expected (11746)

(job ID: airflow_gcs_to_bq_dag_bq_create_partitioned_table_task_2022_05_02T16_38_29_679858_00_00_5f85a147f09d1af3598b8be1039fc53a)

                                                                       -----Query Job SQL Follows-----                                                                       

    |    .    |    .    |    .    |    .    |    .    |    .    |    .    |    .    |    .    |    .    |    .    |    .    |    .    |    .    |    .    |    .    |
   1:CREATE OR REPLACE TABLE intense-glow-347320.us_employment_all.us_employment_partitioned         AS         SELECT * FROM us_employment_all.us_employment_external_table;
    |    .    |    .    |    .    |    .    |    .    |    .    |    .    |    .    |    .    |    .    |    .    |    .    |    .    |    .    |    .    |    .    |
[2022-05-02 16:41:05,896] {local_task_job.py:154} INFO - Task exited with return code 1
[2022-05-02 16:41:06,143] {local_task_job.py:264} INFO - 0 downstream tasks scheduled from follow-on schedule check
