[2022-04-28 06:12:59,711] {taskinstance.py:1043} INFO - Dependencies all met for <TaskInstance: data_ingestion_gcp_dag.rm_files_task scheduled__2016-01-01T00:00:00+00:00 [queued]>
[2022-04-28 06:12:59,758] {taskinstance.py:1043} INFO - Dependencies all met for <TaskInstance: data_ingestion_gcp_dag.rm_files_task scheduled__2016-01-01T00:00:00+00:00 [queued]>
[2022-04-28 06:12:59,759] {taskinstance.py:1249} INFO - 
--------------------------------------------------------------------------------
[2022-04-28 06:12:59,761] {taskinstance.py:1250} INFO - Starting attempt 1 of 2
[2022-04-28 06:12:59,762] {taskinstance.py:1251} INFO - 
--------------------------------------------------------------------------------
[2022-04-28 06:12:59,809] {taskinstance.py:1270} INFO - Executing <Task(BashOperator): rm_files_task> on 2016-01-01 00:00:00+00:00
[2022-04-28 06:12:59,822] {standard_task_runner.py:52} INFO - Started process 3197 to run task
[2022-04-28 06:12:59,841] {standard_task_runner.py:79} INFO - Running: ['***', 'tasks', 'run', 'data_ingestion_gcp_dag', 'rm_files_task', 'scheduled__2016-01-01T00:00:00+00:00', '--job-id', '607', '--raw', '--subdir', 'DAGS_FOLDER/ingest_to_gcs_dag.py', '--cfg-path', '/tmp/tmpgyotgi8s', '--error-file', '/tmp/tmp6snee4a_']
[2022-04-28 06:12:59,845] {standard_task_runner.py:80} INFO - Job 607: Subtask rm_files_task
[2022-04-28 06:13:00,300] {logging_mixin.py:109} INFO - Running <TaskInstance: data_ingestion_gcp_dag.rm_files_task scheduled__2016-01-01T00:00:00+00:00 [running]> on host d4721d223bdd
[2022-04-28 06:13:00,691] {logging_mixin.py:109} WARNING - /home/***/.local/lib/python3.7/site-packages/***/utils/context.py:156 AirflowContextDeprecationWarning: Accessing 'execution_date' from the template is deprecated and will be removed in a future version. Please use 'data_interval_start' or 'logical_date' instead.
[2022-04-28 06:13:00,925] {taskinstance.py:1448} INFO - Exporting the following env vars:
AIRFLOW_CTX_DAG_OWNER=***
AIRFLOW_CTX_DAG_ID=data_ingestion_gcp_dag
AIRFLOW_CTX_TASK_ID=rm_files_task
AIRFLOW_CTX_EXECUTION_DATE=2016-01-01T00:00:00+00:00
AIRFLOW_CTX_DAG_RUN_ID=scheduled__2016-01-01T00:00:00+00:00
[2022-04-28 06:13:00,935] {subprocess.py:62} INFO - Tmp dir root location: 
 /tmp
[2022-04-28 06:13:00,939] {subprocess.py:74} INFO - Running command: ['bash', '-c', 'rm /opt/***/laucnty16.xlsx /opt/***/us_employment_16.parquet']
[2022-04-28 06:13:00,965] {subprocess.py:85} INFO - Output:
[2022-04-28 06:13:01,066] {subprocess.py:93} INFO - Command exited with return code 0
[2022-04-28 06:13:01,383] {taskinstance.py:1288} INFO - Marking task as SUCCESS. dag_id=data_ingestion_gcp_dag, task_id=rm_files_task, execution_date=20160101T000000, start_date=20220428T061259, end_date=20220428T061301
[2022-04-28 06:13:01,495] {local_task_job.py:154} INFO - Task exited with return code 0
[2022-04-28 06:13:01,737] {local_task_job.py:264} INFO - 0 downstream tasks scheduled from follow-on schedule check
[2022-04-29 02:39:58,651] {taskinstance.py:1043} INFO - Dependencies all met for <TaskInstance: data_ingestion_gcp_dag.rm_files_task scheduled__2016-01-01T00:00:00+00:00 [queued]>
[2022-04-29 02:39:58,700] {taskinstance.py:1043} INFO - Dependencies all met for <TaskInstance: data_ingestion_gcp_dag.rm_files_task scheduled__2016-01-01T00:00:00+00:00 [queued]>
[2022-04-29 02:39:58,701] {taskinstance.py:1249} INFO - 
--------------------------------------------------------------------------------
[2022-04-29 02:39:58,703] {taskinstance.py:1250} INFO - Starting attempt 1 of 2
[2022-04-29 02:39:58,704] {taskinstance.py:1251} INFO - 
--------------------------------------------------------------------------------
[2022-04-29 02:39:58,763] {taskinstance.py:1270} INFO - Executing <Task(BashOperator): rm_files_task> on 2016-01-01 00:00:00+00:00
[2022-04-29 02:39:58,775] {standard_task_runner.py:52} INFO - Started process 6411 to run task
[2022-04-29 02:39:58,790] {standard_task_runner.py:79} INFO - Running: ['***', 'tasks', 'run', 'data_ingestion_gcp_dag', 'rm_files_task', 'scheduled__2016-01-01T00:00:00+00:00', '--job-id', '774', '--raw', '--subdir', 'DAGS_FOLDER/ingest_to_gcs_dag.py', '--cfg-path', '/tmp/tmpybqvl_5g', '--error-file', '/tmp/tmpdqretb47']
[2022-04-29 02:39:58,796] {standard_task_runner.py:80} INFO - Job 774: Subtask rm_files_task
[2022-04-29 02:39:59,188] {logging_mixin.py:109} INFO - Running <TaskInstance: data_ingestion_gcp_dag.rm_files_task scheduled__2016-01-01T00:00:00+00:00 [running]> on host 6fd0ba274d58
[2022-04-29 02:39:59,448] {logging_mixin.py:109} WARNING - /home/***/.local/lib/python3.7/site-packages/***/utils/context.py:156 AirflowContextDeprecationWarning: Accessing 'execution_date' from the template is deprecated and will be removed in a future version. Please use 'data_interval_start' or 'logical_date' instead.
[2022-04-29 02:39:59,635] {taskinstance.py:1448} INFO - Exporting the following env vars:
AIRFLOW_CTX_DAG_OWNER=***
AIRFLOW_CTX_DAG_ID=data_ingestion_gcp_dag
AIRFLOW_CTX_TASK_ID=rm_files_task
AIRFLOW_CTX_EXECUTION_DATE=2016-01-01T00:00:00+00:00
AIRFLOW_CTX_DAG_RUN_ID=scheduled__2016-01-01T00:00:00+00:00
[2022-04-29 02:39:59,640] {subprocess.py:62} INFO - Tmp dir root location: 
 /tmp
[2022-04-29 02:39:59,642] {subprocess.py:74} INFO - Running command: ['bash', '-c', 'rm /opt/***/laucnty16.xlsx /opt/***/us_employment_2016.parquet']
[2022-04-29 02:39:59,663] {subprocess.py:85} INFO - Output:
[2022-04-29 02:39:59,743] {subprocess.py:93} INFO - Command exited with return code 0
[2022-04-29 02:39:59,957] {taskinstance.py:1288} INFO - Marking task as SUCCESS. dag_id=data_ingestion_gcp_dag, task_id=rm_files_task, execution_date=20160101T000000, start_date=20220429T023958, end_date=20220429T023959
[2022-04-29 02:40:00,040] {local_task_job.py:154} INFO - Task exited with return code 0
[2022-04-29 02:40:00,306] {local_task_job.py:264} INFO - 0 downstream tasks scheduled from follow-on schedule check
