[2022-04-29 02:22:22,476] {taskinstance.py:1043} INFO - Dependencies all met for <TaskInstance: data_ingestion_gcp_dag.local_to_gcs_task scheduled__2006-01-01T00:00:00+00:00 [queued]>
[2022-04-29 02:22:22,586] {taskinstance.py:1043} INFO - Dependencies all met for <TaskInstance: data_ingestion_gcp_dag.local_to_gcs_task scheduled__2006-01-01T00:00:00+00:00 [queued]>
[2022-04-29 02:22:22,589] {taskinstance.py:1249} INFO - 
--------------------------------------------------------------------------------
[2022-04-29 02:22:22,592] {taskinstance.py:1250} INFO - Starting attempt 1 of 2
[2022-04-29 02:22:22,594] {taskinstance.py:1251} INFO - 
--------------------------------------------------------------------------------
[2022-04-29 02:22:22,663] {taskinstance.py:1270} INFO - Executing <Task(PythonOperator): local_to_gcs_task> on 2006-01-01 00:00:00+00:00
[2022-04-29 02:22:22,674] {standard_task_runner.py:52} INFO - Started process 3543 to run task
[2022-04-29 02:22:22,690] {standard_task_runner.py:79} INFO - Running: ['***', 'tasks', 'run', 'data_ingestion_gcp_dag', 'local_to_gcs_task', 'scheduled__2006-01-01T00:00:00+00:00', '--job-id', '640', '--raw', '--subdir', 'DAGS_FOLDER/ingest_to_gcs_dag.py', '--cfg-path', '/tmp/tmpx_7ethsq', '--error-file', '/tmp/tmpb4at68wt']
[2022-04-29 02:22:22,694] {standard_task_runner.py:80} INFO - Job 640: Subtask local_to_gcs_task
[2022-04-29 02:22:23,584] {logging_mixin.py:109} INFO - Running <TaskInstance: data_ingestion_gcp_dag.local_to_gcs_task scheduled__2006-01-01T00:00:00+00:00 [running]> on host 6fd0ba274d58
[2022-04-29 02:22:23,943] {logging_mixin.py:109} WARNING - /home/***/.local/lib/python3.7/site-packages/***/utils/context.py:156 AirflowContextDeprecationWarning: Accessing 'execution_date' from the template is deprecated and will be removed in a future version. Please use 'data_interval_start' or 'logical_date' instead.
[2022-04-29 02:22:24,139] {taskinstance.py:1448} INFO - Exporting the following env vars:
AIRFLOW_CTX_DAG_OWNER=***
AIRFLOW_CTX_DAG_ID=data_ingestion_gcp_dag
AIRFLOW_CTX_TASK_ID=local_to_gcs_task
AIRFLOW_CTX_EXECUTION_DATE=2006-01-01T00:00:00+00:00
AIRFLOW_CTX_DAG_RUN_ID=scheduled__2006-01-01T00:00:00+00:00
[2022-04-29 02:22:25,791] {python.py:175} INFO - Done. Returned value was: None
[2022-04-29 02:22:26,032] {taskinstance.py:1288} INFO - Marking task as SUCCESS. dag_id=data_ingestion_gcp_dag, task_id=local_to_gcs_task, execution_date=20060101T000000, start_date=20220429T022222, end_date=20220429T022226
[2022-04-29 02:22:26,154] {local_task_job.py:154} INFO - Task exited with return code 0
[2022-04-29 02:22:26,531] {local_task_job.py:264} INFO - 1 downstream tasks scheduled from follow-on schedule check
[2022-04-29 02:37:23,657] {taskinstance.py:1043} INFO - Dependencies all met for <TaskInstance: data_ingestion_gcp_dag.local_to_gcs_task scheduled__2006-01-01T00:00:00+00:00 [queued]>
[2022-04-29 02:37:23,708] {taskinstance.py:1043} INFO - Dependencies all met for <TaskInstance: data_ingestion_gcp_dag.local_to_gcs_task scheduled__2006-01-01T00:00:00+00:00 [queued]>
[2022-04-29 02:37:23,710] {taskinstance.py:1249} INFO - 
--------------------------------------------------------------------------------
[2022-04-29 02:37:23,712] {taskinstance.py:1250} INFO - Starting attempt 1 of 2
[2022-04-29 02:37:23,713] {taskinstance.py:1251} INFO - 
--------------------------------------------------------------------------------
[2022-04-29 02:37:23,763] {taskinstance.py:1270} INFO - Executing <Task(PythonOperator): local_to_gcs_task> on 2006-01-01 00:00:00+00:00
[2022-04-29 02:37:23,776] {standard_task_runner.py:52} INFO - Started process 5724 to run task
[2022-04-29 02:37:23,790] {standard_task_runner.py:79} INFO - Running: ['***', 'tasks', 'run', 'data_ingestion_gcp_dag', 'local_to_gcs_task', 'scheduled__2006-01-01T00:00:00+00:00', '--job-id', '729', '--raw', '--subdir', 'DAGS_FOLDER/ingest_to_gcs_dag.py', '--cfg-path', '/tmp/tmpzhdx_07z', '--error-file', '/tmp/tmp1wj5qlmm']
[2022-04-29 02:37:23,793] {standard_task_runner.py:80} INFO - Job 729: Subtask local_to_gcs_task
[2022-04-29 02:37:24,255] {logging_mixin.py:109} INFO - Running <TaskInstance: data_ingestion_gcp_dag.local_to_gcs_task scheduled__2006-01-01T00:00:00+00:00 [running]> on host 6fd0ba274d58
[2022-04-29 02:37:24,677] {logging_mixin.py:109} WARNING - /home/***/.local/lib/python3.7/site-packages/***/utils/context.py:156 AirflowContextDeprecationWarning: Accessing 'execution_date' from the template is deprecated and will be removed in a future version. Please use 'data_interval_start' or 'logical_date' instead.
[2022-04-29 02:37:24,882] {taskinstance.py:1448} INFO - Exporting the following env vars:
AIRFLOW_CTX_DAG_OWNER=***
AIRFLOW_CTX_DAG_ID=data_ingestion_gcp_dag
AIRFLOW_CTX_TASK_ID=local_to_gcs_task
AIRFLOW_CTX_EXECUTION_DATE=2006-01-01T00:00:00+00:00
AIRFLOW_CTX_DAG_RUN_ID=scheduled__2006-01-01T00:00:00+00:00
[2022-04-29 02:37:26,524] {python.py:175} INFO - Done. Returned value was: None
[2022-04-29 02:37:26,806] {taskinstance.py:1288} INFO - Marking task as SUCCESS. dag_id=data_ingestion_gcp_dag, task_id=local_to_gcs_task, execution_date=20060101T000000, start_date=20220429T023723, end_date=20220429T023726
[2022-04-29 02:37:26,878] {local_task_job.py:154} INFO - Task exited with return code 0
[2022-04-29 02:37:27,665] {local_task_job.py:264} INFO - 0 downstream tasks scheduled from follow-on schedule check
[2022-05-02 07:56:13,416] {taskinstance.py:1032} INFO - Dependencies all met for <TaskInstance: data_ingestion_gcp_dag.local_to_gcs_task scheduled__2006-01-01T00:00:00+00:00 [queued]>
[2022-05-02 07:56:13,461] {taskinstance.py:1032} INFO - Dependencies all met for <TaskInstance: data_ingestion_gcp_dag.local_to_gcs_task scheduled__2006-01-01T00:00:00+00:00 [queued]>
[2022-05-02 07:56:13,463] {taskinstance.py:1238} INFO - 
--------------------------------------------------------------------------------
[2022-05-02 07:56:13,464] {taskinstance.py:1239} INFO - Starting attempt 1 of 2
[2022-05-02 07:56:13,465] {taskinstance.py:1240} INFO - 
--------------------------------------------------------------------------------
[2022-05-02 07:56:13,516] {taskinstance.py:1259} INFO - Executing <Task(PythonOperator): local_to_gcs_task> on 2006-01-01 00:00:00+00:00
[2022-05-02 07:56:13,525] {standard_task_runner.py:52} INFO - Started process 9595 to run task
[2022-05-02 07:56:13,534] {standard_task_runner.py:76} INFO - Running: ['***', 'tasks', 'run', 'data_ingestion_gcp_dag', 'local_to_gcs_task', 'scheduled__2006-01-01T00:00:00+00:00', '--job-id', '875', '--raw', '--subdir', 'DAGS_FOLDER/ingest_to_gcs_dag.py', '--cfg-path', '/tmp/tmp19x4t4pc', '--error-file', '/tmp/tmp_g5jj3x4']
[2022-05-02 07:56:13,538] {standard_task_runner.py:77} INFO - Job 875: Subtask local_to_gcs_task
[2022-05-02 07:56:13,920] {logging_mixin.py:109} INFO - Running <TaskInstance: data_ingestion_gcp_dag.local_to_gcs_task scheduled__2006-01-01T00:00:00+00:00 [running]> on host ae42322ae538
[2022-05-02 07:56:14,175] {logging_mixin.py:109} WARNING - /home/***/.local/lib/python3.7/site-packages/***/utils/context.py:152 AirflowContextDeprecationWarning: Accessing 'execution_date' from the template is deprecated and will be removed in a future version. Please use 'data_interval_start' or 'logical_date' instead.
[2022-05-02 07:56:14,365] {taskinstance.py:1426} INFO - Exporting the following env vars:
AIRFLOW_CTX_DAG_OWNER=***
AIRFLOW_CTX_DAG_ID=data_ingestion_gcp_dag
AIRFLOW_CTX_TASK_ID=local_to_gcs_task
AIRFLOW_CTX_EXECUTION_DATE=2006-01-01T00:00:00+00:00
AIRFLOW_CTX_DAG_RUN_ID=scheduled__2006-01-01T00:00:00+00:00
[2022-05-02 07:56:15,152] {python.py:175} INFO - Done. Returned value was: None
[2022-05-02 07:56:15,255] {taskinstance.py:1277} INFO - Marking task as SUCCESS. dag_id=data_ingestion_gcp_dag, task_id=local_to_gcs_task, execution_date=20060101T000000, start_date=20220502T075613, end_date=20220502T075615
[2022-05-02 07:56:15,320] {local_task_job.py:154} INFO - Task exited with return code 0
[2022-05-02 07:56:15,545] {local_task_job.py:264} INFO - 0 downstream tasks scheduled from follow-on schedule check
[2022-05-02 09:18:11,826] {taskinstance.py:1032} INFO - Dependencies all met for <TaskInstance: data_ingestion_gcp_dag.local_to_gcs_task scheduled__2006-01-01T00:00:00+00:00 [queued]>
[2022-05-02 09:18:11,871] {taskinstance.py:1032} INFO - Dependencies all met for <TaskInstance: data_ingestion_gcp_dag.local_to_gcs_task scheduled__2006-01-01T00:00:00+00:00 [queued]>
[2022-05-02 09:18:11,873] {taskinstance.py:1238} INFO - 
--------------------------------------------------------------------------------
[2022-05-02 09:18:11,874] {taskinstance.py:1239} INFO - Starting attempt 1 of 2
[2022-05-02 09:18:11,876] {taskinstance.py:1240} INFO - 
--------------------------------------------------------------------------------
[2022-05-02 09:18:11,924] {taskinstance.py:1259} INFO - Executing <Task(PythonOperator): local_to_gcs_task> on 2006-01-01 00:00:00+00:00
[2022-05-02 09:18:11,933] {standard_task_runner.py:52} INFO - Started process 2849 to run task
[2022-05-02 09:18:11,941] {standard_task_runner.py:76} INFO - Running: ['***', 'tasks', 'run', 'data_ingestion_gcp_dag', 'local_to_gcs_task', 'scheduled__2006-01-01T00:00:00+00:00', '--job-id', '994', '--raw', '--subdir', 'DAGS_FOLDER/ingest_to_gcs_dag.py', '--cfg-path', '/tmp/tmpe8lq_pha', '--error-file', '/tmp/tmplj42v21x']
[2022-05-02 09:18:11,944] {standard_task_runner.py:77} INFO - Job 994: Subtask local_to_gcs_task
[2022-05-02 09:18:12,326] {logging_mixin.py:109} INFO - Running <TaskInstance: data_ingestion_gcp_dag.local_to_gcs_task scheduled__2006-01-01T00:00:00+00:00 [running]> on host 98c324cf1bb6
[2022-05-02 09:18:12,606] {logging_mixin.py:109} WARNING - /home/***/.local/lib/python3.7/site-packages/***/utils/context.py:152 AirflowContextDeprecationWarning: Accessing 'execution_date' from the template is deprecated and will be removed in a future version. Please use 'data_interval_start' or 'logical_date' instead.
[2022-05-02 09:18:12,799] {taskinstance.py:1426} INFO - Exporting the following env vars:
AIRFLOW_CTX_DAG_OWNER=***
AIRFLOW_CTX_DAG_ID=data_ingestion_gcp_dag
AIRFLOW_CTX_TASK_ID=local_to_gcs_task
AIRFLOW_CTX_EXECUTION_DATE=2006-01-01T00:00:00+00:00
AIRFLOW_CTX_DAG_RUN_ID=scheduled__2006-01-01T00:00:00+00:00
[2022-05-02 09:18:13,517] {python.py:175} INFO - Done. Returned value was: None
[2022-05-02 09:18:13,743] {taskinstance.py:1277} INFO - Marking task as SUCCESS. dag_id=data_ingestion_gcp_dag, task_id=local_to_gcs_task, execution_date=20060101T000000, start_date=20220502T091811, end_date=20220502T091813
[2022-05-02 09:18:13,803] {local_task_job.py:154} INFO - Task exited with return code 0
[2022-05-02 09:18:14,031] {local_task_job.py:264} INFO - 0 downstream tasks scheduled from follow-on schedule check
[2022-05-02 15:59:13,022] {taskinstance.py:1032} INFO - Dependencies all met for <TaskInstance: data_ingestion_gcp_dag.local_to_gcs_task scheduled__2006-01-01T00:00:00+00:00 [queued]>
[2022-05-02 15:59:13,076] {taskinstance.py:1032} INFO - Dependencies all met for <TaskInstance: data_ingestion_gcp_dag.local_to_gcs_task scheduled__2006-01-01T00:00:00+00:00 [queued]>
[2022-05-02 15:59:13,078] {taskinstance.py:1238} INFO - 
--------------------------------------------------------------------------------
[2022-05-02 15:59:13,079] {taskinstance.py:1239} INFO - Starting attempt 1 of 2
[2022-05-02 15:59:13,081] {taskinstance.py:1240} INFO - 
--------------------------------------------------------------------------------
[2022-05-02 15:59:13,132] {taskinstance.py:1259} INFO - Executing <Task(PythonOperator): local_to_gcs_task> on 2006-01-01 00:00:00+00:00
[2022-05-02 15:59:13,142] {standard_task_runner.py:52} INFO - Started process 2004 to run task
[2022-05-02 15:59:13,174] {standard_task_runner.py:76} INFO - Running: ['***', 'tasks', 'run', 'data_ingestion_gcp_dag', 'local_to_gcs_task', 'scheduled__2006-01-01T00:00:00+00:00', '--job-id', '1094', '--raw', '--subdir', 'DAGS_FOLDER/ingest_to_gcs_dag.py', '--cfg-path', '/tmp/tmp3kmpwnfo', '--error-file', '/tmp/tmpl5jhyzwz']
[2022-05-02 15:59:13,180] {standard_task_runner.py:77} INFO - Job 1094: Subtask local_to_gcs_task
[2022-05-02 15:59:13,597] {logging_mixin.py:109} INFO - Running <TaskInstance: data_ingestion_gcp_dag.local_to_gcs_task scheduled__2006-01-01T00:00:00+00:00 [running]> on host 9f5021834e17
[2022-05-02 15:59:13,873] {logging_mixin.py:109} WARNING - /home/***/.local/lib/python3.7/site-packages/***/utils/context.py:152 AirflowContextDeprecationWarning: Accessing 'execution_date' from the template is deprecated and will be removed in a future version. Please use 'data_interval_start' or 'logical_date' instead.
[2022-05-02 15:59:14,078] {taskinstance.py:1426} INFO - Exporting the following env vars:
AIRFLOW_CTX_DAG_OWNER=***
AIRFLOW_CTX_DAG_ID=data_ingestion_gcp_dag
AIRFLOW_CTX_TASK_ID=local_to_gcs_task
AIRFLOW_CTX_EXECUTION_DATE=2006-01-01T00:00:00+00:00
AIRFLOW_CTX_DAG_RUN_ID=scheduled__2006-01-01T00:00:00+00:00
[2022-05-02 15:59:15,052] {python.py:175} INFO - Done. Returned value was: None
[2022-05-02 15:59:15,163] {taskinstance.py:1277} INFO - Marking task as SUCCESS. dag_id=data_ingestion_gcp_dag, task_id=local_to_gcs_task, execution_date=20060101T000000, start_date=20220502T155913, end_date=20220502T155915
[2022-05-02 15:59:15,231] {local_task_job.py:154} INFO - Task exited with return code 0
[2022-05-02 15:59:15,466] {local_task_job.py:264} INFO - 0 downstream tasks scheduled from follow-on schedule check
[2022-05-02 16:34:25,584] {taskinstance.py:1032} INFO - Dependencies all met for <TaskInstance: data_ingestion_gcp_dag.local_to_gcs_task scheduled__2006-01-01T00:00:00+00:00 [queued]>
[2022-05-02 16:34:25,638] {taskinstance.py:1032} INFO - Dependencies all met for <TaskInstance: data_ingestion_gcp_dag.local_to_gcs_task scheduled__2006-01-01T00:00:00+00:00 [queued]>
[2022-05-02 16:34:25,640] {taskinstance.py:1238} INFO - 
--------------------------------------------------------------------------------
[2022-05-02 16:34:25,642] {taskinstance.py:1239} INFO - Starting attempt 1 of 2
[2022-05-02 16:34:25,644] {taskinstance.py:1240} INFO - 
--------------------------------------------------------------------------------
[2022-05-02 16:34:25,696] {taskinstance.py:1259} INFO - Executing <Task(PythonOperator): local_to_gcs_task> on 2006-01-01 00:00:00+00:00
[2022-05-02 16:34:25,717] {standard_task_runner.py:52} INFO - Started process 6574 to run task
[2022-05-02 16:34:25,718] {standard_task_runner.py:76} INFO - Running: ['***', 'tasks', 'run', 'data_ingestion_gcp_dag', 'local_to_gcs_task', 'scheduled__2006-01-01T00:00:00+00:00', '--job-id', '1202', '--raw', '--subdir', 'DAGS_FOLDER/ingest_to_gcs_dag.py', '--cfg-path', '/tmp/tmpj6vquokr', '--error-file', '/tmp/tmplbaxzjgo']
[2022-05-02 16:34:25,723] {standard_task_runner.py:77} INFO - Job 1202: Subtask local_to_gcs_task
[2022-05-02 16:34:26,098] {logging_mixin.py:109} INFO - Running <TaskInstance: data_ingestion_gcp_dag.local_to_gcs_task scheduled__2006-01-01T00:00:00+00:00 [running]> on host 9f5021834e17
[2022-05-02 16:34:26,366] {logging_mixin.py:109} WARNING - /home/***/.local/lib/python3.7/site-packages/***/utils/context.py:152 AirflowContextDeprecationWarning: Accessing 'execution_date' from the template is deprecated and will be removed in a future version. Please use 'data_interval_start' or 'logical_date' instead.
[2022-05-02 16:34:26,569] {taskinstance.py:1426} INFO - Exporting the following env vars:
AIRFLOW_CTX_DAG_OWNER=***
AIRFLOW_CTX_DAG_ID=data_ingestion_gcp_dag
AIRFLOW_CTX_TASK_ID=local_to_gcs_task
AIRFLOW_CTX_EXECUTION_DATE=2006-01-01T00:00:00+00:00
AIRFLOW_CTX_DAG_RUN_ID=scheduled__2006-01-01T00:00:00+00:00
[2022-05-02 16:34:27,300] {python.py:175} INFO - Done. Returned value was: None
[2022-05-02 16:34:27,405] {taskinstance.py:1277} INFO - Marking task as SUCCESS. dag_id=data_ingestion_gcp_dag, task_id=local_to_gcs_task, execution_date=20060101T000000, start_date=20220502T163425, end_date=20220502T163427
[2022-05-02 16:34:27,494] {local_task_job.py:154} INFO - Task exited with return code 0
[2022-05-02 16:34:27,874] {local_task_job.py:264} INFO - 0 downstream tasks scheduled from follow-on schedule check
[2022-05-02 16:49:58,300] {taskinstance.py:1032} INFO - Dependencies all met for <TaskInstance: data_ingestion_gcp_dag.local_to_gcs_task scheduled__2006-01-01T00:00:00+00:00 [queued]>
[2022-05-02 16:49:58,350] {taskinstance.py:1032} INFO - Dependencies all met for <TaskInstance: data_ingestion_gcp_dag.local_to_gcs_task scheduled__2006-01-01T00:00:00+00:00 [queued]>
[2022-05-02 16:49:58,352] {taskinstance.py:1238} INFO - 
--------------------------------------------------------------------------------
[2022-05-02 16:49:58,355] {taskinstance.py:1239} INFO - Starting attempt 1 of 2
[2022-05-02 16:49:58,357] {taskinstance.py:1240} INFO - 
--------------------------------------------------------------------------------
[2022-05-02 16:49:58,405] {taskinstance.py:1259} INFO - Executing <Task(PythonOperator): local_to_gcs_task> on 2006-01-01 00:00:00+00:00
[2022-05-02 16:49:58,416] {standard_task_runner.py:52} INFO - Started process 9384 to run task
[2022-05-02 16:49:58,428] {standard_task_runner.py:76} INFO - Running: ['***', 'tasks', 'run', 'data_ingestion_gcp_dag', 'local_to_gcs_task', 'scheduled__2006-01-01T00:00:00+00:00', '--job-id', '1305', '--raw', '--subdir', 'DAGS_FOLDER/ingest_to_gcs_dag.py', '--cfg-path', '/tmp/tmplzrhncvn', '--error-file', '/tmp/tmpvx6qk44v']
[2022-05-02 16:49:58,439] {standard_task_runner.py:77} INFO - Job 1305: Subtask local_to_gcs_task
[2022-05-02 16:49:58,823] {logging_mixin.py:109} INFO - Running <TaskInstance: data_ingestion_gcp_dag.local_to_gcs_task scheduled__2006-01-01T00:00:00+00:00 [running]> on host 9f5021834e17
[2022-05-02 16:49:59,078] {logging_mixin.py:109} WARNING - /home/***/.local/lib/python3.7/site-packages/***/utils/context.py:152 AirflowContextDeprecationWarning: Accessing 'execution_date' from the template is deprecated and will be removed in a future version. Please use 'data_interval_start' or 'logical_date' instead.
[2022-05-02 16:49:59,273] {taskinstance.py:1426} INFO - Exporting the following env vars:
AIRFLOW_CTX_DAG_OWNER=***
AIRFLOW_CTX_DAG_ID=data_ingestion_gcp_dag
AIRFLOW_CTX_TASK_ID=local_to_gcs_task
AIRFLOW_CTX_EXECUTION_DATE=2006-01-01T00:00:00+00:00
AIRFLOW_CTX_DAG_RUN_ID=scheduled__2006-01-01T00:00:00+00:00
[2022-05-02 16:50:00,039] {python.py:175} INFO - Done. Returned value was: None
[2022-05-02 16:50:00,150] {taskinstance.py:1277} INFO - Marking task as SUCCESS. dag_id=data_ingestion_gcp_dag, task_id=local_to_gcs_task, execution_date=20060101T000000, start_date=20220502T164958, end_date=20220502T165000
[2022-05-02 16:50:00,225] {local_task_job.py:154} INFO - Task exited with return code 0
[2022-05-02 16:50:00,475] {local_task_job.py:264} INFO - 0 downstream tasks scheduled from follow-on schedule check
