[2022-04-25 07:24:25,948] {taskinstance.py:1043} INFO - Dependencies all met for <TaskInstance: data_ingestion_gcp_dag.rm_files_task scheduled__1997-01-01T00:00:00+00:00 [queued]>
[2022-04-25 07:24:25,991] {taskinstance.py:1043} INFO - Dependencies all met for <TaskInstance: data_ingestion_gcp_dag.rm_files_task scheduled__1997-01-01T00:00:00+00:00 [queued]>
[2022-04-25 07:24:25,993] {taskinstance.py:1249} INFO - 
--------------------------------------------------------------------------------
[2022-04-25 07:24:25,994] {taskinstance.py:1250} INFO - Starting attempt 2 of 3
[2022-04-25 07:24:25,995] {taskinstance.py:1251} INFO - 
--------------------------------------------------------------------------------
[2022-04-25 07:24:26,042] {taskinstance.py:1270} INFO - Executing <Task(BashOperator): rm_files_task> on 1997-01-01 00:00:00+00:00
[2022-04-25 07:24:26,053] {standard_task_runner.py:52} INFO - Started process 2892 to run task
[2022-04-25 07:24:26,060] {standard_task_runner.py:79} INFO - Running: ['***', 'tasks', 'run', 'data_ingestion_gcp_dag', 'rm_files_task', 'scheduled__1997-01-01T00:00:00+00:00', '--job-id', '334', '--raw', '--subdir', 'DAGS_FOLDER/ingest_to_gcs_dag.py', '--cfg-path', '/tmp/tmpfjjads5z', '--error-file', '/tmp/tmple0jg3l6']
[2022-04-25 07:24:26,063] {standard_task_runner.py:80} INFO - Job 334: Subtask rm_files_task
[2022-04-25 07:24:26,423] {logging_mixin.py:109} INFO - Running <TaskInstance: data_ingestion_gcp_dag.rm_files_task scheduled__1997-01-01T00:00:00+00:00 [running]> on host 64c7187bd08f
[2022-04-25 07:24:26,654] {logging_mixin.py:109} WARNING - /home/***/.local/lib/python3.7/site-packages/***/utils/context.py:156 AirflowContextDeprecationWarning: Accessing 'execution_date' from the template is deprecated and will be removed in a future version. Please use 'data_interval_start' or 'logical_date' instead.
[2022-04-25 07:24:26,827] {taskinstance.py:1448} INFO - Exporting the following env vars:
AIRFLOW_CTX_DAG_OWNER=***
AIRFLOW_CTX_DAG_ID=data_ingestion_gcp_dag
AIRFLOW_CTX_TASK_ID=rm_files_task
AIRFLOW_CTX_EXECUTION_DATE=1997-01-01T00:00:00+00:00
AIRFLOW_CTX_DAG_RUN_ID=scheduled__1997-01-01T00:00:00+00:00
[2022-04-25 07:24:26,831] {subprocess.py:62} INFO - Tmp dir root location: 
 /tmp
[2022-04-25 07:24:26,834] {subprocess.py:74} INFO - Running command: ['bash', '-c', "rm /opt/***//laucnty97.xlsx /opt/***/us_employment_{ execution_date.strftime('%y') }.parquet"]
[2022-04-25 07:24:26,851] {subprocess.py:85} INFO - Output:
[2022-04-25 07:24:26,891] {subprocess.py:89} INFO - bash: -c: line 0: syntax error near unexpected token `('
[2022-04-25 07:24:26,893] {subprocess.py:89} INFO - bash: -c: line 0: `rm /opt/***//laucnty97.xlsx /opt/***/us_employment_{ execution_date.strftime('%y') }.parquet'
[2022-04-25 07:24:26,895] {subprocess.py:93} INFO - Command exited with return code 1
[2022-04-25 07:24:27,006] {taskinstance.py:1774} ERROR - Task failed with exception
Traceback (most recent call last):
  File "/home/airflow/.local/lib/python3.7/site-packages/airflow/operators/bash.py", line 188, in execute
    f'Bash command failed. The command returned a non-zero exit code {result.exit_code}.'
airflow.exceptions.AirflowException: Bash command failed. The command returned a non-zero exit code 1.
[2022-04-25 07:24:27,037] {taskinstance.py:1288} INFO - Marking task as UP_FOR_RETRY. dag_id=data_ingestion_gcp_dag, task_id=rm_files_task, execution_date=19970101T000000, start_date=20220425T072425, end_date=20220425T072427
[2022-04-25 07:24:27,088] {standard_task_runner.py:98} ERROR - Failed to execute job 334 for task rm_files_task (Bash command failed. The command returned a non-zero exit code 1.; 2892)
[2022-04-25 07:24:27,130] {local_task_job.py:154} INFO - Task exited with return code 1
[2022-04-25 07:24:27,350] {local_task_job.py:264} INFO - 0 downstream tasks scheduled from follow-on schedule check
